[2025-12-16T13:09:15.056+0000] {local_task_job_runner.py:123} INFO - ::group::Pre task execution logs
[2025-12-16T13:09:15.081+0000] {taskinstance.py:2612} INFO - Dependencies all met for dep_context=non-requeueable deps ti=<TaskInstance: weather_prediction_pipeline_v2.build_daily_features manual__2025-12-16T13:08:25.346814+00:00 [queued]>
[2025-12-16T13:09:15.090+0000] {taskinstance.py:2612} INFO - Dependencies all met for dep_context=requeueable deps ti=<TaskInstance: weather_prediction_pipeline_v2.build_daily_features manual__2025-12-16T13:08:25.346814+00:00 [queued]>
[2025-12-16T13:09:15.092+0000] {taskinstance.py:2865} INFO - Starting attempt 1 of 3
[2025-12-16T13:09:15.106+0000] {taskinstance.py:2888} INFO - Executing <Task(PythonOperator): build_daily_features> on 2025-12-16 13:08:25.346814+00:00
[2025-12-16T13:09:15.114+0000] {standard_task_runner.py:72} INFO - Started process 9841 to run task
[2025-12-16T13:09:15.118+0000] {standard_task_runner.py:104} INFO - Running: ['***', 'tasks', 'run', 'weather_prediction_pipeline_v2', 'build_daily_features', 'manual__2025-12-16T13:08:25.346814+00:00', '--job-id', '99', '--raw', '--subdir', 'DAGS_FOLDER/test_etl.py', '--cfg-path', '/tmp/tmpe_n_oqij']
[2025-12-16T13:09:15.121+0000] {standard_task_runner.py:105} INFO - Job 99: Subtask build_daily_features
[2025-12-16T13:09:15.142+0000] {logging_mixin.py:190} WARNING - /home/***/.local/lib/python3.10/site-packages/***/settings.py:209 DeprecationWarning: The sql_alchemy_conn option in [core] has been moved to the sql_alchemy_conn option in [database] - the old setting has been used, but please update your config.
[2025-12-16T13:09:15.198+0000] {task_command.py:467} INFO - Running <TaskInstance: weather_prediction_pipeline_v2.build_daily_features manual__2025-12-16T13:08:25.346814+00:00 [running]> on host 15d037495a80
[2025-12-16T13:09:15.349+0000] {taskinstance.py:3131} INFO - Exporting env vars: AIRFLOW_CTX_DAG_OWNER='ahmed_sami' AIRFLOW_CTX_DAG_ID='weather_prediction_pipeline_v2' AIRFLOW_CTX_TASK_ID='build_daily_features' AIRFLOW_CTX_EXECUTION_DATE='2025-12-16T13:08:25.346814+00:00' AIRFLOW_CTX_TRY_NUMBER='1' AIRFLOW_CTX_DAG_RUN_ID='manual__2025-12-16T13:08:25.346814+00:00'
[2025-12-16T13:09:15.351+0000] {taskinstance.py:731} INFO - ::endgroup::
[2025-12-16T13:09:15.375+0000] {logging_mixin.py:190} INFO - ======================================================================
[2025-12-16T13:09:15.376+0000] {logging_mixin.py:190} INFO -                     DAY 2: BUILDING FEATURES
[2025-12-16T13:09:15.376+0000] {logging_mixin.py:190} INFO - ======================================================================
[2025-12-16T13:09:15.398+0000] {taskinstance.py:3310} ERROR - Task failed with exception
Traceback (most recent call last):
  File "/home/airflow/.local/lib/python3.10/site-packages/airflow/models/taskinstance.py", line 767, in _execute_task
    result = _execute_callable(context=context, **execute_callable_kwargs)
  File "/home/airflow/.local/lib/python3.10/site-packages/airflow/models/taskinstance.py", line 733, in _execute_callable
    return ExecutionCallableRunner(
  File "/home/airflow/.local/lib/python3.10/site-packages/airflow/utils/operator_helpers.py", line 252, in run
    return self.func(*args, **kwargs)
  File "/home/airflow/.local/lib/python3.10/site-packages/airflow/models/baseoperator.py", line 406, in wrapper
    return func(self, *args, **kwargs)
  File "/home/airflow/.local/lib/python3.10/site-packages/airflow/operators/python.py", line 238, in execute
    return_value = self.execute_callable()
  File "/home/airflow/.local/lib/python3.10/site-packages/airflow/operators/python.py", line 256, in execute_callable
    return runner.run(*self.op_args, **self.op_kwargs)
  File "/home/airflow/.local/lib/python3.10/site-packages/airflow/utils/operator_helpers.py", line 252, in run
    return self.func(*args, **kwargs)
  File "/opt/airflow/dags/test_etl.py", line 1742, in build_daily_features
    raise ValueError("No API data received!")
ValueError: No API data received!
[2025-12-16T13:09:15.421+0000] {taskinstance.py:1225} INFO - Marking task as UP_FOR_RETRY. dag_id=weather_prediction_pipeline_v2, task_id=build_daily_features, run_id=manual__2025-12-16T13:08:25.346814+00:00, execution_date=20251216T130825, start_date=20251216T130915, end_date=20251216T130915
[2025-12-16T13:09:15.441+0000] {taskinstance.py:340} INFO - ::group::Post task execution logs
[2025-12-16T13:09:15.442+0000] {standard_task_runner.py:124} ERROR - Failed to execute job 99 for task build_daily_features (No API data received!; 9841)
Traceback (most recent call last):
  File "/home/airflow/.local/lib/python3.10/site-packages/airflow/task/task_runner/standard_task_runner.py", line 117, in _start_by_fork
    ret = args.func(args, dag=self.dag)
  File "/home/airflow/.local/lib/python3.10/site-packages/airflow/cli/cli_config.py", line 49, in command
    return func(*args, **kwargs)
  File "/home/airflow/.local/lib/python3.10/site-packages/airflow/utils/cli.py", line 115, in wrapper
    return f(*args, **kwargs)
  File "/home/airflow/.local/lib/python3.10/site-packages/airflow/cli/commands/task_command.py", line 483, in task_run
    task_return_code = _run_task_by_selected_method(args, _dag, ti)
  File "/home/airflow/.local/lib/python3.10/site-packages/airflow/cli/commands/task_command.py", line 256, in _run_task_by_selected_method
    return _run_raw_task(args, ti)
  File "/home/airflow/.local/lib/python3.10/site-packages/airflow/cli/commands/task_command.py", line 341, in _run_raw_task
    return ti._run_raw_task(
  File "/home/airflow/.local/lib/python3.10/site-packages/airflow/utils/session.py", line 97, in wrapper
    return func(*args, session=session, **kwargs)
  File "/home/airflow/.local/lib/python3.10/site-packages/airflow/models/taskinstance.py", line 3004, in _run_raw_task
    return _run_raw_task(
  File "/home/airflow/.local/lib/python3.10/site-packages/airflow/models/taskinstance.py", line 273, in _run_raw_task
    TaskInstance._execute_task_with_callbacks(
  File "/home/airflow/.local/lib/python3.10/site-packages/airflow/models/taskinstance.py", line 3158, in _execute_task_with_callbacks
    result = self._execute_task(context, task_orig)
  File "/home/airflow/.local/lib/python3.10/site-packages/airflow/models/taskinstance.py", line 3182, in _execute_task
    return _execute_task(self, context, task_orig)
  File "/home/airflow/.local/lib/python3.10/site-packages/airflow/models/taskinstance.py", line 767, in _execute_task
    result = _execute_callable(context=context, **execute_callable_kwargs)
  File "/home/airflow/.local/lib/python3.10/site-packages/airflow/models/taskinstance.py", line 733, in _execute_callable
    return ExecutionCallableRunner(
  File "/home/airflow/.local/lib/python3.10/site-packages/airflow/utils/operator_helpers.py", line 252, in run
    return self.func(*args, **kwargs)
  File "/home/airflow/.local/lib/python3.10/site-packages/airflow/models/baseoperator.py", line 406, in wrapper
    return func(self, *args, **kwargs)
  File "/home/airflow/.local/lib/python3.10/site-packages/airflow/operators/python.py", line 238, in execute
    return_value = self.execute_callable()
  File "/home/airflow/.local/lib/python3.10/site-packages/airflow/operators/python.py", line 256, in execute_callable
    return runner.run(*self.op_args, **self.op_kwargs)
  File "/home/airflow/.local/lib/python3.10/site-packages/airflow/utils/operator_helpers.py", line 252, in run
    return self.func(*args, **kwargs)
  File "/opt/airflow/dags/test_etl.py", line 1742, in build_daily_features
    raise ValueError("No API data received!")
ValueError: No API data received!
[2025-12-16T13:09:15.453+0000] {local_task_job_runner.py:266} INFO - Task exited with return code 1
[2025-12-16T13:09:15.486+0000] {taskinstance.py:3900} INFO - 0 downstream tasks scheduled from follow-on schedule check
[2025-12-16T13:09:15.489+0000] {local_task_job_runner.py:245} INFO - ::endgroup::
