[2025-12-16T00:16:25.421+0000] {local_task_job_runner.py:123} INFO - ::group::Pre task execution logs
[2025-12-16T00:16:25.478+0000] {taskinstance.py:2612} INFO - Dependencies all met for dep_context=non-requeueable deps ti=<TaskInstance: weather_prediction_pipeline_v2_fixed.check_day_one manual__2025-12-16T00:16:22.763867+00:00 [queued]>
[2025-12-16T00:16:25.497+0000] {taskinstance.py:2612} INFO - Dependencies all met for dep_context=requeueable deps ti=<TaskInstance: weather_prediction_pipeline_v2_fixed.check_day_one manual__2025-12-16T00:16:22.763867+00:00 [queued]>
[2025-12-16T00:16:25.500+0000] {taskinstance.py:2865} INFO - Starting attempt 1 of 3
[2025-12-16T00:16:25.528+0000] {taskinstance.py:2888} INFO - Executing <Task(BranchPythonOperator): check_day_one> on 2025-12-16 00:16:22.763867+00:00
[2025-12-16T00:16:25.541+0000] {standard_task_runner.py:72} INFO - Started process 408 to run task
[2025-12-16T00:16:25.553+0000] {standard_task_runner.py:104} INFO - Running: ['***', 'tasks', 'run', 'weather_prediction_pipeline_v2_fixed', 'check_day_one', 'manual__2025-12-16T00:16:22.763867+00:00', '--job-id', '41', '--raw', '--subdir', 'DAGS_FOLDER/test_etl.py', '--cfg-path', '/tmp/tmp24nph6_6']
[2025-12-16T00:16:25.560+0000] {standard_task_runner.py:105} INFO - Job 41: Subtask check_day_one
[2025-12-16T00:16:25.607+0000] {logging_mixin.py:190} WARNING - /home/***/.local/lib/python3.10/site-packages/***/settings.py:209 DeprecationWarning: The sql_alchemy_conn option in [core] has been moved to the sql_alchemy_conn option in [database] - the old setting has been used, but please update your config.
[2025-12-16T00:16:25.736+0000] {task_command.py:467} INFO - Running <TaskInstance: weather_prediction_pipeline_v2_fixed.check_day_one manual__2025-12-16T00:16:22.763867+00:00 [running]> on host a31b9bcf920a
[2025-12-16T00:16:26.000+0000] {taskinstance.py:3131} INFO - Exporting env vars: AIRFLOW_CTX_DAG_OWNER='ahmed_sami' AIRFLOW_CTX_DAG_ID='weather_prediction_pipeline_v2_fixed' AIRFLOW_CTX_TASK_ID='check_day_one' AIRFLOW_CTX_EXECUTION_DATE='2025-12-16T00:16:22.763867+00:00' AIRFLOW_CTX_TRY_NUMBER='1' AIRFLOW_CTX_DAG_RUN_ID='manual__2025-12-16T00:16:22.763867+00:00'
[2025-12-16T00:16:26.012+0000] {taskinstance.py:731} INFO - ::endgroup::
[2025-12-16T00:16:26.067+0000] {baseoperator.py:405} WARNING - BranchPythonOperator.execute cannot be called outside TaskInstance!
[2025-12-16T00:16:26.094+0000] {logging_mixin.py:190} INFO - 🎯 Running DAY 1 - Initial Training
[2025-12-16T00:16:26.095+0000] {python.py:240} INFO - Done. Returned value was: extract_csv
[2025-12-16T00:16:26.096+0000] {branch.py:38} INFO - Branch into extract_csv
[2025-12-16T00:16:26.099+0000] {skipmixin.py:230} INFO - Following branch ('extract_csv',)
[2025-12-16T00:16:26.135+0000] {skipmixin.py:278} INFO - Skipping tasks [('skip_day1', -1)]
[2025-12-16T00:16:26.220+0000] {taskinstance.py:340} INFO - ::group::Post task execution logs
[2025-12-16T00:16:26.222+0000] {taskinstance.py:352} INFO - Marking task as SUCCESS. dag_id=weather_prediction_pipeline_v2_fixed, task_id=check_day_one, run_id=manual__2025-12-16T00:16:22.763867+00:00, execution_date=20251216T001622, start_date=20251216T001625, end_date=20251216T001626
[2025-12-16T00:16:26.291+0000] {local_task_job_runner.py:266} INFO - Task exited with return code 0
[2025-12-16T00:16:26.367+0000] {taskinstance.py:3900} INFO - 1 downstream tasks scheduled from follow-on schedule check
[2025-12-16T00:16:26.371+0000] {local_task_job_runner.py:245} INFO - ::endgroup::
