[2025-12-16T14:44:10.661+0000] {local_task_job_runner.py:123} INFO - ::group::Pre task execution logs
[2025-12-16T14:44:10.687+0000] {taskinstance.py:2612} INFO - Dependencies all met for dep_context=non-requeueable deps ti=<TaskInstance: weather_prediction_pipeline_v2.store_daily_predictions scheduled__2025-12-14T19:05:00+00:00 [queued]>
[2025-12-16T14:44:10.698+0000] {taskinstance.py:2612} INFO - Dependencies all met for dep_context=requeueable deps ti=<TaskInstance: weather_prediction_pipeline_v2.store_daily_predictions scheduled__2025-12-14T19:05:00+00:00 [queued]>
[2025-12-16T14:44:10.699+0000] {taskinstance.py:2865} INFO - Starting attempt 1 of 3
[2025-12-16T14:44:10.713+0000] {taskinstance.py:2888} INFO - Executing <Task(PythonOperator): store_daily_predictions> on 2025-12-14 19:05:00+00:00
[2025-12-16T14:44:10.721+0000] {standard_task_runner.py:72} INFO - Started process 16064 to run task
[2025-12-16T14:44:10.725+0000] {standard_task_runner.py:104} INFO - Running: ['***', 'tasks', 'run', 'weather_prediction_pipeline_v2', 'store_daily_predictions', 'scheduled__2025-12-14T19:05:00+00:00', '--job-id', '149', '--raw', '--subdir', 'DAGS_FOLDER/test_etl.py', '--cfg-path', '/tmp/tmpinsiy0s5']
[2025-12-16T14:44:10.729+0000] {standard_task_runner.py:105} INFO - Job 149: Subtask store_daily_predictions
[2025-12-16T14:44:10.750+0000] {logging_mixin.py:190} WARNING - /home/***/.local/lib/python3.10/site-packages/***/settings.py:209 DeprecationWarning: The sql_alchemy_conn option in [core] has been moved to the sql_alchemy_conn option in [database] - the old setting has been used, but please update your config.
[2025-12-16T14:44:10.819+0000] {task_command.py:467} INFO - Running <TaskInstance: weather_prediction_pipeline_v2.store_daily_predictions scheduled__2025-12-14T19:05:00+00:00 [running]> on host 15d037495a80
[2025-12-16T14:44:10.821+0000] {logging_mixin.py:190} WARNING - /home/***/.local/lib/python3.10/site-packages/***/settings.py:470 DeprecationWarning: The sql_alchemy_conn option in [core] has been moved to the sql_alchemy_conn option in [database] - the old setting has been used, but please update your config.
[2025-12-16T14:44:10.952+0000] {taskinstance.py:3131} INFO - Exporting env vars: AIRFLOW_CTX_DAG_OWNER='ahmed_sami' AIRFLOW_CTX_DAG_ID='weather_prediction_pipeline_v2' AIRFLOW_CTX_TASK_ID='store_daily_predictions' AIRFLOW_CTX_EXECUTION_DATE='2025-12-14T19:05:00+00:00' AIRFLOW_CTX_TRY_NUMBER='1' AIRFLOW_CTX_DAG_RUN_ID='scheduled__2025-12-14T19:05:00+00:00'
[2025-12-16T14:44:10.954+0000] {taskinstance.py:731} INFO - ::endgroup::
[2025-12-16T14:44:10.977+0000] {logging_mixin.py:190} INFO - ======================================================================
[2025-12-16T14:44:10.978+0000] {logging_mixin.py:190} INFO -                     DAY 2: STORING PREDICTIONS (OPTIMIZED)
[2025-12-16T14:44:10.980+0000] {logging_mixin.py:190} INFO - ======================================================================
[2025-12-16T14:44:11.008+0000] {logging_mixin.py:190} INFO - 💾 Storing 62 predictions...
[2025-12-16T14:44:11.009+0000] {logging_mixin.py:190} INFO - 📅 Target date: 2025-12-17
[2025-12-16T14:44:11.025+0000] {base.py:84} INFO - Retrieving connection 'ml_con'
[2025-12-16T14:44:11.026+0000] {logging_mixin.py:190} INFO - 🔌 Connecting...
[2025-12-16T14:44:11.035+0000] {logging_mixin.py:190} INFO - ✅ Connected!
[2025-12-16T14:44:11.037+0000] {logging_mixin.py:190} INFO - 📋 Ensuring table exists...
[2025-12-16T14:44:11.038+0000] {logging_mixin.py:190} INFO - ✅ Table ready
[2025-12-16T14:44:11.039+0000] {logging_mixin.py:190} INFO - 🔍 Checking for existing records on 2025-12-17...
[2025-12-16T14:44:11.042+0000] {logging_mixin.py:190} INFO - ⚠️  Found 64 existing records for 2025-12-17
[2025-12-16T14:44:11.043+0000] {logging_mixin.py:190} INFO -    Cities: Latakia, Jerusalem, Isfahan, Buraydah, Giza, Salalah, Cairo, Tel Aviv, Sanaa, Gaza, Hurghada, Manama, Abu Dhabi, Muscat, Tabriz, Suez, Alexandria, Khobar, Damascus, Hebron, Qom, Taif, Mashhad, Konya, Homs, Basra, Irbid, Gaziantep, Dubai, Ismailia, Tehran, Mosul, Amman, Baghdad, Aleppo, Adana, Zarqa, Dammam, Kuwait City, Ankara, Sharm El Sheikh, Izmir, Istanbul, Erbil, Najaf, Antalya, Doha, Riyadh, Al Ain, Beirut, Mecca, Nablus, Sharjah, Haifa, Medina, Aswan, Port Said, Aden, Shiraz, East Jerusalem, Tabuk, Abha, Jeddah, Luxor
[2025-12-16T14:44:11.045+0000] {logging_mixin.py:190} INFO - 🔄 Updating 62 existing records...
[2025-12-16T14:44:11.053+0000] {logging_mixin.py:190} INFO - ✅ Updated 62 records
[2025-12-16T14:44:11.056+0000] {logging_mixin.py:190} INFO - 
🎉 Success! Total processed: 62 predictions
[2025-12-16T14:44:11.057+0000] {logging_mixin.py:190} INFO -    - Updated: 62
[2025-12-16T14:44:11.058+0000] {logging_mixin.py:190} INFO -    - Inserted: 0
[2025-12-16T14:44:11.059+0000] {logging_mixin.py:190} INFO - ======================================================================
[2025-12-16T14:44:11.061+0000] {python.py:240} INFO - Done. Returned value was: None
[2025-12-16T14:44:11.077+0000] {taskinstance.py:340} INFO - ::group::Post task execution logs
[2025-12-16T14:44:11.078+0000] {taskinstance.py:352} INFO - Marking task as SUCCESS. dag_id=weather_prediction_pipeline_v2, task_id=store_daily_predictions, run_id=scheduled__2025-12-14T19:05:00+00:00, execution_date=20251214T190500, start_date=20251216T144410, end_date=20251216T144411
[2025-12-16T14:44:11.101+0000] {local_task_job_runner.py:266} INFO - Task exited with return code 0
[2025-12-16T14:44:11.128+0000] {taskinstance.py:3900} INFO - 0 downstream tasks scheduled from follow-on schedule check
[2025-12-16T14:44:11.132+0000] {local_task_job_runner.py:245} INFO - ::endgroup::
