[2025-12-16T13:18:48.879+0000] {local_task_job_runner.py:123} INFO - ::group::Pre task execution logs
[2025-12-16T13:18:48.904+0000] {taskinstance.py:2612} INFO - Dependencies all met for dep_context=non-requeueable deps ti=<TaskInstance: weather_prediction_pipeline_v2.build_daily_features manual__2025-12-16T13:18:30.921520+00:00 [queued]>
[2025-12-16T13:18:48.914+0000] {taskinstance.py:2612} INFO - Dependencies all met for dep_context=requeueable deps ti=<TaskInstance: weather_prediction_pipeline_v2.build_daily_features manual__2025-12-16T13:18:30.921520+00:00 [queued]>
[2025-12-16T13:18:48.915+0000] {taskinstance.py:2865} INFO - Starting attempt 1 of 3
[2025-12-16T13:18:48.928+0000] {taskinstance.py:2888} INFO - Executing <Task(PythonOperator): build_daily_features> on 2025-12-16 13:18:30.921520+00:00
[2025-12-16T13:18:48.935+0000] {standard_task_runner.py:72} INFO - Started process 11095 to run task
[2025-12-16T13:18:48.941+0000] {standard_task_runner.py:104} INFO - Running: ['***', 'tasks', 'run', 'weather_prediction_pipeline_v2', 'build_daily_features', 'manual__2025-12-16T13:18:30.921520+00:00', '--job-id', '134', '--raw', '--subdir', 'DAGS_FOLDER/test_etl.py', '--cfg-path', '/tmp/tmp6ogl3c75']
[2025-12-16T13:18:48.945+0000] {standard_task_runner.py:105} INFO - Job 134: Subtask build_daily_features
[2025-12-16T13:18:48.970+0000] {logging_mixin.py:190} WARNING - /home/***/.local/lib/python3.10/site-packages/***/settings.py:209 DeprecationWarning: The sql_alchemy_conn option in [core] has been moved to the sql_alchemy_conn option in [database] - the old setting has been used, but please update your config.
[2025-12-16T13:18:49.027+0000] {task_command.py:467} INFO - Running <TaskInstance: weather_prediction_pipeline_v2.build_daily_features manual__2025-12-16T13:18:30.921520+00:00 [running]> on host 15d037495a80
[2025-12-16T13:18:49.146+0000] {taskinstance.py:3131} INFO - Exporting env vars: AIRFLOW_CTX_DAG_OWNER='ahmed_sami' AIRFLOW_CTX_DAG_ID='weather_prediction_pipeline_v2' AIRFLOW_CTX_TASK_ID='build_daily_features' AIRFLOW_CTX_EXECUTION_DATE='2025-12-16T13:18:30.921520+00:00' AIRFLOW_CTX_TRY_NUMBER='1' AIRFLOW_CTX_DAG_RUN_ID='manual__2025-12-16T13:18:30.921520+00:00'
[2025-12-16T13:18:49.148+0000] {taskinstance.py:731} INFO - ::endgroup::
[2025-12-16T13:18:49.169+0000] {logging_mixin.py:190} INFO - ======================================================================
[2025-12-16T13:18:49.171+0000] {logging_mixin.py:190} INFO -                     DAY 2: BUILDING FEATURES
[2025-12-16T13:18:49.172+0000] {logging_mixin.py:190} INFO - ======================================================================
[2025-12-16T13:18:49.193+0000] {logging_mixin.py:190} INFO - Today: 2025-12-16 | Predicting for: 2025-12-17
[2025-12-16T13:18:49.209+0000] {base.py:84} INFO - Retrieving connection 'ml_con'
[2025-12-16T13:18:49.253+0000] {logging_mixin.py:190} INFO - ✅ Features: 64 | Fallback: 0
[2025-12-16T13:18:49.254+0000] {logging_mixin.py:190} INFO - ======================================================================
[2025-12-16T13:18:49.287+0000] {python.py:240} INFO - Done. Returned value was: None
[2025-12-16T13:18:49.306+0000] {taskinstance.py:340} INFO - ::group::Post task execution logs
[2025-12-16T13:18:49.308+0000] {taskinstance.py:352} INFO - Marking task as SUCCESS. dag_id=weather_prediction_pipeline_v2, task_id=build_daily_features, run_id=manual__2025-12-16T13:18:30.921520+00:00, execution_date=20251216T131830, start_date=20251216T131848, end_date=20251216T131849
[2025-12-16T13:18:49.356+0000] {local_task_job_runner.py:266} INFO - Task exited with return code 0
[2025-12-16T13:18:49.403+0000] {taskinstance.py:3900} INFO - 1 downstream tasks scheduled from follow-on schedule check
[2025-12-16T13:18:49.406+0000] {local_task_job_runner.py:245} INFO - ::endgroup::
