[2025-12-16T14:43:52.252+0000] {local_task_job_runner.py:123} INFO - ::group::Pre task execution logs
[2025-12-16T14:43:52.278+0000] {taskinstance.py:2612} INFO - Dependencies all met for dep_context=non-requeueable deps ti=<TaskInstance: weather_prediction_pipeline_v2.weather_api scheduled__2025-12-14T19:05:00+00:00 [queued]>
[2025-12-16T14:43:52.289+0000] {taskinstance.py:2612} INFO - Dependencies all met for dep_context=requeueable deps ti=<TaskInstance: weather_prediction_pipeline_v2.weather_api scheduled__2025-12-14T19:05:00+00:00 [queued]>
[2025-12-16T14:43:52.291+0000] {taskinstance.py:2865} INFO - Starting attempt 1 of 3
[2025-12-16T14:43:52.308+0000] {taskinstance.py:2888} INFO - Executing <Task(PythonOperator): weather_api> on 2025-12-14 19:05:00+00:00
[2025-12-16T14:43:52.317+0000] {standard_task_runner.py:72} INFO - Started process 15964 to run task
[2025-12-16T14:43:52.323+0000] {standard_task_runner.py:104} INFO - Running: ['***', 'tasks', 'run', 'weather_prediction_pipeline_v2', 'weather_api', 'scheduled__2025-12-14T19:05:00+00:00', '--job-id', '146', '--raw', '--subdir', 'DAGS_FOLDER/test_etl.py', '--cfg-path', '/tmp/tmp0q0s4yln']
[2025-12-16T14:43:52.328+0000] {standard_task_runner.py:105} INFO - Job 146: Subtask weather_api
[2025-12-16T14:43:52.356+0000] {logging_mixin.py:190} WARNING - /home/***/.local/lib/python3.10/site-packages/***/settings.py:209 DeprecationWarning: The sql_alchemy_conn option in [core] has been moved to the sql_alchemy_conn option in [database] - the old setting has been used, but please update your config.
[2025-12-16T14:43:52.433+0000] {task_command.py:467} INFO - Running <TaskInstance: weather_prediction_pipeline_v2.weather_api scheduled__2025-12-14T19:05:00+00:00 [running]> on host 15d037495a80
[2025-12-16T14:43:52.435+0000] {logging_mixin.py:190} WARNING - /home/***/.local/lib/python3.10/site-packages/***/settings.py:470 DeprecationWarning: The sql_alchemy_conn option in [core] has been moved to the sql_alchemy_conn option in [database] - the old setting has been used, but please update your config.
[2025-12-16T14:43:52.593+0000] {taskinstance.py:3131} INFO - Exporting env vars: AIRFLOW_CTX_DAG_OWNER='ahmed_sami' AIRFLOW_CTX_DAG_ID='weather_prediction_pipeline_v2' AIRFLOW_CTX_TASK_ID='weather_api' AIRFLOW_CTX_EXECUTION_DATE='2025-12-14T19:05:00+00:00' AIRFLOW_CTX_TRY_NUMBER='1' AIRFLOW_CTX_DAG_RUN_ID='scheduled__2025-12-14T19:05:00+00:00'
[2025-12-16T14:43:52.595+0000] {taskinstance.py:731} INFO - ::endgroup::
[2025-12-16T14:43:52.624+0000] {logging_mixin.py:190} INFO - ======================================================================
[2025-12-16T14:43:52.625+0000] {logging_mixin.py:190} INFO -                     DAY 2: FETCHING WEATHER DATA
[2025-12-16T14:43:52.626+0000] {logging_mixin.py:190} INFO - ======================================================================
[2025-12-16T14:43:53.156+0000] {logging_mixin.py:190} INFO - 📍 Cities: 66 | Workers: 10
[2025-12-16T14:44:01.265+0000] {logging_mixin.py:190} INFO - 
✅ Success: 64/66 (97.0%)
[2025-12-16T14:44:01.267+0000] {logging_mixin.py:190} INFO - ❌ Failed: 2/66
[2025-12-16T14:44:01.268+0000] {logging_mixin.py:190} INFO - Failed cities: Taiz, Tripoli_LB
[2025-12-16T14:44:01.269+0000] {logging_mixin.py:190} INFO - ======================================================================
[2025-12-16T14:44:01.306+0000] {python.py:240} INFO - Done. Returned value was: None
[2025-12-16T14:44:01.332+0000] {taskinstance.py:340} INFO - ::group::Post task execution logs
[2025-12-16T14:44:01.334+0000] {taskinstance.py:352} INFO - Marking task as SUCCESS. dag_id=weather_prediction_pipeline_v2, task_id=weather_api, run_id=scheduled__2025-12-14T19:05:00+00:00, execution_date=20251214T190500, start_date=20251216T144352, end_date=20251216T144401
[2025-12-16T14:44:01.371+0000] {local_task_job_runner.py:266} INFO - Task exited with return code 0
[2025-12-16T14:44:01.415+0000] {taskinstance.py:3900} INFO - 1 downstream tasks scheduled from follow-on schedule check
[2025-12-16T14:44:01.419+0000] {local_task_job_runner.py:245} INFO - ::endgroup::
