[2025-12-15T21:08:02.796+0000] {local_task_job_runner.py:123} INFO - ::group::Pre task execution logs
[2025-12-15T21:08:02.825+0000] {taskinstance.py:2612} INFO - Dependencies all met for dep_context=non-requeueable deps ti=<TaskInstance: weather_prediction_pipeline_v2.store_daily_predictions scheduled__2025-12-14T18:05:00+00:00 [queued]>
[2025-12-15T21:08:02.836+0000] {taskinstance.py:2612} INFO - Dependencies all met for dep_context=requeueable deps ti=<TaskInstance: weather_prediction_pipeline_v2.store_daily_predictions scheduled__2025-12-14T18:05:00+00:00 [queued]>
[2025-12-15T21:08:02.838+0000] {taskinstance.py:2865} INFO - Starting attempt 3 of 5
[2025-12-15T21:08:02.852+0000] {taskinstance.py:2888} INFO - Executing <Task(PythonOperator): store_daily_predictions> on 2025-12-14 18:05:00+00:00
[2025-12-15T21:08:02.859+0000] {standard_task_runner.py:72} INFO - Started process 19865 to run task
[2025-12-15T21:08:02.864+0000] {standard_task_runner.py:104} INFO - Running: ['***', 'tasks', 'run', 'weather_prediction_pipeline_v2', 'store_daily_predictions', 'scheduled__2025-12-14T18:05:00+00:00', '--job-id', '96', '--raw', '--subdir', 'DAGS_FOLDER/test_etl.py', '--cfg-path', '/tmp/tmpdd8ye385']
[2025-12-15T21:08:02.868+0000] {standard_task_runner.py:105} INFO - Job 96: Subtask store_daily_predictions
[2025-12-15T21:08:02.893+0000] {logging_mixin.py:190} WARNING - /home/***/.local/lib/python3.10/site-packages/***/settings.py:209 DeprecationWarning: The sql_alchemy_conn option in [core] has been moved to the sql_alchemy_conn option in [database] - the old setting has been used, but please update your config.
[2025-12-15T21:08:02.962+0000] {task_command.py:467} INFO - Running <TaskInstance: weather_prediction_pipeline_v2.store_daily_predictions scheduled__2025-12-14T18:05:00+00:00 [running]> on host 89522446c9a4
[2025-12-15T21:08:02.965+0000] {logging_mixin.py:190} WARNING - /home/***/.local/lib/python3.10/site-packages/***/settings.py:470 DeprecationWarning: The sql_alchemy_conn option in [core] has been moved to the sql_alchemy_conn option in [database] - the old setting has been used, but please update your config.
[2025-12-15T21:08:03.110+0000] {taskinstance.py:3131} INFO - Exporting env vars: AIRFLOW_CTX_DAG_OWNER='ahmed_sami' AIRFLOW_CTX_DAG_ID='weather_prediction_pipeline_v2' AIRFLOW_CTX_TASK_ID='store_daily_predictions' AIRFLOW_CTX_EXECUTION_DATE='2025-12-14T18:05:00+00:00' AIRFLOW_CTX_TRY_NUMBER='3' AIRFLOW_CTX_DAG_RUN_ID='scheduled__2025-12-14T18:05:00+00:00'
[2025-12-15T21:08:03.112+0000] {taskinstance.py:731} INFO - ::endgroup::
[2025-12-15T21:08:03.134+0000] {logging_mixin.py:190} INFO - ======================================================================
[2025-12-15T21:08:03.135+0000] {logging_mixin.py:190} INFO -                     DAY 2: STORING PREDICTIONS (BULK MODE)
[2025-12-15T21:08:03.135+0000] {logging_mixin.py:190} INFO - ======================================================================
[2025-12-15T21:08:03.159+0000] {logging_mixin.py:190} INFO - 💾 Storing 27 predictions using Bulk Insert...
[2025-12-15T21:08:03.175+0000] {base.py:84} INFO - Retrieving connection 'ml_con'
[2025-12-15T21:49:13.305+0000] {local_task_job_runner.py:318} WARNING - Recorded pid 22217 does not match the current pid 19865
[2025-12-15T21:49:13.307+0000] {local_task_job_runner.py:218} WARNING - Heartbeat failed with Exception: PID of job runner does not match
[2025-12-15T21:49:18.379+0000] {local_task_job_runner.py:346} WARNING - State of this instance has been externally set to restarting. Terminating instance.
[2025-12-15T21:49:18.380+0000] {local_task_job_runner.py:245} INFO - ::endgroup::
[2025-12-15T21:49:18.383+0000] {process_utils.py:132} INFO - Sending 15 to group 19865. PIDs of all processes in the group: [19865]
[2025-12-15T21:49:18.384+0000] {process_utils.py:87} INFO - Sending the signal 15 to group 19865
[2025-12-15T21:50:18.403+0000] {process_utils.py:150} WARNING - process psutil.Process(pid=19865, name='airflow task ru', status='sleeping', started='21:08:02') did not respond to SIGTERM. Trying SIGKILL
[2025-12-15T21:50:18.405+0000] {process_utils.py:87} INFO - Sending the signal 9 to group 19865
[2025-12-15T21:50:18.420+0000] {process_utils.py:80} INFO - Process psutil.Process(pid=19865, name='airflow task ru', status='terminated', exitcode=<Negsignal.SIGKILL: -9>, started='21:08:02') (19865) terminated with exit code -9
[2025-12-15T21:50:18.421+0000] {standard_task_runner.py:190} ERROR - ('Job 97 was killed before it finished (likely due to running out of memory)', 'For more information, see https://***.apache.org/docs/apache-***/stable/troubleshooting.html#LocalTaskJob-killed')
[2025-12-15T23:59:58.990+0000] {local_task_job_runner.py:123} INFO - ::group::Pre task execution logs
[2025-12-15T23:59:59.044+0000] {taskinstance.py:2612} INFO - Dependencies all met for dep_context=non-requeueable deps ti=<TaskInstance: weather_prediction_pipeline_v2.store_daily_predictions scheduled__2025-12-14T18:05:00+00:00 [queued]>
[2025-12-15T23:59:59.061+0000] {taskinstance.py:2612} INFO - Dependencies all met for dep_context=requeueable deps ti=<TaskInstance: weather_prediction_pipeline_v2.store_daily_predictions scheduled__2025-12-14T18:05:00+00:00 [queued]>
[2025-12-15T23:59:59.063+0000] {taskinstance.py:2865} INFO - Starting attempt 3 of 4
[2025-12-15T23:59:59.090+0000] {taskinstance.py:2888} INFO - Executing <Task(PythonOperator): store_daily_predictions> on 2025-12-14 18:05:00+00:00
[2025-12-15T23:59:59.106+0000] {standard_task_runner.py:72} INFO - Started process 6260 to run task
[2025-12-15T23:59:59.118+0000] {standard_task_runner.py:104} INFO - Running: ['***', 'tasks', 'run', 'weather_prediction_pipeline_v2', 'store_daily_predictions', 'scheduled__2025-12-14T18:05:00+00:00', '--job-id', '33', '--raw', '--subdir', 'DAGS_FOLDER/test_etl.py', '--cfg-path', '/tmp/tmpjxr1330e']
[2025-12-15T23:59:59.129+0000] {standard_task_runner.py:105} INFO - Job 33: Subtask store_daily_predictions
[2025-12-15T23:59:59.196+0000] {logging_mixin.py:190} WARNING - /home/***/.local/lib/python3.10/site-packages/***/settings.py:209 DeprecationWarning: The sql_alchemy_conn option in [core] has been moved to the sql_alchemy_conn option in [database] - the old setting has been used, but please update your config.
[2025-12-15T23:59:59.365+0000] {task_command.py:467} INFO - Running <TaskInstance: weather_prediction_pipeline_v2.store_daily_predictions scheduled__2025-12-14T18:05:00+00:00 [running]> on host 6f17979d182d
[2025-12-15T23:59:59.370+0000] {logging_mixin.py:190} WARNING - /home/***/.local/lib/python3.10/site-packages/***/settings.py:470 DeprecationWarning: The sql_alchemy_conn option in [core] has been moved to the sql_alchemy_conn option in [database] - the old setting has been used, but please update your config.
[2025-12-15T23:59:59.690+0000] {taskinstance.py:3131} INFO - Exporting env vars: AIRFLOW_CTX_DAG_OWNER='ahmed_sami' AIRFLOW_CTX_DAG_ID='weather_prediction_pipeline_v2' AIRFLOW_CTX_TASK_ID='store_daily_predictions' AIRFLOW_CTX_EXECUTION_DATE='2025-12-14T18:05:00+00:00' AIRFLOW_CTX_TRY_NUMBER='3' AIRFLOW_CTX_DAG_RUN_ID='scheduled__2025-12-14T18:05:00+00:00'
[2025-12-15T23:59:59.695+0000] {taskinstance.py:731} INFO - ::endgroup::
[2025-12-15T23:59:59.766+0000] {logging_mixin.py:190} INFO - ======================================================================
[2025-12-15T23:59:59.769+0000] {logging_mixin.py:190} INFO -                     DAY 2: STORING PREDICTIONS (BULK MODE)
[2025-12-15T23:59:59.774+0000] {logging_mixin.py:190} INFO - ======================================================================
[2025-12-15T23:59:59.837+0000] {logging_mixin.py:190} INFO - 💾 Storing 64 predictions using Bulk Insert...
[2025-12-15T23:59:59.839+0000] {logging_mixin.py:190} INFO - 📅 Target date: 2025-12-16
[2025-12-15T23:59:59.873+0000] {base.py:84} INFO - Retrieving connection 'ml_con'
[2025-12-15T23:59:59.876+0000] {logging_mixin.py:190} INFO - 🔌 Connecting to database: postgres:5432
[2025-12-15T23:59:59.880+0000] {logging_mixin.py:190} INFO -    Database: ***
[2025-12-15T23:59:59.886+0000] {logging_mixin.py:190} INFO -    User: ***
[2025-12-15T23:59:59.888+0000] {logging_mixin.py:190} INFO -    Timeout: 10 seconds
[2025-12-15T23:59:59.892+0000] {logging_mixin.py:190} INFO - 🔌 Establishing connection...
[2025-12-15T23:59:59.916+0000] {logging_mixin.py:190} INFO - ✅ Connection established!
[2025-12-15T23:59:59.920+0000] {logging_mixin.py:190} INFO - ✅ Statement timeout set to 30s
[2025-12-15T23:59:59.924+0000] {logging_mixin.py:190} INFO - 📋 Creating/verifying table structure...
[2025-12-15T23:59:59.929+0000] {logging_mixin.py:190} INFO - ✅ Table structure verified
[2025-12-15T23:59:59.930+0000] {logging_mixin.py:190} INFO - 🔧 Ensuring all columns exist...
[2025-12-16T00:00:29.933+0000] {logging_mixin.py:190} INFO - ❌ Database connection error: canceling statement due to statement timeout
[2025-12-16T00:00:29.935+0000] {logging_mixin.py:190} INFO -    Possible causes:
[2025-12-16T00:00:29.936+0000] {logging_mixin.py:190} INFO -    - Database is down
[2025-12-16T00:00:29.938+0000] {logging_mixin.py:190} INFO -    - Wrong credentials
[2025-12-16T00:00:29.940+0000] {logging_mixin.py:190} INFO -    - Network issue
[2025-12-16T00:00:29.941+0000] {logging_mixin.py:190} INFO -    - Connection timeout
[2025-12-16T00:00:29.944+0000] {logging_mixin.py:190} INFO - 🔌 Connection closed
[2025-12-16T00:00:29.946+0000] {taskinstance.py:3310} ERROR - Task failed with exception
Traceback (most recent call last):
  File "/home/airflow/.local/lib/python3.10/site-packages/airflow/models/taskinstance.py", line 767, in _execute_task
    result = _execute_callable(context=context, **execute_callable_kwargs)
  File "/home/airflow/.local/lib/python3.10/site-packages/airflow/models/taskinstance.py", line 733, in _execute_callable
    return ExecutionCallableRunner(
  File "/home/airflow/.local/lib/python3.10/site-packages/airflow/utils/operator_helpers.py", line 252, in run
    return self.func(*args, **kwargs)
  File "/home/airflow/.local/lib/python3.10/site-packages/airflow/models/baseoperator.py", line 406, in wrapper
    return func(self, *args, **kwargs)
  File "/home/airflow/.local/lib/python3.10/site-packages/airflow/operators/python.py", line 238, in execute
    return_value = self.execute_callable()
  File "/home/airflow/.local/lib/python3.10/site-packages/airflow/operators/python.py", line 256, in execute_callable
    return runner.run(*self.op_args, **self.op_kwargs)
  File "/home/airflow/.local/lib/python3.10/site-packages/airflow/utils/operator_helpers.py", line 252, in run
    return self.func(*args, **kwargs)
  File "/opt/airflow/dags/test_etl.py", line 1990, in store_daily_predictions
    cur.execute("""
psycopg2.errors.QueryCanceled: canceling statement due to statement timeout

[2025-12-16T00:00:30.021+0000] {taskinstance.py:1225} INFO - Marking task as UP_FOR_RETRY. dag_id=weather_prediction_pipeline_v2, task_id=store_daily_predictions, run_id=scheduled__2025-12-14T18:05:00+00:00, execution_date=20251214T180500, start_date=20251215T235959, end_date=20251216T000030
[2025-12-16T00:00:30.073+0000] {taskinstance.py:340} INFO - ::group::Post task execution logs
[2025-12-16T00:00:30.076+0000] {standard_task_runner.py:124} ERROR - Failed to execute job 33 for task store_daily_predictions (canceling statement due to statement timeout
; 6260)
Traceback (most recent call last):
  File "/home/airflow/.local/lib/python3.10/site-packages/airflow/task/task_runner/standard_task_runner.py", line 117, in _start_by_fork
    ret = args.func(args, dag=self.dag)
  File "/home/airflow/.local/lib/python3.10/site-packages/airflow/cli/cli_config.py", line 49, in command
    return func(*args, **kwargs)
  File "/home/airflow/.local/lib/python3.10/site-packages/airflow/utils/cli.py", line 115, in wrapper
    return f(*args, **kwargs)
  File "/home/airflow/.local/lib/python3.10/site-packages/airflow/cli/commands/task_command.py", line 483, in task_run
    task_return_code = _run_task_by_selected_method(args, _dag, ti)
  File "/home/airflow/.local/lib/python3.10/site-packages/airflow/cli/commands/task_command.py", line 256, in _run_task_by_selected_method
    return _run_raw_task(args, ti)
  File "/home/airflow/.local/lib/python3.10/site-packages/airflow/cli/commands/task_command.py", line 341, in _run_raw_task
    return ti._run_raw_task(
  File "/home/airflow/.local/lib/python3.10/site-packages/airflow/utils/session.py", line 97, in wrapper
    return func(*args, session=session, **kwargs)
  File "/home/airflow/.local/lib/python3.10/site-packages/airflow/models/taskinstance.py", line 3004, in _run_raw_task
    return _run_raw_task(
  File "/home/airflow/.local/lib/python3.10/site-packages/airflow/models/taskinstance.py", line 273, in _run_raw_task
    TaskInstance._execute_task_with_callbacks(
  File "/home/airflow/.local/lib/python3.10/site-packages/airflow/models/taskinstance.py", line 3158, in _execute_task_with_callbacks
    result = self._execute_task(context, task_orig)
  File "/home/airflow/.local/lib/python3.10/site-packages/airflow/models/taskinstance.py", line 3182, in _execute_task
    return _execute_task(self, context, task_orig)
  File "/home/airflow/.local/lib/python3.10/site-packages/airflow/models/taskinstance.py", line 767, in _execute_task
    result = _execute_callable(context=context, **execute_callable_kwargs)
  File "/home/airflow/.local/lib/python3.10/site-packages/airflow/models/taskinstance.py", line 733, in _execute_callable
    return ExecutionCallableRunner(
  File "/home/airflow/.local/lib/python3.10/site-packages/airflow/utils/operator_helpers.py", line 252, in run
    return self.func(*args, **kwargs)
  File "/home/airflow/.local/lib/python3.10/site-packages/airflow/models/baseoperator.py", line 406, in wrapper
    return func(self, *args, **kwargs)
  File "/home/airflow/.local/lib/python3.10/site-packages/airflow/operators/python.py", line 238, in execute
    return_value = self.execute_callable()
  File "/home/airflow/.local/lib/python3.10/site-packages/airflow/operators/python.py", line 256, in execute_callable
    return runner.run(*self.op_args, **self.op_kwargs)
  File "/home/airflow/.local/lib/python3.10/site-packages/airflow/utils/operator_helpers.py", line 252, in run
    return self.func(*args, **kwargs)
  File "/opt/airflow/dags/test_etl.py", line 1990, in store_daily_predictions
    cur.execute("""
psycopg2.errors.QueryCanceled: canceling statement due to statement timeout

[2025-12-16T00:00:30.121+0000] {local_task_job_runner.py:266} INFO - Task exited with return code 1
[2025-12-16T00:00:30.158+0000] {taskinstance.py:3900} INFO - 0 downstream tasks scheduled from follow-on schedule check
[2025-12-16T00:00:30.162+0000] {local_task_job_runner.py:245} INFO - ::endgroup::
