[2025-12-16T10:22:38.757+0000] {local_task_job_runner.py:123} INFO - ::group::Pre task execution logs
[2025-12-16T10:22:38.783+0000] {taskinstance.py:2612} INFO - Dependencies all met for dep_context=non-requeueable deps ti=<TaskInstance: weather_prediction_pipeline_v2.store_daily_predictions scheduled__2025-12-14T18:05:00+00:00 [queued]>
[2025-12-16T10:22:38.793+0000] {taskinstance.py:2612} INFO - Dependencies all met for dep_context=requeueable deps ti=<TaskInstance: weather_prediction_pipeline_v2.store_daily_predictions scheduled__2025-12-14T18:05:00+00:00 [queued]>
[2025-12-16T10:22:38.795+0000] {taskinstance.py:2865} INFO - Starting attempt 5 of 7
[2025-12-16T10:22:38.808+0000] {taskinstance.py:2888} INFO - Executing <Task(PythonOperator): store_daily_predictions> on 2025-12-14 18:05:00+00:00
[2025-12-16T10:22:38.816+0000] {standard_task_runner.py:72} INFO - Started process 263 to run task
[2025-12-16T10:22:38.821+0000] {standard_task_runner.py:104} INFO - Running: ['***', 'tasks', 'run', 'weather_prediction_pipeline_v2', 'store_daily_predictions', 'scheduled__2025-12-14T18:05:00+00:00', '--job-id', '69', '--raw', '--subdir', 'DAGS_FOLDER/test_etl.py', '--cfg-path', '/tmp/tmpdscm30qu']
[2025-12-16T10:22:38.826+0000] {standard_task_runner.py:105} INFO - Job 69: Subtask store_daily_predictions
[2025-12-16T10:22:38.852+0000] {logging_mixin.py:190} WARNING - /home/***/.local/lib/python3.10/site-packages/***/settings.py:209 DeprecationWarning: The sql_alchemy_conn option in [core] has been moved to the sql_alchemy_conn option in [database] - the old setting has been used, but please update your config.
[2025-12-16T10:22:38.913+0000] {task_command.py:467} INFO - Running <TaskInstance: weather_prediction_pipeline_v2.store_daily_predictions scheduled__2025-12-14T18:05:00+00:00 [running]> on host 15d037495a80
[2025-12-16T10:22:38.915+0000] {logging_mixin.py:190} WARNING - /home/***/.local/lib/python3.10/site-packages/***/settings.py:470 DeprecationWarning: The sql_alchemy_conn option in [core] has been moved to the sql_alchemy_conn option in [database] - the old setting has been used, but please update your config.
[2025-12-16T10:22:39.034+0000] {taskinstance.py:3131} INFO - Exporting env vars: AIRFLOW_CTX_DAG_OWNER='ahmed_sami' AIRFLOW_CTX_DAG_ID='weather_prediction_pipeline_v2' AIRFLOW_CTX_TASK_ID='store_daily_predictions' AIRFLOW_CTX_EXECUTION_DATE='2025-12-14T18:05:00+00:00' AIRFLOW_CTX_TRY_NUMBER='5' AIRFLOW_CTX_DAG_RUN_ID='scheduled__2025-12-14T18:05:00+00:00'
[2025-12-16T10:22:39.036+0000] {taskinstance.py:731} INFO - ::endgroup::
[2025-12-16T10:22:39.058+0000] {logging_mixin.py:190} INFO - ======================================================================
[2025-12-16T10:22:39.059+0000] {logging_mixin.py:190} INFO -                     DAY 2: STORING PREDICTIONS (OPTIMIZED)
[2025-12-16T10:22:39.060+0000] {logging_mixin.py:190} INFO - ======================================================================
[2025-12-16T10:22:39.084+0000] {logging_mixin.py:190} INFO - 💾 Storing 64 predictions...
[2025-12-16T10:22:39.086+0000] {logging_mixin.py:190} INFO - 📅 Target date: 2025-12-16
[2025-12-16T10:22:39.101+0000] {base.py:84} INFO - Retrieving connection 'ml_con'
[2025-12-16T10:22:39.104+0000] {logging_mixin.py:190} INFO - 🔌 Connecting...
[2025-12-16T10:22:39.113+0000] {logging_mixin.py:190} INFO - ✅ Connected!
[2025-12-16T10:22:39.115+0000] {logging_mixin.py:190} INFO - 📋 Ensuring table exists...
[2025-12-16T10:22:39.117+0000] {logging_mixin.py:190} INFO - ✅ Table ready
[2025-12-16T10:22:39.118+0000] {logging_mixin.py:190} INFO - 📦 Preparing data...
[2025-12-16T10:22:39.119+0000] {logging_mixin.py:190} INFO - 🚀 Inserting...
[2025-12-16T10:22:39.130+0000] {logging_mixin.py:190} INFO - ✅ Stored 64 predictions successfully!
[2025-12-16T10:22:39.131+0000] {logging_mixin.py:190} INFO - ======================================================================
[2025-12-16T10:22:39.132+0000] {python.py:240} INFO - Done. Returned value was: None
[2025-12-16T10:22:39.150+0000] {taskinstance.py:340} INFO - ::group::Post task execution logs
[2025-12-16T10:22:39.151+0000] {taskinstance.py:352} INFO - Marking task as SUCCESS. dag_id=weather_prediction_pipeline_v2, task_id=store_daily_predictions, run_id=scheduled__2025-12-14T18:05:00+00:00, execution_date=20251214T180500, start_date=20251216T102238, end_date=20251216T102239
[2025-12-16T10:22:39.197+0000] {local_task_job_runner.py:266} INFO - Task exited with return code 0
[2025-12-16T10:22:39.223+0000] {taskinstance.py:3900} INFO - 0 downstream tasks scheduled from follow-on schedule check
[2025-12-16T10:22:39.226+0000] {local_task_job_runner.py:245} INFO - ::endgroup::
