[2025-12-15T21:49:12.254+0000] {local_task_job_runner.py:123} INFO - ::group::Pre task execution logs
[2025-12-15T21:49:12.282+0000] {taskinstance.py:2612} INFO - Dependencies all met for dep_context=non-requeueable deps ti=<TaskInstance: weather_prediction_pipeline_v2.store_daily_predictions scheduled__2025-12-14T18:05:00+00:00 [queued]>
[2025-12-15T21:49:12.293+0000] {taskinstance.py:2612} INFO - Dependencies all met for dep_context=requeueable deps ti=<TaskInstance: weather_prediction_pipeline_v2.store_daily_predictions scheduled__2025-12-14T18:05:00+00:00 [queued]>
[2025-12-15T21:49:12.295+0000] {taskinstance.py:2865} INFO - Starting attempt 4 of 6
[2025-12-15T21:49:12.310+0000] {taskinstance.py:2888} INFO - Executing <Task(PythonOperator): store_daily_predictions> on 2025-12-14 18:05:00+00:00
[2025-12-15T21:49:12.317+0000] {standard_task_runner.py:72} INFO - Started process 22217 to run task
[2025-12-15T21:49:12.322+0000] {standard_task_runner.py:104} INFO - Running: ['***', 'tasks', 'run', 'weather_prediction_pipeline_v2', 'store_daily_predictions', 'scheduled__2025-12-14T18:05:00+00:00', '--job-id', '97', '--raw', '--subdir', 'DAGS_FOLDER/test_etl.py', '--cfg-path', '/tmp/tmph8eig2ry']
[2025-12-15T21:49:12.327+0000] {standard_task_runner.py:105} INFO - Job 97: Subtask store_daily_predictions
[2025-12-15T21:49:12.352+0000] {logging_mixin.py:190} WARNING - /home/***/.local/lib/python3.10/site-packages/***/settings.py:209 DeprecationWarning: The sql_alchemy_conn option in [core] has been moved to the sql_alchemy_conn option in [database] - the old setting has been used, but please update your config.
[2025-12-15T21:49:12.415+0000] {task_command.py:467} INFO - Running <TaskInstance: weather_prediction_pipeline_v2.store_daily_predictions scheduled__2025-12-14T18:05:00+00:00 [running]> on host 89522446c9a4
[2025-12-15T21:49:12.417+0000] {logging_mixin.py:190} WARNING - /home/***/.local/lib/python3.10/site-packages/***/settings.py:470 DeprecationWarning: The sql_alchemy_conn option in [core] has been moved to the sql_alchemy_conn option in [database] - the old setting has been used, but please update your config.
[2025-12-15T21:49:12.535+0000] {taskinstance.py:3131} INFO - Exporting env vars: AIRFLOW_CTX_DAG_OWNER='ahmed_sami' AIRFLOW_CTX_DAG_ID='weather_prediction_pipeline_v2' AIRFLOW_CTX_TASK_ID='store_daily_predictions' AIRFLOW_CTX_EXECUTION_DATE='2025-12-14T18:05:00+00:00' AIRFLOW_CTX_TRY_NUMBER='4' AIRFLOW_CTX_DAG_RUN_ID='scheduled__2025-12-14T18:05:00+00:00'
[2025-12-15T21:49:12.536+0000] {taskinstance.py:731} INFO - ::endgroup::
[2025-12-15T21:49:12.558+0000] {logging_mixin.py:190} INFO - ======================================================================
[2025-12-15T21:49:12.559+0000] {logging_mixin.py:190} INFO -                     DAY 2: STORING PREDICTIONS (BULK MODE)
[2025-12-15T21:49:12.560+0000] {logging_mixin.py:190} INFO - ======================================================================
[2025-12-15T21:49:12.584+0000] {logging_mixin.py:190} INFO - 💾 Storing 27 predictions using Bulk Insert...
[2025-12-15T21:49:12.585+0000] {logging_mixin.py:190} INFO - 📅 Target date: 2025-12-16
[2025-12-15T21:49:12.601+0000] {base.py:84} INFO - Retrieving connection 'ml_con'
[2025-12-15T21:49:12.602+0000] {logging_mixin.py:190} INFO - 🔌 Connecting to database: postgres:5432
[2025-12-15T21:49:12.603+0000] {logging_mixin.py:190} INFO -    Database: ***
[2025-12-15T21:49:12.604+0000] {logging_mixin.py:190} INFO -    User: ***
[2025-12-15T21:49:12.605+0000] {logging_mixin.py:190} INFO -    Timeout: 10 seconds
[2025-12-15T21:49:12.606+0000] {logging_mixin.py:190} INFO - 🔌 Establishing connection...
[2025-12-15T21:49:12.614+0000] {logging_mixin.py:190} INFO - ✅ Connection established!
[2025-12-15T21:49:12.616+0000] {logging_mixin.py:190} INFO - ✅ Statement timeout set to 30s
[2025-12-15T21:49:12.617+0000] {logging_mixin.py:190} INFO - 📋 Creating/verifying table structure...
[2025-12-15T21:49:12.619+0000] {logging_mixin.py:190} INFO - ✅ Table structure verified
[2025-12-15T21:49:12.620+0000] {logging_mixin.py:190} INFO - 🔧 Ensuring all columns exist...
[2025-12-15T21:49:22.402+0000] {local_task_job_runner.py:346} WARNING - State of this instance has been externally set to restarting. Terminating instance.
[2025-12-15T21:49:22.404+0000] {local_task_job_runner.py:245} INFO - ::endgroup::
[2025-12-15T21:49:22.407+0000] {process_utils.py:132} INFO - Sending 15 to group 22217. PIDs of all processes in the group: [22217]
[2025-12-15T21:49:22.408+0000] {process_utils.py:87} INFO - Sending the signal 15 to group 22217
[2025-12-15T21:49:42.622+0000] {taskinstance.py:3092} ERROR - Received SIGTERM. Terminating subprocesses.
[2025-12-15T21:49:42.625+0000] {logging_mixin.py:190} INFO - 🔌 Connection closed
[2025-12-15T21:49:42.650+0000] {taskinstance.py:3310} ERROR - Task failed with exception
Traceback (most recent call last):
  File "/home/airflow/.local/lib/python3.10/site-packages/airflow/models/taskinstance.py", line 767, in _execute_task
    result = _execute_callable(context=context, **execute_callable_kwargs)
  File "/home/airflow/.local/lib/python3.10/site-packages/airflow/models/taskinstance.py", line 733, in _execute_callable
    return ExecutionCallableRunner(
  File "/home/airflow/.local/lib/python3.10/site-packages/airflow/utils/operator_helpers.py", line 252, in run
    return self.func(*args, **kwargs)
  File "/home/airflow/.local/lib/python3.10/site-packages/airflow/models/baseoperator.py", line 406, in wrapper
    return func(self, *args, **kwargs)
  File "/home/airflow/.local/lib/python3.10/site-packages/airflow/operators/python.py", line 238, in execute
    return_value = self.execute_callable()
  File "/home/airflow/.local/lib/python3.10/site-packages/airflow/operators/python.py", line 256, in execute_callable
    return runner.run(*self.op_args, **self.op_kwargs)
  File "/home/airflow/.local/lib/python3.10/site-packages/airflow/utils/operator_helpers.py", line 252, in run
    return self.func(*args, **kwargs)
  File "/opt/airflow/dags/test_etl.py", line 1990, in store_daily_predictions
    cur.execute("""
  File "/usr/local/lib/python3.10/encodings/utf_8.py", line 15, in decode
    def decode(input, errors='strict'):
  File "/home/airflow/.local/lib/python3.10/site-packages/airflow/models/taskinstance.py", line 3094, in signal_handler
    raise AirflowTaskTerminated("Task received SIGTERM signal")
airflow.exceptions.AirflowTaskTerminated: Task received SIGTERM signal
[2025-12-15T21:49:42.663+0000] {taskinstance.py:1225} INFO - Marking task as UP_FOR_RETRY. dag_id=weather_prediction_pipeline_v2, task_id=store_daily_predictions, run_id=scheduled__2025-12-14T18:05:00+00:00, execution_date=20251214T180500, start_date=20251215T214912, end_date=20251215T214942
[2025-12-15T21:49:42.686+0000] {taskinstance.py:340} INFO - ::group::Post task execution logs
[2025-12-15T21:49:42.721+0000] {process_utils.py:80} INFO - Process psutil.Process(pid=22217, status='terminated', exitcode=2, started='21:49:11') (22217) terminated with exit code 2
[2025-12-16T00:24:50.626+0000] {local_task_job_runner.py:123} INFO - ::group::Pre task execution logs
[2025-12-16T00:24:50.673+0000] {taskinstance.py:2612} INFO - Dependencies all met for dep_context=non-requeueable deps ti=<TaskInstance: weather_prediction_pipeline_v2.store_daily_predictions scheduled__2025-12-14T18:05:00+00:00 [queued]>
[2025-12-16T00:24:50.692+0000] {taskinstance.py:2612} INFO - Dependencies all met for dep_context=requeueable deps ti=<TaskInstance: weather_prediction_pipeline_v2.store_daily_predictions scheduled__2025-12-14T18:05:00+00:00 [queued]>
[2025-12-16T00:24:50.694+0000] {taskinstance.py:2865} INFO - Starting attempt 4 of 4
[2025-12-16T00:24:50.717+0000] {taskinstance.py:2888} INFO - Executing <Task(PythonOperator): store_daily_predictions> on 2025-12-14 18:05:00+00:00
[2025-12-16T00:24:50.729+0000] {standard_task_runner.py:72} INFO - Started process 944 to run task
[2025-12-16T00:24:50.741+0000] {standard_task_runner.py:104} INFO - Running: ['***', 'tasks', 'run', 'weather_prediction_pipeline_v2', 'store_daily_predictions', 'scheduled__2025-12-14T18:05:00+00:00', '--job-id', '46', '--raw', '--subdir', 'DAGS_FOLDER/test_etl.py', '--cfg-path', '/tmp/tmpvklmjrqh']
[2025-12-16T00:24:50.748+0000] {standard_task_runner.py:105} INFO - Job 46: Subtask store_daily_predictions
[2025-12-16T00:24:50.789+0000] {logging_mixin.py:190} WARNING - /home/***/.local/lib/python3.10/site-packages/***/settings.py:209 DeprecationWarning: The sql_alchemy_conn option in [core] has been moved to the sql_alchemy_conn option in [database] - the old setting has been used, but please update your config.
[2025-12-16T00:24:50.889+0000] {task_command.py:467} INFO - Running <TaskInstance: weather_prediction_pipeline_v2.store_daily_predictions scheduled__2025-12-14T18:05:00+00:00 [running]> on host a31b9bcf920a
[2025-12-16T00:24:50.893+0000] {logging_mixin.py:190} WARNING - /home/***/.local/lib/python3.10/site-packages/***/settings.py:470 DeprecationWarning: The sql_alchemy_conn option in [core] has been moved to the sql_alchemy_conn option in [database] - the old setting has been used, but please update your config.
[2025-12-16T00:24:51.072+0000] {taskinstance.py:3131} INFO - Exporting env vars: AIRFLOW_CTX_DAG_OWNER='ahmed_sami' AIRFLOW_CTX_DAG_ID='weather_prediction_pipeline_v2' AIRFLOW_CTX_TASK_ID='store_daily_predictions' AIRFLOW_CTX_EXECUTION_DATE='2025-12-14T18:05:00+00:00' AIRFLOW_CTX_TRY_NUMBER='4' AIRFLOW_CTX_DAG_RUN_ID='scheduled__2025-12-14T18:05:00+00:00'
[2025-12-16T00:24:51.075+0000] {taskinstance.py:731} INFO - ::endgroup::
[2025-12-16T00:24:51.102+0000] {logging_mixin.py:190} INFO - ======================================================================
[2025-12-16T00:24:51.105+0000] {logging_mixin.py:190} INFO -                     DAY 2: STORING PREDICTIONS (BULK MODE)
[2025-12-16T00:24:51.107+0000] {logging_mixin.py:190} INFO - ======================================================================
[2025-12-16T00:24:51.146+0000] {logging_mixin.py:190} INFO - 💾 Storing 64 predictions using Bulk Insert...
[2025-12-16T00:24:51.148+0000] {logging_mixin.py:190} INFO - 📅 Target date: 2025-12-16
[2025-12-16T00:24:51.178+0000] {base.py:84} INFO - Retrieving connection 'ml_con'
[2025-12-16T00:24:51.180+0000] {logging_mixin.py:190} INFO - 🔌 Connecting to database: postgres:5432
[2025-12-16T00:24:51.182+0000] {logging_mixin.py:190} INFO -    Database: ***
[2025-12-16T00:24:51.185+0000] {logging_mixin.py:190} INFO -    User: ***
[2025-12-16T00:24:51.188+0000] {logging_mixin.py:190} INFO -    Timeout: 10 seconds
[2025-12-16T00:24:51.190+0000] {logging_mixin.py:190} INFO - 🔌 Establishing connection...
[2025-12-16T00:24:51.204+0000] {logging_mixin.py:190} INFO - ✅ Connection established!
[2025-12-16T00:24:51.208+0000] {logging_mixin.py:190} INFO - ✅ Statement timeout set to 30s
[2025-12-16T00:24:51.209+0000] {logging_mixin.py:190} INFO - 📋 Creating/verifying table structure...
[2025-12-16T00:24:51.212+0000] {logging_mixin.py:190} INFO - ✅ Table structure verified
[2025-12-16T00:24:51.214+0000] {logging_mixin.py:190} INFO - 🔧 Ensuring all columns exist...
[2025-12-16T00:24:51.219+0000] {logging_mixin.py:190} INFO - ✅ Columns verified
[2025-12-16T00:24:51.222+0000] {logging_mixin.py:190} INFO - 📦 Preparing data for bulk insert...
[2025-12-16T00:24:51.223+0000] {logging_mixin.py:190} INFO - ✅ Prepared 64 records
[2025-12-16T00:24:51.226+0000] {logging_mixin.py:190} INFO - 🚀 Executing bulk insert...
[2025-12-16T00:24:51.238+0000] {logging_mixin.py:190} INFO - ✅ Bulk insert completed
[2025-12-16T00:24:51.241+0000] {logging_mixin.py:190} INFO - 💾 Committing transaction...
[2025-12-16T00:24:51.245+0000] {logging_mixin.py:190} INFO - ✅ Transaction committed successfully!
[2025-12-16T00:24:51.248+0000] {logging_mixin.py:190} INFO - 🔍 Verifying insertion...
[2025-12-16T00:24:51.252+0000] {logging_mixin.py:190} INFO - ✅ Verified: 64 predictions stored for 2025-12-16
[2025-12-16T00:24:51.255+0000] {logging_mixin.py:190} INFO - 🔌 Connection closed
[2025-12-16T00:24:51.257+0000] {logging_mixin.py:190} INFO - ======================================================================
[2025-12-16T00:24:51.259+0000] {logging_mixin.py:190} INFO - ✅ store_daily_predictions COMPLETED SUCCESSFULLY
[2025-12-16T00:24:51.262+0000] {logging_mixin.py:190} INFO - ======================================================================
[2025-12-16T00:24:51.264+0000] {python.py:240} INFO - Done. Returned value was: None
[2025-12-16T00:24:51.288+0000] {taskinstance.py:340} INFO - ::group::Post task execution logs
[2025-12-16T00:24:51.290+0000] {taskinstance.py:352} INFO - Marking task as SUCCESS. dag_id=weather_prediction_pipeline_v2, task_id=store_daily_predictions, run_id=scheduled__2025-12-14T18:05:00+00:00, execution_date=20251214T180500, start_date=20251216T002450, end_date=20251216T002451
[2025-12-16T00:24:51.358+0000] {local_task_job_runner.py:266} INFO - Task exited with return code 0
[2025-12-16T00:24:51.408+0000] {taskinstance.py:3900} INFO - 0 downstream tasks scheduled from follow-on schedule check
[2025-12-16T00:24:51.412+0000] {local_task_job_runner.py:245} INFO - ::endgroup::
