[2025-12-16T13:12:40.793+0000] {local_task_job_runner.py:123} INFO - ::group::Pre task execution logs
[2025-12-16T13:12:40.827+0000] {taskinstance.py:2612} INFO - Dependencies all met for dep_context=non-requeueable deps ti=<TaskInstance: weather_prediction_pipeline_v2.store_daily_predictions manual__2025-12-16T13:08:25.346814+00:00 [queued]>
[2025-12-16T13:12:40.841+0000] {taskinstance.py:2612} INFO - Dependencies all met for dep_context=requeueable deps ti=<TaskInstance: weather_prediction_pipeline_v2.store_daily_predictions manual__2025-12-16T13:08:25.346814+00:00 [queued]>
[2025-12-16T13:12:40.843+0000] {taskinstance.py:2865} INFO - Starting attempt 1 of 3
[2025-12-16T13:12:40.860+0000] {taskinstance.py:2888} INFO - Executing <Task(PythonOperator): store_daily_predictions> on 2025-12-16 13:08:25.346814+00:00
[2025-12-16T13:12:40.871+0000] {standard_task_runner.py:72} INFO - Started process 10120 to run task
[2025-12-16T13:12:40.877+0000] {standard_task_runner.py:104} INFO - Running: ['***', 'tasks', 'run', 'weather_prediction_pipeline_v2', 'store_daily_predictions', 'manual__2025-12-16T13:08:25.346814+00:00', '--job-id', '103', '--raw', '--subdir', 'DAGS_FOLDER/test_etl.py', '--cfg-path', '/tmp/tmpsux26971']
[2025-12-16T13:12:40.883+0000] {standard_task_runner.py:105} INFO - Job 103: Subtask store_daily_predictions
[2025-12-16T13:12:40.913+0000] {logging_mixin.py:190} WARNING - /home/***/.local/lib/python3.10/site-packages/***/settings.py:209 DeprecationWarning: The sql_alchemy_conn option in [core] has been moved to the sql_alchemy_conn option in [database] - the old setting has been used, but please update your config.
[2025-12-16T13:12:40.990+0000] {task_command.py:467} INFO - Running <TaskInstance: weather_prediction_pipeline_v2.store_daily_predictions manual__2025-12-16T13:08:25.346814+00:00 [running]> on host 15d037495a80
[2025-12-16T13:12:41.150+0000] {taskinstance.py:3131} INFO - Exporting env vars: AIRFLOW_CTX_DAG_OWNER='ahmed_sami' AIRFLOW_CTX_DAG_ID='weather_prediction_pipeline_v2' AIRFLOW_CTX_TASK_ID='store_daily_predictions' AIRFLOW_CTX_EXECUTION_DATE='2025-12-16T13:08:25.346814+00:00' AIRFLOW_CTX_TRY_NUMBER='1' AIRFLOW_CTX_DAG_RUN_ID='manual__2025-12-16T13:08:25.346814+00:00'
[2025-12-16T13:12:41.153+0000] {taskinstance.py:731} INFO - ::endgroup::
[2025-12-16T13:12:41.180+0000] {logging_mixin.py:190} INFO - ======================================================================
[2025-12-16T13:12:41.182+0000] {logging_mixin.py:190} INFO -                     DAY 2: STORING PREDICTIONS (OPTIMIZED)
[2025-12-16T13:12:41.184+0000] {logging_mixin.py:190} INFO - ======================================================================
[2025-12-16T13:12:41.222+0000] {logging_mixin.py:190} INFO - 💾 Storing 64 predictions...
[2025-12-16T13:12:41.224+0000] {logging_mixin.py:190} INFO - 📅 Target date: 2025-12-17
[2025-12-16T13:12:41.245+0000] {base.py:84} INFO - Retrieving connection 'ml_con'
[2025-12-16T13:12:41.247+0000] {logging_mixin.py:190} INFO - 🔌 Connecting...
[2025-12-16T13:12:41.259+0000] {logging_mixin.py:190} INFO - ✅ Connected!
[2025-12-16T13:12:41.261+0000] {logging_mixin.py:190} INFO - 📋 Ensuring table exists...
[2025-12-16T13:12:41.263+0000] {logging_mixin.py:190} INFO - ✅ Table ready
[2025-12-16T13:12:41.264+0000] {logging_mixin.py:190} INFO - 🔍 Checking for existing records on 2025-12-17...
[2025-12-16T13:12:41.267+0000] {logging_mixin.py:190} INFO - ✅ No existing records for 2025-12-17
[2025-12-16T13:12:41.269+0000] {logging_mixin.py:190} INFO - ➕ Inserting 64 new records...
[2025-12-16T13:12:41.277+0000] {logging_mixin.py:190} INFO - ✅ Inserted 64 records
[2025-12-16T13:12:41.280+0000] {logging_mixin.py:190} INFO - 
🎉 Success! Total processed: 64 predictions
[2025-12-16T13:12:41.281+0000] {logging_mixin.py:190} INFO -    - Updated: 0
[2025-12-16T13:12:41.282+0000] {logging_mixin.py:190} INFO -    - Inserted: 64
[2025-12-16T13:12:41.283+0000] {logging_mixin.py:190} INFO - ======================================================================
[2025-12-16T13:12:41.284+0000] {python.py:240} INFO - Done. Returned value was: None
[2025-12-16T13:12:41.302+0000] {taskinstance.py:340} INFO - ::group::Post task execution logs
[2025-12-16T13:12:41.303+0000] {taskinstance.py:352} INFO - Marking task as SUCCESS. dag_id=weather_prediction_pipeline_v2, task_id=store_daily_predictions, run_id=manual__2025-12-16T13:08:25.346814+00:00, execution_date=20251216T130825, start_date=20251216T131240, end_date=20251216T131241
[2025-12-16T13:12:41.333+0000] {local_task_job_runner.py:266} INFO - Task exited with return code 0
[2025-12-16T13:12:41.359+0000] {taskinstance.py:3900} INFO - 0 downstream tasks scheduled from follow-on schedule check
[2025-12-16T13:12:41.361+0000] {local_task_job_runner.py:245} INFO - ::endgroup::
