[2025-12-15T19:28:25.485+0000] {local_task_job_runner.py:123} INFO - ::group::Pre task execution logs
[2025-12-15T19:28:25.509+0000] {taskinstance.py:2612} INFO - Dependencies all met for dep_context=non-requeueable deps ti=<TaskInstance: weather_prediction_pipeline_v2.weather_api manual__2025-12-15T19:25:20.024134+00:00 [queued]>
[2025-12-15T19:28:25.518+0000] {taskinstance.py:2612} INFO - Dependencies all met for dep_context=requeueable deps ti=<TaskInstance: weather_prediction_pipeline_v2.weather_api manual__2025-12-15T19:25:20.024134+00:00 [queued]>
[2025-12-15T19:28:25.520+0000] {taskinstance.py:2865} INFO - Starting attempt 1 of 3
[2025-12-15T19:28:25.533+0000] {taskinstance.py:2888} INFO - Executing <Task(PythonOperator): weather_api> on 2025-12-15 19:25:20.024134+00:00
[2025-12-15T19:28:25.541+0000] {standard_task_runner.py:72} INFO - Started process 13793 to run task
[2025-12-15T19:28:25.544+0000] {standard_task_runner.py:104} INFO - Running: ['***', 'tasks', 'run', 'weather_prediction_pipeline_v2', 'weather_api', 'manual__2025-12-15T19:25:20.024134+00:00', '--job-id', '63', '--raw', '--subdir', 'DAGS_FOLDER/test_etl.py', '--cfg-path', '/tmp/tmpi8dm7w1m']
[2025-12-15T19:28:25.548+0000] {standard_task_runner.py:105} INFO - Job 63: Subtask weather_api
[2025-12-15T19:28:25.569+0000] {logging_mixin.py:190} WARNING - /home/***/.local/lib/python3.10/site-packages/***/settings.py:209 DeprecationWarning: The sql_alchemy_conn option in [core] has been moved to the sql_alchemy_conn option in [database] - the old setting has been used, but please update your config.
[2025-12-15T19:28:25.621+0000] {task_command.py:467} INFO - Running <TaskInstance: weather_prediction_pipeline_v2.weather_api manual__2025-12-15T19:25:20.024134+00:00 [running]> on host 89522446c9a4
[2025-12-15T19:28:25.726+0000] {taskinstance.py:3131} INFO - Exporting env vars: AIRFLOW_CTX_DAG_OWNER='ahmed_sami' AIRFLOW_CTX_DAG_ID='weather_prediction_pipeline_v2' AIRFLOW_CTX_TASK_ID='weather_api' AIRFLOW_CTX_EXECUTION_DATE='2025-12-15T19:25:20.024134+00:00' AIRFLOW_CTX_TRY_NUMBER='1' AIRFLOW_CTX_DAG_RUN_ID='manual__2025-12-15T19:25:20.024134+00:00'
[2025-12-15T19:28:25.728+0000] {taskinstance.py:731} INFO - ::endgroup::
[2025-12-15T19:28:25.748+0000] {logging_mixin.py:190} INFO - ======================================================================
[2025-12-15T19:28:25.750+0000] {logging_mixin.py:190} INFO -                     DAY 2: FETCHING WEATHER DATA
[2025-12-15T19:28:25.751+0000] {logging_mixin.py:190} INFO - ======================================================================
[2025-12-15T19:28:25.963+0000] {logging_mixin.py:190} INFO - 📍 Cities: 27 | Workers: 10
[2025-12-15T19:28:26.147+0000] {logging_mixin.py:190} INFO - ✓ Cairo: 17.4°C
[2025-12-15T19:28:26.154+0000] {logging_mixin.py:190} INFO - ✓ East Jerusalem: 10.6°C
[2025-12-15T19:28:26.155+0000] {logging_mixin.py:190} INFO - ✓ Ankara: 3.5°C
[2025-12-15T19:28:26.161+0000] {logging_mixin.py:190} INFO - ✓ Aswan: 18.6°C
[2025-12-15T19:28:26.163+0000] {logging_mixin.py:190} INFO - ✓ Gaziantep: 4.2°C
[2025-12-15T19:28:26.167+0000] {logging_mixin.py:190} INFO - ✓ Haifa: 13.5°C
[2025-12-15T19:28:26.301+0000] {logging_mixin.py:190} INFO - ✓ Hurghada: 18.0°C
[2025-12-15T19:28:26.304+0000] {logging_mixin.py:190} INFO - ✓ Istanbul: 7.3°C
[2025-12-15T19:28:26.310+0000] {logging_mixin.py:190} INFO - ✓ Isfahan: 3.8°C
[2025-12-15T19:28:26.311+0000] {logging_mixin.py:190} INFO - ✓ Ismailia: 16.2°C
[2025-12-15T19:28:26.316+0000] {logging_mixin.py:190} INFO - ✓ Izmir: 8.5°C
[2025-12-15T19:28:26.323+0000] {logging_mixin.py:190} INFO - ✓ Jerusalem: 10.4°C
[2025-12-15T19:28:26.455+0000] {logging_mixin.py:190} INFO - ✓ Konya: 1.7°C
[2025-12-15T19:28:26.461+0000] {logging_mixin.py:190} INFO - ✓ Luxor: 18.0°C
[2025-12-15T19:28:26.467+0000] {logging_mixin.py:190} INFO - ✓ Mashhad: 4.1°C
[2025-12-15T19:28:26.471+0000] {logging_mixin.py:190} INFO - ✓ Port Said: 16.0°C
[2025-12-15T19:28:26.472+0000] {logging_mixin.py:190} INFO - ✓ Qom: 7.9°C
[2025-12-15T19:28:26.482+0000] {logging_mixin.py:190} INFO - ✓ Sharm El Sheikh: 19.1°C
[2025-12-15T19:28:26.613+0000] {logging_mixin.py:190} INFO - ✓ Shiraz: 4.7°C
[2025-12-15T19:28:26.613+0000] {logging_mixin.py:190} INFO - ✓ Tabriz: 0.7°C
[2025-12-15T19:28:26.618+0000] {logging_mixin.py:190} INFO - ✓ Suez: 16.3°C
[2025-12-15T19:28:26.625+0000] {logging_mixin.py:190} INFO - ✓ Tehran: 6.5°C
[2025-12-15T19:28:26.629+0000] {logging_mixin.py:190} INFO - ✓ Tel Aviv: 15.1°C
[2025-12-15T19:28:27.154+0000] {logging_mixin.py:190} INFO - ✓ Alexandria: 17.0°C
[2025-12-15T19:28:27.155+0000] {logging_mixin.py:190} INFO - ✓ Adana: 10.5°C
[2025-12-15T19:28:27.163+0000] {logging_mixin.py:190} INFO - ✓ Antalya: 13.3°C
[2025-12-15T19:28:27.166+0000] {logging_mixin.py:190} INFO - ✓ Giza: 17.4°C
[2025-12-15T19:28:27.168+0000] {logging_mixin.py:190} INFO - 
✅ Success: 27/27 (100.0%)
[2025-12-15T19:28:27.169+0000] {logging_mixin.py:190} INFO - ❌ Failed: 0/27
[2025-12-15T19:28:27.170+0000] {logging_mixin.py:190} INFO - ======================================================================
[2025-12-15T19:28:27.191+0000] {python.py:240} INFO - Done. Returned value was: None
[2025-12-15T19:28:27.207+0000] {taskinstance.py:340} INFO - ::group::Post task execution logs
[2025-12-15T19:28:27.208+0000] {taskinstance.py:352} INFO - Marking task as SUCCESS. dag_id=weather_prediction_pipeline_v2, task_id=weather_api, run_id=manual__2025-12-15T19:25:20.024134+00:00, execution_date=20251215T192520, start_date=20251215T192825, end_date=20251215T192827
[2025-12-15T19:28:27.245+0000] {local_task_job_runner.py:266} INFO - Task exited with return code 0
[2025-12-15T19:28:27.278+0000] {taskinstance.py:3900} INFO - 1 downstream tasks scheduled from follow-on schedule check
[2025-12-15T19:28:27.281+0000] {local_task_job_runner.py:245} INFO - ::endgroup::
