[2025-12-13T21:40:27.958+0000] {local_task_job_runner.py:123} INFO - ::group::Pre task execution logs
[2025-12-13T21:40:28.007+0000] {taskinstance.py:2612} INFO - Dependencies all met for dep_context=non-requeueable deps ti=<TaskInstance: weather_prediction_pipeline.build_daily_features scheduled__2025-12-12T18:05:00+00:00 [queued]>
[2025-12-13T21:40:28.025+0000] {taskinstance.py:2612} INFO - Dependencies all met for dep_context=requeueable deps ti=<TaskInstance: weather_prediction_pipeline.build_daily_features scheduled__2025-12-12T18:05:00+00:00 [queued]>
[2025-12-13T21:40:28.027+0000] {taskinstance.py:2865} INFO - Starting attempt 6 of 8
[2025-12-13T21:40:28.082+0000] {taskinstance.py:2888} INFO - Executing <Task(PythonOperator): build_daily_features> on 2025-12-12 18:05:00+00:00
[2025-12-13T21:40:28.131+0000] {standard_task_runner.py:72} INFO - Started process 2491 to run task
[2025-12-13T21:40:28.147+0000] {standard_task_runner.py:104} INFO - Running: ['***', 'tasks', 'run', 'weather_prediction_pipeline', 'build_daily_features', 'scheduled__2025-12-12T18:05:00+00:00', '--job-id', '14', '--raw', '--subdir', 'DAGS_FOLDER/aiii_model/test_etl.py', '--cfg-path', '/tmp/tmpu8fmu1wk']
[2025-12-13T21:40:28.156+0000] {standard_task_runner.py:105} INFO - Job 14: Subtask build_daily_features
[2025-12-13T21:40:28.218+0000] {logging_mixin.py:190} WARNING - /home/***/.local/lib/python3.10/site-packages/***/settings.py:209 DeprecationWarning: The sql_alchemy_conn option in [core] has been moved to the sql_alchemy_conn option in [database] - the old setting has been used, but please update your config.
[2025-12-13T21:40:28.328+0000] {task_command.py:467} INFO - Running <TaskInstance: weather_prediction_pipeline.build_daily_features scheduled__2025-12-12T18:05:00+00:00 [running]> on host 9fe23fda45c5
[2025-12-13T21:40:28.331+0000] {logging_mixin.py:190} WARNING - /home/***/.local/lib/python3.10/site-packages/***/settings.py:470 DeprecationWarning: The sql_alchemy_conn option in [core] has been moved to the sql_alchemy_conn option in [database] - the old setting has been used, but please update your config.
[2025-12-13T21:40:28.554+0000] {taskinstance.py:3131} INFO - Exporting env vars: AIRFLOW_CTX_DAG_OWNER='ahmed_sami' AIRFLOW_CTX_DAG_ID='weather_prediction_pipeline' AIRFLOW_CTX_TASK_ID='build_daily_features' AIRFLOW_CTX_EXECUTION_DATE='2025-12-12T18:05:00+00:00' AIRFLOW_CTX_TRY_NUMBER='6' AIRFLOW_CTX_DAG_RUN_ID='scheduled__2025-12-12T18:05:00+00:00'
[2025-12-13T21:40:28.562+0000] {taskinstance.py:731} INFO - ::endgroup::
[2025-12-13T21:40:28.605+0000] {logging_mixin.py:190} INFO - ======================================================================
[2025-12-13T21:40:28.607+0000] {logging_mixin.py:190} INFO -                     DAY 2: BUILDING FEATURES
[2025-12-13T21:40:28.608+0000] {logging_mixin.py:190} INFO - ======================================================================
[2025-12-13T21:40:28.649+0000] {logging_mixin.py:190} INFO - Today: 2025-12-13 | Predicting for: 2025-12-14
[2025-12-13T21:40:28.678+0000] {base.py:84} INFO - Retrieving connection 'ml_con'
[2025-12-13T21:40:28.698+0000] {taskinstance.py:3310} ERROR - Task failed with exception
Traceback (most recent call last):
  File "/home/airflow/.local/lib/python3.10/site-packages/airflow/models/taskinstance.py", line 767, in _execute_task
    result = _execute_callable(context=context, **execute_callable_kwargs)
  File "/home/airflow/.local/lib/python3.10/site-packages/airflow/models/taskinstance.py", line 733, in _execute_callable
    return ExecutionCallableRunner(
  File "/home/airflow/.local/lib/python3.10/site-packages/airflow/utils/operator_helpers.py", line 252, in run
    return self.func(*args, **kwargs)
  File "/home/airflow/.local/lib/python3.10/site-packages/airflow/models/baseoperator.py", line 406, in wrapper
    return func(self, *args, **kwargs)
  File "/home/airflow/.local/lib/python3.10/site-packages/airflow/operators/python.py", line 238, in execute
    return_value = self.execute_callable()
  File "/home/airflow/.local/lib/python3.10/site-packages/airflow/operators/python.py", line 256, in execute_callable
    return runner.run(*self.op_args, **self.op_kwargs)
  File "/home/airflow/.local/lib/python3.10/site-packages/airflow/utils/operator_helpers.py", line 252, in run
    return self.func(*args, **kwargs)
  File "/opt/airflow/dags/aiii_model/test_etl.py", line 514, in build_daily_features
    cur.execute("""
psycopg2.errors.UndefinedTable: relation "weather_actuals" does not exist
LINE 3:                 FROM weather_actuals 
                             ^

[2025-12-13T21:40:28.750+0000] {taskinstance.py:1225} INFO - Marking task as UP_FOR_RETRY. dag_id=weather_prediction_pipeline, task_id=build_daily_features, run_id=scheduled__2025-12-12T18:05:00+00:00, execution_date=20251212T180500, start_date=20251213T214028, end_date=20251213T214028
[2025-12-13T21:40:28.797+0000] {taskinstance.py:340} INFO - ::group::Post task execution logs
[2025-12-13T21:40:28.799+0000] {standard_task_runner.py:124} ERROR - Failed to execute job 14 for task build_daily_features (relation "weather_actuals" does not exist
LINE 3:                 FROM weather_actuals 
                             ^
; 2491)
Traceback (most recent call last):
  File "/home/airflow/.local/lib/python3.10/site-packages/airflow/task/task_runner/standard_task_runner.py", line 117, in _start_by_fork
    ret = args.func(args, dag=self.dag)
  File "/home/airflow/.local/lib/python3.10/site-packages/airflow/cli/cli_config.py", line 49, in command
    return func(*args, **kwargs)
  File "/home/airflow/.local/lib/python3.10/site-packages/airflow/utils/cli.py", line 115, in wrapper
    return f(*args, **kwargs)
  File "/home/airflow/.local/lib/python3.10/site-packages/airflow/cli/commands/task_command.py", line 483, in task_run
    task_return_code = _run_task_by_selected_method(args, _dag, ti)
  File "/home/airflow/.local/lib/python3.10/site-packages/airflow/cli/commands/task_command.py", line 256, in _run_task_by_selected_method
    return _run_raw_task(args, ti)
  File "/home/airflow/.local/lib/python3.10/site-packages/airflow/cli/commands/task_command.py", line 341, in _run_raw_task
    return ti._run_raw_task(
  File "/home/airflow/.local/lib/python3.10/site-packages/airflow/utils/session.py", line 97, in wrapper
    return func(*args, session=session, **kwargs)
  File "/home/airflow/.local/lib/python3.10/site-packages/airflow/models/taskinstance.py", line 3004, in _run_raw_task
    return _run_raw_task(
  File "/home/airflow/.local/lib/python3.10/site-packages/airflow/models/taskinstance.py", line 273, in _run_raw_task
    TaskInstance._execute_task_with_callbacks(
  File "/home/airflow/.local/lib/python3.10/site-packages/airflow/models/taskinstance.py", line 3158, in _execute_task_with_callbacks
    result = self._execute_task(context, task_orig)
  File "/home/airflow/.local/lib/python3.10/site-packages/airflow/models/taskinstance.py", line 3182, in _execute_task
    return _execute_task(self, context, task_orig)
  File "/home/airflow/.local/lib/python3.10/site-packages/airflow/models/taskinstance.py", line 767, in _execute_task
    result = _execute_callable(context=context, **execute_callable_kwargs)
  File "/home/airflow/.local/lib/python3.10/site-packages/airflow/models/taskinstance.py", line 733, in _execute_callable
    return ExecutionCallableRunner(
  File "/home/airflow/.local/lib/python3.10/site-packages/airflow/utils/operator_helpers.py", line 252, in run
    return self.func(*args, **kwargs)
  File "/home/airflow/.local/lib/python3.10/site-packages/airflow/models/baseoperator.py", line 406, in wrapper
    return func(self, *args, **kwargs)
  File "/home/airflow/.local/lib/python3.10/site-packages/airflow/operators/python.py", line 238, in execute
    return_value = self.execute_callable()
  File "/home/airflow/.local/lib/python3.10/site-packages/airflow/operators/python.py", line 256, in execute_callable
    return runner.run(*self.op_args, **self.op_kwargs)
  File "/home/airflow/.local/lib/python3.10/site-packages/airflow/utils/operator_helpers.py", line 252, in run
    return self.func(*args, **kwargs)
  File "/opt/airflow/dags/aiii_model/test_etl.py", line 514, in build_daily_features
    cur.execute("""
psycopg2.errors.UndefinedTable: relation "weather_actuals" does not exist
LINE 3:                 FROM weather_actuals 
                             ^

[2025-12-13T21:40:28.850+0000] {local_task_job_runner.py:266} INFO - Task exited with return code 1
[2025-12-13T21:40:28.915+0000] {taskinstance.py:3900} INFO - 0 downstream tasks scheduled from follow-on schedule check
[2025-12-13T21:40:28.918+0000] {local_task_job_runner.py:245} INFO - ::endgroup::
[2025-12-13T21:40:29.942+0000] {local_task_job_runner.py:123} INFO - ::group::Pre task execution logs
[2025-12-13T21:40:29.991+0000] {taskinstance.py:2602} INFO - Dependencies not met for <TaskInstance: weather_prediction_pipeline.build_daily_features scheduled__2025-12-12T18:05:00+00:00 [up_for_retry]>, dependency 'Not In Retry Period' FAILED: Task is not ready for retry yet but will be retried automatically. Current date is 2025-12-13T21:40:29.991358+00:00 and task will be retried at 2025-12-13T21:45:28.749052+00:00.
[2025-12-13T21:40:29.995+0000] {local_task_job_runner.py:166} INFO - Task is not able to be run
