[2025-12-15T19:05:45.688+0000] {local_task_job_runner.py:123} INFO - ::group::Pre task execution logs
[2025-12-15T19:05:45.721+0000] {taskinstance.py:2612} INFO - Dependencies all met for dep_context=non-requeueable deps ti=<TaskInstance: weather_prediction_pipeline_v2.train_and_evaluate scheduled__2025-12-14T18:05:00+00:00 [queued]>
[2025-12-15T19:05:45.737+0000] {taskinstance.py:2612} INFO - Dependencies all met for dep_context=requeueable deps ti=<TaskInstance: weather_prediction_pipeline_v2.train_and_evaluate scheduled__2025-12-14T18:05:00+00:00 [queued]>
[2025-12-15T19:05:45.739+0000] {taskinstance.py:2865} INFO - Starting attempt 1 of 3
[2025-12-15T19:05:45.753+0000] {taskinstance.py:2888} INFO - Executing <Task(PythonOperator): train_and_evaluate> on 2025-12-14 18:05:00+00:00
[2025-12-15T19:05:45.765+0000] {standard_task_runner.py:72} INFO - Started process 12377 to run task
[2025-12-15T19:05:45.772+0000] {standard_task_runner.py:104} INFO - Running: ['***', 'tasks', 'run', 'weather_prediction_pipeline_v2', 'train_and_evaluate', 'scheduled__2025-12-14T18:05:00+00:00', '--job-id', '40', '--raw', '--subdir', 'DAGS_FOLDER/test_etl.py', '--cfg-path', '/tmp/tmpzfrhin_v']
[2025-12-15T19:05:45.777+0000] {standard_task_runner.py:105} INFO - Job 40: Subtask train_and_evaluate
[2025-12-15T19:05:45.804+0000] {logging_mixin.py:190} WARNING - /home/***/.local/lib/python3.10/site-packages/***/settings.py:209 DeprecationWarning: The sql_alchemy_conn option in [core] has been moved to the sql_alchemy_conn option in [database] - the old setting has been used, but please update your config.
[2025-12-15T19:05:45.872+0000] {task_command.py:467} INFO - Running <TaskInstance: weather_prediction_pipeline_v2.train_and_evaluate scheduled__2025-12-14T18:05:00+00:00 [running]> on host 89522446c9a4
[2025-12-15T19:05:45.875+0000] {logging_mixin.py:190} WARNING - /home/***/.local/lib/python3.10/site-packages/***/settings.py:470 DeprecationWarning: The sql_alchemy_conn option in [core] has been moved to the sql_alchemy_conn option in [database] - the old setting has been used, but please update your config.
[2025-12-15T19:05:46.024+0000] {taskinstance.py:3131} INFO - Exporting env vars: AIRFLOW_CTX_DAG_OWNER='ahmed_sami' AIRFLOW_CTX_DAG_ID='weather_prediction_pipeline_v2' AIRFLOW_CTX_TASK_ID='train_and_evaluate' AIRFLOW_CTX_EXECUTION_DATE='2025-12-14T18:05:00+00:00' AIRFLOW_CTX_TRY_NUMBER='1' AIRFLOW_CTX_DAG_RUN_ID='scheduled__2025-12-14T18:05:00+00:00'
[2025-12-15T19:05:46.026+0000] {taskinstance.py:731} INFO - ::endgroup::
[2025-12-15T19:05:46.048+0000] {logging_mixin.py:190} INFO - ======================================================================
[2025-12-15T19:05:46.049+0000] {logging_mixin.py:190} INFO -                     DAY 1: TRAINING XGBOOST MODEL
[2025-12-15T19:05:46.049+0000] {logging_mixin.py:190} INFO - ======================================================================
[2025-12-15T19:05:47.139+0000] {logging_mixin.py:190} INFO - 🎯 Total Features: 24
[2025-12-15T19:05:47.222+0000] {logging_mixin.py:190} INFO - 📊 Train: 118,179 | Test: 29,565
[2025-12-15T19:05:47.223+0000] {logging_mixin.py:190} INFO - 
🤖 Training XGBoost...
[2025-12-15T19:07:31.807+0000] {logging_mixin.py:190} INFO -    MAE:  1.000°C
[2025-12-15T19:07:31.811+0000] {logging_mixin.py:190} INFO -    RMSE: 1.403°C
[2025-12-15T19:07:31.812+0000] {logging_mixin.py:190} INFO -    R²:   0.9748
[2025-12-15T19:07:31.813+0000] {logging_mixin.py:190} INFO -    Accuracy (±2°C): 87.6%
[2025-12-15T19:07:31.814+0000] {logging_mixin.py:190} INFO - 
🎯 Top 10 Features:
[2025-12-15T19:07:31.822+0000] {logging_mixin.py:190} INFO -    temp_lag1            0.7157
[2025-12-15T19:07:31.823+0000] {logging_mixin.py:190} INFO -    temp_ma3             0.1322
[2025-12-15T19:07:31.824+0000] {logging_mixin.py:190} INFO -    max_temp_lag1        0.0945
[2025-12-15T19:07:31.825+0000] {logging_mixin.py:190} INFO -    temp_ma7             0.0210
[2025-12-15T19:07:31.827+0000] {logging_mixin.py:190} INFO -    temp_lag2            0.0113
[2025-12-15T19:07:31.828+0000] {logging_mixin.py:190} INFO -    temp_min7            0.0082
[2025-12-15T19:07:31.829+0000] {logging_mixin.py:190} INFO -    temp_change          0.0021
[2025-12-15T19:07:31.830+0000] {logging_mixin.py:190} INFO -    min_temp_lag1        0.0017
[2025-12-15T19:07:31.830+0000] {logging_mixin.py:190} INFO -    min_temp_ma7         0.0016
[2025-12-15T19:07:31.831+0000] {logging_mixin.py:190} INFO -    temp_max7            0.0014
[2025-12-15T19:07:31.886+0000] {crypto.py:82} WARNING - empty cryptography key - values will not be stored encrypted.
[2025-12-15T19:07:31.896+0000] {logging_mixin.py:190} INFO - 
🏆 Model: XGBoost
[2025-12-15T19:07:31.897+0000] {logging_mixin.py:190} INFO - 💾 Model saved: /opt/***/models/xgboost_model_20251215_190731.pkl
[2025-12-15T19:07:31.899+0000] {logging_mixin.py:190} INFO - ======================================================================
[2025-12-15T19:07:31.913+0000] {python.py:240} INFO - Done. Returned value was: None
[2025-12-15T19:07:31.948+0000] {taskinstance.py:340} INFO - ::group::Post task execution logs
[2025-12-15T19:07:31.951+0000] {taskinstance.py:352} INFO - Marking task as SUCCESS. dag_id=weather_prediction_pipeline_v2, task_id=train_and_evaluate, run_id=scheduled__2025-12-14T18:05:00+00:00, execution_date=20251214T180500, start_date=20251215T190545, end_date=20251215T190731
[2025-12-15T19:07:32.036+0000] {local_task_job_runner.py:266} INFO - Task exited with return code 0
[2025-12-15T19:07:32.106+0000] {taskinstance.py:3900} INFO - 1 downstream tasks scheduled from follow-on schedule check
[2025-12-15T19:07:32.109+0000] {local_task_job_runner.py:245} INFO - ::endgroup::
[2025-12-15T22:30:06.383+0000] {local_task_job_runner.py:123} INFO - ::group::Pre task execution logs
[2025-12-15T22:30:06.408+0000] {taskinstance.py:2612} INFO - Dependencies all met for dep_context=non-requeueable deps ti=<TaskInstance: weather_prediction_pipeline_v2.train_and_evaluate scheduled__2025-12-14T18:05:00+00:00 [queued]>
[2025-12-15T22:30:06.417+0000] {taskinstance.py:2612} INFO - Dependencies all met for dep_context=requeueable deps ti=<TaskInstance: weather_prediction_pipeline_v2.train_and_evaluate scheduled__2025-12-14T18:05:00+00:00 [queued]>
[2025-12-15T22:30:06.418+0000] {taskinstance.py:2865} INFO - Starting attempt 1 of 3
[2025-12-15T22:30:06.431+0000] {taskinstance.py:2888} INFO - Executing <Task(PythonOperator): train_and_evaluate> on 2025-12-14 18:05:00+00:00
[2025-12-15T22:30:06.439+0000] {standard_task_runner.py:72} INFO - Started process 963 to run task
[2025-12-15T22:30:06.444+0000] {standard_task_runner.py:104} INFO - Running: ['***', 'tasks', 'run', 'weather_prediction_pipeline_v2', 'train_and_evaluate', 'scheduled__2025-12-14T18:05:00+00:00', '--job-id', '9', '--raw', '--subdir', 'DAGS_FOLDER/test_etl.py', '--cfg-path', '/tmp/tmp543obqt3']
[2025-12-15T22:30:06.448+0000] {standard_task_runner.py:105} INFO - Job 9: Subtask train_and_evaluate
[2025-12-15T22:30:06.473+0000] {logging_mixin.py:190} WARNING - /home/***/.local/lib/python3.10/site-packages/***/settings.py:209 DeprecationWarning: The sql_alchemy_conn option in [core] has been moved to the sql_alchemy_conn option in [database] - the old setting has been used, but please update your config.
[2025-12-15T22:30:06.538+0000] {task_command.py:467} INFO - Running <TaskInstance: weather_prediction_pipeline_v2.train_and_evaluate scheduled__2025-12-14T18:05:00+00:00 [running]> on host 6f17979d182d
[2025-12-15T22:30:06.540+0000] {logging_mixin.py:190} WARNING - /home/***/.local/lib/python3.10/site-packages/***/settings.py:470 DeprecationWarning: The sql_alchemy_conn option in [core] has been moved to the sql_alchemy_conn option in [database] - the old setting has been used, but please update your config.
[2025-12-15T22:30:06.658+0000] {taskinstance.py:3131} INFO - Exporting env vars: AIRFLOW_CTX_DAG_OWNER='ahmed_sami' AIRFLOW_CTX_DAG_ID='weather_prediction_pipeline_v2' AIRFLOW_CTX_TASK_ID='train_and_evaluate' AIRFLOW_CTX_EXECUTION_DATE='2025-12-14T18:05:00+00:00' AIRFLOW_CTX_TRY_NUMBER='1' AIRFLOW_CTX_DAG_RUN_ID='scheduled__2025-12-14T18:05:00+00:00'
[2025-12-15T22:30:06.660+0000] {taskinstance.py:731} INFO - ::endgroup::
[2025-12-15T22:30:06.681+0000] {logging_mixin.py:190} INFO - ======================================================================
[2025-12-15T22:30:06.682+0000] {logging_mixin.py:190} INFO -                     DAY 1: TRAINING XGBOOST MODEL
[2025-12-15T22:30:06.684+0000] {logging_mixin.py:190} INFO - ======================================================================
[2025-12-15T22:30:09.151+0000] {logging_mixin.py:190} INFO - 🎯 Total Features: 24
[2025-12-15T22:30:09.351+0000] {logging_mixin.py:190} INFO - 📊 Train: 288,882 | Test: 72,270
[2025-12-15T22:30:09.353+0000] {logging_mixin.py:190} INFO - 
🤖 Training XGBoost...
[2025-12-15T22:33:36.782+0000] {logging_mixin.py:190} INFO -    MAE:  0.924°C
[2025-12-15T22:33:36.784+0000] {logging_mixin.py:190} INFO -    RMSE: 1.303°C
[2025-12-15T22:33:36.785+0000] {logging_mixin.py:190} INFO -    R²:   0.9771
[2025-12-15T22:33:36.786+0000] {logging_mixin.py:190} INFO -    Accuracy (±2°C): 89.3%
[2025-12-15T22:33:36.787+0000] {logging_mixin.py:190} INFO - 
🎯 Top 10 Features:
[2025-12-15T22:33:36.794+0000] {logging_mixin.py:190} INFO -    temp_lag1            0.6549
[2025-12-15T22:33:36.795+0000] {logging_mixin.py:190} INFO -    temp_ma3             0.2403
[2025-12-15T22:33:36.796+0000] {logging_mixin.py:190} INFO -    temp_ma7             0.0701
[2025-12-15T22:33:36.797+0000] {logging_mixin.py:190} INFO -    max_temp_lag1        0.0180
[2025-12-15T22:33:36.798+0000] {logging_mixin.py:190} INFO -    temp_min7            0.0036
[2025-12-15T22:33:36.799+0000] {logging_mixin.py:190} INFO -    temp_change          0.0024
[2025-12-15T22:33:36.800+0000] {logging_mixin.py:190} INFO -    temp_max7            0.0014
[2025-12-15T22:33:36.801+0000] {logging_mixin.py:190} INFO -    min_temp_ma7         0.0013
[2025-12-15T22:33:36.802+0000] {logging_mixin.py:190} INFO -    min_temp_lag1        0.0010
[2025-12-15T22:33:36.803+0000] {logging_mixin.py:190} INFO -    day_of_year          0.0007
[2025-12-15T22:33:36.852+0000] {crypto.py:82} WARNING - empty cryptography key - values will not be stored encrypted.
[2025-12-15T22:33:36.860+0000] {logging_mixin.py:190} INFO - 
🏆 Model: XGBoost
[2025-12-15T22:33:36.862+0000] {logging_mixin.py:190} INFO - 💾 Model saved: /opt/***/models/xgboost_model_20251215_223336.pkl
[2025-12-15T22:33:36.863+0000] {logging_mixin.py:190} INFO - ======================================================================
[2025-12-15T22:33:36.895+0000] {python.py:240} INFO - Done. Returned value was: None
[2025-12-15T22:33:36.919+0000] {taskinstance.py:340} INFO - ::group::Post task execution logs
[2025-12-15T22:33:36.921+0000] {taskinstance.py:352} INFO - Marking task as SUCCESS. dag_id=weather_prediction_pipeline_v2, task_id=train_and_evaluate, run_id=scheduled__2025-12-14T18:05:00+00:00, execution_date=20251214T180500, start_date=20251215T223006, end_date=20251215T223336
[2025-12-15T22:33:36.974+0000] {local_task_job_runner.py:266} INFO - Task exited with return code 0
[2025-12-15T22:33:37.018+0000] {taskinstance.py:3900} INFO - 1 downstream tasks scheduled from follow-on schedule check
[2025-12-15T22:33:37.021+0000] {local_task_job_runner.py:245} INFO - ::endgroup::
