[2025-12-15T19:05:34.675+0000] {local_task_job_runner.py:123} INFO - ::group::Pre task execution logs
[2025-12-15T19:05:34.709+0000] {taskinstance.py:2612} INFO - Dependencies all met for dep_context=non-requeueable deps ti=<TaskInstance: weather_prediction_pipeline_v2.extract_csv scheduled__2025-12-14T18:05:00+00:00 [queued]>
[2025-12-15T19:05:34.723+0000] {taskinstance.py:2612} INFO - Dependencies all met for dep_context=requeueable deps ti=<TaskInstance: weather_prediction_pipeline_v2.extract_csv scheduled__2025-12-14T18:05:00+00:00 [queued]>
[2025-12-15T19:05:34.724+0000] {taskinstance.py:2865} INFO - Starting attempt 2 of 4
[2025-12-15T19:05:34.741+0000] {taskinstance.py:2888} INFO - Executing <Task(PythonOperator): extract_csv> on 2025-12-14 18:05:00+00:00
[2025-12-15T19:05:34.749+0000] {standard_task_runner.py:72} INFO - Started process 12341 to run task
[2025-12-15T19:05:34.755+0000] {standard_task_runner.py:104} INFO - Running: ['***', 'tasks', 'run', 'weather_prediction_pipeline_v2', 'extract_csv', 'scheduled__2025-12-14T18:05:00+00:00', '--job-id', '38', '--raw', '--subdir', 'DAGS_FOLDER/test_etl.py', '--cfg-path', '/tmp/tmp_hyay7yv']
[2025-12-15T19:05:34.760+0000] {standard_task_runner.py:105} INFO - Job 38: Subtask extract_csv
[2025-12-15T19:05:34.788+0000] {logging_mixin.py:190} WARNING - /home/***/.local/lib/python3.10/site-packages/***/settings.py:209 DeprecationWarning: The sql_alchemy_conn option in [core] has been moved to the sql_alchemy_conn option in [database] - the old setting has been used, but please update your config.
[2025-12-15T19:05:34.854+0000] {task_command.py:467} INFO - Running <TaskInstance: weather_prediction_pipeline_v2.extract_csv scheduled__2025-12-14T18:05:00+00:00 [running]> on host 89522446c9a4
[2025-12-15T19:05:34.856+0000] {logging_mixin.py:190} WARNING - /home/***/.local/lib/python3.10/site-packages/***/settings.py:470 DeprecationWarning: The sql_alchemy_conn option in [core] has been moved to the sql_alchemy_conn option in [database] - the old setting has been used, but please update your config.
[2025-12-15T19:05:34.982+0000] {taskinstance.py:3131} INFO - Exporting env vars: AIRFLOW_CTX_DAG_OWNER='ahmed_sami' AIRFLOW_CTX_DAG_ID='weather_prediction_pipeline_v2' AIRFLOW_CTX_TASK_ID='extract_csv' AIRFLOW_CTX_EXECUTION_DATE='2025-12-14T18:05:00+00:00' AIRFLOW_CTX_TRY_NUMBER='2' AIRFLOW_CTX_DAG_RUN_ID='scheduled__2025-12-14T18:05:00+00:00'
[2025-12-15T19:05:34.984+0000] {taskinstance.py:731} INFO - ::endgroup::
[2025-12-15T19:05:35.006+0000] {logging_mixin.py:190} INFO - ======================================================================
[2025-12-15T19:05:35.007+0000] {logging_mixin.py:190} INFO -                     DAY 1: EXTRACTING & CLEANING DATA
[2025-12-15T19:05:35.008+0000] {logging_mixin.py:190} INFO - ======================================================================
[2025-12-15T19:05:35.011+0000] {logging_mixin.py:190} INFO - 📂 Reading: /opt/***/dags/aiii_model/city_temperature.csv
[2025-12-15T19:05:35.289+0000] {logging_mixin.py:190} INFO - 📊 Initial shape: (147933, 12)
[2025-12-15T19:05:35.290+0000] {logging_mixin.py:190} INFO - 📋 Columns: ['Region', 'Country', 'State', 'City', 'Year', 'Month', 'Day', 'AvgTemperature', 'MinTemperature', 'MaxTemperature', 'Precipitation_mm', 'MaxWindSpeed_kmh']
[2025-12-15T19:05:35.294+0000] {logging_mixin.py:190} INFO - 🧹 Cleaning temperature data...
[2025-12-15T19:05:35.425+0000] {logging_mixin.py:190} INFO - 🧹 Cleaning outliers using IQR method...
[2025-12-15T19:05:36.376+0000] {logging_mixin.py:190} INFO - ✅ Cleaning complete:
[2025-12-15T19:05:36.377+0000] {logging_mixin.py:190} INFO -    ❌ Out of range: 0 (0.0%)
[2025-12-15T19:05:36.378+0000] {logging_mixin.py:190} INFO -    ❌ Outliers: 0 (0.0%)
[2025-12-15T19:05:36.380+0000] {logging_mixin.py:190} INFO -    ✅ Remaining: 147,933 (100.0%)
[2025-12-15T19:05:36.380+0000] {logging_mixin.py:190} INFO - 💾 Saved to: /opt/***/dags/aiii_model/clean_data.csv
[2025-12-15T19:05:36.381+0000] {logging_mixin.py:190} INFO - ======================================================================
[2025-12-15T19:05:36.387+0000] {python.py:240} INFO - Done. Returned value was: None
[2025-12-15T19:05:36.404+0000] {taskinstance.py:340} INFO - ::group::Post task execution logs
[2025-12-15T19:05:36.405+0000] {taskinstance.py:352} INFO - Marking task as SUCCESS. dag_id=weather_prediction_pipeline_v2, task_id=extract_csv, run_id=scheduled__2025-12-14T18:05:00+00:00, execution_date=20251214T180500, start_date=20251215T190534, end_date=20251215T190536
[2025-12-15T19:05:36.455+0000] {local_task_job_runner.py:266} INFO - Task exited with return code 0
[2025-12-15T19:05:36.492+0000] {taskinstance.py:3900} INFO - 1 downstream tasks scheduled from follow-on schedule check
[2025-12-15T19:05:36.495+0000] {local_task_job_runner.py:245} INFO - ::endgroup::
[2025-12-15T22:27:32.753+0000] {local_task_job_runner.py:123} INFO - ::group::Pre task execution logs
[2025-12-15T22:27:32.800+0000] {taskinstance.py:2612} INFO - Dependencies all met for dep_context=non-requeueable deps ti=<TaskInstance: weather_prediction_pipeline_v2.extract_csv scheduled__2025-12-14T18:05:00+00:00 [queued]>
[2025-12-15T22:27:32.817+0000] {taskinstance.py:2612} INFO - Dependencies all met for dep_context=requeueable deps ti=<TaskInstance: weather_prediction_pipeline_v2.extract_csv scheduled__2025-12-14T18:05:00+00:00 [queued]>
[2025-12-15T22:27:32.819+0000] {taskinstance.py:2865} INFO - Starting attempt 2 of 3
[2025-12-15T22:27:32.838+0000] {taskinstance.py:2888} INFO - Executing <Task(PythonOperator): extract_csv> on 2025-12-14 18:05:00+00:00
[2025-12-15T22:27:32.849+0000] {standard_task_runner.py:72} INFO - Started process 762 to run task
[2025-12-15T22:27:32.856+0000] {standard_task_runner.py:104} INFO - Running: ['***', 'tasks', 'run', 'weather_prediction_pipeline_v2', 'extract_csv', 'scheduled__2025-12-14T18:05:00+00:00', '--job-id', '6', '--raw', '--subdir', 'DAGS_FOLDER/test_etl.py', '--cfg-path', '/tmp/tmpbm3jj1e4']
[2025-12-15T22:27:32.862+0000] {standard_task_runner.py:105} INFO - Job 6: Subtask extract_csv
[2025-12-15T22:27:32.895+0000] {logging_mixin.py:190} WARNING - /home/***/.local/lib/python3.10/site-packages/***/settings.py:209 DeprecationWarning: The sql_alchemy_conn option in [core] has been moved to the sql_alchemy_conn option in [database] - the old setting has been used, but please update your config.
[2025-12-15T22:27:32.965+0000] {task_command.py:467} INFO - Running <TaskInstance: weather_prediction_pipeline_v2.extract_csv scheduled__2025-12-14T18:05:00+00:00 [running]> on host 6f17979d182d
[2025-12-15T22:27:32.967+0000] {logging_mixin.py:190} WARNING - /home/***/.local/lib/python3.10/site-packages/***/settings.py:470 DeprecationWarning: The sql_alchemy_conn option in [core] has been moved to the sql_alchemy_conn option in [database] - the old setting has been used, but please update your config.
[2025-12-15T22:27:33.078+0000] {taskinstance.py:3131} INFO - Exporting env vars: AIRFLOW_CTX_DAG_OWNER='ahmed_sami' AIRFLOW_CTX_DAG_ID='weather_prediction_pipeline_v2' AIRFLOW_CTX_TASK_ID='extract_csv' AIRFLOW_CTX_EXECUTION_DATE='2025-12-14T18:05:00+00:00' AIRFLOW_CTX_TRY_NUMBER='2' AIRFLOW_CTX_DAG_RUN_ID='scheduled__2025-12-14T18:05:00+00:00'
[2025-12-15T22:27:33.082+0000] {taskinstance.py:731} INFO - ::endgroup::
[2025-12-15T22:27:33.104+0000] {logging_mixin.py:190} INFO - ======================================================================
[2025-12-15T22:27:33.105+0000] {logging_mixin.py:190} INFO -                     DAY 1: EXTRACTING & CLEANING DATA
[2025-12-15T22:27:33.106+0000] {logging_mixin.py:190} INFO - ======================================================================
[2025-12-15T22:27:33.108+0000] {taskinstance.py:3310} ERROR - Task failed with exception
Traceback (most recent call last):
  File "/home/airflow/.local/lib/python3.10/site-packages/airflow/models/taskinstance.py", line 767, in _execute_task
    result = _execute_callable(context=context, **execute_callable_kwargs)
  File "/home/airflow/.local/lib/python3.10/site-packages/airflow/models/taskinstance.py", line 733, in _execute_callable
    return ExecutionCallableRunner(
  File "/home/airflow/.local/lib/python3.10/site-packages/airflow/utils/operator_helpers.py", line 252, in run
    return self.func(*args, **kwargs)
  File "/home/airflow/.local/lib/python3.10/site-packages/airflow/models/baseoperator.py", line 406, in wrapper
    return func(self, *args, **kwargs)
  File "/home/airflow/.local/lib/python3.10/site-packages/airflow/operators/python.py", line 238, in execute
    return_value = self.execute_callable()
  File "/home/airflow/.local/lib/python3.10/site-packages/airflow/operators/python.py", line 256, in execute_callable
    return runner.run(*self.op_args, **self.op_kwargs)
  File "/home/airflow/.local/lib/python3.10/site-packages/airflow/utils/operator_helpers.py", line 252, in run
    return self.func(*args, **kwargs)
  File "/opt/airflow/dags/test_etl.py", line 1255, in extract_csv
    raise FileNotFoundError(f"❌ Raw CSV not found: {RAW_CSV}")
FileNotFoundError: ❌ Raw CSV not found: /opt/***/dags/aiii_model/city_temperature_new.csv
[2025-12-15T22:27:33.136+0000] {taskinstance.py:1225} INFO - Marking task as UP_FOR_RETRY. dag_id=weather_prediction_pipeline_v2, task_id=extract_csv, run_id=scheduled__2025-12-14T18:05:00+00:00, execution_date=20251214T180500, start_date=20251215T222732, end_date=20251215T222733
[2025-12-15T22:27:33.155+0000] {taskinstance.py:340} INFO - ::group::Post task execution logs
[2025-12-15T22:27:33.157+0000] {standard_task_runner.py:124} ERROR - Failed to execute job 6 for task extract_csv (❌ Raw CSV not found: /opt/***/dags/aiii_model/city_temperature_new.csv; 762)
Traceback (most recent call last):
  File "/home/airflow/.local/lib/python3.10/site-packages/airflow/task/task_runner/standard_task_runner.py", line 117, in _start_by_fork
    ret = args.func(args, dag=self.dag)
  File "/home/airflow/.local/lib/python3.10/site-packages/airflow/cli/cli_config.py", line 49, in command
    return func(*args, **kwargs)
  File "/home/airflow/.local/lib/python3.10/site-packages/airflow/utils/cli.py", line 115, in wrapper
    return f(*args, **kwargs)
  File "/home/airflow/.local/lib/python3.10/site-packages/airflow/cli/commands/task_command.py", line 483, in task_run
    task_return_code = _run_task_by_selected_method(args, _dag, ti)
  File "/home/airflow/.local/lib/python3.10/site-packages/airflow/cli/commands/task_command.py", line 256, in _run_task_by_selected_method
    return _run_raw_task(args, ti)
  File "/home/airflow/.local/lib/python3.10/site-packages/airflow/cli/commands/task_command.py", line 341, in _run_raw_task
    return ti._run_raw_task(
  File "/home/airflow/.local/lib/python3.10/site-packages/airflow/utils/session.py", line 97, in wrapper
    return func(*args, session=session, **kwargs)
  File "/home/airflow/.local/lib/python3.10/site-packages/airflow/models/taskinstance.py", line 3004, in _run_raw_task
    return _run_raw_task(
  File "/home/airflow/.local/lib/python3.10/site-packages/airflow/models/taskinstance.py", line 273, in _run_raw_task
    TaskInstance._execute_task_with_callbacks(
  File "/home/airflow/.local/lib/python3.10/site-packages/airflow/models/taskinstance.py", line 3158, in _execute_task_with_callbacks
    result = self._execute_task(context, task_orig)
  File "/home/airflow/.local/lib/python3.10/site-packages/airflow/models/taskinstance.py", line 3182, in _execute_task
    return _execute_task(self, context, task_orig)
  File "/home/airflow/.local/lib/python3.10/site-packages/airflow/models/taskinstance.py", line 767, in _execute_task
    result = _execute_callable(context=context, **execute_callable_kwargs)
  File "/home/airflow/.local/lib/python3.10/site-packages/airflow/models/taskinstance.py", line 733, in _execute_callable
    return ExecutionCallableRunner(
  File "/home/airflow/.local/lib/python3.10/site-packages/airflow/utils/operator_helpers.py", line 252, in run
    return self.func(*args, **kwargs)
  File "/home/airflow/.local/lib/python3.10/site-packages/airflow/models/baseoperator.py", line 406, in wrapper
    return func(self, *args, **kwargs)
  File "/home/airflow/.local/lib/python3.10/site-packages/airflow/operators/python.py", line 238, in execute
    return_value = self.execute_callable()
  File "/home/airflow/.local/lib/python3.10/site-packages/airflow/operators/python.py", line 256, in execute_callable
    return runner.run(*self.op_args, **self.op_kwargs)
  File "/home/airflow/.local/lib/python3.10/site-packages/airflow/utils/operator_helpers.py", line 252, in run
    return self.func(*args, **kwargs)
  File "/opt/airflow/dags/test_etl.py", line 1255, in extract_csv
    raise FileNotFoundError(f"❌ Raw CSV not found: {RAW_CSV}")
FileNotFoundError: ❌ Raw CSV not found: /opt/***/dags/aiii_model/city_temperature_new.csv
[2025-12-15T22:27:33.191+0000] {local_task_job_runner.py:266} INFO - Task exited with return code 1
[2025-12-15T22:27:33.225+0000] {taskinstance.py:3900} INFO - 0 downstream tasks scheduled from follow-on schedule check
[2025-12-15T22:27:33.229+0000] {local_task_job_runner.py:245} INFO - ::endgroup::
