[2025-12-16T00:31:15.481+0000] {local_task_job_runner.py:123} INFO - ::group::Pre task execution logs
[2025-12-16T00:31:15.519+0000] {taskinstance.py:2612} INFO - Dependencies all met for dep_context=non-requeueable deps ti=<TaskInstance: weather_prediction_pipeline_v2.store_daily_predictions manual__2025-12-16T00:25:05.299007+00:00 [queued]>
[2025-12-16T00:31:15.532+0000] {taskinstance.py:2612} INFO - Dependencies all met for dep_context=requeueable deps ti=<TaskInstance: weather_prediction_pipeline_v2.store_daily_predictions manual__2025-12-16T00:25:05.299007+00:00 [queued]>
[2025-12-16T00:31:15.534+0000] {taskinstance.py:2865} INFO - Starting attempt 1 of 3
[2025-12-16T00:31:15.555+0000] {taskinstance.py:2888} INFO - Executing <Task(PythonOperator): store_daily_predictions> on 2025-12-16 00:25:05.299007+00:00
[2025-12-16T00:31:15.567+0000] {standard_task_runner.py:72} INFO - Started process 1502 to run task
[2025-12-16T00:31:15.573+0000] {standard_task_runner.py:104} INFO - Running: ['***', 'tasks', 'run', 'weather_prediction_pipeline_v2', 'store_daily_predictions', 'manual__2025-12-16T00:25:05.299007+00:00', '--job-id', '58', '--raw', '--subdir', 'DAGS_FOLDER/test_etl.py', '--cfg-path', '/tmp/tmp0q9bnb12']
[2025-12-16T00:31:15.579+0000] {standard_task_runner.py:105} INFO - Job 58: Subtask store_daily_predictions
[2025-12-16T00:31:15.610+0000] {logging_mixin.py:190} WARNING - /home/***/.local/lib/python3.10/site-packages/***/settings.py:209 DeprecationWarning: The sql_alchemy_conn option in [core] has been moved to the sql_alchemy_conn option in [database] - the old setting has been used, but please update your config.
[2025-12-16T00:31:15.705+0000] {task_command.py:467} INFO - Running <TaskInstance: weather_prediction_pipeline_v2.store_daily_predictions manual__2025-12-16T00:25:05.299007+00:00 [running]> on host a31b9bcf920a
[2025-12-16T00:31:15.939+0000] {taskinstance.py:3131} INFO - Exporting env vars: AIRFLOW_CTX_DAG_OWNER='ahmed_sami' AIRFLOW_CTX_DAG_ID='weather_prediction_pipeline_v2' AIRFLOW_CTX_TASK_ID='store_daily_predictions' AIRFLOW_CTX_EXECUTION_DATE='2025-12-16T00:25:05.299007+00:00' AIRFLOW_CTX_TRY_NUMBER='1' AIRFLOW_CTX_DAG_RUN_ID='manual__2025-12-16T00:25:05.299007+00:00'
[2025-12-16T00:31:15.942+0000] {taskinstance.py:731} INFO - ::endgroup::
[2025-12-16T00:31:15.987+0000] {logging_mixin.py:190} INFO - ======================================================================
[2025-12-16T00:31:15.988+0000] {logging_mixin.py:190} INFO -                     DAY 2: STORING PREDICTIONS (BULK MODE)
[2025-12-16T00:31:15.990+0000] {logging_mixin.py:190} INFO - ======================================================================
[2025-12-16T00:31:16.032+0000] {logging_mixin.py:190} INFO - 💾 Storing 64 predictions using Bulk Insert...
[2025-12-16T00:31:16.033+0000] {logging_mixin.py:190} INFO - 📅 Target date: 2025-12-17
[2025-12-16T00:31:16.059+0000] {base.py:84} INFO - Retrieving connection 'ml_con'
[2025-12-16T00:31:16.061+0000] {logging_mixin.py:190} INFO - 🔌 Connecting to database: postgres:5432
[2025-12-16T00:31:16.063+0000] {logging_mixin.py:190} INFO -    Database: ***
[2025-12-16T00:31:16.064+0000] {logging_mixin.py:190} INFO -    User: ***
[2025-12-16T00:31:16.066+0000] {logging_mixin.py:190} INFO -    Timeout: 10 seconds
[2025-12-16T00:31:16.067+0000] {logging_mixin.py:190} INFO - 🔌 Establishing connection...
[2025-12-16T00:31:16.081+0000] {logging_mixin.py:190} INFO - ✅ Connection established!
[2025-12-16T00:31:16.083+0000] {logging_mixin.py:190} INFO - ✅ Statement timeout set to 30s
[2025-12-16T00:31:16.085+0000] {logging_mixin.py:190} INFO - 📋 Creating/verifying table structure...
[2025-12-16T00:31:16.087+0000] {logging_mixin.py:190} INFO - ✅ Table structure verified
[2025-12-16T00:31:16.089+0000] {logging_mixin.py:190} INFO - 🔧 Ensuring all columns exist...
[2025-12-16T00:31:16.092+0000] {logging_mixin.py:190} INFO - ✅ Columns verified
[2025-12-16T00:31:16.094+0000] {logging_mixin.py:190} INFO - 📦 Preparing data for bulk insert...
[2025-12-16T00:31:16.096+0000] {logging_mixin.py:190} INFO - ✅ Prepared 64 records
[2025-12-16T00:31:16.098+0000] {logging_mixin.py:190} INFO - 🚀 Executing bulk insert...
[2025-12-16T00:31:16.112+0000] {logging_mixin.py:190} INFO - ✅ Bulk insert completed
[2025-12-16T00:31:16.114+0000] {logging_mixin.py:190} INFO - 💾 Committing transaction...
[2025-12-16T00:31:16.117+0000] {logging_mixin.py:190} INFO - ✅ Transaction committed successfully!
[2025-12-16T00:31:16.119+0000] {logging_mixin.py:190} INFO - 🔍 Verifying insertion...
[2025-12-16T00:31:16.122+0000] {logging_mixin.py:190} INFO - ✅ Verified: 64 predictions stored for 2025-12-17
[2025-12-16T00:31:16.124+0000] {logging_mixin.py:190} INFO - 🔌 Connection closed
[2025-12-16T00:31:16.125+0000] {logging_mixin.py:190} INFO - ======================================================================
[2025-12-16T00:31:16.127+0000] {logging_mixin.py:190} INFO - ✅ store_daily_predictions COMPLETED SUCCESSFULLY
[2025-12-16T00:31:16.129+0000] {logging_mixin.py:190} INFO - ======================================================================
[2025-12-16T00:31:16.131+0000] {python.py:240} INFO - Done. Returned value was: None
[2025-12-16T00:31:16.159+0000] {taskinstance.py:340} INFO - ::group::Post task execution logs
[2025-12-16T00:31:16.162+0000] {taskinstance.py:352} INFO - Marking task as SUCCESS. dag_id=weather_prediction_pipeline_v2, task_id=store_daily_predictions, run_id=manual__2025-12-16T00:25:05.299007+00:00, execution_date=20251216T002505, start_date=20251216T003115, end_date=20251216T003116
[2025-12-16T00:31:16.232+0000] {local_task_job_runner.py:266} INFO - Task exited with return code 0
[2025-12-16T00:31:16.282+0000] {taskinstance.py:3900} INFO - 0 downstream tasks scheduled from follow-on schedule check
[2025-12-16T00:31:16.287+0000] {local_task_job_runner.py:245} INFO - ::endgroup::
