[2025-12-16T10:22:45.708+0000] {local_task_job_runner.py:123} INFO - ::group::Pre task execution logs
[2025-12-16T10:22:45.735+0000] {taskinstance.py:2612} INFO - Dependencies all met for dep_context=non-requeueable deps ti=<TaskInstance: weather_prediction_pipeline_v2.store_daily_predictions manual__2025-12-16T00:25:05.299007+00:00 [queued]>
[2025-12-16T10:22:45.745+0000] {taskinstance.py:2612} INFO - Dependencies all met for dep_context=requeueable deps ti=<TaskInstance: weather_prediction_pipeline_v2.store_daily_predictions manual__2025-12-16T00:25:05.299007+00:00 [queued]>
[2025-12-16T10:22:45.747+0000] {taskinstance.py:2865} INFO - Starting attempt 2 of 4
[2025-12-16T10:22:45.769+0000] {taskinstance.py:2888} INFO - Executing <Task(PythonOperator): store_daily_predictions> on 2025-12-16 00:25:05.299007+00:00
[2025-12-16T10:22:45.789+0000] {standard_task_runner.py:72} INFO - Started process 314 to run task
[2025-12-16T10:22:45.799+0000] {standard_task_runner.py:104} INFO - Running: ['***', 'tasks', 'run', 'weather_prediction_pipeline_v2', 'store_daily_predictions', 'manual__2025-12-16T00:25:05.299007+00:00', '--job-id', '71', '--raw', '--subdir', 'DAGS_FOLDER/test_etl.py', '--cfg-path', '/tmp/tmpx4qmru7n']
[2025-12-16T10:22:45.804+0000] {standard_task_runner.py:105} INFO - Job 71: Subtask store_daily_predictions
[2025-12-16T10:22:45.849+0000] {logging_mixin.py:190} WARNING - /home/***/.local/lib/python3.10/site-packages/***/settings.py:209 DeprecationWarning: The sql_alchemy_conn option in [core] has been moved to the sql_alchemy_conn option in [database] - the old setting has been used, but please update your config.
[2025-12-16T10:22:45.917+0000] {task_command.py:467} INFO - Running <TaskInstance: weather_prediction_pipeline_v2.store_daily_predictions manual__2025-12-16T00:25:05.299007+00:00 [running]> on host 15d037495a80
[2025-12-16T10:22:46.039+0000] {taskinstance.py:3131} INFO - Exporting env vars: AIRFLOW_CTX_DAG_OWNER='ahmed_sami' AIRFLOW_CTX_DAG_ID='weather_prediction_pipeline_v2' AIRFLOW_CTX_TASK_ID='store_daily_predictions' AIRFLOW_CTX_EXECUTION_DATE='2025-12-16T00:25:05.299007+00:00' AIRFLOW_CTX_TRY_NUMBER='2' AIRFLOW_CTX_DAG_RUN_ID='manual__2025-12-16T00:25:05.299007+00:00'
[2025-12-16T10:22:46.042+0000] {taskinstance.py:731} INFO - ::endgroup::
[2025-12-16T10:22:46.063+0000] {logging_mixin.py:190} INFO - ======================================================================
[2025-12-16T10:22:46.064+0000] {logging_mixin.py:190} INFO -                     DAY 2: STORING PREDICTIONS (OPTIMIZED)
[2025-12-16T10:22:46.065+0000] {logging_mixin.py:190} INFO - ======================================================================
[2025-12-16T10:22:46.091+0000] {logging_mixin.py:190} INFO - 💾 Storing 64 predictions...
[2025-12-16T10:22:46.092+0000] {logging_mixin.py:190} INFO - 📅 Target date: 2025-12-17
[2025-12-16T10:22:46.107+0000] {base.py:84} INFO - Retrieving connection 'ml_con'
[2025-12-16T10:22:46.108+0000] {logging_mixin.py:190} INFO - 🔌 Connecting...
[2025-12-16T10:22:46.117+0000] {logging_mixin.py:190} INFO - ✅ Connected!
[2025-12-16T10:22:46.119+0000] {logging_mixin.py:190} INFO - 📋 Ensuring table exists...
[2025-12-16T10:22:46.121+0000] {logging_mixin.py:190} INFO - ✅ Table ready
[2025-12-16T10:22:46.122+0000] {logging_mixin.py:190} INFO - 📦 Preparing data...
[2025-12-16T10:22:46.124+0000] {logging_mixin.py:190} INFO - 🚀 Inserting...
[2025-12-16T10:22:46.135+0000] {logging_mixin.py:190} INFO - ✅ Stored 64 predictions successfully!
[2025-12-16T10:22:46.137+0000] {logging_mixin.py:190} INFO - ======================================================================
[2025-12-16T10:22:46.138+0000] {python.py:240} INFO - Done. Returned value was: None
[2025-12-16T10:22:46.155+0000] {taskinstance.py:340} INFO - ::group::Post task execution logs
[2025-12-16T10:22:46.157+0000] {taskinstance.py:352} INFO - Marking task as SUCCESS. dag_id=weather_prediction_pipeline_v2, task_id=store_daily_predictions, run_id=manual__2025-12-16T00:25:05.299007+00:00, execution_date=20251216T002505, start_date=20251216T102245, end_date=20251216T102246
[2025-12-16T10:22:46.185+0000] {local_task_job_runner.py:266} INFO - Task exited with return code 0
[2025-12-16T10:22:46.203+0000] {local_task_job_runner.py:245} INFO - ::endgroup::
