[2025-12-15T21:58:23.964+0000] {local_task_job_runner.py:123} INFO - ::group::Pre task execution logs
[2025-12-15T21:58:23.990+0000] {taskinstance.py:2612} INFO - Dependencies all met for dep_context=non-requeueable deps ti=<TaskInstance: weather_prediction_pipeline_v2.weather_api manual__2025-12-15T21:58:14.574278+00:00 [queued]>
[2025-12-15T21:58:24.000+0000] {taskinstance.py:2612} INFO - Dependencies all met for dep_context=requeueable deps ti=<TaskInstance: weather_prediction_pipeline_v2.weather_api manual__2025-12-15T21:58:14.574278+00:00 [queued]>
[2025-12-15T21:58:24.002+0000] {taskinstance.py:2865} INFO - Starting attempt 1 of 3
[2025-12-15T21:58:24.018+0000] {taskinstance.py:2888} INFO - Executing <Task(PythonOperator): weather_api> on 2025-12-15 21:58:14.574278+00:00
[2025-12-15T21:58:24.026+0000] {standard_task_runner.py:72} INFO - Started process 447 to run task
[2025-12-15T21:58:24.032+0000] {standard_task_runner.py:104} INFO - Running: ['***', 'tasks', 'run', 'weather_prediction_pipeline_v2', 'weather_api', 'manual__2025-12-15T21:58:14.574278+00:00', '--job-id', '112', '--raw', '--subdir', 'DAGS_FOLDER/test_etl.py', '--cfg-path', '/tmp/tmpym6llryy']
[2025-12-15T21:58:24.036+0000] {standard_task_runner.py:105} INFO - Job 112: Subtask weather_api
[2025-12-15T21:58:24.062+0000] {logging_mixin.py:190} WARNING - /home/***/.local/lib/python3.10/site-packages/***/settings.py:209 DeprecationWarning: The sql_alchemy_conn option in [core] has been moved to the sql_alchemy_conn option in [database] - the old setting has been used, but please update your config.
[2025-12-15T21:58:24.121+0000] {task_command.py:467} INFO - Running <TaskInstance: weather_prediction_pipeline_v2.weather_api manual__2025-12-15T21:58:14.574278+00:00 [running]> on host b89d32282382
[2025-12-15T21:58:24.249+0000] {taskinstance.py:3131} INFO - Exporting env vars: AIRFLOW_CTX_DAG_OWNER='ahmed_sami' AIRFLOW_CTX_DAG_ID='weather_prediction_pipeline_v2' AIRFLOW_CTX_TASK_ID='weather_api' AIRFLOW_CTX_EXECUTION_DATE='2025-12-15T21:58:14.574278+00:00' AIRFLOW_CTX_TRY_NUMBER='1' AIRFLOW_CTX_DAG_RUN_ID='manual__2025-12-15T21:58:14.574278+00:00'
[2025-12-15T21:58:24.251+0000] {taskinstance.py:731} INFO - ::endgroup::
[2025-12-15T21:58:24.271+0000] {logging_mixin.py:190} INFO - ======================================================================
[2025-12-15T21:58:24.273+0000] {logging_mixin.py:190} INFO -                     DAY 2: FETCHING WEATHER DATA
[2025-12-15T21:58:24.274+0000] {logging_mixin.py:190} INFO - ======================================================================
[2025-12-15T21:58:24.519+0000] {logging_mixin.py:190} INFO - 📍 Cities: 27 | Workers: 10
[2025-12-15T21:58:24.673+0000] {logging_mixin.py:190} INFO - ✓ Adana: 9.0°C
[2025-12-15T21:58:24.677+0000] {logging_mixin.py:190} INFO - ✓ Alexandria: 17.0°C
[2025-12-15T21:58:24.681+0000] {logging_mixin.py:190} INFO - ✓ Cairo: 15.4°C
[2025-12-15T21:58:24.682+0000] {logging_mixin.py:190} INFO - ✓ Aswan: 16.6°C
[2025-12-15T21:58:24.688+0000] {logging_mixin.py:190} INFO - ✓ Ankara: 0.5°C
[2025-12-15T21:58:24.689+0000] {logging_mixin.py:190} INFO - ✓ Haifa: 12.9°C
[2025-12-15T21:58:24.695+0000] {logging_mixin.py:190} INFO - ✓ East Jerusalem: 10.6°C
[2025-12-15T21:58:24.811+0000] {logging_mixin.py:190} INFO - ✓ Isfahan: 2.8°C
[2025-12-15T21:58:24.817+0000] {logging_mixin.py:190} INFO - ✓ Hurghada: 17.0°C
[2025-12-15T21:58:24.820+0000] {logging_mixin.py:190} INFO - ✓ Ismailia: 13.2°C
[2025-12-15T21:58:24.824+0000] {logging_mixin.py:190} INFO - ✓ Istanbul: 5.1°C
[2025-12-15T21:58:24.831+0000] {logging_mixin.py:190} INFO - ✓ Jerusalem: 10.4°C
[2025-12-15T21:58:24.835+0000] {logging_mixin.py:190} INFO - ✓ Konya: 0.7°C
[2025-12-15T21:58:24.846+0000] {logging_mixin.py:190} INFO - ✓ Izmir: 7.4°C
[2025-12-15T21:58:24.957+0000] {logging_mixin.py:190} INFO - ✓ Mashhad: 3.1°C
[2025-12-15T21:58:24.960+0000] {logging_mixin.py:190} INFO - ✓ Port Said: 15.0°C
[2025-12-15T21:58:24.964+0000] {logging_mixin.py:190} INFO - ✓ Qom: 7.5°C
[2025-12-15T21:58:24.966+0000] {logging_mixin.py:190} INFO - ✓ Sharm El Sheikh: 19.1°C
[2025-12-15T21:58:24.966+0000] {logging_mixin.py:190} INFO - ✓ Luxor: 18.0°C
[2025-12-15T21:58:24.973+0000] {logging_mixin.py:190} INFO - ✓ Shiraz: 4.7°C
[2025-12-15T21:58:24.984+0000] {logging_mixin.py:190} INFO - ✓ Suez: 15.1°C
[2025-12-15T21:58:25.086+0000] {logging_mixin.py:190} INFO - ✓ Tehran: 6.5°C
[2025-12-15T21:58:25.097+0000] {logging_mixin.py:190} INFO - ✓ Tabriz: 0.7°C
[2025-12-15T21:58:25.101+0000] {logging_mixin.py:190} INFO - ✓ Tel Aviv: 14.1°C
[2025-12-15T21:58:25.685+0000] {logging_mixin.py:190} INFO - ✓ Giza: 15.4°C
[2025-12-15T21:58:25.687+0000] {logging_mixin.py:190} INFO - ✓ Gaziantep: 3.0°C
[2025-12-15T21:58:25.691+0000] {logging_mixin.py:190} INFO - ✓ Antalya: 11.3°C
[2025-12-15T21:58:25.694+0000] {logging_mixin.py:190} INFO - 
✅ Success: 27/27 (100.0%)
[2025-12-15T21:58:25.696+0000] {logging_mixin.py:190} INFO - ❌ Failed: 0/27
[2025-12-15T21:58:25.697+0000] {logging_mixin.py:190} INFO - ======================================================================
[2025-12-15T21:58:25.720+0000] {python.py:240} INFO - Done. Returned value was: None
[2025-12-15T21:58:25.739+0000] {taskinstance.py:340} INFO - ::group::Post task execution logs
[2025-12-15T21:58:25.741+0000] {taskinstance.py:352} INFO - Marking task as SUCCESS. dag_id=weather_prediction_pipeline_v2, task_id=weather_api, run_id=manual__2025-12-15T21:58:14.574278+00:00, execution_date=20251215T215814, start_date=20251215T215823, end_date=20251215T215825
[2025-12-15T21:58:25.774+0000] {local_task_job_runner.py:266} INFO - Task exited with return code 0
[2025-12-15T21:58:25.823+0000] {taskinstance.py:3900} INFO - 1 downstream tasks scheduled from follow-on schedule check
[2025-12-15T21:58:25.826+0000] {local_task_job_runner.py:245} INFO - ::endgroup::
