[2025-12-15T19:07:45.036+0000] {local_task_job_runner.py:123} INFO - ::group::Pre task execution logs
[2025-12-15T19:07:45.083+0000] {taskinstance.py:2612} INFO - Dependencies all met for dep_context=non-requeueable deps ti=<TaskInstance: weather_prediction_pipeline_v2.mark_day_one_done scheduled__2025-12-14T18:05:00+00:00 [queued]>
[2025-12-15T19:07:45.099+0000] {taskinstance.py:2612} INFO - Dependencies all met for dep_context=requeueable deps ti=<TaskInstance: weather_prediction_pipeline_v2.mark_day_one_done scheduled__2025-12-14T18:05:00+00:00 [queued]>
[2025-12-15T19:07:45.100+0000] {taskinstance.py:2865} INFO - Starting attempt 1 of 3
[2025-12-15T19:07:45.122+0000] {taskinstance.py:2888} INFO - Executing <Task(PythonOperator): mark_day_one_done> on 2025-12-14 18:05:00+00:00
[2025-12-15T19:07:45.131+0000] {standard_task_runner.py:72} INFO - Started process 12503 to run task
[2025-12-15T19:07:45.137+0000] {standard_task_runner.py:104} INFO - Running: ['***', 'tasks', 'run', 'weather_prediction_pipeline_v2', 'mark_day_one_done', 'scheduled__2025-12-14T18:05:00+00:00', '--job-id', '42', '--raw', '--subdir', 'DAGS_FOLDER/test_etl.py', '--cfg-path', '/tmp/tmp99jah9s4']
[2025-12-15T19:07:45.142+0000] {standard_task_runner.py:105} INFO - Job 42: Subtask mark_day_one_done
[2025-12-15T19:07:45.168+0000] {logging_mixin.py:190} WARNING - /home/***/.local/lib/python3.10/site-packages/***/settings.py:209 DeprecationWarning: The sql_alchemy_conn option in [core] has been moved to the sql_alchemy_conn option in [database] - the old setting has been used, but please update your config.
[2025-12-15T19:07:45.239+0000] {task_command.py:467} INFO - Running <TaskInstance: weather_prediction_pipeline_v2.mark_day_one_done scheduled__2025-12-14T18:05:00+00:00 [running]> on host 89522446c9a4
[2025-12-15T19:07:45.242+0000] {logging_mixin.py:190} WARNING - /home/***/.local/lib/python3.10/site-packages/***/settings.py:470 DeprecationWarning: The sql_alchemy_conn option in [core] has been moved to the sql_alchemy_conn option in [database] - the old setting has been used, but please update your config.
[2025-12-15T19:07:45.374+0000] {taskinstance.py:3131} INFO - Exporting env vars: AIRFLOW_CTX_DAG_OWNER='ahmed_sami' AIRFLOW_CTX_DAG_ID='weather_prediction_pipeline_v2' AIRFLOW_CTX_TASK_ID='mark_day_one_done' AIRFLOW_CTX_EXECUTION_DATE='2025-12-14T18:05:00+00:00' AIRFLOW_CTX_TRY_NUMBER='1' AIRFLOW_CTX_DAG_RUN_ID='scheduled__2025-12-14T18:05:00+00:00'
[2025-12-15T19:07:45.376+0000] {taskinstance.py:731} INFO - ::endgroup::
[2025-12-15T19:07:45.401+0000] {logging_mixin.py:190} INFO - ======================================================================
[2025-12-15T19:07:45.402+0000] {logging_mixin.py:190} INFO -                          ✅ DAY 1 COMPLETE
[2025-12-15T19:07:45.403+0000] {logging_mixin.py:190} INFO - ======================================================================
[2025-12-15T19:07:45.416+0000] {crypto.py:82} WARNING - empty cryptography key - values will not be stored encrypted.
[2025-12-15T19:07:45.421+0000] {logging_mixin.py:190} INFO - 
🚀 Next run will execute Day 2 (Daily Prediction)
[2025-12-15T19:07:45.422+0000] {logging_mixin.py:190} INFO - ======================================================================
[2025-12-15T19:07:45.423+0000] {python.py:240} INFO - Done. Returned value was: None
[2025-12-15T19:07:45.440+0000] {taskinstance.py:340} INFO - ::group::Post task execution logs
[2025-12-15T19:07:45.441+0000] {taskinstance.py:352} INFO - Marking task as SUCCESS. dag_id=weather_prediction_pipeline_v2, task_id=mark_day_one_done, run_id=scheduled__2025-12-14T18:05:00+00:00, execution_date=20251214T180500, start_date=20251215T190745, end_date=20251215T190745
[2025-12-15T19:07:45.472+0000] {local_task_job_runner.py:266} INFO - Task exited with return code 0
[2025-12-15T19:07:45.510+0000] {taskinstance.py:3900} INFO - 0 downstream tasks scheduled from follow-on schedule check
[2025-12-15T19:07:45.513+0000] {local_task_job_runner.py:245} INFO - ::endgroup::
[2025-12-15T22:33:56.421+0000] {local_task_job_runner.py:123} INFO - ::group::Pre task execution logs
[2025-12-15T22:33:56.449+0000] {taskinstance.py:2612} INFO - Dependencies all met for dep_context=non-requeueable deps ti=<TaskInstance: weather_prediction_pipeline_v2.mark_day_one_done scheduled__2025-12-14T18:05:00+00:00 [queued]>
[2025-12-15T22:33:56.460+0000] {taskinstance.py:2612} INFO - Dependencies all met for dep_context=requeueable deps ti=<TaskInstance: weather_prediction_pipeline_v2.mark_day_one_done scheduled__2025-12-14T18:05:00+00:00 [queued]>
[2025-12-15T22:33:56.461+0000] {taskinstance.py:2865} INFO - Starting attempt 1 of 3
[2025-12-15T22:33:56.477+0000] {taskinstance.py:2888} INFO - Executing <Task(PythonOperator): mark_day_one_done> on 2025-12-14 18:05:00+00:00
[2025-12-15T22:33:56.487+0000] {standard_task_runner.py:72} INFO - Started process 1200 to run task
[2025-12-15T22:33:56.491+0000] {standard_task_runner.py:104} INFO - Running: ['***', 'tasks', 'run', 'weather_prediction_pipeline_v2', 'mark_day_one_done', 'scheduled__2025-12-14T18:05:00+00:00', '--job-id', '11', '--raw', '--subdir', 'DAGS_FOLDER/test_etl.py', '--cfg-path', '/tmp/tmppli8j_o1']
[2025-12-15T22:33:56.494+0000] {standard_task_runner.py:105} INFO - Job 11: Subtask mark_day_one_done
[2025-12-15T22:33:56.518+0000] {logging_mixin.py:190} WARNING - /home/***/.local/lib/python3.10/site-packages/***/settings.py:209 DeprecationWarning: The sql_alchemy_conn option in [core] has been moved to the sql_alchemy_conn option in [database] - the old setting has been used, but please update your config.
[2025-12-15T22:33:56.576+0000] {task_command.py:467} INFO - Running <TaskInstance: weather_prediction_pipeline_v2.mark_day_one_done scheduled__2025-12-14T18:05:00+00:00 [running]> on host 6f17979d182d
[2025-12-15T22:33:56.579+0000] {logging_mixin.py:190} WARNING - /home/***/.local/lib/python3.10/site-packages/***/settings.py:470 DeprecationWarning: The sql_alchemy_conn option in [core] has been moved to the sql_alchemy_conn option in [database] - the old setting has been used, but please update your config.
[2025-12-15T22:33:56.689+0000] {taskinstance.py:3131} INFO - Exporting env vars: AIRFLOW_CTX_DAG_OWNER='ahmed_sami' AIRFLOW_CTX_DAG_ID='weather_prediction_pipeline_v2' AIRFLOW_CTX_TASK_ID='mark_day_one_done' AIRFLOW_CTX_EXECUTION_DATE='2025-12-14T18:05:00+00:00' AIRFLOW_CTX_TRY_NUMBER='1' AIRFLOW_CTX_DAG_RUN_ID='scheduled__2025-12-14T18:05:00+00:00'
[2025-12-15T22:33:56.692+0000] {taskinstance.py:731} INFO - ::endgroup::
[2025-12-15T22:33:56.712+0000] {logging_mixin.py:190} INFO - ======================================================================
[2025-12-15T22:33:56.714+0000] {logging_mixin.py:190} INFO -                          ✅ DAY 1 COMPLETE
[2025-12-15T22:33:56.715+0000] {logging_mixin.py:190} INFO - ======================================================================
[2025-12-15T22:33:56.729+0000] {crypto.py:82} WARNING - empty cryptography key - values will not be stored encrypted.
[2025-12-15T22:33:56.735+0000] {logging_mixin.py:190} INFO - 
🚀 Next run will execute Day 2 (Daily Prediction)
[2025-12-15T22:33:56.737+0000] {logging_mixin.py:190} INFO - ======================================================================
[2025-12-15T22:33:56.738+0000] {python.py:240} INFO - Done. Returned value was: None
[2025-12-15T22:33:56.754+0000] {taskinstance.py:340} INFO - ::group::Post task execution logs
[2025-12-15T22:33:56.757+0000] {taskinstance.py:352} INFO - Marking task as SUCCESS. dag_id=weather_prediction_pipeline_v2, task_id=mark_day_one_done, run_id=scheduled__2025-12-14T18:05:00+00:00, execution_date=20251214T180500, start_date=20251215T223356, end_date=20251215T223356
[2025-12-15T22:33:56.786+0000] {local_task_job_runner.py:266} INFO - Task exited with return code 0
[2025-12-15T22:33:56.821+0000] {taskinstance.py:3900} INFO - 0 downstream tasks scheduled from follow-on schedule check
[2025-12-15T22:33:56.825+0000] {local_task_job_runner.py:245} INFO - ::endgroup::
