[2025-12-16T09:58:24.069+0000] {local_task_job_runner.py:123} INFO - ::group::Pre task execution logs
[2025-12-16T09:58:24.116+0000] {taskinstance.py:2612} INFO - Dependencies all met for dep_context=non-requeueable deps ti=<TaskInstance: weather_prediction_pipeline_v2.store_daily_predictions manual__2025-12-16T09:57:00.375942+00:00 [queued]>
[2025-12-16T09:58:24.137+0000] {taskinstance.py:2612} INFO - Dependencies all met for dep_context=requeueable deps ti=<TaskInstance: weather_prediction_pipeline_v2.store_daily_predictions manual__2025-12-16T09:57:00.375942+00:00 [queued]>
[2025-12-16T09:58:24.138+0000] {taskinstance.py:2865} INFO - Starting attempt 3 of 5
[2025-12-16T09:58:24.168+0000] {taskinstance.py:2888} INFO - Executing <Task(PythonOperator): store_daily_predictions> on 2025-12-16 09:57:00.375942+00:00
[2025-12-16T09:58:24.183+0000] {standard_task_runner.py:72} INFO - Started process 1933 to run task
[2025-12-16T09:58:24.192+0000] {standard_task_runner.py:104} INFO - Running: ['***', 'tasks', 'run', 'weather_prediction_pipeline_v2', 'store_daily_predictions', 'manual__2025-12-16T09:57:00.375942+00:00', '--job-id', '65', '--raw', '--subdir', 'DAGS_FOLDER/test_etl.py', '--cfg-path', '/tmp/tmp_as6kr4j']
[2025-12-16T09:58:24.201+0000] {standard_task_runner.py:105} INFO - Job 65: Subtask store_daily_predictions
[2025-12-16T09:58:24.246+0000] {logging_mixin.py:190} WARNING - /home/***/.local/lib/python3.10/site-packages/***/settings.py:209 DeprecationWarning: The sql_alchemy_conn option in [core] has been moved to the sql_alchemy_conn option in [database] - the old setting has been used, but please update your config.
[2025-12-16T09:58:24.362+0000] {task_command.py:467} INFO - Running <TaskInstance: weather_prediction_pipeline_v2.store_daily_predictions manual__2025-12-16T09:57:00.375942+00:00 [running]> on host a31b9bcf920a
[2025-12-16T09:58:24.624+0000] {taskinstance.py:3131} INFO - Exporting env vars: AIRFLOW_CTX_DAG_OWNER='ahmed_sami' AIRFLOW_CTX_DAG_ID='weather_prediction_pipeline_v2' AIRFLOW_CTX_TASK_ID='store_daily_predictions' AIRFLOW_CTX_EXECUTION_DATE='2025-12-16T09:57:00.375942+00:00' AIRFLOW_CTX_TRY_NUMBER='3' AIRFLOW_CTX_DAG_RUN_ID='manual__2025-12-16T09:57:00.375942+00:00'
[2025-12-16T09:58:24.629+0000] {taskinstance.py:731} INFO - ::endgroup::
[2025-12-16T09:58:24.674+0000] {logging_mixin.py:190} INFO - ======================================================================
[2025-12-16T09:58:24.675+0000] {logging_mixin.py:190} INFO -                     DAY 2: STORING PREDICTIONS (BULK MODE)
[2025-12-16T09:58:24.677+0000] {logging_mixin.py:190} INFO - ======================================================================
[2025-12-16T09:58:24.715+0000] {logging_mixin.py:190} INFO - 💾 Storing 64 predictions using Bulk Insert...
[2025-12-16T09:58:24.716+0000] {logging_mixin.py:190} INFO - 📅 Target date: 2025-12-17
[2025-12-16T09:58:24.745+0000] {base.py:84} INFO - Retrieving connection 'ml_con'
[2025-12-16T09:58:24.746+0000] {logging_mixin.py:190} INFO - 🔌 Connecting to database: postgres:5432
[2025-12-16T09:58:24.748+0000] {logging_mixin.py:190} INFO -    Database: ***
[2025-12-16T09:58:24.750+0000] {logging_mixin.py:190} INFO -    User: ***
[2025-12-16T09:58:24.751+0000] {logging_mixin.py:190} INFO -    Timeout: 10 seconds
[2025-12-16T09:58:24.753+0000] {logging_mixin.py:190} INFO - 🔌 Establishing connection...
[2025-12-16T09:58:24.767+0000] {logging_mixin.py:190} INFO - ✅ Connection established!
[2025-12-16T09:58:24.770+0000] {logging_mixin.py:190} INFO - ✅ Statement timeout set to 30s
[2025-12-16T09:58:24.771+0000] {logging_mixin.py:190} INFO - 📋 Creating/verifying table structure...
[2025-12-16T09:58:24.774+0000] {logging_mixin.py:190} INFO - ✅ Table structure verified
[2025-12-16T09:58:24.775+0000] {logging_mixin.py:190} INFO - 🔧 Ensuring all columns exist...
[2025-12-16T09:58:54.553+0000] {local_task_job_runner.py:346} WARNING - State of this instance has been externally set to up_for_retry. Terminating instance.
[2025-12-16T09:58:54.556+0000] {local_task_job_runner.py:245} INFO - ::endgroup::
[2025-12-16T09:58:54.562+0000] {process_utils.py:132} INFO - Sending 15 to group 1933. PIDs of all processes in the group: [1933]
[2025-12-16T09:58:54.564+0000] {process_utils.py:87} INFO - Sending the signal 15 to group 1933
[2025-12-16T09:58:54.779+0000] {taskinstance.py:3092} ERROR - Received SIGTERM. Terminating subprocesses.
[2025-12-16T09:58:54.781+0000] {logging_mixin.py:190} INFO - 🔌 Connection closed
[2025-12-16T09:58:54.801+0000] {taskinstance.py:3310} ERROR - Task failed with exception
Traceback (most recent call last):
  File "/home/airflow/.local/lib/python3.10/site-packages/airflow/models/taskinstance.py", line 767, in _execute_task
    result = _execute_callable(context=context, **execute_callable_kwargs)
  File "/home/airflow/.local/lib/python3.10/site-packages/airflow/models/taskinstance.py", line 733, in _execute_callable
    return ExecutionCallableRunner(
  File "/home/airflow/.local/lib/python3.10/site-packages/airflow/utils/operator_helpers.py", line 252, in run
    return self.func(*args, **kwargs)
  File "/home/airflow/.local/lib/python3.10/site-packages/airflow/models/baseoperator.py", line 406, in wrapper
    return func(self, *args, **kwargs)
  File "/home/airflow/.local/lib/python3.10/site-packages/airflow/operators/python.py", line 238, in execute
    return_value = self.execute_callable()
  File "/home/airflow/.local/lib/python3.10/site-packages/airflow/operators/python.py", line 256, in execute_callable
    return runner.run(*self.op_args, **self.op_kwargs)
  File "/home/airflow/.local/lib/python3.10/site-packages/airflow/utils/operator_helpers.py", line 252, in run
    return self.func(*args, **kwargs)
  File "/opt/airflow/dags/test_etl.py", line 1990, in store_daily_predictions
    cur.execute("""
  File "/usr/local/lib/python3.10/encodings/utf_8.py", line 15, in decode
    def decode(input, errors='strict'):
  File "/home/airflow/.local/lib/python3.10/site-packages/airflow/models/taskinstance.py", line 3094, in signal_handler
    raise AirflowTaskTerminated("Task received SIGTERM signal")
airflow.exceptions.AirflowTaskTerminated: Task received SIGTERM signal
[2025-12-16T09:58:54.818+0000] {taskinstance.py:1225} INFO - Marking task as UP_FOR_RETRY. dag_id=weather_prediction_pipeline_v2, task_id=store_daily_predictions, run_id=manual__2025-12-16T09:57:00.375942+00:00, execution_date=20251216T095700, start_date=20251216T095824, end_date=20251216T095854
[2025-12-16T09:58:54.839+0000] {taskinstance.py:340} INFO - ::group::Post task execution logs
[2025-12-16T09:58:54.860+0000] {process_utils.py:80} INFO - Process psutil.Process(pid=1933, status='terminated', exitcode=2, started='09:58:23') (1933) terminated with exit code 2
