[2025-12-15T19:28:15.226+0000] {local_task_job_runner.py:123} INFO - ::group::Pre task execution logs
[2025-12-15T19:28:15.251+0000] {taskinstance.py:2612} INFO - Dependencies all met for dep_context=non-requeueable deps ti=<TaskInstance: weather_prediction_pipeline_v2.load_to_postgres manual__2025-12-15T19:25:20.024134+00:00 [queued]>
[2025-12-15T19:28:15.260+0000] {taskinstance.py:2612} INFO - Dependencies all met for dep_context=requeueable deps ti=<TaskInstance: weather_prediction_pipeline_v2.load_to_postgres manual__2025-12-15T19:25:20.024134+00:00 [queued]>
[2025-12-15T19:28:15.262+0000] {taskinstance.py:2865} INFO - Starting attempt 1 of 3
[2025-12-15T19:28:15.275+0000] {taskinstance.py:2888} INFO - Executing <Task(PythonOperator): load_to_postgres> on 2025-12-15 19:25:20.024134+00:00
[2025-12-15T19:28:15.283+0000] {standard_task_runner.py:72} INFO - Started process 13746 to run task
[2025-12-15T19:28:15.286+0000] {standard_task_runner.py:104} INFO - Running: ['***', 'tasks', 'run', 'weather_prediction_pipeline_v2', 'load_to_postgres', 'manual__2025-12-15T19:25:20.024134+00:00', '--job-id', '61', '--raw', '--subdir', 'DAGS_FOLDER/test_etl.py', '--cfg-path', '/tmp/tmpuxjflni9']
[2025-12-15T19:28:15.290+0000] {standard_task_runner.py:105} INFO - Job 61: Subtask load_to_postgres
[2025-12-15T19:28:15.313+0000] {logging_mixin.py:190} WARNING - /home/***/.local/lib/python3.10/site-packages/***/settings.py:209 DeprecationWarning: The sql_alchemy_conn option in [core] has been moved to the sql_alchemy_conn option in [database] - the old setting has been used, but please update your config.
[2025-12-15T19:28:15.369+0000] {task_command.py:467} INFO - Running <TaskInstance: weather_prediction_pipeline_v2.load_to_postgres manual__2025-12-15T19:25:20.024134+00:00 [running]> on host 89522446c9a4
[2025-12-15T19:28:15.485+0000] {taskinstance.py:3131} INFO - Exporting env vars: AIRFLOW_CTX_DAG_OWNER='ahmed_sami' AIRFLOW_CTX_DAG_ID='weather_prediction_pipeline_v2' AIRFLOW_CTX_TASK_ID='load_to_postgres' AIRFLOW_CTX_EXECUTION_DATE='2025-12-15T19:25:20.024134+00:00' AIRFLOW_CTX_TRY_NUMBER='1' AIRFLOW_CTX_DAG_RUN_ID='manual__2025-12-15T19:25:20.024134+00:00'
[2025-12-15T19:28:15.487+0000] {taskinstance.py:731} INFO - ::endgroup::
[2025-12-15T19:28:15.508+0000] {logging_mixin.py:190} INFO - ======================================================================
[2025-12-15T19:28:15.510+0000] {logging_mixin.py:190} INFO -                     DAY 1: LOADING TO DATABASE
[2025-12-15T19:28:15.511+0000] {logging_mixin.py:190} INFO - ======================================================================
[2025-12-15T19:28:16.398+0000] {logging_mixin.py:190} INFO - 📊 Rows to load: 147,744
[2025-12-15T19:28:19.364+0000] {base.py:84} INFO - Retrieving connection 'ml_con'
[2025-12-15T19:28:21.071+0000] {logging_mixin.py:190} INFO - ✅ Loaded 147,744 rows
[2025-12-15T19:28:21.078+0000] {logging_mixin.py:190} INFO - ======================================================================
[2025-12-15T19:28:21.083+0000] {python.py:240} INFO - Done. Returned value was: None
[2025-12-15T19:28:21.099+0000] {taskinstance.py:340} INFO - ::group::Post task execution logs
[2025-12-15T19:28:21.100+0000] {taskinstance.py:352} INFO - Marking task as SUCCESS. dag_id=weather_prediction_pipeline_v2, task_id=load_to_postgres, run_id=manual__2025-12-15T19:25:20.024134+00:00, execution_date=20251215T192520, start_date=20251215T192815, end_date=20251215T192821
[2025-12-15T19:28:21.126+0000] {local_task_job_runner.py:266} INFO - Task exited with return code 0
[2025-12-15T19:28:21.163+0000] {taskinstance.py:3900} INFO - 1 downstream tasks scheduled from follow-on schedule check
[2025-12-15T19:28:21.166+0000] {local_task_job_runner.py:245} INFO - ::endgroup::
