[2025-12-15T19:07:34.494+0000] {local_task_job_runner.py:123} INFO - ::group::Pre task execution logs
[2025-12-15T19:07:34.526+0000] {taskinstance.py:2612} INFO - Dependencies all met for dep_context=non-requeueable deps ti=<TaskInstance: weather_prediction_pipeline_v2.load_to_postgres scheduled__2025-12-14T18:05:00+00:00 [queued]>
[2025-12-15T19:07:34.538+0000] {taskinstance.py:2612} INFO - Dependencies all met for dep_context=requeueable deps ti=<TaskInstance: weather_prediction_pipeline_v2.load_to_postgres scheduled__2025-12-14T18:05:00+00:00 [queued]>
[2025-12-15T19:07:34.540+0000] {taskinstance.py:2865} INFO - Starting attempt 1 of 3
[2025-12-15T19:07:34.555+0000] {taskinstance.py:2888} INFO - Executing <Task(PythonOperator): load_to_postgres> on 2025-12-14 18:05:00+00:00
[2025-12-15T19:07:34.564+0000] {standard_task_runner.py:72} INFO - Started process 12482 to run task
[2025-12-15T19:07:34.568+0000] {standard_task_runner.py:104} INFO - Running: ['***', 'tasks', 'run', 'weather_prediction_pipeline_v2', 'load_to_postgres', 'scheduled__2025-12-14T18:05:00+00:00', '--job-id', '41', '--raw', '--subdir', 'DAGS_FOLDER/test_etl.py', '--cfg-path', '/tmp/tmps6k4v91n']
[2025-12-15T19:07:34.572+0000] {standard_task_runner.py:105} INFO - Job 41: Subtask load_to_postgres
[2025-12-15T19:07:34.596+0000] {logging_mixin.py:190} WARNING - /home/***/.local/lib/python3.10/site-packages/***/settings.py:209 DeprecationWarning: The sql_alchemy_conn option in [core] has been moved to the sql_alchemy_conn option in [database] - the old setting has been used, but please update your config.
[2025-12-15T19:07:34.664+0000] {task_command.py:467} INFO - Running <TaskInstance: weather_prediction_pipeline_v2.load_to_postgres scheduled__2025-12-14T18:05:00+00:00 [running]> on host 89522446c9a4
[2025-12-15T19:07:34.666+0000] {logging_mixin.py:190} WARNING - /home/***/.local/lib/python3.10/site-packages/***/settings.py:470 DeprecationWarning: The sql_alchemy_conn option in [core] has been moved to the sql_alchemy_conn option in [database] - the old setting has been used, but please update your config.
[2025-12-15T19:07:34.824+0000] {taskinstance.py:3131} INFO - Exporting env vars: AIRFLOW_CTX_DAG_OWNER='ahmed_sami' AIRFLOW_CTX_DAG_ID='weather_prediction_pipeline_v2' AIRFLOW_CTX_TASK_ID='load_to_postgres' AIRFLOW_CTX_EXECUTION_DATE='2025-12-14T18:05:00+00:00' AIRFLOW_CTX_TRY_NUMBER='1' AIRFLOW_CTX_DAG_RUN_ID='scheduled__2025-12-14T18:05:00+00:00'
[2025-12-15T19:07:34.826+0000] {taskinstance.py:731} INFO - ::endgroup::
[2025-12-15T19:07:34.859+0000] {logging_mixin.py:190} INFO - ======================================================================
[2025-12-15T19:07:34.860+0000] {logging_mixin.py:190} INFO -                     DAY 1: LOADING TO DATABASE
[2025-12-15T19:07:34.861+0000] {logging_mixin.py:190} INFO - ======================================================================
[2025-12-15T19:07:35.890+0000] {logging_mixin.py:190} INFO - 📊 Rows to load: 147,744
[2025-12-15T19:07:39.173+0000] {base.py:84} INFO - Retrieving connection 'ml_con'
[2025-12-15T19:07:42.058+0000] {logging_mixin.py:190} INFO - ✅ Loaded 147,744 rows
[2025-12-15T19:07:42.071+0000] {logging_mixin.py:190} INFO - ======================================================================
[2025-12-15T19:07:42.080+0000] {python.py:240} INFO - Done. Returned value was: None
[2025-12-15T19:07:42.114+0000] {taskinstance.py:340} INFO - ::group::Post task execution logs
[2025-12-15T19:07:42.116+0000] {taskinstance.py:352} INFO - Marking task as SUCCESS. dag_id=weather_prediction_pipeline_v2, task_id=load_to_postgres, run_id=scheduled__2025-12-14T18:05:00+00:00, execution_date=20251214T180500, start_date=20251215T190734, end_date=20251215T190742
[2025-12-15T19:07:42.181+0000] {local_task_job_runner.py:266} INFO - Task exited with return code 0
[2025-12-15T19:07:42.274+0000] {taskinstance.py:3900} INFO - 1 downstream tasks scheduled from follow-on schedule check
[2025-12-15T19:07:42.278+0000] {local_task_job_runner.py:245} INFO - ::endgroup::
[2025-12-15T22:33:39.401+0000] {local_task_job_runner.py:123} INFO - ::group::Pre task execution logs
[2025-12-15T22:33:39.428+0000] {taskinstance.py:2612} INFO - Dependencies all met for dep_context=non-requeueable deps ti=<TaskInstance: weather_prediction_pipeline_v2.load_to_postgres scheduled__2025-12-14T18:05:00+00:00 [queued]>
[2025-12-15T22:33:39.438+0000] {taskinstance.py:2612} INFO - Dependencies all met for dep_context=requeueable deps ti=<TaskInstance: weather_prediction_pipeline_v2.load_to_postgres scheduled__2025-12-14T18:05:00+00:00 [queued]>
[2025-12-15T22:33:39.439+0000] {taskinstance.py:2865} INFO - Starting attempt 1 of 3
[2025-12-15T22:33:39.453+0000] {taskinstance.py:2888} INFO - Executing <Task(PythonOperator): load_to_postgres> on 2025-12-14 18:05:00+00:00
[2025-12-15T22:33:39.461+0000] {standard_task_runner.py:72} INFO - Started process 1162 to run task
[2025-12-15T22:33:39.465+0000] {standard_task_runner.py:104} INFO - Running: ['***', 'tasks', 'run', 'weather_prediction_pipeline_v2', 'load_to_postgres', 'scheduled__2025-12-14T18:05:00+00:00', '--job-id', '10', '--raw', '--subdir', 'DAGS_FOLDER/test_etl.py', '--cfg-path', '/tmp/tmp0firjd09']
[2025-12-15T22:33:39.469+0000] {standard_task_runner.py:105} INFO - Job 10: Subtask load_to_postgres
[2025-12-15T22:33:39.494+0000] {logging_mixin.py:190} WARNING - /home/***/.local/lib/python3.10/site-packages/***/settings.py:209 DeprecationWarning: The sql_alchemy_conn option in [core] has been moved to the sql_alchemy_conn option in [database] - the old setting has been used, but please update your config.
[2025-12-15T22:33:39.554+0000] {task_command.py:467} INFO - Running <TaskInstance: weather_prediction_pipeline_v2.load_to_postgres scheduled__2025-12-14T18:05:00+00:00 [running]> on host 6f17979d182d
[2025-12-15T22:33:39.557+0000] {logging_mixin.py:190} WARNING - /home/***/.local/lib/python3.10/site-packages/***/settings.py:470 DeprecationWarning: The sql_alchemy_conn option in [core] has been moved to the sql_alchemy_conn option in [database] - the old setting has been used, but please update your config.
[2025-12-15T22:33:39.691+0000] {taskinstance.py:3131} INFO - Exporting env vars: AIRFLOW_CTX_DAG_OWNER='ahmed_sami' AIRFLOW_CTX_DAG_ID='weather_prediction_pipeline_v2' AIRFLOW_CTX_TASK_ID='load_to_postgres' AIRFLOW_CTX_EXECUTION_DATE='2025-12-14T18:05:00+00:00' AIRFLOW_CTX_TRY_NUMBER='1' AIRFLOW_CTX_DAG_RUN_ID='scheduled__2025-12-14T18:05:00+00:00'
[2025-12-15T22:33:39.693+0000] {taskinstance.py:731} INFO - ::endgroup::
[2025-12-15T22:33:39.718+0000] {logging_mixin.py:190} INFO - ======================================================================
[2025-12-15T22:33:39.719+0000] {logging_mixin.py:190} INFO -                     DAY 1: LOADING TO DATABASE
[2025-12-15T22:33:39.721+0000] {logging_mixin.py:190} INFO - ======================================================================
[2025-12-15T22:33:42.541+0000] {logging_mixin.py:190} INFO - 📊 Rows to load: 361,152
[2025-12-15T22:33:50.286+0000] {base.py:84} INFO - Retrieving connection 'ml_con'
[2025-12-15T22:33:54.548+0000] {logging_mixin.py:190} INFO - ✅ Loaded 361,152 rows
[2025-12-15T22:33:54.564+0000] {logging_mixin.py:190} INFO - ======================================================================
[2025-12-15T22:33:54.568+0000] {python.py:240} INFO - Done. Returned value was: None
[2025-12-15T22:33:54.586+0000] {taskinstance.py:340} INFO - ::group::Post task execution logs
[2025-12-15T22:33:54.588+0000] {taskinstance.py:352} INFO - Marking task as SUCCESS. dag_id=weather_prediction_pipeline_v2, task_id=load_to_postgres, run_id=scheduled__2025-12-14T18:05:00+00:00, execution_date=20251214T180500, start_date=20251215T223339, end_date=20251215T223354
[2025-12-15T22:33:54.645+0000] {local_task_job_runner.py:266} INFO - Task exited with return code 0
[2025-12-15T22:33:54.682+0000] {taskinstance.py:3900} INFO - 1 downstream tasks scheduled from follow-on schedule check
[2025-12-15T22:33:54.685+0000] {local_task_job_runner.py:245} INFO - ::endgroup::
