[2025-12-15T21:50:06.813+0000] {local_task_job_runner.py:123} INFO - ::group::Pre task execution logs
[2025-12-15T21:50:06.840+0000] {taskinstance.py:2612} INFO - Dependencies all met for dep_context=non-requeueable deps ti=<TaskInstance: weather_prediction_pipeline_v2.weather_api manual__2025-12-15T21:49:58.235302+00:00 [queued]>
[2025-12-15T21:50:06.851+0000] {taskinstance.py:2612} INFO - Dependencies all met for dep_context=requeueable deps ti=<TaskInstance: weather_prediction_pipeline_v2.weather_api manual__2025-12-15T21:49:58.235302+00:00 [queued]>
[2025-12-15T21:50:06.853+0000] {taskinstance.py:2865} INFO - Starting attempt 1 of 3
[2025-12-15T21:50:06.867+0000] {taskinstance.py:2888} INFO - Executing <Task(PythonOperator): weather_api> on 2025-12-15 21:49:58.235302+00:00
[2025-12-15T21:50:06.874+0000] {standard_task_runner.py:72} INFO - Started process 22293 to run task
[2025-12-15T21:50:06.879+0000] {standard_task_runner.py:104} INFO - Running: ['***', 'tasks', 'run', 'weather_prediction_pipeline_v2', 'weather_api', 'manual__2025-12-15T21:49:58.235302+00:00', '--job-id', '99', '--raw', '--subdir', 'DAGS_FOLDER/test_etl.py', '--cfg-path', '/tmp/tmpbw78xhv5']
[2025-12-15T21:50:06.883+0000] {standard_task_runner.py:105} INFO - Job 99: Subtask weather_api
[2025-12-15T21:50:06.909+0000] {logging_mixin.py:190} WARNING - /home/***/.local/lib/python3.10/site-packages/***/settings.py:209 DeprecationWarning: The sql_alchemy_conn option in [core] has been moved to the sql_alchemy_conn option in [database] - the old setting has been used, but please update your config.
[2025-12-15T21:50:06.980+0000] {task_command.py:467} INFO - Running <TaskInstance: weather_prediction_pipeline_v2.weather_api manual__2025-12-15T21:49:58.235302+00:00 [running]> on host 89522446c9a4
[2025-12-15T21:50:07.109+0000] {taskinstance.py:3131} INFO - Exporting env vars: AIRFLOW_CTX_DAG_OWNER='ahmed_sami' AIRFLOW_CTX_DAG_ID='weather_prediction_pipeline_v2' AIRFLOW_CTX_TASK_ID='weather_api' AIRFLOW_CTX_EXECUTION_DATE='2025-12-15T21:49:58.235302+00:00' AIRFLOW_CTX_TRY_NUMBER='1' AIRFLOW_CTX_DAG_RUN_ID='manual__2025-12-15T21:49:58.235302+00:00'
[2025-12-15T21:50:07.111+0000] {taskinstance.py:731} INFO - ::endgroup::
[2025-12-15T21:50:07.143+0000] {logging_mixin.py:190} INFO - ======================================================================
[2025-12-15T21:50:07.144+0000] {logging_mixin.py:190} INFO -                     DAY 2: FETCHING WEATHER DATA
[2025-12-15T21:50:07.145+0000] {logging_mixin.py:190} INFO - ======================================================================
[2025-12-15T21:50:07.381+0000] {logging_mixin.py:190} INFO - 📍 Cities: 27 | Workers: 10
[2025-12-15T21:50:07.560+0000] {logging_mixin.py:190} INFO - ✓ Antalya: 11.3°C
[2025-12-15T21:50:07.561+0000] {logging_mixin.py:190} INFO - ✓ Cairo: 15.4°C
[2025-12-15T21:50:07.567+0000] {logging_mixin.py:190} INFO - ✓ Haifa: 12.9°C
[2025-12-15T21:50:07.572+0000] {logging_mixin.py:190} INFO - ✓ Alexandria: 17.0°C
[2025-12-15T21:50:07.582+0000] {logging_mixin.py:190} INFO - ✓ East Jerusalem: 10.6°C
[2025-12-15T21:50:07.585+0000] {logging_mixin.py:190} INFO - ✓ Aswan: 16.6°C
[2025-12-15T21:50:07.591+0000] {logging_mixin.py:190} INFO - ✓ Ankara: 0.5°C
[2025-12-15T21:50:07.703+0000] {logging_mixin.py:190} INFO - ✓ Hurghada: 17.0°C
[2025-12-15T21:50:07.706+0000] {logging_mixin.py:190} INFO - ✓ Isfahan: 2.8°C
[2025-12-15T21:50:07.710+0000] {logging_mixin.py:190} INFO - ✓ Istanbul: 5.1°C
[2025-12-15T21:50:07.710+0000] {logging_mixin.py:190} INFO - ✓ Ismailia: 13.2°C
[2025-12-15T21:50:07.717+0000] {logging_mixin.py:190} INFO - ✓ Izmir: 7.4°C
[2025-12-15T21:50:07.722+0000] {logging_mixin.py:190} INFO - ✓ Jerusalem: 9.8°C
[2025-12-15T21:50:07.727+0000] {logging_mixin.py:190} INFO - ✓ Konya: 0.7°C
[2025-12-15T21:50:07.848+0000] {logging_mixin.py:190} INFO - ✓ Mashhad: 3.1°C
[2025-12-15T21:50:07.858+0000] {logging_mixin.py:190} INFO - ✓ Port Said: 15.0°C
[2025-12-15T21:50:07.860+0000] {logging_mixin.py:190} INFO - ✓ Luxor: 18.0°C
[2025-12-15T21:50:07.861+0000] {logging_mixin.py:190} INFO - ✓ Qom: 7.5°C
[2025-12-15T21:50:07.862+0000] {logging_mixin.py:190} INFO - ✓ Sharm El Sheikh: 19.1°C
[2025-12-15T21:50:07.866+0000] {logging_mixin.py:190} INFO - ✓ Shiraz: 4.7°C
[2025-12-15T21:50:07.867+0000] {logging_mixin.py:190} INFO - ✓ Suez: 15.1°C
[2025-12-15T21:50:07.989+0000] {logging_mixin.py:190} INFO - ✓ Tabriz: 0.7°C
[2025-12-15T21:50:07.996+0000] {logging_mixin.py:190} INFO - ✓ Tehran: 6.5°C
[2025-12-15T21:50:08.009+0000] {logging_mixin.py:190} INFO - ✓ Tel Aviv: 14.1°C
[2025-12-15T21:50:08.559+0000] {logging_mixin.py:190} INFO - ✓ Gaziantep: 3.0°C
[2025-12-15T21:50:08.573+0000] {logging_mixin.py:190} INFO - ✓ Giza: 15.4°C
[2025-12-15T21:50:08.573+0000] {logging_mixin.py:190} INFO - ✓ Adana: 9.0°C
[2025-12-15T21:50:08.576+0000] {logging_mixin.py:190} INFO - 
✅ Success: 27/27 (100.0%)
[2025-12-15T21:50:08.577+0000] {logging_mixin.py:190} INFO - ❌ Failed: 0/27
[2025-12-15T21:50:08.578+0000] {logging_mixin.py:190} INFO - ======================================================================
[2025-12-15T21:50:08.603+0000] {python.py:240} INFO - Done. Returned value was: None
[2025-12-15T21:50:08.620+0000] {taskinstance.py:340} INFO - ::group::Post task execution logs
[2025-12-15T21:50:08.621+0000] {taskinstance.py:352} INFO - Marking task as SUCCESS. dag_id=weather_prediction_pipeline_v2, task_id=weather_api, run_id=manual__2025-12-15T21:49:58.235302+00:00, execution_date=20251215T214958, start_date=20251215T215006, end_date=20251215T215008
[2025-12-15T21:50:08.660+0000] {local_task_job_runner.py:266} INFO - Task exited with return code 0
[2025-12-15T21:50:08.701+0000] {taskinstance.py:3900} INFO - 1 downstream tasks scheduled from follow-on schedule check
[2025-12-15T21:50:08.704+0000] {local_task_job_runner.py:245} INFO - ::endgroup::
