[2025-12-16T00:17:02.739+0000] {local_task_job_runner.py:123} INFO - ::group::Pre task execution logs
[2025-12-16T00:17:02.772+0000] {taskinstance.py:2612} INFO - Dependencies all met for dep_context=non-requeueable deps ti=<TaskInstance: weather_prediction_pipeline_v2_fixed.train_and_evaluate manual__2025-12-16T00:16:22.763867+00:00 [queued]>
[2025-12-16T00:17:02.786+0000] {taskinstance.py:2612} INFO - Dependencies all met for dep_context=requeueable deps ti=<TaskInstance: weather_prediction_pipeline_v2_fixed.train_and_evaluate manual__2025-12-16T00:16:22.763867+00:00 [queued]>
[2025-12-16T00:17:02.788+0000] {taskinstance.py:2865} INFO - Starting attempt 1 of 3
[2025-12-16T00:17:02.805+0000] {taskinstance.py:2888} INFO - Executing <Task(PythonOperator): train_and_evaluate> on 2025-12-16 00:16:22.763867+00:00
[2025-12-16T00:17:02.815+0000] {standard_task_runner.py:72} INFO - Started process 499 to run task
[2025-12-16T00:17:02.820+0000] {standard_task_runner.py:104} INFO - Running: ['***', 'tasks', 'run', 'weather_prediction_pipeline_v2_fixed', 'train_and_evaluate', 'manual__2025-12-16T00:16:22.763867+00:00', '--job-id', '44', '--raw', '--subdir', 'DAGS_FOLDER/test_etl.py', '--cfg-path', '/tmp/tmplagob3ol']
[2025-12-16T00:17:02.825+0000] {standard_task_runner.py:105} INFO - Job 44: Subtask train_and_evaluate
[2025-12-16T00:17:02.851+0000] {logging_mixin.py:190} WARNING - /home/***/.local/lib/python3.10/site-packages/***/settings.py:209 DeprecationWarning: The sql_alchemy_conn option in [core] has been moved to the sql_alchemy_conn option in [database] - the old setting has been used, but please update your config.
[2025-12-16T00:17:02.913+0000] {task_command.py:467} INFO - Running <TaskInstance: weather_prediction_pipeline_v2_fixed.train_and_evaluate manual__2025-12-16T00:16:22.763867+00:00 [running]> on host a31b9bcf920a
[2025-12-16T00:17:03.040+0000] {taskinstance.py:3131} INFO - Exporting env vars: AIRFLOW_CTX_DAG_OWNER='ahmed_sami' AIRFLOW_CTX_DAG_ID='weather_prediction_pipeline_v2_fixed' AIRFLOW_CTX_TASK_ID='train_and_evaluate' AIRFLOW_CTX_EXECUTION_DATE='2025-12-16T00:16:22.763867+00:00' AIRFLOW_CTX_TRY_NUMBER='1' AIRFLOW_CTX_DAG_RUN_ID='manual__2025-12-16T00:16:22.763867+00:00'
[2025-12-16T00:17:03.045+0000] {taskinstance.py:731} INFO - ::endgroup::
[2025-12-16T00:17:03.071+0000] {logging_mixin.py:190} INFO - ======================================================================
[2025-12-16T00:17:03.073+0000] {logging_mixin.py:190} INFO -                     DAY 1: TRAINING XGBOOST MODEL
[2025-12-16T00:17:03.076+0000] {logging_mixin.py:190} INFO - ======================================================================
[2025-12-16T00:17:06.341+0000] {logging_mixin.py:190} INFO - 🎯 Total Features: 24
[2025-12-16T00:17:06.692+0000] {logging_mixin.py:190} INFO - 📊 Train: 288,882 | Test: 72,270
[2025-12-16T00:17:06.695+0000] {logging_mixin.py:190} INFO - 
🤖 Training XGBoost...
[2025-12-16T00:21:39.251+0000] {logging_mixin.py:190} INFO -    MAE:  0.923°C
[2025-12-16T00:21:39.254+0000] {logging_mixin.py:190} INFO -    RMSE: 1.302°C
[2025-12-16T00:21:39.256+0000] {logging_mixin.py:190} INFO -    R²:   0.9772
[2025-12-16T00:21:39.258+0000] {logging_mixin.py:190} INFO -    Accuracy (±2°C): 89.4%
[2025-12-16T00:21:39.259+0000] {logging_mixin.py:190} INFO - 
🎯 Top 10 Features:
[2025-12-16T00:21:39.271+0000] {logging_mixin.py:190} INFO -    temp_lag1            0.6543
[2025-12-16T00:21:39.272+0000] {logging_mixin.py:190} INFO -    temp_ma3             0.3035
[2025-12-16T00:21:39.274+0000] {logging_mixin.py:190} INFO -    temp_ma7             0.0189
[2025-12-16T00:21:39.275+0000] {logging_mixin.py:190} INFO -    max_temp_lag1        0.0075
[2025-12-16T00:21:39.277+0000] {logging_mixin.py:190} INFO -    temp_min7            0.0028
[2025-12-16T00:21:39.279+0000] {logging_mixin.py:190} INFO -    temp_change          0.0027
[2025-12-16T00:21:39.281+0000] {logging_mixin.py:190} INFO -    min_temp_ma7         0.0012
[2025-12-16T00:21:39.283+0000] {logging_mixin.py:190} INFO -    temp_max7            0.0012
[2025-12-16T00:21:39.286+0000] {logging_mixin.py:190} INFO -    min_temp_lag1        0.0010
[2025-12-16T00:21:39.287+0000] {logging_mixin.py:190} INFO -    season               0.0007
[2025-12-16T00:21:39.340+0000] {crypto.py:82} WARNING - empty cryptography key - values will not be stored encrypted.
[2025-12-16T00:21:39.368+0000] {logging_mixin.py:190} INFO - 
💾 Model saved: /opt/***/models/xgboost_model_20251216_002139.pkl
[2025-12-16T00:21:39.370+0000] {logging_mixin.py:190} INFO - 💾 Features saved: /opt/***/models/features_20251216_002139.pkl
[2025-12-16T00:21:39.372+0000] {logging_mixin.py:190} INFO - ======================================================================
[2025-12-16T00:21:39.411+0000] {python.py:240} INFO - Done. Returned value was: None
[2025-12-16T00:21:39.437+0000] {taskinstance.py:340} INFO - ::group::Post task execution logs
[2025-12-16T00:21:39.439+0000] {taskinstance.py:352} INFO - Marking task as SUCCESS. dag_id=weather_prediction_pipeline_v2_fixed, task_id=train_and_evaluate, run_id=manual__2025-12-16T00:16:22.763867+00:00, execution_date=20251216T001622, start_date=20251216T001702, end_date=20251216T002139
[2025-12-16T00:21:39.501+0000] {local_task_job_runner.py:266} INFO - Task exited with return code 0
[2025-12-16T00:21:39.592+0000] {taskinstance.py:3900} INFO - 1 downstream tasks scheduled from follow-on schedule check
[2025-12-16T00:21:39.597+0000] {local_task_job_runner.py:245} INFO - ::endgroup::
