[2025-12-15T20:27:38.778+0000] {local_task_job_runner.py:123} INFO - ::group::Pre task execution logs
[2025-12-15T20:27:38.807+0000] {taskinstance.py:2612} INFO - Dependencies all met for dep_context=non-requeueable deps ti=<TaskInstance: weather_prediction_pipeline_v2.check_day_one manual__2025-12-15T20:27:25.264929+00:00 [queued]>
[2025-12-15T20:27:38.818+0000] {taskinstance.py:2612} INFO - Dependencies all met for dep_context=requeueable deps ti=<TaskInstance: weather_prediction_pipeline_v2.check_day_one manual__2025-12-15T20:27:25.264929+00:00 [queued]>
[2025-12-15T20:27:38.819+0000] {taskinstance.py:2865} INFO - Starting attempt 1 of 3
[2025-12-15T20:27:38.834+0000] {taskinstance.py:2888} INFO - Executing <Task(BranchPythonOperator): check_day_one> on 2025-12-15 20:27:25.264929+00:00
[2025-12-15T20:27:38.844+0000] {standard_task_runner.py:72} INFO - Started process 17291 to run task
[2025-12-15T20:27:38.850+0000] {standard_task_runner.py:104} INFO - Running: ['***', 'tasks', 'run', 'weather_prediction_pipeline_v2', 'check_day_one', 'manual__2025-12-15T20:27:25.264929+00:00', '--job-id', '79', '--raw', '--subdir', 'DAGS_FOLDER/test_etl.py', '--cfg-path', '/tmp/tmphg3_4hp6']
[2025-12-15T20:27:38.856+0000] {standard_task_runner.py:105} INFO - Job 79: Subtask check_day_one
[2025-12-15T20:27:38.890+0000] {logging_mixin.py:190} WARNING - /home/***/.local/lib/python3.10/site-packages/***/settings.py:209 DeprecationWarning: The sql_alchemy_conn option in [core] has been moved to the sql_alchemy_conn option in [database] - the old setting has been used, but please update your config.
[2025-12-15T20:27:38.980+0000] {task_command.py:467} INFO - Running <TaskInstance: weather_prediction_pipeline_v2.check_day_one manual__2025-12-15T20:27:25.264929+00:00 [running]> on host 89522446c9a4
[2025-12-15T20:27:39.148+0000] {taskinstance.py:3131} INFO - Exporting env vars: AIRFLOW_CTX_DAG_OWNER='ahmed_sami' AIRFLOW_CTX_DAG_ID='weather_prediction_pipeline_v2' AIRFLOW_CTX_TASK_ID='check_day_one' AIRFLOW_CTX_EXECUTION_DATE='2025-12-15T20:27:25.264929+00:00' AIRFLOW_CTX_TRY_NUMBER='1' AIRFLOW_CTX_DAG_RUN_ID='manual__2025-12-15T20:27:25.264929+00:00'
[2025-12-15T20:27:39.150+0000] {taskinstance.py:731} INFO - ::endgroup::
[2025-12-15T20:27:39.185+0000] {baseoperator.py:405} WARNING - BranchPythonOperator.execute cannot be called outside TaskInstance!
[2025-12-15T20:27:39.212+0000] {logging_mixin.py:190} INFO - ✅ DAY 1 completed - Running DAY 2 - Daily Prediction
[2025-12-15T20:27:39.214+0000] {python.py:240} INFO - Done. Returned value was: skip_day1
[2025-12-15T20:27:39.215+0000] {branch.py:38} INFO - Branch into skip_day1
[2025-12-15T20:27:39.217+0000] {skipmixin.py:230} INFO - Following branch ('skip_day1',)
[2025-12-15T20:27:39.247+0000] {skipmixin.py:278} INFO - Skipping tasks [('extract_csv', -1)]
[2025-12-15T20:27:39.323+0000] {taskinstance.py:340} INFO - ::group::Post task execution logs
[2025-12-15T20:27:39.325+0000] {taskinstance.py:352} INFO - Marking task as SUCCESS. dag_id=weather_prediction_pipeline_v2, task_id=check_day_one, run_id=manual__2025-12-15T20:27:25.264929+00:00, execution_date=20251215T202725, start_date=20251215T202738, end_date=20251215T202739
[2025-12-15T20:27:39.386+0000] {local_task_job_runner.py:266} INFO - Task exited with return code 0
[2025-12-15T20:27:39.457+0000] {taskinstance.py:3900} INFO - 0 downstream tasks scheduled from follow-on schedule check
[2025-12-15T20:27:39.466+0000] {local_task_job_runner.py:245} INFO - ::endgroup::
