[2025-12-16T00:25:08.229+0000] {local_task_job_runner.py:123} INFO - ::group::Pre task execution logs
[2025-12-16T00:25:08.266+0000] {taskinstance.py:2612} INFO - Dependencies all met for dep_context=non-requeueable deps ti=<TaskInstance: weather_prediction_pipeline_v2.check_day_one manual__2025-12-16T00:25:05.299007+00:00 [queued]>
[2025-12-16T00:25:08.281+0000] {taskinstance.py:2612} INFO - Dependencies all met for dep_context=requeueable deps ti=<TaskInstance: weather_prediction_pipeline_v2.check_day_one manual__2025-12-16T00:25:05.299007+00:00 [queued]>
[2025-12-16T00:25:08.283+0000] {taskinstance.py:2865} INFO - Starting attempt 1 of 3
[2025-12-16T00:25:08.305+0000] {taskinstance.py:2888} INFO - Executing <Task(BranchPythonOperator): check_day_one> on 2025-12-16 00:25:05.299007+00:00
[2025-12-16T00:25:08.318+0000] {standard_task_runner.py:72} INFO - Started process 976 to run task
[2025-12-16T00:25:08.328+0000] {standard_task_runner.py:104} INFO - Running: ['***', 'tasks', 'run', 'weather_prediction_pipeline_v2', 'check_day_one', 'manual__2025-12-16T00:25:05.299007+00:00', '--job-id', '47', '--raw', '--subdir', 'DAGS_FOLDER/test_etl.py', '--cfg-path', '/tmp/tmp5idbpdaj']
[2025-12-16T00:25:08.335+0000] {standard_task_runner.py:105} INFO - Job 47: Subtask check_day_one
[2025-12-16T00:25:08.376+0000] {logging_mixin.py:190} WARNING - /home/***/.local/lib/python3.10/site-packages/***/settings.py:209 DeprecationWarning: The sql_alchemy_conn option in [core] has been moved to the sql_alchemy_conn option in [database] - the old setting has been used, but please update your config.
[2025-12-16T00:25:08.471+0000] {task_command.py:467} INFO - Running <TaskInstance: weather_prediction_pipeline_v2.check_day_one manual__2025-12-16T00:25:05.299007+00:00 [running]> on host a31b9bcf920a
[2025-12-16T00:25:08.677+0000] {taskinstance.py:3131} INFO - Exporting env vars: AIRFLOW_CTX_DAG_OWNER='ahmed_sami' AIRFLOW_CTX_DAG_ID='weather_prediction_pipeline_v2' AIRFLOW_CTX_TASK_ID='check_day_one' AIRFLOW_CTX_EXECUTION_DATE='2025-12-16T00:25:05.299007+00:00' AIRFLOW_CTX_TRY_NUMBER='1' AIRFLOW_CTX_DAG_RUN_ID='manual__2025-12-16T00:25:05.299007+00:00'
[2025-12-16T00:25:08.681+0000] {taskinstance.py:731} INFO - ::endgroup::
[2025-12-16T00:25:08.726+0000] {baseoperator.py:405} WARNING - BranchPythonOperator.execute cannot be called outside TaskInstance!
[2025-12-16T00:25:08.752+0000] {logging_mixin.py:190} INFO - 🎯 Running DAY 1 - Initial Training
[2025-12-16T00:25:08.756+0000] {python.py:240} INFO - Done. Returned value was: extract_csv
[2025-12-16T00:25:08.758+0000] {branch.py:38} INFO - Branch into extract_csv
[2025-12-16T00:25:08.759+0000] {skipmixin.py:230} INFO - Following branch ('extract_csv',)
[2025-12-16T00:25:08.794+0000] {skipmixin.py:278} INFO - Skipping tasks [('skip_day1', -1)]
[2025-12-16T00:25:08.884+0000] {taskinstance.py:340} INFO - ::group::Post task execution logs
[2025-12-16T00:25:08.888+0000] {taskinstance.py:352} INFO - Marking task as SUCCESS. dag_id=weather_prediction_pipeline_v2, task_id=check_day_one, run_id=manual__2025-12-16T00:25:05.299007+00:00, execution_date=20251216T002505, start_date=20251216T002508, end_date=20251216T002508
[2025-12-16T00:25:08.945+0000] {local_task_job_runner.py:266} INFO - Task exited with return code 0
[2025-12-16T00:25:09.030+0000] {taskinstance.py:3900} INFO - 1 downstream tasks scheduled from follow-on schedule check
[2025-12-16T00:25:09.037+0000] {local_task_job_runner.py:245} INFO - ::endgroup::
