[2025-12-15T23:40:44.100+0000] {local_task_job_runner.py:123} INFO - ::group::Pre task execution logs
[2025-12-15T23:40:44.126+0000] {taskinstance.py:2612} INFO - Dependencies all met for dep_context=non-requeueable deps ti=<TaskInstance: weather_prediction_pipeline_v2.store_daily_predictions manual__2025-12-15T23:38:56.425312+00:00 [queued]>
[2025-12-15T23:40:44.135+0000] {taskinstance.py:2612} INFO - Dependencies all met for dep_context=requeueable deps ti=<TaskInstance: weather_prediction_pipeline_v2.store_daily_predictions manual__2025-12-15T23:38:56.425312+00:00 [queued]>
[2025-12-15T23:40:44.137+0000] {taskinstance.py:2865} INFO - Starting attempt 2 of 4
[2025-12-15T23:40:44.150+0000] {taskinstance.py:2888} INFO - Executing <Task(PythonOperator): store_daily_predictions> on 2025-12-15 23:38:56.425312+00:00
[2025-12-15T23:40:44.158+0000] {standard_task_runner.py:72} INFO - Started process 5024 to run task
[2025-12-15T23:40:44.163+0000] {standard_task_runner.py:104} INFO - Running: ['***', 'tasks', 'run', 'weather_prediction_pipeline_v2', 'store_daily_predictions', 'manual__2025-12-15T23:38:56.425312+00:00', '--job-id', '23', '--raw', '--subdir', 'DAGS_FOLDER/test_etl.py', '--cfg-path', '/tmp/tmp65dnzgg7']
[2025-12-15T23:40:44.167+0000] {standard_task_runner.py:105} INFO - Job 23: Subtask store_daily_predictions
[2025-12-15T23:40:44.192+0000] {logging_mixin.py:190} WARNING - /home/***/.local/lib/python3.10/site-packages/***/settings.py:209 DeprecationWarning: The sql_alchemy_conn option in [core] has been moved to the sql_alchemy_conn option in [database] - the old setting has been used, but please update your config.
[2025-12-15T23:40:44.250+0000] {task_command.py:467} INFO - Running <TaskInstance: weather_prediction_pipeline_v2.store_daily_predictions manual__2025-12-15T23:38:56.425312+00:00 [running]> on host 6f17979d182d
[2025-12-15T23:40:44.370+0000] {taskinstance.py:3131} INFO - Exporting env vars: AIRFLOW_CTX_DAG_OWNER='ahmed_sami' AIRFLOW_CTX_DAG_ID='weather_prediction_pipeline_v2' AIRFLOW_CTX_TASK_ID='store_daily_predictions' AIRFLOW_CTX_EXECUTION_DATE='2025-12-15T23:38:56.425312+00:00' AIRFLOW_CTX_TRY_NUMBER='2' AIRFLOW_CTX_DAG_RUN_ID='manual__2025-12-15T23:38:56.425312+00:00'
[2025-12-15T23:40:44.373+0000] {taskinstance.py:731} INFO - ::endgroup::
[2025-12-15T23:40:44.398+0000] {logging_mixin.py:190} INFO - ======================================================================
[2025-12-15T23:40:44.400+0000] {logging_mixin.py:190} INFO -                     DAY 2: STORING PREDICTIONS (BULK MODE)
[2025-12-15T23:40:44.401+0000] {logging_mixin.py:190} INFO - ======================================================================
[2025-12-15T23:40:44.430+0000] {logging_mixin.py:190} INFO - 💾 Storing 64 predictions using Bulk Insert...
[2025-12-15T23:40:44.432+0000] {logging_mixin.py:190} INFO - 📅 Target date: 2025-12-16
[2025-12-15T23:40:44.447+0000] {base.py:84} INFO - Retrieving connection 'ml_con'
[2025-12-15T23:40:44.449+0000] {logging_mixin.py:190} INFO - 🔌 Connecting to database: postgres:5432
[2025-12-15T23:40:44.450+0000] {logging_mixin.py:190} INFO -    Database: ***
[2025-12-15T23:40:44.451+0000] {logging_mixin.py:190} INFO -    User: ***
[2025-12-15T23:40:44.452+0000] {logging_mixin.py:190} INFO -    Timeout: 10 seconds
[2025-12-15T23:40:44.452+0000] {logging_mixin.py:190} INFO - 🔌 Establishing connection...
[2025-12-15T23:40:44.460+0000] {logging_mixin.py:190} INFO - ✅ Connection established!
[2025-12-15T23:40:44.462+0000] {logging_mixin.py:190} INFO - ✅ Statement timeout set to 30s
[2025-12-15T23:40:44.464+0000] {logging_mixin.py:190} INFO - 📋 Creating/verifying table structure...
[2025-12-15T23:40:44.465+0000] {logging_mixin.py:190} INFO - ✅ Table structure verified
[2025-12-15T23:40:44.466+0000] {logging_mixin.py:190} INFO - 🔧 Ensuring all columns exist...
[2025-12-15T23:40:54.307+0000] {local_task_job_runner.py:346} WARNING - State of this instance has been externally set to restarting. Terminating instance.
[2025-12-15T23:40:54.309+0000] {local_task_job_runner.py:245} INFO - ::endgroup::
[2025-12-15T23:40:54.314+0000] {process_utils.py:132} INFO - Sending 15 to group 5024. PIDs of all processes in the group: [5024]
[2025-12-15T23:40:54.315+0000] {process_utils.py:87} INFO - Sending the signal 15 to group 5024
[2025-12-15T23:41:14.467+0000] {taskinstance.py:3092} ERROR - Received SIGTERM. Terminating subprocesses.
[2025-12-15T23:41:14.469+0000] {logging_mixin.py:190} INFO - 🔌 Connection closed
[2025-12-15T23:41:14.485+0000] {taskinstance.py:3310} ERROR - Task failed with exception
Traceback (most recent call last):
  File "/home/airflow/.local/lib/python3.10/site-packages/airflow/models/taskinstance.py", line 767, in _execute_task
    result = _execute_callable(context=context, **execute_callable_kwargs)
  File "/home/airflow/.local/lib/python3.10/site-packages/airflow/models/taskinstance.py", line 733, in _execute_callable
    return ExecutionCallableRunner(
  File "/home/airflow/.local/lib/python3.10/site-packages/airflow/utils/operator_helpers.py", line 252, in run
    return self.func(*args, **kwargs)
  File "/home/airflow/.local/lib/python3.10/site-packages/airflow/models/baseoperator.py", line 406, in wrapper
    return func(self, *args, **kwargs)
  File "/home/airflow/.local/lib/python3.10/site-packages/airflow/operators/python.py", line 238, in execute
    return_value = self.execute_callable()
  File "/home/airflow/.local/lib/python3.10/site-packages/airflow/operators/python.py", line 256, in execute_callable
    return runner.run(*self.op_args, **self.op_kwargs)
  File "/home/airflow/.local/lib/python3.10/site-packages/airflow/utils/operator_helpers.py", line 252, in run
    return self.func(*args, **kwargs)
  File "/opt/airflow/dags/test_etl.py", line 1990, in store_daily_predictions
    cur.execute("""
  File "/usr/local/lib/python3.10/encodings/utf_8.py", line 15, in decode
    def decode(input, errors='strict'):
  File "/home/airflow/.local/lib/python3.10/site-packages/airflow/models/taskinstance.py", line 3094, in signal_handler
    raise AirflowTaskTerminated("Task received SIGTERM signal")
airflow.exceptions.AirflowTaskTerminated: Task received SIGTERM signal
[2025-12-15T23:41:14.501+0000] {taskinstance.py:1225} INFO - Marking task as UP_FOR_RETRY. dag_id=weather_prediction_pipeline_v2, task_id=store_daily_predictions, run_id=manual__2025-12-15T23:38:56.425312+00:00, execution_date=20251215T233856, start_date=20251215T234107, end_date=20251215T234114
[2025-12-15T23:41:14.521+0000] {taskinstance.py:340} INFO - ::group::Post task execution logs
[2025-12-15T23:41:14.549+0000] {process_utils.py:80} INFO - Process psutil.Process(pid=5024, status='terminated', exitcode=2, started='23:40:44') (5024) terminated with exit code 2
