[2025-12-15T19:28:35.418+0000] {local_task_job_runner.py:123} INFO - ::group::Pre task execution logs
[2025-12-15T19:28:35.443+0000] {taskinstance.py:2612} INFO - Dependencies all met for dep_context=non-requeueable deps ti=<TaskInstance: weather_prediction_pipeline_v2.store_daily_predictions manual__2025-12-15T19:25:20.024134+00:00 [queued]>
[2025-12-15T19:28:35.453+0000] {taskinstance.py:2612} INFO - Dependencies all met for dep_context=requeueable deps ti=<TaskInstance: weather_prediction_pipeline_v2.store_daily_predictions manual__2025-12-15T19:25:20.024134+00:00 [queued]>
[2025-12-15T19:28:35.454+0000] {taskinstance.py:2865} INFO - Starting attempt 1 of 3
[2025-12-15T19:28:35.468+0000] {taskinstance.py:2888} INFO - Executing <Task(PythonOperator): store_daily_predictions> on 2025-12-15 19:25:20.024134+00:00
[2025-12-15T19:28:35.476+0000] {standard_task_runner.py:72} INFO - Started process 13863 to run task
[2025-12-15T19:28:35.480+0000] {standard_task_runner.py:104} INFO - Running: ['***', 'tasks', 'run', 'weather_prediction_pipeline_v2', 'store_daily_predictions', 'manual__2025-12-15T19:25:20.024134+00:00', '--job-id', '66', '--raw', '--subdir', 'DAGS_FOLDER/test_etl.py', '--cfg-path', '/tmp/tmpvbbxu184']
[2025-12-15T19:28:35.484+0000] {standard_task_runner.py:105} INFO - Job 66: Subtask store_daily_predictions
[2025-12-15T19:28:35.512+0000] {logging_mixin.py:190} WARNING - /home/***/.local/lib/python3.10/site-packages/***/settings.py:209 DeprecationWarning: The sql_alchemy_conn option in [core] has been moved to the sql_alchemy_conn option in [database] - the old setting has been used, but please update your config.
[2025-12-15T19:28:35.572+0000] {task_command.py:467} INFO - Running <TaskInstance: weather_prediction_pipeline_v2.store_daily_predictions manual__2025-12-15T19:25:20.024134+00:00 [running]> on host 89522446c9a4
[2025-12-15T19:28:35.686+0000] {taskinstance.py:3131} INFO - Exporting env vars: AIRFLOW_CTX_DAG_OWNER='ahmed_sami' AIRFLOW_CTX_DAG_ID='weather_prediction_pipeline_v2' AIRFLOW_CTX_TASK_ID='store_daily_predictions' AIRFLOW_CTX_EXECUTION_DATE='2025-12-15T19:25:20.024134+00:00' AIRFLOW_CTX_TRY_NUMBER='1' AIRFLOW_CTX_DAG_RUN_ID='manual__2025-12-15T19:25:20.024134+00:00'
[2025-12-15T19:28:35.690+0000] {taskinstance.py:731} INFO - ::endgroup::
[2025-12-15T19:28:35.712+0000] {logging_mixin.py:190} INFO - ======================================================================
[2025-12-15T19:28:35.713+0000] {logging_mixin.py:190} INFO -                     DAY 2: STORING PREDICTIONS (BULK MODE)
[2025-12-15T19:28:35.715+0000] {logging_mixin.py:190} INFO - ======================================================================
[2025-12-15T19:28:35.740+0000] {logging_mixin.py:190} INFO - 💾 Storing 27 predictions using Bulk Insert...
[2025-12-15T19:28:35.756+0000] {base.py:84} INFO - Retrieving connection 'ml_con'
[2025-12-15T20:25:20.250+0000] {logging_mixin.py:190} INFO - ✅ Stored 27 predictions successfully!
[2025-12-15T20:25:20.260+0000] {logging_mixin.py:190} INFO - ======================================================================
[2025-12-15T20:25:20.265+0000] {python.py:240} INFO - Done. Returned value was: None
[2025-12-15T20:25:20.333+0000] {taskinstance.py:340} INFO - ::group::Post task execution logs
[2025-12-15T20:25:20.336+0000] {taskinstance.py:352} INFO - Marking task as SUCCESS. dag_id=weather_prediction_pipeline_v2, task_id=store_daily_predictions, run_id=manual__2025-12-15T19:25:20.024134+00:00, execution_date=20251215T192520, start_date=20251215T192835, end_date=20251215T202520
[2025-12-15T20:25:20.460+0000] {local_task_job_runner.py:266} INFO - Task exited with return code 0
[2025-12-15T20:25:20.567+0000] {taskinstance.py:3900} INFO - 0 downstream tasks scheduled from follow-on schedule check
[2025-12-15T20:25:20.570+0000] {local_task_job_runner.py:245} INFO - ::endgroup::
