[2025-12-16T00:25:22.860+0000] {local_task_job_runner.py:123} INFO - ::group::Pre task execution logs
[2025-12-16T00:25:22.908+0000] {taskinstance.py:2612} INFO - Dependencies all met for dep_context=non-requeueable deps ti=<TaskInstance: weather_prediction_pipeline_v2.transform_data manual__2025-12-16T00:25:05.299007+00:00 [queued]>
[2025-12-16T00:25:22.923+0000] {taskinstance.py:2612} INFO - Dependencies all met for dep_context=requeueable deps ti=<TaskInstance: weather_prediction_pipeline_v2.transform_data manual__2025-12-16T00:25:05.299007+00:00 [queued]>
[2025-12-16T00:25:22.926+0000] {taskinstance.py:2865} INFO - Starting attempt 1 of 3
[2025-12-16T00:25:22.944+0000] {taskinstance.py:2888} INFO - Executing <Task(PythonOperator): transform_data> on 2025-12-16 00:25:05.299007+00:00
[2025-12-16T00:25:22.956+0000] {standard_task_runner.py:72} INFO - Started process 1043 to run task
[2025-12-16T00:25:22.963+0000] {standard_task_runner.py:104} INFO - Running: ['***', 'tasks', 'run', 'weather_prediction_pipeline_v2', 'transform_data', 'manual__2025-12-16T00:25:05.299007+00:00', '--job-id', '50', '--raw', '--subdir', 'DAGS_FOLDER/test_etl.py', '--cfg-path', '/tmp/tmpsl5yf192']
[2025-12-16T00:25:22.970+0000] {standard_task_runner.py:105} INFO - Job 50: Subtask transform_data
[2025-12-16T00:25:23.012+0000] {logging_mixin.py:190} WARNING - /home/***/.local/lib/python3.10/site-packages/***/settings.py:209 DeprecationWarning: The sql_alchemy_conn option in [core] has been moved to the sql_alchemy_conn option in [database] - the old setting has been used, but please update your config.
[2025-12-16T00:25:23.109+0000] {task_command.py:467} INFO - Running <TaskInstance: weather_prediction_pipeline_v2.transform_data manual__2025-12-16T00:25:05.299007+00:00 [running]> on host a31b9bcf920a
[2025-12-16T00:25:23.348+0000] {taskinstance.py:3131} INFO - Exporting env vars: AIRFLOW_CTX_DAG_OWNER='ahmed_sami' AIRFLOW_CTX_DAG_ID='weather_prediction_pipeline_v2' AIRFLOW_CTX_TASK_ID='transform_data' AIRFLOW_CTX_EXECUTION_DATE='2025-12-16T00:25:05.299007+00:00' AIRFLOW_CTX_TRY_NUMBER='1' AIRFLOW_CTX_DAG_RUN_ID='manual__2025-12-16T00:25:05.299007+00:00'
[2025-12-16T00:25:23.351+0000] {taskinstance.py:731} INFO - ::endgroup::
[2025-12-16T00:25:23.398+0000] {logging_mixin.py:190} INFO - ======================================================================
[2025-12-16T00:25:23.400+0000] {logging_mixin.py:190} INFO -                     DAY 1: ENHANCED FEATURE ENGINEERING
[2025-12-16T00:25:23.403+0000] {logging_mixin.py:190} INFO - ======================================================================
[2025-12-16T00:25:24.314+0000] {logging_mixin.py:190} INFO - 📊 Input shape: (361614, 10)
[2025-12-16T00:25:44.970+0000] {logging_mixin.py:190} INFO - ✅ Transformed shape: (361152, 34)
[2025-12-16T00:25:44.972+0000] {logging_mixin.py:190} INFO - 📊 Features created: 34
[2025-12-16T00:25:44.973+0000] {logging_mixin.py:190} INFO - 💾 Saved to: /opt/***/dags/aiii_model/transformed_data.csv
[2025-12-16T00:25:44.974+0000] {logging_mixin.py:190} INFO - ======================================================================
[2025-12-16T00:25:44.987+0000] {python.py:240} INFO - Done. Returned value was: None
[2025-12-16T00:25:45.009+0000] {taskinstance.py:340} INFO - ::group::Post task execution logs
[2025-12-16T00:25:45.012+0000] {taskinstance.py:352} INFO - Marking task as SUCCESS. dag_id=weather_prediction_pipeline_v2, task_id=transform_data, run_id=manual__2025-12-16T00:25:05.299007+00:00, execution_date=20251216T002505, start_date=20251216T002522, end_date=20251216T002545
[2025-12-16T00:25:45.068+0000] {local_task_job_runner.py:266} INFO - Task exited with return code 0
[2025-12-16T00:25:45.114+0000] {taskinstance.py:3900} INFO - 1 downstream tasks scheduled from follow-on schedule check
[2025-12-16T00:25:45.118+0000] {local_task_job_runner.py:245} INFO - ::endgroup::
