[2025-12-15T21:56:28.815+0000] {local_task_job_runner.py:123} INFO - ::group::Pre task execution logs
[2025-12-15T21:56:28.841+0000] {taskinstance.py:2612} INFO - Dependencies all met for dep_context=non-requeueable deps ti=<TaskInstance: weather_prediction_pipeline_v2.store_daily_predictions manual__2025-12-15T21:49:58.235302+00:00 [queued]>
[2025-12-15T21:56:28.851+0000] {taskinstance.py:2612} INFO - Dependencies all met for dep_context=requeueable deps ti=<TaskInstance: weather_prediction_pipeline_v2.store_daily_predictions manual__2025-12-15T21:49:58.235302+00:00 [queued]>
[2025-12-15T21:56:28.852+0000] {taskinstance.py:2865} INFO - Starting attempt 2 of 3
[2025-12-15T21:56:28.866+0000] {taskinstance.py:2888} INFO - Executing <Task(PythonOperator): store_daily_predictions> on 2025-12-15 21:49:58.235302+00:00
[2025-12-15T21:56:28.873+0000] {standard_task_runner.py:72} INFO - Started process 216 to run task
[2025-12-15T21:56:28.877+0000] {standard_task_runner.py:104} INFO - Running: ['***', 'tasks', 'run', 'weather_prediction_pipeline_v2', 'store_daily_predictions', 'manual__2025-12-15T21:49:58.235302+00:00', '--job-id', '105', '--raw', '--subdir', 'DAGS_FOLDER/test_etl.py', '--cfg-path', '/tmp/tmpw_uue3vo']
[2025-12-15T21:56:28.881+0000] {standard_task_runner.py:105} INFO - Job 105: Subtask store_daily_predictions
[2025-12-15T21:56:28.902+0000] {logging_mixin.py:190} WARNING - /home/***/.local/lib/python3.10/site-packages/***/settings.py:209 DeprecationWarning: The sql_alchemy_conn option in [core] has been moved to the sql_alchemy_conn option in [database] - the old setting has been used, but please update your config.
[2025-12-15T21:56:28.959+0000] {task_command.py:467} INFO - Running <TaskInstance: weather_prediction_pipeline_v2.store_daily_predictions manual__2025-12-15T21:49:58.235302+00:00 [running]> on host b89d32282382
[2025-12-15T21:56:29.072+0000] {taskinstance.py:3131} INFO - Exporting env vars: AIRFLOW_CTX_DAG_OWNER='ahmed_sami' AIRFLOW_CTX_DAG_ID='weather_prediction_pipeline_v2' AIRFLOW_CTX_TASK_ID='store_daily_predictions' AIRFLOW_CTX_EXECUTION_DATE='2025-12-15T21:49:58.235302+00:00' AIRFLOW_CTX_TRY_NUMBER='2' AIRFLOW_CTX_DAG_RUN_ID='manual__2025-12-15T21:49:58.235302+00:00'
[2025-12-15T21:56:29.074+0000] {taskinstance.py:731} INFO - ::endgroup::
[2025-12-15T21:56:29.097+0000] {logging_mixin.py:190} INFO - ======================================================================
[2025-12-15T21:56:29.098+0000] {logging_mixin.py:190} INFO -                     DAY 2: STORING PREDICTIONS (BULK MODE)
[2025-12-15T21:56:29.099+0000] {logging_mixin.py:190} INFO - ======================================================================
[2025-12-15T21:56:29.121+0000] {logging_mixin.py:190} INFO - 💾 Storing 27 predictions using Bulk Insert...
[2025-12-15T21:56:29.122+0000] {logging_mixin.py:190} INFO - 📅 Target date: 2025-12-16
[2025-12-15T21:56:29.138+0000] {base.py:84} INFO - Retrieving connection 'ml_con'
[2025-12-15T21:56:29.141+0000] {logging_mixin.py:190} INFO - 🔌 Connecting to database: postgres:5432
[2025-12-15T21:56:29.142+0000] {logging_mixin.py:190} INFO -    Database: ***
[2025-12-15T21:56:29.143+0000] {logging_mixin.py:190} INFO -    User: ***
[2025-12-15T21:56:29.144+0000] {logging_mixin.py:190} INFO -    Timeout: 10 seconds
[2025-12-15T21:56:29.145+0000] {logging_mixin.py:190} INFO - 🔌 Establishing connection...
[2025-12-15T21:56:29.153+0000] {logging_mixin.py:190} INFO - ✅ Connection established!
[2025-12-15T21:56:29.155+0000] {logging_mixin.py:190} INFO - ✅ Statement timeout set to 30s
[2025-12-15T21:56:29.156+0000] {logging_mixin.py:190} INFO - 📋 Creating/verifying table structure...
[2025-12-15T21:56:29.158+0000] {logging_mixin.py:190} INFO - ✅ Table structure verified
[2025-12-15T21:56:29.159+0000] {logging_mixin.py:190} INFO - 🔧 Ensuring all columns exist...
[2025-12-15T21:56:29.161+0000] {logging_mixin.py:190} INFO - ✅ Columns verified
[2025-12-15T21:56:29.162+0000] {logging_mixin.py:190} INFO - 📦 Preparing data for bulk insert...
[2025-12-15T21:56:29.163+0000] {logging_mixin.py:190} INFO - ✅ Prepared 27 records
[2025-12-15T21:56:29.164+0000] {logging_mixin.py:190} INFO - 🚀 Executing bulk insert...
[2025-12-15T21:56:29.170+0000] {logging_mixin.py:190} INFO - ✅ Bulk insert completed
[2025-12-15T21:56:29.171+0000] {logging_mixin.py:190} INFO - 💾 Committing transaction...
[2025-12-15T21:56:29.174+0000] {logging_mixin.py:190} INFO - ✅ Transaction committed successfully!
[2025-12-15T21:56:29.175+0000] {logging_mixin.py:190} INFO - 🔍 Verifying insertion...
[2025-12-15T21:56:29.177+0000] {logging_mixin.py:190} INFO - ✅ Verified: 27 predictions stored for 2025-12-16
[2025-12-15T21:56:29.178+0000] {logging_mixin.py:190} INFO - 🔌 Connection closed
[2025-12-15T21:56:29.179+0000] {logging_mixin.py:190} INFO - ======================================================================
[2025-12-15T21:56:29.180+0000] {logging_mixin.py:190} INFO - ✅ store_daily_predictions COMPLETED SUCCESSFULLY
[2025-12-15T21:56:29.182+0000] {logging_mixin.py:190} INFO - ======================================================================
[2025-12-15T21:56:29.183+0000] {python.py:240} INFO - Done. Returned value was: None
[2025-12-15T21:56:29.198+0000] {taskinstance.py:340} INFO - ::group::Post task execution logs
[2025-12-15T21:56:29.200+0000] {taskinstance.py:352} INFO - Marking task as SUCCESS. dag_id=weather_prediction_pipeline_v2, task_id=store_daily_predictions, run_id=manual__2025-12-15T21:49:58.235302+00:00, execution_date=20251215T214958, start_date=20251215T215628, end_date=20251215T215629
[2025-12-15T21:56:29.252+0000] {local_task_job_runner.py:266} INFO - Task exited with return code 0
[2025-12-15T21:56:29.278+0000] {taskinstance.py:3900} INFO - 0 downstream tasks scheduled from follow-on schedule check
[2025-12-15T21:56:29.281+0000] {local_task_job_runner.py:245} INFO - ::endgroup::
