[2025-12-16T00:21:42.709+0000] {local_task_job_runner.py:123} INFO - ::group::Pre task execution logs
[2025-12-16T00:21:42.763+0000] {taskinstance.py:2612} INFO - Dependencies all met for dep_context=non-requeueable deps ti=<TaskInstance: weather_prediction_pipeline_v2_fixed.load_to_postgres manual__2025-12-16T00:16:22.763867+00:00 [queued]>
[2025-12-16T00:21:42.782+0000] {taskinstance.py:2612} INFO - Dependencies all met for dep_context=requeueable deps ti=<TaskInstance: weather_prediction_pipeline_v2_fixed.load_to_postgres manual__2025-12-16T00:16:22.763867+00:00 [queued]>
[2025-12-16T00:21:42.784+0000] {taskinstance.py:2865} INFO - Starting attempt 1 of 3
[2025-12-16T00:21:42.812+0000] {taskinstance.py:2888} INFO - Executing <Task(PythonOperator): load_to_postgres> on 2025-12-16 00:16:22.763867+00:00
[2025-12-16T00:21:42.826+0000] {standard_task_runner.py:72} INFO - Started process 758 to run task
[2025-12-16T00:21:42.832+0000] {standard_task_runner.py:104} INFO - Running: ['***', 'tasks', 'run', 'weather_prediction_pipeline_v2_fixed', 'load_to_postgres', 'manual__2025-12-16T00:16:22.763867+00:00', '--job-id', '45', '--raw', '--subdir', 'DAGS_FOLDER/test_etl.py', '--cfg-path', '/tmp/tmpb83qwmgt']
[2025-12-16T00:21:42.838+0000] {standard_task_runner.py:105} INFO - Job 45: Subtask load_to_postgres
[2025-12-16T00:21:42.873+0000] {logging_mixin.py:190} WARNING - /home/***/.local/lib/python3.10/site-packages/***/settings.py:209 DeprecationWarning: The sql_alchemy_conn option in [core] has been moved to the sql_alchemy_conn option in [database] - the old setting has been used, but please update your config.
[2025-12-16T00:21:42.957+0000] {task_command.py:467} INFO - Running <TaskInstance: weather_prediction_pipeline_v2_fixed.load_to_postgres manual__2025-12-16T00:16:22.763867+00:00 [running]> on host a31b9bcf920a
[2025-12-16T00:21:43.133+0000] {taskinstance.py:3131} INFO - Exporting env vars: AIRFLOW_CTX_DAG_OWNER='ahmed_sami' AIRFLOW_CTX_DAG_ID='weather_prediction_pipeline_v2_fixed' AIRFLOW_CTX_TASK_ID='load_to_postgres' AIRFLOW_CTX_EXECUTION_DATE='2025-12-16T00:16:22.763867+00:00' AIRFLOW_CTX_TRY_NUMBER='1' AIRFLOW_CTX_DAG_RUN_ID='manual__2025-12-16T00:16:22.763867+00:00'
[2025-12-16T00:21:43.137+0000] {taskinstance.py:731} INFO - ::endgroup::
[2025-12-16T00:21:43.175+0000] {logging_mixin.py:190} INFO - ======================================================================
[2025-12-16T00:21:43.177+0000] {logging_mixin.py:190} INFO -                     DAY 1: LOADING TO DATABASE
[2025-12-16T00:21:43.180+0000] {logging_mixin.py:190} INFO - ======================================================================
[2025-12-16T00:21:46.598+0000] {logging_mixin.py:190} INFO - 📊 Rows to load: 361,152
[2025-12-16T00:21:57.157+0000] {base.py:84} INFO - Retrieving connection 'ml_con'
[2025-12-16T00:21:58.190+0000] {taskinstance.py:3310} ERROR - Task failed with exception
Traceback (most recent call last):
  File "/home/airflow/.local/lib/python3.10/site-packages/airflow/models/taskinstance.py", line 767, in _execute_task
    result = _execute_callable(context=context, **execute_callable_kwargs)
  File "/home/airflow/.local/lib/python3.10/site-packages/airflow/models/taskinstance.py", line 733, in _execute_callable
    return ExecutionCallableRunner(
  File "/home/airflow/.local/lib/python3.10/site-packages/airflow/utils/operator_helpers.py", line 252, in run
    return self.func(*args, **kwargs)
  File "/home/airflow/.local/lib/python3.10/site-packages/airflow/models/baseoperator.py", line 406, in wrapper
    return func(self, *args, **kwargs)
  File "/home/airflow/.local/lib/python3.10/site-packages/airflow/operators/python.py", line 238, in execute
    return_value = self.execute_callable()
  File "/home/airflow/.local/lib/python3.10/site-packages/airflow/operators/python.py", line 256, in execute_callable
    return runner.run(*self.op_args, **self.op_kwargs)
  File "/home/airflow/.local/lib/python3.10/site-packages/airflow/utils/operator_helpers.py", line 252, in run
    return self.func(*args, **kwargs)
  File "/opt/airflow/dags/test_etl.py", line 3010, in load_to_postgres
    cur.copy_expert("COPY weather_ml FROM STDIN WITH CSV", f)
psycopg2.errors.InvalidTextRepresentation: invalid input syntax for type integer: "19.67142857142857"
CONTEXT:  COPY weather_ml, line 1, column day_of_week: "19.67142857142857"

[2025-12-16T00:21:58.236+0000] {taskinstance.py:1225} INFO - Marking task as UP_FOR_RETRY. dag_id=weather_prediction_pipeline_v2_fixed, task_id=load_to_postgres, run_id=manual__2025-12-16T00:16:22.763867+00:00, execution_date=20251216T001622, start_date=20251216T002142, end_date=20251216T002158
[2025-12-16T00:21:58.263+0000] {taskinstance.py:340} INFO - ::group::Post task execution logs
[2025-12-16T00:21:58.266+0000] {standard_task_runner.py:124} ERROR - Failed to execute job 45 for task load_to_postgres (invalid input syntax for type integer: "19.67142857142857"
CONTEXT:  COPY weather_ml, line 1, column day_of_week: "19.67142857142857"
; 758)
Traceback (most recent call last):
  File "/home/airflow/.local/lib/python3.10/site-packages/airflow/task/task_runner/standard_task_runner.py", line 117, in _start_by_fork
    ret = args.func(args, dag=self.dag)
  File "/home/airflow/.local/lib/python3.10/site-packages/airflow/cli/cli_config.py", line 49, in command
    return func(*args, **kwargs)
  File "/home/airflow/.local/lib/python3.10/site-packages/airflow/utils/cli.py", line 115, in wrapper
    return f(*args, **kwargs)
  File "/home/airflow/.local/lib/python3.10/site-packages/airflow/cli/commands/task_command.py", line 483, in task_run
    task_return_code = _run_task_by_selected_method(args, _dag, ti)
  File "/home/airflow/.local/lib/python3.10/site-packages/airflow/cli/commands/task_command.py", line 256, in _run_task_by_selected_method
    return _run_raw_task(args, ti)
  File "/home/airflow/.local/lib/python3.10/site-packages/airflow/cli/commands/task_command.py", line 341, in _run_raw_task
    return ti._run_raw_task(
  File "/home/airflow/.local/lib/python3.10/site-packages/airflow/utils/session.py", line 97, in wrapper
    return func(*args, session=session, **kwargs)
  File "/home/airflow/.local/lib/python3.10/site-packages/airflow/models/taskinstance.py", line 3004, in _run_raw_task
    return _run_raw_task(
  File "/home/airflow/.local/lib/python3.10/site-packages/airflow/models/taskinstance.py", line 273, in _run_raw_task
    TaskInstance._execute_task_with_callbacks(
  File "/home/airflow/.local/lib/python3.10/site-packages/airflow/models/taskinstance.py", line 3158, in _execute_task_with_callbacks
    result = self._execute_task(context, task_orig)
  File "/home/airflow/.local/lib/python3.10/site-packages/airflow/models/taskinstance.py", line 3182, in _execute_task
    return _execute_task(self, context, task_orig)
  File "/home/airflow/.local/lib/python3.10/site-packages/airflow/models/taskinstance.py", line 767, in _execute_task
    result = _execute_callable(context=context, **execute_callable_kwargs)
  File "/home/airflow/.local/lib/python3.10/site-packages/airflow/models/taskinstance.py", line 733, in _execute_callable
    return ExecutionCallableRunner(
  File "/home/airflow/.local/lib/python3.10/site-packages/airflow/utils/operator_helpers.py", line 252, in run
    return self.func(*args, **kwargs)
  File "/home/airflow/.local/lib/python3.10/site-packages/airflow/models/baseoperator.py", line 406, in wrapper
    return func(self, *args, **kwargs)
  File "/home/airflow/.local/lib/python3.10/site-packages/airflow/operators/python.py", line 238, in execute
    return_value = self.execute_callable()
  File "/home/airflow/.local/lib/python3.10/site-packages/airflow/operators/python.py", line 256, in execute_callable
    return runner.run(*self.op_args, **self.op_kwargs)
  File "/home/airflow/.local/lib/python3.10/site-packages/airflow/utils/operator_helpers.py", line 252, in run
    return self.func(*args, **kwargs)
  File "/opt/airflow/dags/test_etl.py", line 3010, in load_to_postgres
    cur.copy_expert("COPY weather_ml FROM STDIN WITH CSV", f)
psycopg2.errors.InvalidTextRepresentation: invalid input syntax for type integer: "19.67142857142857"
CONTEXT:  COPY weather_ml, line 1, column day_of_week: "19.67142857142857"

[2025-12-16T00:21:58.323+0000] {local_task_job_runner.py:266} INFO - Task exited with return code 1
[2025-12-16T00:21:58.412+0000] {taskinstance.py:3900} INFO - 0 downstream tasks scheduled from follow-on schedule check
[2025-12-16T00:21:58.419+0000] {local_task_job_runner.py:245} INFO - ::endgroup::
