[2025-12-15T20:32:31.485+0000] {local_task_job_runner.py:123} INFO - ::group::Pre task execution logs
[2025-12-15T20:32:31.548+0000] {taskinstance.py:2612} INFO - Dependencies all met for dep_context=non-requeueable deps ti=<TaskInstance: weather_prediction_pipeline_v2.store_daily_predictions manual__2025-12-15T20:27:25.264929+00:00 [queued]>
[2025-12-15T20:32:31.572+0000] {taskinstance.py:2612} INFO - Dependencies all met for dep_context=requeueable deps ti=<TaskInstance: weather_prediction_pipeline_v2.store_daily_predictions manual__2025-12-15T20:27:25.264929+00:00 [queued]>
[2025-12-15T20:32:31.575+0000] {taskinstance.py:2865} INFO - Starting attempt 3 of 5
[2025-12-15T20:32:31.607+0000] {taskinstance.py:2888} INFO - Executing <Task(PythonOperator): store_daily_predictions> on 2025-12-15 20:27:25.264929+00:00
[2025-12-15T20:32:31.632+0000] {standard_task_runner.py:72} INFO - Started process 17651 to run task
[2025-12-15T20:32:31.641+0000] {standard_task_runner.py:104} INFO - Running: ['***', 'tasks', 'run', 'weather_prediction_pipeline_v2', 'store_daily_predictions', 'manual__2025-12-15T20:27:25.264929+00:00', '--job-id', '84', '--raw', '--subdir', 'DAGS_FOLDER/test_etl.py', '--cfg-path', '/tmp/tmp6wx8ycc5']
[2025-12-15T20:32:31.650+0000] {standard_task_runner.py:105} INFO - Job 84: Subtask store_daily_predictions
[2025-12-15T20:32:31.697+0000] {logging_mixin.py:190} WARNING - /home/***/.local/lib/python3.10/site-packages/***/settings.py:209 DeprecationWarning: The sql_alchemy_conn option in [core] has been moved to the sql_alchemy_conn option in [database] - the old setting has been used, but please update your config.
[2025-12-15T20:32:31.800+0000] {task_command.py:467} INFO - Running <TaskInstance: weather_prediction_pipeline_v2.store_daily_predictions manual__2025-12-15T20:27:25.264929+00:00 [running]> on host 89522446c9a4
[2025-12-15T20:32:31.973+0000] {taskinstance.py:3131} INFO - Exporting env vars: AIRFLOW_CTX_DAG_OWNER='ahmed_sami' AIRFLOW_CTX_DAG_ID='weather_prediction_pipeline_v2' AIRFLOW_CTX_TASK_ID='store_daily_predictions' AIRFLOW_CTX_EXECUTION_DATE='2025-12-15T20:27:25.264929+00:00' AIRFLOW_CTX_TRY_NUMBER='3' AIRFLOW_CTX_DAG_RUN_ID='manual__2025-12-15T20:27:25.264929+00:00'
[2025-12-15T20:32:31.977+0000] {taskinstance.py:731} INFO - ::endgroup::
[2025-12-15T20:32:32.029+0000] {logging_mixin.py:190} INFO - ======================================================================
[2025-12-15T20:32:32.062+0000] {logging_mixin.py:190} INFO -                     DAY 2: STORING PREDICTIONS (BULK MODE)
[2025-12-15T20:32:32.063+0000] {logging_mixin.py:190} INFO - ======================================================================
[2025-12-15T20:32:32.121+0000] {logging_mixin.py:190} INFO - 💾 Storing 27 predictions using Bulk Insert...
[2025-12-15T20:32:32.146+0000] {base.py:84} INFO - Retrieving connection 'ml_con'
[2025-12-15T20:32:33.573+0000] {local_task_job_runner.py:123} INFO - ::group::Pre task execution logs
[2025-12-15T20:32:33.602+0000] {taskinstance.py:2602} INFO - Dependencies not met for <TaskInstance: weather_prediction_pipeline_v2.store_daily_predictions manual__2025-12-15T20:27:25.264929+00:00 [running]>, dependency 'Task Instance Not Running' FAILED: Task is in the running state
[2025-12-15T20:32:33.604+0000] {taskinstance.py:2602} INFO - Dependencies not met for <TaskInstance: weather_prediction_pipeline_v2.store_daily_predictions manual__2025-12-15T20:27:25.264929+00:00 [running]>, dependency 'Task Instance State' FAILED: Task is in the 'running' state.
[2025-12-15T20:32:33.619+0000] {local_task_job_runner.py:166} INFO - Task is not able to be run
[2025-12-15T20:51:35.206+0000] {local_task_job_runner.py:346} WARNING - State of this instance has been externally set to None. Terminating instance.
[2025-12-15T20:51:35.211+0000] {local_task_job_runner.py:245} INFO - ::endgroup::
[2025-12-15T20:51:35.213+0000] {process_utils.py:132} INFO - Sending 15 to group 17651. PIDs of all processes in the group: [17651]
[2025-12-15T20:51:35.214+0000] {process_utils.py:87} INFO - Sending the signal 15 to group 17651
[2025-12-15T20:52:35.216+0000] {process_utils.py:150} WARNING - process psutil.Process(pid=17651, name='airflow task ru', status='sleeping', started='20:32:31') did not respond to SIGTERM. Trying SIGKILL
[2025-12-15T20:52:35.221+0000] {process_utils.py:87} INFO - Sending the signal 9 to group 17651
[2025-12-15T20:52:35.235+0000] {process_utils.py:80} INFO - Process psutil.Process(pid=17651, name='airflow task ru', status='terminated', exitcode=<Negsignal.SIGKILL: -9>, started='20:32:31') (17651) terminated with exit code -9
[2025-12-15T20:52:35.237+0000] {standard_task_runner.py:190} ERROR - ('Job 84 was killed before it finished (likely due to running out of memory)', 'For more information, see https://***.apache.org/docs/apache-***/stable/troubleshooting.html#LocalTaskJob-killed')
