[2025-12-15T20:27:58.780+0000] {local_task_job_runner.py:123} INFO - ::group::Pre task execution logs
[2025-12-15T20:27:58.814+0000] {taskinstance.py:2612} INFO - Dependencies all met for dep_context=non-requeueable deps ti=<TaskInstance: weather_prediction_pipeline_v2.store_daily_predictions manual__2025-12-15T20:27:25.264929+00:00 [queued]>
[2025-12-15T20:27:58.827+0000] {taskinstance.py:2612} INFO - Dependencies all met for dep_context=requeueable deps ti=<TaskInstance: weather_prediction_pipeline_v2.store_daily_predictions manual__2025-12-15T20:27:25.264929+00:00 [queued]>
[2025-12-15T20:27:58.828+0000] {taskinstance.py:2865} INFO - Starting attempt 1 of 3
[2025-12-15T20:27:58.844+0000] {taskinstance.py:2888} INFO - Executing <Task(PythonOperator): store_daily_predictions> on 2025-12-15 20:27:25.264929+00:00
[2025-12-15T20:27:58.857+0000] {standard_task_runner.py:72} INFO - Started process 17384 to run task
[2025-12-15T20:27:58.864+0000] {standard_task_runner.py:104} INFO - Running: ['***', 'tasks', 'run', 'weather_prediction_pipeline_v2', 'store_daily_predictions', 'manual__2025-12-15T20:27:25.264929+00:00', '--job-id', '83', '--raw', '--subdir', 'DAGS_FOLDER/test_etl.py', '--cfg-path', '/tmp/tmpxpsktj6t']
[2025-12-15T20:27:58.868+0000] {standard_task_runner.py:105} INFO - Job 83: Subtask store_daily_predictions
[2025-12-15T20:27:58.898+0000] {logging_mixin.py:190} WARNING - /home/***/.local/lib/python3.10/site-packages/***/settings.py:209 DeprecationWarning: The sql_alchemy_conn option in [core] has been moved to the sql_alchemy_conn option in [database] - the old setting has been used, but please update your config.
[2025-12-15T20:27:58.979+0000] {task_command.py:467} INFO - Running <TaskInstance: weather_prediction_pipeline_v2.store_daily_predictions manual__2025-12-15T20:27:25.264929+00:00 [running]> on host 89522446c9a4
[2025-12-15T20:27:59.144+0000] {taskinstance.py:3131} INFO - Exporting env vars: AIRFLOW_CTX_DAG_OWNER='ahmed_sami' AIRFLOW_CTX_DAG_ID='weather_prediction_pipeline_v2' AIRFLOW_CTX_TASK_ID='store_daily_predictions' AIRFLOW_CTX_EXECUTION_DATE='2025-12-15T20:27:25.264929+00:00' AIRFLOW_CTX_TRY_NUMBER='1' AIRFLOW_CTX_DAG_RUN_ID='manual__2025-12-15T20:27:25.264929+00:00'
[2025-12-15T20:27:59.145+0000] {taskinstance.py:731} INFO - ::endgroup::
[2025-12-15T20:27:59.174+0000] {logging_mixin.py:190} INFO - ======================================================================
[2025-12-15T20:27:59.175+0000] {logging_mixin.py:190} INFO -                     DAY 2: STORING PREDICTIONS (BULK MODE)
[2025-12-15T20:27:59.176+0000] {logging_mixin.py:190} INFO - ======================================================================
[2025-12-15T20:27:59.207+0000] {logging_mixin.py:190} INFO - 💾 Storing 27 predictions using Bulk Insert...
[2025-12-15T20:27:59.225+0000] {base.py:84} INFO - Retrieving connection 'ml_con'
[2025-12-15T20:32:32.661+0000] {local_task_job_runner.py:318} WARNING - Recorded pid 17651 does not match the current pid 17384
[2025-12-15T20:32:32.663+0000] {local_task_job_runner.py:218} WARNING - Heartbeat failed with Exception: PID of job runner does not match
[2025-12-15T20:32:37.733+0000] {local_task_job_runner.py:318} WARNING - Recorded pid 17651 does not match the current pid 17384
[2025-12-15T20:32:37.739+0000] {local_task_job_runner.py:218} WARNING - Heartbeat failed with Exception: PID of job runner does not match
[2025-12-15T20:32:42.816+0000] {local_task_job_runner.py:318} WARNING - Recorded pid 17651 does not match the current pid 17384
[2025-12-15T20:32:42.818+0000] {local_task_job_runner.py:218} WARNING - Heartbeat failed with Exception: PID of job runner does not match
[2025-12-15T20:32:47.896+0000] {local_task_job_runner.py:318} WARNING - Recorded pid 17651 does not match the current pid 17384
[2025-12-15T20:32:47.897+0000] {local_task_job_runner.py:218} WARNING - Heartbeat failed with Exception: PID of job runner does not match
[2025-12-15T20:32:52.963+0000] {local_task_job_runner.py:318} WARNING - Recorded pid 17651 does not match the current pid 17384
[2025-12-15T20:32:52.964+0000] {local_task_job_runner.py:218} WARNING - Heartbeat failed with Exception: PID of job runner does not match
[2025-12-15T20:32:58.044+0000] {local_task_job_runner.py:318} WARNING - Recorded pid 17651 does not match the current pid 17384
[2025-12-15T20:32:58.045+0000] {local_task_job_runner.py:218} WARNING - Heartbeat failed with Exception: PID of job runner does not match
[2025-12-15T20:33:03.122+0000] {local_task_job_runner.py:318} WARNING - Recorded pid 17651 does not match the current pid 17384
[2025-12-15T20:33:03.124+0000] {local_task_job_runner.py:218} WARNING - Heartbeat failed with Exception: PID of job runner does not match
[2025-12-15T20:33:08.186+0000] {local_task_job_runner.py:318} WARNING - Recorded pid 17651 does not match the current pid 17384
[2025-12-15T20:33:08.187+0000] {local_task_job_runner.py:218} WARNING - Heartbeat failed with Exception: PID of job runner does not match
[2025-12-15T20:33:13.257+0000] {local_task_job_runner.py:318} WARNING - Recorded pid 17651 does not match the current pid 17384
[2025-12-15T20:33:13.258+0000] {local_task_job_runner.py:218} WARNING - Heartbeat failed with Exception: PID of job runner does not match
[2025-12-15T20:33:18.335+0000] {local_task_job_runner.py:318} WARNING - Recorded pid 17651 does not match the current pid 17384
[2025-12-15T20:33:18.336+0000] {local_task_job_runner.py:218} WARNING - Heartbeat failed with Exception: PID of job runner does not match
[2025-12-15T20:33:23.403+0000] {local_task_job_runner.py:318} WARNING - Recorded pid 17651 does not match the current pid 17384
[2025-12-15T20:33:23.404+0000] {local_task_job_runner.py:218} WARNING - Heartbeat failed with Exception: PID of job runner does not match
[2025-12-15T20:33:28.473+0000] {local_task_job_runner.py:318} WARNING - Recorded pid 17651 does not match the current pid 17384
[2025-12-15T20:33:28.474+0000] {local_task_job_runner.py:218} WARNING - Heartbeat failed with Exception: PID of job runner does not match
[2025-12-15T20:33:33.548+0000] {local_task_job_runner.py:318} WARNING - Recorded pid 17651 does not match the current pid 17384
[2025-12-15T20:33:33.549+0000] {local_task_job_runner.py:218} WARNING - Heartbeat failed with Exception: PID of job runner does not match
[2025-12-15T20:33:38.630+0000] {local_task_job_runner.py:318} WARNING - Recorded pid 17651 does not match the current pid 17384
[2025-12-15T20:33:38.631+0000] {local_task_job_runner.py:218} WARNING - Heartbeat failed with Exception: PID of job runner does not match
[2025-12-15T20:33:43.705+0000] {local_task_job_runner.py:318} WARNING - Recorded pid 17651 does not match the current pid 17384
[2025-12-15T20:33:43.709+0000] {local_task_job_runner.py:218} WARNING - Heartbeat failed with Exception: PID of job runner does not match
[2025-12-15T20:33:48.778+0000] {local_task_job_runner.py:318} WARNING - Recorded pid 17651 does not match the current pid 17384
[2025-12-15T20:33:48.779+0000] {local_task_job_runner.py:218} WARNING - Heartbeat failed with Exception: PID of job runner does not match
[2025-12-15T20:33:53.849+0000] {local_task_job_runner.py:318} WARNING - Recorded pid 17651 does not match the current pid 17384
[2025-12-15T20:33:53.851+0000] {local_task_job_runner.py:218} WARNING - Heartbeat failed with Exception: PID of job runner does not match
[2025-12-15T20:33:58.917+0000] {local_task_job_runner.py:318} WARNING - Recorded pid 17651 does not match the current pid 17384
[2025-12-15T20:33:58.918+0000] {local_task_job_runner.py:218} WARNING - Heartbeat failed with Exception: PID of job runner does not match
[2025-12-15T20:34:03.966+0000] {local_task_job_runner.py:318} WARNING - Recorded pid 17651 does not match the current pid 17384
[2025-12-15T20:34:03.968+0000] {local_task_job_runner.py:218} WARNING - Heartbeat failed with Exception: PID of job runner does not match
[2025-12-15T20:34:09.034+0000] {local_task_job_runner.py:318} WARNING - Recorded pid 17651 does not match the current pid 17384
[2025-12-15T20:34:09.036+0000] {local_task_job_runner.py:218} WARNING - Heartbeat failed with Exception: PID of job runner does not match
[2025-12-15T20:34:14.108+0000] {local_task_job_runner.py:318} WARNING - Recorded pid 17651 does not match the current pid 17384
[2025-12-15T20:34:14.109+0000] {local_task_job_runner.py:218} WARNING - Heartbeat failed with Exception: PID of job runner does not match
[2025-12-15T20:34:19.184+0000] {local_task_job_runner.py:318} WARNING - Recorded pid 17651 does not match the current pid 17384
[2025-12-15T20:34:19.189+0000] {local_task_job_runner.py:218} WARNING - Heartbeat failed with Exception: PID of job runner does not match
[2025-12-15T20:34:24.262+0000] {local_task_job_runner.py:318} WARNING - Recorded pid 17651 does not match the current pid 17384
[2025-12-15T20:34:24.264+0000] {local_task_job_runner.py:218} WARNING - Heartbeat failed with Exception: PID of job runner does not match
[2025-12-15T20:34:29.328+0000] {local_task_job_runner.py:318} WARNING - Recorded pid 17651 does not match the current pid 17384
[2025-12-15T20:34:29.329+0000] {local_task_job_runner.py:218} WARNING - Heartbeat failed with Exception: PID of job runner does not match
[2025-12-15T20:34:34.367+0000] {local_task_job_runner.py:318} WARNING - Recorded pid 17651 does not match the current pid 17384
[2025-12-15T20:34:34.368+0000] {local_task_job_runner.py:218} WARNING - Heartbeat failed with Exception: PID of job runner does not match
[2025-12-15T20:34:39.435+0000] {local_task_job_runner.py:318} WARNING - Recorded pid 17651 does not match the current pid 17384
[2025-12-15T20:34:39.436+0000] {local_task_job_runner.py:218} WARNING - Heartbeat failed with Exception: PID of job runner does not match
[2025-12-15T20:34:44.510+0000] {local_task_job_runner.py:318} WARNING - Recorded pid 17651 does not match the current pid 17384
[2025-12-15T20:34:44.516+0000] {local_task_job_runner.py:218} WARNING - Heartbeat failed with Exception: PID of job runner does not match
[2025-12-15T20:34:49.592+0000] {local_task_job_runner.py:318} WARNING - Recorded pid 17651 does not match the current pid 17384
[2025-12-15T20:34:49.594+0000] {local_task_job_runner.py:218} WARNING - Heartbeat failed with Exception: PID of job runner does not match
[2025-12-15T20:34:54.682+0000] {local_task_job_runner.py:318} WARNING - Recorded pid 17651 does not match the current pid 17384
[2025-12-15T20:34:54.684+0000] {local_task_job_runner.py:218} WARNING - Heartbeat failed with Exception: PID of job runner does not match
[2025-12-15T20:34:59.746+0000] {local_task_job_runner.py:318} WARNING - Recorded pid 17651 does not match the current pid 17384
[2025-12-15T20:34:59.747+0000] {local_task_job_runner.py:218} WARNING - Heartbeat failed with Exception: PID of job runner does not match
[2025-12-15T20:35:04.819+0000] {local_task_job_runner.py:318} WARNING - Recorded pid 17651 does not match the current pid 17384
[2025-12-15T20:35:04.820+0000] {local_task_job_runner.py:218} WARNING - Heartbeat failed with Exception: PID of job runner does not match
[2025-12-15T20:35:09.859+0000] {local_task_job_runner.py:318} WARNING - Recorded pid 17651 does not match the current pid 17384
[2025-12-15T20:35:09.860+0000] {local_task_job_runner.py:218} WARNING - Heartbeat failed with Exception: PID of job runner does not match
[2025-12-15T20:35:14.944+0000] {local_task_job_runner.py:318} WARNING - Recorded pid 17651 does not match the current pid 17384
[2025-12-15T20:35:14.946+0000] {local_task_job_runner.py:218} WARNING - Heartbeat failed with Exception: PID of job runner does not match
[2025-12-15T20:35:20.018+0000] {local_task_job_runner.py:318} WARNING - Recorded pid 17651 does not match the current pid 17384
[2025-12-15T20:35:20.020+0000] {local_task_job_runner.py:218} WARNING - Heartbeat failed with Exception: PID of job runner does not match
[2025-12-15T20:35:25.086+0000] {local_task_job_runner.py:318} WARNING - Recorded pid 17651 does not match the current pid 17384
[2025-12-15T20:35:25.088+0000] {local_task_job_runner.py:218} WARNING - Heartbeat failed with Exception: PID of job runner does not match
[2025-12-15T20:35:30.184+0000] {local_task_job_runner.py:318} WARNING - Recorded pid 17651 does not match the current pid 17384
[2025-12-15T20:35:30.186+0000] {local_task_job_runner.py:218} WARNING - Heartbeat failed with Exception: PID of job runner does not match
[2025-12-15T20:35:35.250+0000] {local_task_job_runner.py:318} WARNING - Recorded pid 17651 does not match the current pid 17384
[2025-12-15T20:35:35.252+0000] {local_task_job_runner.py:218} WARNING - Heartbeat failed with Exception: PID of job runner does not match
[2025-12-15T20:35:40.326+0000] {local_task_job_runner.py:318} WARNING - Recorded pid 17651 does not match the current pid 17384
[2025-12-15T20:35:40.327+0000] {local_task_job_runner.py:218} WARNING - Heartbeat failed with Exception: PID of job runner does not match
[2025-12-15T20:35:45.397+0000] {local_task_job_runner.py:318} WARNING - Recorded pid 17651 does not match the current pid 17384
[2025-12-15T20:35:45.398+0000] {local_task_job_runner.py:218} WARNING - Heartbeat failed with Exception: PID of job runner does not match
[2025-12-15T20:35:50.472+0000] {local_task_job_runner.py:318} WARNING - Recorded pid 17651 does not match the current pid 17384
[2025-12-15T20:35:50.473+0000] {local_task_job_runner.py:218} WARNING - Heartbeat failed with Exception: PID of job runner does not match
[2025-12-15T20:35:55.551+0000] {local_task_job_runner.py:318} WARNING - Recorded pid 17651 does not match the current pid 17384
[2025-12-15T20:35:55.553+0000] {local_task_job_runner.py:218} WARNING - Heartbeat failed with Exception: PID of job runner does not match
[2025-12-15T20:36:00.624+0000] {local_task_job_runner.py:318} WARNING - Recorded pid 17651 does not match the current pid 17384
[2025-12-15T20:36:00.625+0000] {local_task_job_runner.py:218} WARNING - Heartbeat failed with Exception: PID of job runner does not match
[2025-12-15T20:36:05.696+0000] {local_task_job_runner.py:318} WARNING - Recorded pid 17651 does not match the current pid 17384
[2025-12-15T20:36:05.697+0000] {local_task_job_runner.py:218} WARNING - Heartbeat failed with Exception: PID of job runner does not match
[2025-12-15T20:36:10.773+0000] {local_task_job_runner.py:318} WARNING - Recorded pid 17651 does not match the current pid 17384
[2025-12-15T20:36:10.774+0000] {local_task_job_runner.py:218} WARNING - Heartbeat failed with Exception: PID of job runner does not match
[2025-12-15T20:36:15.846+0000] {local_task_job_runner.py:318} WARNING - Recorded pid 17651 does not match the current pid 17384
[2025-12-15T20:36:15.847+0000] {local_task_job_runner.py:218} WARNING - Heartbeat failed with Exception: PID of job runner does not match
[2025-12-15T20:36:20.924+0000] {local_task_job_runner.py:318} WARNING - Recorded pid 17651 does not match the current pid 17384
[2025-12-15T20:36:20.931+0000] {local_task_job_runner.py:218} WARNING - Heartbeat failed with Exception: PID of job runner does not match
[2025-12-15T20:36:26.003+0000] {local_task_job_runner.py:318} WARNING - Recorded pid 17651 does not match the current pid 17384
[2025-12-15T20:36:26.005+0000] {local_task_job_runner.py:218} WARNING - Heartbeat failed with Exception: PID of job runner does not match
[2025-12-15T20:36:31.079+0000] {local_task_job_runner.py:318} WARNING - Recorded pid 17651 does not match the current pid 17384
[2025-12-15T20:36:31.081+0000] {local_task_job_runner.py:218} WARNING - Heartbeat failed with Exception: PID of job runner does not match
[2025-12-15T20:36:36.154+0000] {local_task_job_runner.py:318} WARNING - Recorded pid 17651 does not match the current pid 17384
[2025-12-15T20:36:36.156+0000] {local_task_job_runner.py:218} WARNING - Heartbeat failed with Exception: PID of job runner does not match
[2025-12-15T20:36:41.221+0000] {local_task_job_runner.py:318} WARNING - Recorded pid 17651 does not match the current pid 17384
[2025-12-15T20:36:41.222+0000] {local_task_job_runner.py:218} WARNING - Heartbeat failed with Exception: PID of job runner does not match
[2025-12-15T20:36:46.309+0000] {local_task_job_runner.py:318} WARNING - Recorded pid 17651 does not match the current pid 17384
[2025-12-15T20:36:46.311+0000] {local_task_job_runner.py:218} WARNING - Heartbeat failed with Exception: PID of job runner does not match
[2025-12-15T20:36:51.387+0000] {local_task_job_runner.py:318} WARNING - Recorded pid 17651 does not match the current pid 17384
[2025-12-15T20:36:51.391+0000] {local_task_job_runner.py:218} WARNING - Heartbeat failed with Exception: PID of job runner does not match
[2025-12-15T20:36:56.459+0000] {local_task_job_runner.py:318} WARNING - Recorded pid 17651 does not match the current pid 17384
[2025-12-15T20:36:56.460+0000] {local_task_job_runner.py:218} WARNING - Heartbeat failed with Exception: PID of job runner does not match
[2025-12-15T20:37:01.537+0000] {local_task_job_runner.py:318} WARNING - Recorded pid 17651 does not match the current pid 17384
[2025-12-15T20:37:01.538+0000] {local_task_job_runner.py:218} WARNING - Heartbeat failed with Exception: PID of job runner does not match
[2025-12-15T20:37:06.611+0000] {local_task_job_runner.py:318} WARNING - Recorded pid 17651 does not match the current pid 17384
[2025-12-15T20:37:06.612+0000] {local_task_job_runner.py:218} WARNING - Heartbeat failed with Exception: PID of job runner does not match
[2025-12-15T20:37:11.677+0000] {local_task_job_runner.py:318} WARNING - Recorded pid 17651 does not match the current pid 17384
[2025-12-15T20:37:11.678+0000] {local_task_job_runner.py:218} WARNING - Heartbeat failed with Exception: PID of job runner does not match
[2025-12-15T20:37:16.746+0000] {local_task_job_runner.py:318} WARNING - Recorded pid 17651 does not match the current pid 17384
[2025-12-15T20:37:16.748+0000] {local_task_job_runner.py:218} WARNING - Heartbeat failed with Exception: PID of job runner does not match
[2025-12-15T20:37:21.819+0000] {local_task_job_runner.py:318} WARNING - Recorded pid 17651 does not match the current pid 17384
[2025-12-15T20:37:21.821+0000] {local_task_job_runner.py:218} WARNING - Heartbeat failed with Exception: PID of job runner does not match
[2025-12-15T20:37:26.882+0000] {local_task_job_runner.py:318} WARNING - Recorded pid 17651 does not match the current pid 17384
[2025-12-15T20:37:26.884+0000] {local_task_job_runner.py:218} WARNING - Heartbeat failed with Exception: PID of job runner does not match
[2025-12-15T20:37:31.949+0000] {local_task_job_runner.py:318} WARNING - Recorded pid 17651 does not match the current pid 17384
[2025-12-15T20:37:31.951+0000] {local_task_job_runner.py:218} WARNING - Heartbeat failed with Exception: PID of job runner does not match
[2025-12-15T20:37:37.019+0000] {local_task_job_runner.py:318} WARNING - Recorded pid 17651 does not match the current pid 17384
[2025-12-15T20:37:37.021+0000] {local_task_job_runner.py:218} WARNING - Heartbeat failed with Exception: PID of job runner does not match
[2025-12-15T20:37:42.089+0000] {local_task_job_runner.py:318} WARNING - Recorded pid 17651 does not match the current pid 17384
[2025-12-15T20:37:42.092+0000] {local_task_job_runner.py:218} WARNING - Heartbeat failed with Exception: PID of job runner does not match
[2025-12-15T20:37:47.130+0000] {local_task_job_runner.py:318} WARNING - Recorded pid 17651 does not match the current pid 17384
[2025-12-15T20:37:47.131+0000] {local_task_job_runner.py:218} WARNING - Heartbeat failed with Exception: PID of job runner does not match
[2025-12-15T20:37:52.199+0000] {local_task_job_runner.py:318} WARNING - Recorded pid 17651 does not match the current pid 17384
[2025-12-15T20:37:52.200+0000] {local_task_job_runner.py:218} WARNING - Heartbeat failed with Exception: PID of job runner does not match
[2025-12-15T20:37:57.268+0000] {local_task_job_runner.py:318} WARNING - Recorded pid 17651 does not match the current pid 17384
[2025-12-15T20:37:57.271+0000] {local_task_job_runner.py:218} WARNING - Heartbeat failed with Exception: PID of job runner does not match
[2025-12-15T20:38:02.335+0000] {local_task_job_runner.py:318} WARNING - Recorded pid 17651 does not match the current pid 17384
[2025-12-15T20:38:02.336+0000] {local_task_job_runner.py:218} WARNING - Heartbeat failed with Exception: PID of job runner does not match
[2025-12-15T20:38:07.408+0000] {local_task_job_runner.py:318} WARNING - Recorded pid 17651 does not match the current pid 17384
[2025-12-15T20:38:07.410+0000] {local_task_job_runner.py:218} WARNING - Heartbeat failed with Exception: PID of job runner does not match
[2025-12-15T20:38:12.475+0000] {local_task_job_runner.py:318} WARNING - Recorded pid 17651 does not match the current pid 17384
[2025-12-15T20:38:12.478+0000] {local_task_job_runner.py:218} WARNING - Heartbeat failed with Exception: PID of job runner does not match
[2025-12-15T20:38:17.510+0000] {local_task_job_runner.py:318} WARNING - Recorded pid 17651 does not match the current pid 17384
[2025-12-15T20:38:17.512+0000] {local_task_job_runner.py:218} WARNING - Heartbeat failed with Exception: PID of job runner does not match
[2025-12-15T20:38:22.545+0000] {local_task_job_runner.py:318} WARNING - Recorded pid 17651 does not match the current pid 17384
[2025-12-15T20:38:22.546+0000] {local_task_job_runner.py:218} WARNING - Heartbeat failed with Exception: PID of job runner does not match
[2025-12-15T20:38:27.615+0000] {local_task_job_runner.py:318} WARNING - Recorded pid 17651 does not match the current pid 17384
[2025-12-15T20:38:27.617+0000] {local_task_job_runner.py:218} WARNING - Heartbeat failed with Exception: PID of job runner does not match
[2025-12-15T20:38:32.685+0000] {local_task_job_runner.py:318} WARNING - Recorded pid 17651 does not match the current pid 17384
[2025-12-15T20:38:32.689+0000] {local_task_job_runner.py:218} WARNING - Heartbeat failed with Exception: PID of job runner does not match
[2025-12-15T20:38:37.753+0000] {local_task_job_runner.py:318} WARNING - Recorded pid 17651 does not match the current pid 17384
[2025-12-15T20:38:37.756+0000] {local_task_job_runner.py:218} WARNING - Heartbeat failed with Exception: PID of job runner does not match
[2025-12-15T20:38:42.822+0000] {local_task_job_runner.py:318} WARNING - Recorded pid 17651 does not match the current pid 17384
[2025-12-15T20:38:42.823+0000] {local_task_job_runner.py:218} WARNING - Heartbeat failed with Exception: PID of job runner does not match
[2025-12-15T20:38:47.892+0000] {local_task_job_runner.py:318} WARNING - Recorded pid 17651 does not match the current pid 17384
[2025-12-15T20:38:47.893+0000] {local_task_job_runner.py:218} WARNING - Heartbeat failed with Exception: PID of job runner does not match
[2025-12-15T20:38:52.923+0000] {local_task_job_runner.py:318} WARNING - Recorded pid 17651 does not match the current pid 17384
[2025-12-15T20:38:52.924+0000] {local_task_job_runner.py:218} WARNING - Heartbeat failed with Exception: PID of job runner does not match
[2025-12-15T20:38:57.993+0000] {local_task_job_runner.py:318} WARNING - Recorded pid 17651 does not match the current pid 17384
[2025-12-15T20:38:57.994+0000] {local_task_job_runner.py:218} WARNING - Heartbeat failed with Exception: PID of job runner does not match
[2025-12-15T20:39:03.028+0000] {local_task_job_runner.py:318} WARNING - Recorded pid 17651 does not match the current pid 17384
[2025-12-15T20:39:03.029+0000] {local_task_job_runner.py:218} WARNING - Heartbeat failed with Exception: PID of job runner does not match
[2025-12-15T20:39:08.096+0000] {local_task_job_runner.py:318} WARNING - Recorded pid 17651 does not match the current pid 17384
[2025-12-15T20:39:08.097+0000] {local_task_job_runner.py:218} WARNING - Heartbeat failed with Exception: PID of job runner does not match
[2025-12-15T20:39:13.159+0000] {local_task_job_runner.py:318} WARNING - Recorded pid 17651 does not match the current pid 17384
[2025-12-15T20:39:13.162+0000] {local_task_job_runner.py:218} WARNING - Heartbeat failed with Exception: PID of job runner does not match
[2025-12-15T20:39:18.240+0000] {local_task_job_runner.py:318} WARNING - Recorded pid 17651 does not match the current pid 17384
[2025-12-15T20:39:18.241+0000] {local_task_job_runner.py:218} WARNING - Heartbeat failed with Exception: PID of job runner does not match
[2025-12-15T20:39:23.274+0000] {local_task_job_runner.py:318} WARNING - Recorded pid 17651 does not match the current pid 17384
[2025-12-15T20:39:23.275+0000] {local_task_job_runner.py:218} WARNING - Heartbeat failed with Exception: PID of job runner does not match
[2025-12-15T20:39:28.306+0000] {local_task_job_runner.py:318} WARNING - Recorded pid 17651 does not match the current pid 17384
[2025-12-15T20:39:28.307+0000] {local_task_job_runner.py:218} WARNING - Heartbeat failed with Exception: PID of job runner does not match
[2025-12-15T20:39:33.373+0000] {local_task_job_runner.py:318} WARNING - Recorded pid 17651 does not match the current pid 17384
[2025-12-15T20:39:33.375+0000] {local_task_job_runner.py:218} WARNING - Heartbeat failed with Exception: PID of job runner does not match
[2025-12-15T20:39:38.440+0000] {local_task_job_runner.py:318} WARNING - Recorded pid 17651 does not match the current pid 17384
[2025-12-15T20:39:38.442+0000] {local_task_job_runner.py:218} WARNING - Heartbeat failed with Exception: PID of job runner does not match
[2025-12-15T20:39:43.472+0000] {local_task_job_runner.py:318} WARNING - Recorded pid 17651 does not match the current pid 17384
[2025-12-15T20:39:43.474+0000] {local_task_job_runner.py:218} WARNING - Heartbeat failed with Exception: PID of job runner does not match
[2025-12-15T20:39:48.541+0000] {local_task_job_runner.py:318} WARNING - Recorded pid 17651 does not match the current pid 17384
[2025-12-15T20:39:48.542+0000] {local_task_job_runner.py:218} WARNING - Heartbeat failed with Exception: PID of job runner does not match
[2025-12-15T20:39:53.615+0000] {local_task_job_runner.py:318} WARNING - Recorded pid 17651 does not match the current pid 17384
[2025-12-15T20:39:53.616+0000] {local_task_job_runner.py:218} WARNING - Heartbeat failed with Exception: PID of job runner does not match
[2025-12-15T20:39:58.648+0000] {local_task_job_runner.py:318} WARNING - Recorded pid 17651 does not match the current pid 17384
[2025-12-15T20:39:58.649+0000] {local_task_job_runner.py:218} WARNING - Heartbeat failed with Exception: PID of job runner does not match
[2025-12-15T20:40:03.718+0000] {local_task_job_runner.py:318} WARNING - Recorded pid 17651 does not match the current pid 17384
[2025-12-15T20:40:03.719+0000] {local_task_job_runner.py:218} WARNING - Heartbeat failed with Exception: PID of job runner does not match
[2025-12-15T20:40:08.788+0000] {local_task_job_runner.py:318} WARNING - Recorded pid 17651 does not match the current pid 17384
[2025-12-15T20:40:08.792+0000] {local_task_job_runner.py:218} WARNING - Heartbeat failed with Exception: PID of job runner does not match
[2025-12-15T20:40:13.861+0000] {local_task_job_runner.py:318} WARNING - Recorded pid 17651 does not match the current pid 17384
[2025-12-15T20:40:13.862+0000] {local_task_job_runner.py:218} WARNING - Heartbeat failed with Exception: PID of job runner does not match
[2025-12-15T20:40:18.905+0000] {local_task_job_runner.py:318} WARNING - Recorded pid 17651 does not match the current pid 17384
[2025-12-15T20:40:18.906+0000] {local_task_job_runner.py:218} WARNING - Heartbeat failed with Exception: PID of job runner does not match
[2025-12-15T20:40:23.979+0000] {local_task_job_runner.py:318} WARNING - Recorded pid 17651 does not match the current pid 17384
[2025-12-15T20:40:23.983+0000] {local_task_job_runner.py:218} WARNING - Heartbeat failed with Exception: PID of job runner does not match
[2025-12-15T20:40:29.016+0000] {local_task_job_runner.py:318} WARNING - Recorded pid 17651 does not match the current pid 17384
[2025-12-15T20:40:29.018+0000] {local_task_job_runner.py:218} WARNING - Heartbeat failed with Exception: PID of job runner does not match
[2025-12-15T20:40:34.085+0000] {local_task_job_runner.py:318} WARNING - Recorded pid 17651 does not match the current pid 17384
[2025-12-15T20:40:34.086+0000] {local_task_job_runner.py:218} WARNING - Heartbeat failed with Exception: PID of job runner does not match
[2025-12-15T20:40:39.151+0000] {local_task_job_runner.py:318} WARNING - Recorded pid 17651 does not match the current pid 17384
[2025-12-15T20:40:39.152+0000] {local_task_job_runner.py:218} WARNING - Heartbeat failed with Exception: PID of job runner does not match
[2025-12-15T20:40:44.221+0000] {local_task_job_runner.py:318} WARNING - Recorded pid 17651 does not match the current pid 17384
[2025-12-15T20:40:44.222+0000] {local_task_job_runner.py:218} WARNING - Heartbeat failed with Exception: PID of job runner does not match
[2025-12-15T20:40:49.259+0000] {local_task_job_runner.py:318} WARNING - Recorded pid 17651 does not match the current pid 17384
[2025-12-15T20:40:49.260+0000] {local_task_job_runner.py:218} WARNING - Heartbeat failed with Exception: PID of job runner does not match
[2025-12-15T20:40:54.296+0000] {local_task_job_runner.py:318} WARNING - Recorded pid 17651 does not match the current pid 17384
[2025-12-15T20:40:54.297+0000] {local_task_job_runner.py:218} WARNING - Heartbeat failed with Exception: PID of job runner does not match
[2025-12-15T20:40:59.367+0000] {local_task_job_runner.py:318} WARNING - Recorded pid 17651 does not match the current pid 17384
[2025-12-15T20:40:59.369+0000] {local_task_job_runner.py:218} WARNING - Heartbeat failed with Exception: PID of job runner does not match
[2025-12-15T20:41:04.444+0000] {local_task_job_runner.py:318} WARNING - Recorded pid 17651 does not match the current pid 17384
[2025-12-15T20:41:04.448+0000] {local_task_job_runner.py:218} WARNING - Heartbeat failed with Exception: PID of job runner does not match
[2025-12-15T20:41:09.480+0000] {local_task_job_runner.py:318} WARNING - Recorded pid 17651 does not match the current pid 17384
[2025-12-15T20:41:09.481+0000] {local_task_job_runner.py:218} WARNING - Heartbeat failed with Exception: PID of job runner does not match
[2025-12-15T20:41:14.551+0000] {local_task_job_runner.py:318} WARNING - Recorded pid 17651 does not match the current pid 17384
[2025-12-15T20:41:14.552+0000] {local_task_job_runner.py:218} WARNING - Heartbeat failed with Exception: PID of job runner does not match
[2025-12-15T20:41:19.622+0000] {local_task_job_runner.py:318} WARNING - Recorded pid 17651 does not match the current pid 17384
[2025-12-15T20:41:19.623+0000] {local_task_job_runner.py:218} WARNING - Heartbeat failed with Exception: PID of job runner does not match
[2025-12-15T20:41:24.692+0000] {local_task_job_runner.py:318} WARNING - Recorded pid 17651 does not match the current pid 17384
[2025-12-15T20:41:24.693+0000] {local_task_job_runner.py:218} WARNING - Heartbeat failed with Exception: PID of job runner does not match
[2025-12-15T20:41:29.727+0000] {local_task_job_runner.py:318} WARNING - Recorded pid 17651 does not match the current pid 17384
[2025-12-15T20:41:29.728+0000] {local_task_job_runner.py:218} WARNING - Heartbeat failed with Exception: PID of job runner does not match
[2025-12-15T20:41:34.796+0000] {local_task_job_runner.py:318} WARNING - Recorded pid 17651 does not match the current pid 17384
[2025-12-15T20:41:34.797+0000] {local_task_job_runner.py:218} WARNING - Heartbeat failed with Exception: PID of job runner does not match
[2025-12-15T20:41:39.828+0000] {local_task_job_runner.py:318} WARNING - Recorded pid 17651 does not match the current pid 17384
[2025-12-15T20:41:39.829+0000] {local_task_job_runner.py:218} WARNING - Heartbeat failed with Exception: PID of job runner does not match
[2025-12-15T20:41:44.899+0000] {local_task_job_runner.py:318} WARNING - Recorded pid 17651 does not match the current pid 17384
[2025-12-15T20:41:44.901+0000] {local_task_job_runner.py:218} WARNING - Heartbeat failed with Exception: PID of job runner does not match
[2025-12-15T20:41:49.933+0000] {local_task_job_runner.py:318} WARNING - Recorded pid 17651 does not match the current pid 17384
[2025-12-15T20:41:49.936+0000] {local_task_job_runner.py:218} WARNING - Heartbeat failed with Exception: PID of job runner does not match
[2025-12-15T20:41:55.004+0000] {local_task_job_runner.py:318} WARNING - Recorded pid 17651 does not match the current pid 17384
[2025-12-15T20:41:55.008+0000] {local_task_job_runner.py:218} WARNING - Heartbeat failed with Exception: PID of job runner does not match
[2025-12-15T20:42:00.047+0000] {local_task_job_runner.py:318} WARNING - Recorded pid 17651 does not match the current pid 17384
[2025-12-15T20:42:00.048+0000] {local_task_job_runner.py:218} WARNING - Heartbeat failed with Exception: PID of job runner does not match
[2025-12-15T20:42:05.119+0000] {local_task_job_runner.py:318} WARNING - Recorded pid 17651 does not match the current pid 17384
[2025-12-15T20:42:05.121+0000] {local_task_job_runner.py:218} WARNING - Heartbeat failed with Exception: PID of job runner does not match
[2025-12-15T20:42:10.195+0000] {local_task_job_runner.py:318} WARNING - Recorded pid 17651 does not match the current pid 17384
[2025-12-15T20:42:10.196+0000] {local_task_job_runner.py:218} WARNING - Heartbeat failed with Exception: PID of job runner does not match
[2025-12-15T20:42:15.266+0000] {local_task_job_runner.py:318} WARNING - Recorded pid 17651 does not match the current pid 17384
[2025-12-15T20:42:15.267+0000] {local_task_job_runner.py:218} WARNING - Heartbeat failed with Exception: PID of job runner does not match
[2025-12-15T20:42:20.336+0000] {local_task_job_runner.py:318} WARNING - Recorded pid 17651 does not match the current pid 17384
[2025-12-15T20:42:20.337+0000] {local_task_job_runner.py:218} WARNING - Heartbeat failed with Exception: PID of job runner does not match
[2025-12-15T20:42:25.408+0000] {local_task_job_runner.py:318} WARNING - Recorded pid 17651 does not match the current pid 17384
[2025-12-15T20:42:25.410+0000] {local_task_job_runner.py:218} WARNING - Heartbeat failed with Exception: PID of job runner does not match
[2025-12-15T20:42:30.438+0000] {local_task_job_runner.py:318} WARNING - Recorded pid 17651 does not match the current pid 17384
[2025-12-15T20:42:30.439+0000] {local_task_job_runner.py:218} WARNING - Heartbeat failed with Exception: PID of job runner does not match
[2025-12-15T20:42:35.475+0000] {local_task_job_runner.py:318} WARNING - Recorded pid 17651 does not match the current pid 17384
[2025-12-15T20:42:35.476+0000] {local_task_job_runner.py:218} WARNING - Heartbeat failed with Exception: PID of job runner does not match
[2025-12-15T20:42:40.509+0000] {local_task_job_runner.py:318} WARNING - Recorded pid 17651 does not match the current pid 17384
[2025-12-15T20:42:40.511+0000] {local_task_job_runner.py:218} WARNING - Heartbeat failed with Exception: PID of job runner does not match
[2025-12-15T20:42:45.586+0000] {local_task_job_runner.py:318} WARNING - Recorded pid 17651 does not match the current pid 17384
[2025-12-15T20:42:45.587+0000] {local_task_job_runner.py:218} WARNING - Heartbeat failed with Exception: PID of job runner does not match
[2025-12-15T20:42:50.667+0000] {local_task_job_runner.py:318} WARNING - Recorded pid 17651 does not match the current pid 17384
[2025-12-15T20:42:50.670+0000] {local_task_job_runner.py:218} WARNING - Heartbeat failed with Exception: PID of job runner does not match
[2025-12-15T20:42:55.735+0000] {local_task_job_runner.py:318} WARNING - Recorded pid 17651 does not match the current pid 17384
[2025-12-15T20:42:55.737+0000] {local_task_job_runner.py:218} WARNING - Heartbeat failed with Exception: PID of job runner does not match
[2025-12-15T20:43:00.796+0000] {local_task_job_runner.py:318} WARNING - Recorded pid 17651 does not match the current pid 17384
[2025-12-15T20:43:00.797+0000] {local_task_job_runner.py:218} WARNING - Heartbeat failed with Exception: PID of job runner does not match
[2025-12-15T20:43:05.862+0000] {local_task_job_runner.py:318} WARNING - Recorded pid 17651 does not match the current pid 17384
[2025-12-15T20:43:05.863+0000] {local_task_job_runner.py:218} WARNING - Heartbeat failed with Exception: PID of job runner does not match
[2025-12-15T20:43:10.934+0000] {local_task_job_runner.py:318} WARNING - Recorded pid 17651 does not match the current pid 17384
[2025-12-15T20:43:10.935+0000] {local_task_job_runner.py:218} WARNING - Heartbeat failed with Exception: PID of job runner does not match
[2025-12-15T20:43:16.002+0000] {local_task_job_runner.py:318} WARNING - Recorded pid 17651 does not match the current pid 17384
[2025-12-15T20:43:16.003+0000] {local_task_job_runner.py:218} WARNING - Heartbeat failed with Exception: PID of job runner does not match
[2025-12-15T20:43:21.063+0000] {local_task_job_runner.py:318} WARNING - Recorded pid 17651 does not match the current pid 17384
[2025-12-15T20:43:21.065+0000] {local_task_job_runner.py:218} WARNING - Heartbeat failed with Exception: PID of job runner does not match
[2025-12-15T20:43:26.145+0000] {local_task_job_runner.py:318} WARNING - Recorded pid 17651 does not match the current pid 17384
[2025-12-15T20:43:26.147+0000] {local_task_job_runner.py:218} WARNING - Heartbeat failed with Exception: PID of job runner does not match
[2025-12-15T20:43:31.212+0000] {local_task_job_runner.py:318} WARNING - Recorded pid 17651 does not match the current pid 17384
[2025-12-15T20:43:31.213+0000] {local_task_job_runner.py:218} WARNING - Heartbeat failed with Exception: PID of job runner does not match
[2025-12-15T20:43:36.291+0000] {local_task_job_runner.py:318} WARNING - Recorded pid 17651 does not match the current pid 17384
[2025-12-15T20:43:36.292+0000] {local_task_job_runner.py:218} WARNING - Heartbeat failed with Exception: PID of job runner does not match
[2025-12-15T20:43:41.327+0000] {local_task_job_runner.py:318} WARNING - Recorded pid 17651 does not match the current pid 17384
[2025-12-15T20:43:41.328+0000] {local_task_job_runner.py:218} WARNING - Heartbeat failed with Exception: PID of job runner does not match
[2025-12-15T20:43:46.362+0000] {local_task_job_runner.py:318} WARNING - Recorded pid 17651 does not match the current pid 17384
[2025-12-15T20:43:46.363+0000] {local_task_job_runner.py:218} WARNING - Heartbeat failed with Exception: PID of job runner does not match
[2025-12-15T20:43:51.430+0000] {local_task_job_runner.py:318} WARNING - Recorded pid 17651 does not match the current pid 17384
[2025-12-15T20:43:51.432+0000] {local_task_job_runner.py:218} WARNING - Heartbeat failed with Exception: PID of job runner does not match
[2025-12-15T20:43:56.495+0000] {local_task_job_runner.py:318} WARNING - Recorded pid 17651 does not match the current pid 17384
[2025-12-15T20:43:56.496+0000] {local_task_job_runner.py:218} WARNING - Heartbeat failed with Exception: PID of job runner does not match
[2025-12-15T20:44:01.584+0000] {local_task_job_runner.py:318} WARNING - Recorded pid 17651 does not match the current pid 17384
[2025-12-15T20:44:01.586+0000] {local_task_job_runner.py:218} WARNING - Heartbeat failed with Exception: PID of job runner does not match
[2025-12-15T20:44:06.619+0000] {local_task_job_runner.py:318} WARNING - Recorded pid 17651 does not match the current pid 17384
[2025-12-15T20:44:06.620+0000] {local_task_job_runner.py:218} WARNING - Heartbeat failed with Exception: PID of job runner does not match
[2025-12-15T20:44:11.691+0000] {local_task_job_runner.py:318} WARNING - Recorded pid 17651 does not match the current pid 17384
[2025-12-15T20:44:11.692+0000] {local_task_job_runner.py:218} WARNING - Heartbeat failed with Exception: PID of job runner does not match
[2025-12-15T20:44:16.726+0000] {local_task_job_runner.py:318} WARNING - Recorded pid 17651 does not match the current pid 17384
[2025-12-15T20:44:16.727+0000] {local_task_job_runner.py:218} WARNING - Heartbeat failed with Exception: PID of job runner does not match
[2025-12-15T20:44:21.760+0000] {local_task_job_runner.py:318} WARNING - Recorded pid 17651 does not match the current pid 17384
[2025-12-15T20:44:21.762+0000] {local_task_job_runner.py:218} WARNING - Heartbeat failed with Exception: PID of job runner does not match
[2025-12-15T20:44:26.789+0000] {local_task_job_runner.py:318} WARNING - Recorded pid 17651 does not match the current pid 17384
[2025-12-15T20:44:26.790+0000] {local_task_job_runner.py:218} WARNING - Heartbeat failed with Exception: PID of job runner does not match
[2025-12-15T20:44:31.858+0000] {local_task_job_runner.py:318} WARNING - Recorded pid 17651 does not match the current pid 17384
[2025-12-15T20:44:31.860+0000] {local_task_job_runner.py:218} WARNING - Heartbeat failed with Exception: PID of job runner does not match
[2025-12-15T20:44:36.926+0000] {local_task_job_runner.py:318} WARNING - Recorded pid 17651 does not match the current pid 17384
[2025-12-15T20:44:36.928+0000] {local_task_job_runner.py:218} WARNING - Heartbeat failed with Exception: PID of job runner does not match
[2025-12-15T20:44:41.993+0000] {local_task_job_runner.py:318} WARNING - Recorded pid 17651 does not match the current pid 17384
[2025-12-15T20:44:41.997+0000] {local_task_job_runner.py:218} WARNING - Heartbeat failed with Exception: PID of job runner does not match
[2025-12-15T20:44:47.062+0000] {local_task_job_runner.py:318} WARNING - Recorded pid 17651 does not match the current pid 17384
[2025-12-15T20:44:47.063+0000] {local_task_job_runner.py:218} WARNING - Heartbeat failed with Exception: PID of job runner does not match
[2025-12-15T20:44:52.096+0000] {local_task_job_runner.py:318} WARNING - Recorded pid 17651 does not match the current pid 17384
[2025-12-15T20:44:52.097+0000] {local_task_job_runner.py:218} WARNING - Heartbeat failed with Exception: PID of job runner does not match
[2025-12-15T20:44:57.158+0000] {local_task_job_runner.py:318} WARNING - Recorded pid 17651 does not match the current pid 17384
[2025-12-15T20:44:57.161+0000] {local_task_job_runner.py:218} WARNING - Heartbeat failed with Exception: PID of job runner does not match
[2025-12-15T20:45:02.229+0000] {local_task_job_runner.py:318} WARNING - Recorded pid 17651 does not match the current pid 17384
[2025-12-15T20:45:02.233+0000] {local_task_job_runner.py:218} WARNING - Heartbeat failed with Exception: PID of job runner does not match
[2025-12-15T20:45:07.296+0000] {local_task_job_runner.py:318} WARNING - Recorded pid 17651 does not match the current pid 17384
[2025-12-15T20:45:07.300+0000] {local_task_job_runner.py:218} WARNING - Heartbeat failed with Exception: PID of job runner does not match
[2025-12-15T20:45:12.335+0000] {local_task_job_runner.py:318} WARNING - Recorded pid 17651 does not match the current pid 17384
[2025-12-15T20:45:12.336+0000] {local_task_job_runner.py:218} WARNING - Heartbeat failed with Exception: PID of job runner does not match
[2025-12-15T20:45:17.405+0000] {local_task_job_runner.py:318} WARNING - Recorded pid 17651 does not match the current pid 17384
[2025-12-15T20:45:17.406+0000] {local_task_job_runner.py:218} WARNING - Heartbeat failed with Exception: PID of job runner does not match
[2025-12-15T20:45:22.485+0000] {local_task_job_runner.py:318} WARNING - Recorded pid 17651 does not match the current pid 17384
[2025-12-15T20:45:22.487+0000] {local_task_job_runner.py:218} WARNING - Heartbeat failed with Exception: PID of job runner does not match
[2025-12-15T20:45:27.523+0000] {local_task_job_runner.py:318} WARNING - Recorded pid 17651 does not match the current pid 17384
[2025-12-15T20:45:27.526+0000] {local_task_job_runner.py:218} WARNING - Heartbeat failed with Exception: PID of job runner does not match
[2025-12-15T20:45:32.562+0000] {local_task_job_runner.py:318} WARNING - Recorded pid 17651 does not match the current pid 17384
[2025-12-15T20:45:32.563+0000] {local_task_job_runner.py:218} WARNING - Heartbeat failed with Exception: PID of job runner does not match
[2025-12-15T20:45:37.638+0000] {local_task_job_runner.py:318} WARNING - Recorded pid 17651 does not match the current pid 17384
[2025-12-15T20:45:37.640+0000] {local_task_job_runner.py:218} WARNING - Heartbeat failed with Exception: PID of job runner does not match
[2025-12-15T20:45:42.698+0000] {local_task_job_runner.py:318} WARNING - Recorded pid 17651 does not match the current pid 17384
[2025-12-15T20:45:42.699+0000] {local_task_job_runner.py:218} WARNING - Heartbeat failed with Exception: PID of job runner does not match
[2025-12-15T20:45:47.780+0000] {local_task_job_runner.py:318} WARNING - Recorded pid 17651 does not match the current pid 17384
[2025-12-15T20:45:47.783+0000] {local_task_job_runner.py:218} WARNING - Heartbeat failed with Exception: PID of job runner does not match
[2025-12-15T20:45:52.845+0000] {local_task_job_runner.py:318} WARNING - Recorded pid 17651 does not match the current pid 17384
[2025-12-15T20:45:52.848+0000] {local_task_job_runner.py:218} WARNING - Heartbeat failed with Exception: PID of job runner does not match
[2025-12-15T20:45:57.912+0000] {local_task_job_runner.py:318} WARNING - Recorded pid 17651 does not match the current pid 17384
[2025-12-15T20:45:57.913+0000] {local_task_job_runner.py:218} WARNING - Heartbeat failed with Exception: PID of job runner does not match
[2025-12-15T20:46:02.975+0000] {local_task_job_runner.py:318} WARNING - Recorded pid 17651 does not match the current pid 17384
[2025-12-15T20:46:02.975+0000] {local_task_job_runner.py:218} WARNING - Heartbeat failed with Exception: PID of job runner does not match
[2025-12-15T20:46:08.038+0000] {local_task_job_runner.py:318} WARNING - Recorded pid 17651 does not match the current pid 17384
[2025-12-15T20:46:08.041+0000] {local_task_job_runner.py:218} WARNING - Heartbeat failed with Exception: PID of job runner does not match
[2025-12-15T20:46:13.112+0000] {local_task_job_runner.py:318} WARNING - Recorded pid 17651 does not match the current pid 17384
[2025-12-15T20:46:13.118+0000] {local_task_job_runner.py:218} WARNING - Heartbeat failed with Exception: PID of job runner does not match
[2025-12-15T20:46:18.189+0000] {local_task_job_runner.py:318} WARNING - Recorded pid 17651 does not match the current pid 17384
[2025-12-15T20:46:18.190+0000] {local_task_job_runner.py:218} WARNING - Heartbeat failed with Exception: PID of job runner does not match
[2025-12-15T20:46:23.266+0000] {local_task_job_runner.py:318} WARNING - Recorded pid 17651 does not match the current pid 17384
[2025-12-15T20:46:23.267+0000] {local_task_job_runner.py:218} WARNING - Heartbeat failed with Exception: PID of job runner does not match
[2025-12-15T20:46:28.298+0000] {local_task_job_runner.py:318} WARNING - Recorded pid 17651 does not match the current pid 17384
[2025-12-15T20:46:28.299+0000] {local_task_job_runner.py:218} WARNING - Heartbeat failed with Exception: PID of job runner does not match
[2025-12-15T20:46:33.344+0000] {local_task_job_runner.py:318} WARNING - Recorded pid 17651 does not match the current pid 17384
[2025-12-15T20:46:33.346+0000] {local_task_job_runner.py:218} WARNING - Heartbeat failed with Exception: PID of job runner does not match
[2025-12-15T20:46:38.381+0000] {local_task_job_runner.py:318} WARNING - Recorded pid 17651 does not match the current pid 17384
[2025-12-15T20:46:38.384+0000] {local_task_job_runner.py:218} WARNING - Heartbeat failed with Exception: PID of job runner does not match
[2025-12-15T20:46:43.417+0000] {local_task_job_runner.py:318} WARNING - Recorded pid 17651 does not match the current pid 17384
[2025-12-15T20:46:43.419+0000] {local_task_job_runner.py:218} WARNING - Heartbeat failed with Exception: PID of job runner does not match
[2025-12-15T20:46:48.453+0000] {local_task_job_runner.py:318} WARNING - Recorded pid 17651 does not match the current pid 17384
[2025-12-15T20:46:48.454+0000] {local_task_job_runner.py:218} WARNING - Heartbeat failed with Exception: PID of job runner does not match
[2025-12-15T20:46:53.516+0000] {local_task_job_runner.py:318} WARNING - Recorded pid 17651 does not match the current pid 17384
[2025-12-15T20:46:53.517+0000] {local_task_job_runner.py:218} WARNING - Heartbeat failed with Exception: PID of job runner does not match
[2025-12-15T20:46:58.557+0000] {local_task_job_runner.py:318} WARNING - Recorded pid 17651 does not match the current pid 17384
[2025-12-15T20:46:58.559+0000] {local_task_job_runner.py:218} WARNING - Heartbeat failed with Exception: PID of job runner does not match
[2025-12-15T20:47:03.632+0000] {local_task_job_runner.py:318} WARNING - Recorded pid 17651 does not match the current pid 17384
[2025-12-15T20:47:03.633+0000] {local_task_job_runner.py:218} WARNING - Heartbeat failed with Exception: PID of job runner does not match
[2025-12-15T20:47:08.671+0000] {local_task_job_runner.py:318} WARNING - Recorded pid 17651 does not match the current pid 17384
[2025-12-15T20:47:08.672+0000] {local_task_job_runner.py:218} WARNING - Heartbeat failed with Exception: PID of job runner does not match
[2025-12-15T20:47:13.707+0000] {local_task_job_runner.py:318} WARNING - Recorded pid 17651 does not match the current pid 17384
[2025-12-15T20:47:13.710+0000] {local_task_job_runner.py:218} WARNING - Heartbeat failed with Exception: PID of job runner does not match
[2025-12-15T20:47:18.740+0000] {local_task_job_runner.py:318} WARNING - Recorded pid 17651 does not match the current pid 17384
[2025-12-15T20:47:18.742+0000] {local_task_job_runner.py:218} WARNING - Heartbeat failed with Exception: PID of job runner does not match
[2025-12-15T20:47:23.780+0000] {local_task_job_runner.py:318} WARNING - Recorded pid 17651 does not match the current pid 17384
[2025-12-15T20:47:23.781+0000] {local_task_job_runner.py:218} WARNING - Heartbeat failed with Exception: PID of job runner does not match
[2025-12-15T20:47:28.844+0000] {local_task_job_runner.py:318} WARNING - Recorded pid 17651 does not match the current pid 17384
[2025-12-15T20:47:28.845+0000] {local_task_job_runner.py:218} WARNING - Heartbeat failed with Exception: PID of job runner does not match
[2025-12-15T20:47:33.876+0000] {local_task_job_runner.py:318} WARNING - Recorded pid 17651 does not match the current pid 17384
[2025-12-15T20:47:33.879+0000] {local_task_job_runner.py:218} WARNING - Heartbeat failed with Exception: PID of job runner does not match
[2025-12-15T20:47:38.941+0000] {local_task_job_runner.py:318} WARNING - Recorded pid 17651 does not match the current pid 17384
[2025-12-15T20:47:38.942+0000] {local_task_job_runner.py:218} WARNING - Heartbeat failed with Exception: PID of job runner does not match
[2025-12-15T20:47:44.008+0000] {local_task_job_runner.py:318} WARNING - Recorded pid 17651 does not match the current pid 17384
[2025-12-15T20:47:44.011+0000] {local_task_job_runner.py:218} WARNING - Heartbeat failed with Exception: PID of job runner does not match
[2025-12-15T20:47:49.074+0000] {local_task_job_runner.py:318} WARNING - Recorded pid 17651 does not match the current pid 17384
[2025-12-15T20:47:49.077+0000] {local_task_job_runner.py:218} WARNING - Heartbeat failed with Exception: PID of job runner does not match
[2025-12-15T20:47:54.110+0000] {local_task_job_runner.py:318} WARNING - Recorded pid 17651 does not match the current pid 17384
[2025-12-15T20:47:54.111+0000] {local_task_job_runner.py:218} WARNING - Heartbeat failed with Exception: PID of job runner does not match
[2025-12-15T20:47:59.142+0000] {local_task_job_runner.py:318} WARNING - Recorded pid 17651 does not match the current pid 17384
[2025-12-15T20:47:59.144+0000] {local_task_job_runner.py:218} WARNING - Heartbeat failed with Exception: PID of job runner does not match
[2025-12-15T20:48:04.221+0000] {local_task_job_runner.py:318} WARNING - Recorded pid 17651 does not match the current pid 17384
[2025-12-15T20:48:04.222+0000] {local_task_job_runner.py:218} WARNING - Heartbeat failed with Exception: PID of job runner does not match
[2025-12-15T20:48:09.284+0000] {local_task_job_runner.py:318} WARNING - Recorded pid 17651 does not match the current pid 17384
[2025-12-15T20:48:09.285+0000] {local_task_job_runner.py:218} WARNING - Heartbeat failed with Exception: PID of job runner does not match
[2025-12-15T20:48:14.354+0000] {local_task_job_runner.py:318} WARNING - Recorded pid 17651 does not match the current pid 17384
[2025-12-15T20:48:14.355+0000] {local_task_job_runner.py:218} WARNING - Heartbeat failed with Exception: PID of job runner does not match
[2025-12-15T20:48:19.390+0000] {local_task_job_runner.py:318} WARNING - Recorded pid 17651 does not match the current pid 17384
[2025-12-15T20:48:19.392+0000] {local_task_job_runner.py:218} WARNING - Heartbeat failed with Exception: PID of job runner does not match
[2025-12-15T20:48:24.429+0000] {local_task_job_runner.py:318} WARNING - Recorded pid 17651 does not match the current pid 17384
[2025-12-15T20:48:24.430+0000] {local_task_job_runner.py:218} WARNING - Heartbeat failed with Exception: PID of job runner does not match
[2025-12-15T20:48:29.461+0000] {local_task_job_runner.py:318} WARNING - Recorded pid 17651 does not match the current pid 17384
[2025-12-15T20:48:29.462+0000] {local_task_job_runner.py:218} WARNING - Heartbeat failed with Exception: PID of job runner does not match
[2025-12-15T20:48:34.499+0000] {local_task_job_runner.py:318} WARNING - Recorded pid 17651 does not match the current pid 17384
[2025-12-15T20:48:34.500+0000] {local_task_job_runner.py:218} WARNING - Heartbeat failed with Exception: PID of job runner does not match
[2025-12-15T20:48:39.560+0000] {local_task_job_runner.py:318} WARNING - Recorded pid 17651 does not match the current pid 17384
[2025-12-15T20:48:39.562+0000] {local_task_job_runner.py:218} WARNING - Heartbeat failed with Exception: PID of job runner does not match
[2025-12-15T20:48:44.603+0000] {local_task_job_runner.py:318} WARNING - Recorded pid 17651 does not match the current pid 17384
[2025-12-15T20:48:44.604+0000] {local_task_job_runner.py:218} WARNING - Heartbeat failed with Exception: PID of job runner does not match
[2025-12-15T20:48:49.637+0000] {local_task_job_runner.py:318} WARNING - Recorded pid 17651 does not match the current pid 17384
[2025-12-15T20:48:49.639+0000] {local_task_job_runner.py:218} WARNING - Heartbeat failed with Exception: PID of job runner does not match
[2025-12-15T20:48:54.744+0000] {local_task_job_runner.py:318} WARNING - Recorded pid 17651 does not match the current pid 17384
[2025-12-15T20:48:54.745+0000] {local_task_job_runner.py:218} WARNING - Heartbeat failed with Exception: PID of job runner does not match
[2025-12-15T20:48:59.804+0000] {local_task_job_runner.py:318} WARNING - Recorded pid 17651 does not match the current pid 17384
[2025-12-15T20:48:59.808+0000] {local_task_job_runner.py:218} WARNING - Heartbeat failed with Exception: PID of job runner does not match
[2025-12-15T20:49:04.870+0000] {local_task_job_runner.py:318} WARNING - Recorded pid 17651 does not match the current pid 17384
[2025-12-15T20:49:04.873+0000] {local_task_job_runner.py:218} WARNING - Heartbeat failed with Exception: PID of job runner does not match
[2025-12-15T20:49:09.943+0000] {local_task_job_runner.py:318} WARNING - Recorded pid 17651 does not match the current pid 17384
[2025-12-15T20:49:09.944+0000] {local_task_job_runner.py:218} WARNING - Heartbeat failed with Exception: PID of job runner does not match
[2025-12-15T20:49:15.009+0000] {local_task_job_runner.py:318} WARNING - Recorded pid 17651 does not match the current pid 17384
[2025-12-15T20:49:15.011+0000] {local_task_job_runner.py:218} WARNING - Heartbeat failed with Exception: PID of job runner does not match
[2025-12-15T20:49:20.087+0000] {local_task_job_runner.py:318} WARNING - Recorded pid 17651 does not match the current pid 17384
[2025-12-15T20:49:20.088+0000] {local_task_job_runner.py:218} WARNING - Heartbeat failed with Exception: PID of job runner does not match
[2025-12-15T20:49:25.157+0000] {local_task_job_runner.py:318} WARNING - Recorded pid 17651 does not match the current pid 17384
[2025-12-15T20:49:25.158+0000] {local_task_job_runner.py:218} WARNING - Heartbeat failed with Exception: PID of job runner does not match
[2025-12-15T20:49:30.186+0000] {local_task_job_runner.py:318} WARNING - Recorded pid 17651 does not match the current pid 17384
[2025-12-15T20:49:30.188+0000] {local_task_job_runner.py:218} WARNING - Heartbeat failed with Exception: PID of job runner does not match
[2025-12-15T20:49:35.225+0000] {local_task_job_runner.py:318} WARNING - Recorded pid 17651 does not match the current pid 17384
[2025-12-15T20:49:35.226+0000] {local_task_job_runner.py:218} WARNING - Heartbeat failed with Exception: PID of job runner does not match
[2025-12-15T20:49:40.263+0000] {local_task_job_runner.py:318} WARNING - Recorded pid 17651 does not match the current pid 17384
[2025-12-15T20:49:40.265+0000] {local_task_job_runner.py:218} WARNING - Heartbeat failed with Exception: PID of job runner does not match
[2025-12-15T20:49:45.297+0000] {local_task_job_runner.py:318} WARNING - Recorded pid 17651 does not match the current pid 17384
[2025-12-15T20:49:45.299+0000] {local_task_job_runner.py:218} WARNING - Heartbeat failed with Exception: PID of job runner does not match
[2025-12-15T20:49:50.360+0000] {local_task_job_runner.py:318} WARNING - Recorded pid 17651 does not match the current pid 17384
[2025-12-15T20:49:50.362+0000] {local_task_job_runner.py:218} WARNING - Heartbeat failed with Exception: PID of job runner does not match
[2025-12-15T20:49:55.402+0000] {local_task_job_runner.py:318} WARNING - Recorded pid 17651 does not match the current pid 17384
[2025-12-15T20:49:55.404+0000] {local_task_job_runner.py:218} WARNING - Heartbeat failed with Exception: PID of job runner does not match
[2025-12-15T20:50:00.454+0000] {local_task_job_runner.py:318} WARNING - Recorded pid 17651 does not match the current pid 17384
[2025-12-15T20:50:00.455+0000] {local_task_job_runner.py:218} WARNING - Heartbeat failed with Exception: PID of job runner does not match
[2025-12-15T20:50:05.519+0000] {local_task_job_runner.py:318} WARNING - Recorded pid 17651 does not match the current pid 17384
[2025-12-15T20:50:05.521+0000] {local_task_job_runner.py:218} WARNING - Heartbeat failed with Exception: PID of job runner does not match
[2025-12-15T20:50:10.556+0000] {local_task_job_runner.py:318} WARNING - Recorded pid 17651 does not match the current pid 17384
[2025-12-15T20:50:10.558+0000] {local_task_job_runner.py:218} WARNING - Heartbeat failed with Exception: PID of job runner does not match
[2025-12-15T20:50:15.623+0000] {local_task_job_runner.py:318} WARNING - Recorded pid 17651 does not match the current pid 17384
[2025-12-15T20:50:15.624+0000] {local_task_job_runner.py:218} WARNING - Heartbeat failed with Exception: PID of job runner does not match
[2025-12-15T20:50:20.658+0000] {local_task_job_runner.py:318} WARNING - Recorded pid 17651 does not match the current pid 17384
[2025-12-15T20:50:20.659+0000] {local_task_job_runner.py:218} WARNING - Heartbeat failed with Exception: PID of job runner does not match
[2025-12-15T20:50:25.729+0000] {local_task_job_runner.py:318} WARNING - Recorded pid 17651 does not match the current pid 17384
[2025-12-15T20:50:25.730+0000] {local_task_job_runner.py:218} WARNING - Heartbeat failed with Exception: PID of job runner does not match
[2025-12-15T20:50:30.774+0000] {local_task_job_runner.py:318} WARNING - Recorded pid 17651 does not match the current pid 17384
[2025-12-15T20:50:30.776+0000] {local_task_job_runner.py:218} WARNING - Heartbeat failed with Exception: PID of job runner does not match
[2025-12-15T20:50:35.850+0000] {local_task_job_runner.py:318} WARNING - Recorded pid 17651 does not match the current pid 17384
[2025-12-15T20:50:35.851+0000] {local_task_job_runner.py:218} WARNING - Heartbeat failed with Exception: PID of job runner does not match
[2025-12-15T20:50:40.913+0000] {local_task_job_runner.py:318} WARNING - Recorded pid 17651 does not match the current pid 17384
[2025-12-15T20:50:40.916+0000] {local_task_job_runner.py:218} WARNING - Heartbeat failed with Exception: PID of job runner does not match
[2025-12-15T20:50:45.983+0000] {local_task_job_runner.py:318} WARNING - Recorded pid 17651 does not match the current pid 17384
[2025-12-15T20:50:45.984+0000] {local_task_job_runner.py:218} WARNING - Heartbeat failed with Exception: PID of job runner does not match
[2025-12-15T20:50:51.054+0000] {local_task_job_runner.py:318} WARNING - Recorded pid 17651 does not match the current pid 17384
[2025-12-15T20:50:51.056+0000] {local_task_job_runner.py:218} WARNING - Heartbeat failed with Exception: PID of job runner does not match
[2025-12-15T20:50:56.122+0000] {local_task_job_runner.py:318} WARNING - Recorded pid 17651 does not match the current pid 17384
[2025-12-15T20:50:56.123+0000] {local_task_job_runner.py:218} WARNING - Heartbeat failed with Exception: PID of job runner does not match
[2025-12-15T20:51:01.188+0000] {local_task_job_runner.py:318} WARNING - Recorded pid 17651 does not match the current pid 17384
[2025-12-15T20:51:01.190+0000] {local_task_job_runner.py:218} WARNING - Heartbeat failed with Exception: PID of job runner does not match
[2025-12-15T20:51:06.258+0000] {local_task_job_runner.py:318} WARNING - Recorded pid 17651 does not match the current pid 17384
[2025-12-15T20:51:06.261+0000] {local_task_job_runner.py:218} WARNING - Heartbeat failed with Exception: PID of job runner does not match
[2025-12-15T20:51:11.326+0000] {local_task_job_runner.py:318} WARNING - Recorded pid 17651 does not match the current pid 17384
[2025-12-15T20:51:11.327+0000] {local_task_job_runner.py:218} WARNING - Heartbeat failed with Exception: PID of job runner does not match
[2025-12-15T20:51:16.395+0000] {local_task_job_runner.py:318} WARNING - Recorded pid 17651 does not match the current pid 17384
[2025-12-15T20:51:16.396+0000] {local_task_job_runner.py:218} WARNING - Heartbeat failed with Exception: PID of job runner does not match
[2025-12-15T20:51:21.465+0000] {local_task_job_runner.py:318} WARNING - Recorded pid 17651 does not match the current pid 17384
[2025-12-15T20:51:21.468+0000] {local_task_job_runner.py:218} WARNING - Heartbeat failed with Exception: PID of job runner does not match
[2025-12-15T20:51:26.528+0000] {local_task_job_runner.py:346} WARNING - State of this instance has been externally set to None. Terminating instance.
[2025-12-15T20:51:26.530+0000] {local_task_job_runner.py:245} INFO - ::endgroup::
[2025-12-15T20:51:26.533+0000] {process_utils.py:132} INFO - Sending 15 to group 17384. PIDs of all processes in the group: [17384]
[2025-12-15T20:51:26.535+0000] {process_utils.py:87} INFO - Sending the signal 15 to group 17384
[2025-12-15T20:52:26.556+0000] {process_utils.py:150} WARNING - process psutil.Process(pid=17384, name='airflow task ru', status='sleeping', started='20:27:58') did not respond to SIGTERM. Trying SIGKILL
[2025-12-15T20:52:26.559+0000] {process_utils.py:87} INFO - Sending the signal 9 to group 17384
[2025-12-15T20:52:26.574+0000] {process_utils.py:80} INFO - Process psutil.Process(pid=17384, name='airflow task ru', status='terminated', exitcode=<Negsignal.SIGKILL: -9>, started='20:27:58') (17384) terminated with exit code -9
[2025-12-15T20:52:26.575+0000] {standard_task_runner.py:190} ERROR - ('Job 84 was killed before it finished (likely due to running out of memory)', 'For more information, see https://***.apache.org/docs/apache-***/stable/troubleshooting.html#LocalTaskJob-killed')
