[2025-12-16T00:16:29.826+0000] {local_task_job_runner.py:123} INFO - ::group::Pre task execution logs
[2025-12-16T00:16:29.926+0000] {taskinstance.py:2612} INFO - Dependencies all met for dep_context=non-requeueable deps ti=<TaskInstance: weather_prediction_pipeline_v2_fixed.extract_csv manual__2025-12-16T00:16:22.763867+00:00 [queued]>
[2025-12-16T00:16:29.964+0000] {taskinstance.py:2612} INFO - Dependencies all met for dep_context=requeueable deps ti=<TaskInstance: weather_prediction_pipeline_v2_fixed.extract_csv manual__2025-12-16T00:16:22.763867+00:00 [queued]>
[2025-12-16T00:16:29.970+0000] {taskinstance.py:2865} INFO - Starting attempt 1 of 3
[2025-12-16T00:16:29.999+0000] {taskinstance.py:2888} INFO - Executing <Task(PythonOperator): extract_csv> on 2025-12-16 00:16:22.763867+00:00
[2025-12-16T00:16:30.021+0000] {standard_task_runner.py:72} INFO - Started process 440 to run task
[2025-12-16T00:16:30.036+0000] {standard_task_runner.py:104} INFO - Running: ['***', 'tasks', 'run', 'weather_prediction_pipeline_v2_fixed', 'extract_csv', 'manual__2025-12-16T00:16:22.763867+00:00', '--job-id', '42', '--raw', '--subdir', 'DAGS_FOLDER/test_etl.py', '--cfg-path', '/tmp/tmpffpp46lx']
[2025-12-16T00:16:30.046+0000] {standard_task_runner.py:105} INFO - Job 42: Subtask extract_csv
[2025-12-16T00:16:30.107+0000] {logging_mixin.py:190} WARNING - /home/***/.local/lib/python3.10/site-packages/***/settings.py:209 DeprecationWarning: The sql_alchemy_conn option in [core] has been moved to the sql_alchemy_conn option in [database] - the old setting has been used, but please update your config.
[2025-12-16T00:16:30.249+0000] {task_command.py:467} INFO - Running <TaskInstance: weather_prediction_pipeline_v2_fixed.extract_csv manual__2025-12-16T00:16:22.763867+00:00 [running]> on host a31b9bcf920a
[2025-12-16T00:16:30.445+0000] {taskinstance.py:3131} INFO - Exporting env vars: AIRFLOW_CTX_DAG_OWNER='ahmed_sami' AIRFLOW_CTX_DAG_ID='weather_prediction_pipeline_v2_fixed' AIRFLOW_CTX_TASK_ID='extract_csv' AIRFLOW_CTX_EXECUTION_DATE='2025-12-16T00:16:22.763867+00:00' AIRFLOW_CTX_TRY_NUMBER='1' AIRFLOW_CTX_DAG_RUN_ID='manual__2025-12-16T00:16:22.763867+00:00'
[2025-12-16T00:16:30.447+0000] {taskinstance.py:731} INFO - ::endgroup::
[2025-12-16T00:16:30.484+0000] {logging_mixin.py:190} INFO - ======================================================================
[2025-12-16T00:16:30.485+0000] {logging_mixin.py:190} INFO -                     DAY 1: EXTRACTING & CLEANING DATA
[2025-12-16T00:16:30.487+0000] {logging_mixin.py:190} INFO - ======================================================================
[2025-12-16T00:16:30.490+0000] {logging_mixin.py:190} INFO - 📂 Reading: /opt/***/dags/aiii_model/city_temperature.csv
[2025-12-16T00:16:31.373+0000] {logging_mixin.py:190} INFO - 📊 Initial shape: (361614, 12)
[2025-12-16T00:16:31.375+0000] {logging_mixin.py:190} INFO - 📋 Columns: ['Region', 'Country', 'State', 'City', 'Year', 'Month', 'Day', 'AvgTemperature', 'MinTemperature', 'MaxTemperature', 'Precipitation_mm', 'MaxWindSpeed_kmh']
[2025-12-16T00:16:31.381+0000] {logging_mixin.py:190} INFO - 🧹 Cleaning temperature data...
[2025-12-16T00:16:31.658+0000] {logging_mixin.py:190} INFO - 🧹 Cleaning outliers using IQR method...
[2025-12-16T00:16:35.558+0000] {logging_mixin.py:190} INFO - ✅ Cleaning complete:
[2025-12-16T00:16:35.561+0000] {logging_mixin.py:190} INFO -    ❌ Out of range: 0 (0.0%)
[2025-12-16T00:16:35.563+0000] {logging_mixin.py:190} INFO -    ❌ Outliers: 0 (0.0%)
[2025-12-16T00:16:35.565+0000] {logging_mixin.py:190} INFO -    ✅ Remaining: 361,614 (100.0%)
[2025-12-16T00:16:35.566+0000] {logging_mixin.py:190} INFO - 💾 Saved to: /opt/***/dags/aiii_model/clean_data.csv
[2025-12-16T00:16:35.568+0000] {logging_mixin.py:190} INFO - ======================================================================
[2025-12-16T00:16:35.594+0000] {python.py:240} INFO - Done. Returned value was: None
[2025-12-16T00:16:35.625+0000] {taskinstance.py:340} INFO - ::group::Post task execution logs
[2025-12-16T00:16:35.628+0000] {taskinstance.py:352} INFO - Marking task as SUCCESS. dag_id=weather_prediction_pipeline_v2_fixed, task_id=extract_csv, run_id=manual__2025-12-16T00:16:22.763867+00:00, execution_date=20251216T001622, start_date=20251216T001629, end_date=20251216T001635
[2025-12-16T00:16:35.678+0000] {local_task_job_runner.py:266} INFO - Task exited with return code 0
[2025-12-16T00:16:35.765+0000] {taskinstance.py:3900} INFO - 1 downstream tasks scheduled from follow-on schedule check
[2025-12-16T00:16:35.768+0000] {local_task_job_runner.py:245} INFO - ::endgroup::
