[2025-12-15T21:58:33.145+0000] {local_task_job_runner.py:123} INFO - ::group::Pre task execution logs
[2025-12-15T21:58:33.169+0000] {taskinstance.py:2612} INFO - Dependencies all met for dep_context=non-requeueable deps ti=<TaskInstance: weather_prediction_pipeline_v2.store_daily_predictions manual__2025-12-15T21:58:14.574278+00:00 [queued]>
[2025-12-15T21:58:33.178+0000] {taskinstance.py:2612} INFO - Dependencies all met for dep_context=requeueable deps ti=<TaskInstance: weather_prediction_pipeline_v2.store_daily_predictions manual__2025-12-15T21:58:14.574278+00:00 [queued]>
[2025-12-15T21:58:33.179+0000] {taskinstance.py:2865} INFO - Starting attempt 1 of 3
[2025-12-15T21:58:33.192+0000] {taskinstance.py:2888} INFO - Executing <Task(PythonOperator): store_daily_predictions> on 2025-12-15 21:58:14.574278+00:00
[2025-12-15T21:58:33.200+0000] {standard_task_runner.py:72} INFO - Started process 519 to run task
[2025-12-15T21:58:33.204+0000] {standard_task_runner.py:104} INFO - Running: ['***', 'tasks', 'run', 'weather_prediction_pipeline_v2', 'store_daily_predictions', 'manual__2025-12-15T21:58:14.574278+00:00', '--job-id', '115', '--raw', '--subdir', 'DAGS_FOLDER/test_etl.py', '--cfg-path', '/tmp/tmpr03gu2ww']
[2025-12-15T21:58:33.207+0000] {standard_task_runner.py:105} INFO - Job 115: Subtask store_daily_predictions
[2025-12-15T21:58:33.227+0000] {logging_mixin.py:190} WARNING - /home/***/.local/lib/python3.10/site-packages/***/settings.py:209 DeprecationWarning: The sql_alchemy_conn option in [core] has been moved to the sql_alchemy_conn option in [database] - the old setting has been used, but please update your config.
[2025-12-15T21:58:33.290+0000] {task_command.py:467} INFO - Running <TaskInstance: weather_prediction_pipeline_v2.store_daily_predictions manual__2025-12-15T21:58:14.574278+00:00 [running]> on host b89d32282382
[2025-12-15T21:58:33.417+0000] {taskinstance.py:3131} INFO - Exporting env vars: AIRFLOW_CTX_DAG_OWNER='ahmed_sami' AIRFLOW_CTX_DAG_ID='weather_prediction_pipeline_v2' AIRFLOW_CTX_TASK_ID='store_daily_predictions' AIRFLOW_CTX_EXECUTION_DATE='2025-12-15T21:58:14.574278+00:00' AIRFLOW_CTX_TRY_NUMBER='1' AIRFLOW_CTX_DAG_RUN_ID='manual__2025-12-15T21:58:14.574278+00:00'
[2025-12-15T21:58:33.419+0000] {taskinstance.py:731} INFO - ::endgroup::
[2025-12-15T21:58:33.439+0000] {logging_mixin.py:190} INFO - ======================================================================
[2025-12-15T21:58:33.440+0000] {logging_mixin.py:190} INFO -                     DAY 2: STORING PREDICTIONS (BULK MODE)
[2025-12-15T21:58:33.441+0000] {logging_mixin.py:190} INFO - ======================================================================
[2025-12-15T21:58:33.464+0000] {logging_mixin.py:190} INFO - 💾 Storing 27 predictions using Bulk Insert...
[2025-12-15T21:58:33.466+0000] {logging_mixin.py:190} INFO - 📅 Target date: 2025-12-16
[2025-12-15T21:58:33.480+0000] {base.py:84} INFO - Retrieving connection 'ml_con'
[2025-12-15T21:58:33.481+0000] {logging_mixin.py:190} INFO - 🔌 Connecting to database: postgres:5432
[2025-12-15T21:58:33.483+0000] {logging_mixin.py:190} INFO -    Database: ***
[2025-12-15T21:58:33.484+0000] {logging_mixin.py:190} INFO -    User: ***
[2025-12-15T21:58:33.485+0000] {logging_mixin.py:190} INFO -    Timeout: 10 seconds
[2025-12-15T21:58:33.486+0000] {logging_mixin.py:190} INFO - 🔌 Establishing connection...
[2025-12-15T21:58:33.493+0000] {logging_mixin.py:190} INFO - ✅ Connection established!
[2025-12-15T21:58:33.495+0000] {logging_mixin.py:190} INFO - ✅ Statement timeout set to 30s
[2025-12-15T21:58:33.496+0000] {logging_mixin.py:190} INFO - 📋 Creating/verifying table structure...
[2025-12-15T21:58:33.497+0000] {logging_mixin.py:190} INFO - ✅ Table structure verified
[2025-12-15T21:58:33.499+0000] {logging_mixin.py:190} INFO - 🔧 Ensuring all columns exist...
[2025-12-15T21:58:33.501+0000] {logging_mixin.py:190} INFO - ✅ Columns verified
[2025-12-15T21:58:33.502+0000] {logging_mixin.py:190} INFO - 📦 Preparing data for bulk insert...
[2025-12-15T21:58:33.503+0000] {logging_mixin.py:190} INFO - ✅ Prepared 27 records
[2025-12-15T21:58:33.504+0000] {logging_mixin.py:190} INFO - 🚀 Executing bulk insert...
[2025-12-15T21:58:33.510+0000] {logging_mixin.py:190} INFO - ✅ Bulk insert completed
[2025-12-15T21:58:33.511+0000] {logging_mixin.py:190} INFO - 💾 Committing transaction...
[2025-12-15T21:58:33.513+0000] {logging_mixin.py:190} INFO - ✅ Transaction committed successfully!
[2025-12-15T21:58:33.514+0000] {logging_mixin.py:190} INFO - 🔍 Verifying insertion...
[2025-12-15T21:58:33.517+0000] {logging_mixin.py:190} INFO - ✅ Verified: 27 predictions stored for 2025-12-16
[2025-12-15T21:58:33.518+0000] {logging_mixin.py:190} INFO - 🔌 Connection closed
[2025-12-15T21:58:33.519+0000] {logging_mixin.py:190} INFO - ======================================================================
[2025-12-15T21:58:33.520+0000] {logging_mixin.py:190} INFO - ✅ store_daily_predictions COMPLETED SUCCESSFULLY
[2025-12-15T21:58:33.521+0000] {logging_mixin.py:190} INFO - ======================================================================
[2025-12-15T21:58:33.522+0000] {python.py:240} INFO - Done. Returned value was: None
[2025-12-15T21:58:33.537+0000] {taskinstance.py:340} INFO - ::group::Post task execution logs
[2025-12-15T21:58:33.539+0000] {taskinstance.py:352} INFO - Marking task as SUCCESS. dag_id=weather_prediction_pipeline_v2, task_id=store_daily_predictions, run_id=manual__2025-12-15T21:58:14.574278+00:00, execution_date=20251215T215814, start_date=20251215T215833, end_date=20251215T215833
[2025-12-15T21:58:33.579+0000] {local_task_job_runner.py:266} INFO - Task exited with return code 0
[2025-12-15T21:58:33.604+0000] {taskinstance.py:3900} INFO - 0 downstream tasks scheduled from follow-on schedule check
[2025-12-15T21:58:33.607+0000] {local_task_job_runner.py:245} INFO - ::endgroup::
