[2025-12-16T13:13:52.109+0000] {local_task_job_runner.py:123} INFO - ::group::Pre task execution logs
[2025-12-16T13:13:52.133+0000] {taskinstance.py:2612} INFO - Dependencies all met for dep_context=non-requeueable deps ti=<TaskInstance: weather_prediction_pipeline_v2.build_daily_features manual__2025-12-16T10:26:12.739557+00:00 [queued]>
[2025-12-16T13:13:52.144+0000] {taskinstance.py:2612} INFO - Dependencies all met for dep_context=requeueable deps ti=<TaskInstance: weather_prediction_pipeline_v2.build_daily_features manual__2025-12-16T10:26:12.739557+00:00 [queued]>
[2025-12-16T13:13:52.145+0000] {taskinstance.py:2865} INFO - Starting attempt 2 of 4
[2025-12-16T13:13:52.161+0000] {taskinstance.py:2888} INFO - Executing <Task(PythonOperator): build_daily_features> on 2025-12-16 10:26:12.739557+00:00
[2025-12-16T13:13:52.169+0000] {standard_task_runner.py:72} INFO - Started process 10484 to run task
[2025-12-16T13:13:52.176+0000] {standard_task_runner.py:104} INFO - Running: ['***', 'tasks', 'run', 'weather_prediction_pipeline_v2', 'build_daily_features', 'manual__2025-12-16T10:26:12.739557+00:00', '--job-id', '117', '--raw', '--subdir', 'DAGS_FOLDER/test_etl.py', '--cfg-path', '/tmp/tmp56n38l93']
[2025-12-16T13:13:52.181+0000] {standard_task_runner.py:105} INFO - Job 117: Subtask build_daily_features
[2025-12-16T13:13:52.208+0000] {logging_mixin.py:190} WARNING - /home/***/.local/lib/python3.10/site-packages/***/settings.py:209 DeprecationWarning: The sql_alchemy_conn option in [core] has been moved to the sql_alchemy_conn option in [database] - the old setting has been used, but please update your config.
[2025-12-16T13:13:52.274+0000] {task_command.py:467} INFO - Running <TaskInstance: weather_prediction_pipeline_v2.build_daily_features manual__2025-12-16T10:26:12.739557+00:00 [running]> on host 15d037495a80
[2025-12-16T13:13:52.412+0000] {taskinstance.py:3131} INFO - Exporting env vars: AIRFLOW_CTX_DAG_OWNER='ahmed_sami' AIRFLOW_CTX_DAG_ID='weather_prediction_pipeline_v2' AIRFLOW_CTX_TASK_ID='build_daily_features' AIRFLOW_CTX_EXECUTION_DATE='2025-12-16T10:26:12.739557+00:00' AIRFLOW_CTX_TRY_NUMBER='2' AIRFLOW_CTX_DAG_RUN_ID='manual__2025-12-16T10:26:12.739557+00:00'
[2025-12-16T13:13:52.414+0000] {taskinstance.py:731} INFO - ::endgroup::
[2025-12-16T13:13:52.438+0000] {logging_mixin.py:190} INFO - ======================================================================
[2025-12-16T13:13:52.440+0000] {logging_mixin.py:190} INFO -                     DAY 2: BUILDING FEATURES
[2025-12-16T13:13:52.441+0000] {logging_mixin.py:190} INFO - ======================================================================
[2025-12-16T13:13:52.464+0000] {logging_mixin.py:190} INFO - Today: 2025-12-16 | Predicting for: 2025-12-17
[2025-12-16T13:13:52.484+0000] {base.py:84} INFO - Retrieving connection 'ml_con'
[2025-12-16T13:13:52.546+0000] {logging_mixin.py:190} INFO - ✅ Features: 64 | Fallback: 0
[2025-12-16T13:13:52.547+0000] {logging_mixin.py:190} INFO - ======================================================================
[2025-12-16T13:13:52.589+0000] {python.py:240} INFO - Done. Returned value was: None
[2025-12-16T13:13:52.611+0000] {taskinstance.py:340} INFO - ::group::Post task execution logs
[2025-12-16T13:13:52.612+0000] {taskinstance.py:352} INFO - Marking task as SUCCESS. dag_id=weather_prediction_pipeline_v2, task_id=build_daily_features, run_id=manual__2025-12-16T10:26:12.739557+00:00, execution_date=20251216T102612, start_date=20251216T131352, end_date=20251216T131352
[2025-12-16T13:13:52.670+0000] {local_task_job_runner.py:266} INFO - Task exited with return code 0
[2025-12-16T13:13:52.720+0000] {taskinstance.py:3900} INFO - 1 downstream tasks scheduled from follow-on schedule check
[2025-12-16T13:13:52.723+0000] {local_task_job_runner.py:245} INFO - ::endgroup::
