[2025-12-16T14:44:03.753+0000] {local_task_job_runner.py:123} INFO - ::group::Pre task execution logs
[2025-12-16T14:44:03.781+0000] {taskinstance.py:2612} INFO - Dependencies all met for dep_context=non-requeueable deps ti=<TaskInstance: weather_prediction_pipeline_v2.build_daily_features scheduled__2025-12-14T19:05:00+00:00 [queued]>
[2025-12-16T14:44:03.792+0000] {taskinstance.py:2612} INFO - Dependencies all met for dep_context=requeueable deps ti=<TaskInstance: weather_prediction_pipeline_v2.build_daily_features scheduled__2025-12-14T19:05:00+00:00 [queued]>
[2025-12-16T14:44:03.794+0000] {taskinstance.py:2865} INFO - Starting attempt 1 of 3
[2025-12-16T14:44:03.811+0000] {taskinstance.py:2888} INFO - Executing <Task(PythonOperator): build_daily_features> on 2025-12-14 19:05:00+00:00
[2025-12-16T14:44:03.821+0000] {standard_task_runner.py:72} INFO - Started process 16023 to run task
[2025-12-16T14:44:03.828+0000] {standard_task_runner.py:104} INFO - Running: ['***', 'tasks', 'run', 'weather_prediction_pipeline_v2', 'build_daily_features', 'scheduled__2025-12-14T19:05:00+00:00', '--job-id', '147', '--raw', '--subdir', 'DAGS_FOLDER/test_etl.py', '--cfg-path', '/tmp/tmpjr5tuv4u']
[2025-12-16T14:44:03.832+0000] {standard_task_runner.py:105} INFO - Job 147: Subtask build_daily_features
[2025-12-16T14:44:03.860+0000] {logging_mixin.py:190} WARNING - /home/***/.local/lib/python3.10/site-packages/***/settings.py:209 DeprecationWarning: The sql_alchemy_conn option in [core] has been moved to the sql_alchemy_conn option in [database] - the old setting has been used, but please update your config.
[2025-12-16T14:44:03.933+0000] {task_command.py:467} INFO - Running <TaskInstance: weather_prediction_pipeline_v2.build_daily_features scheduled__2025-12-14T19:05:00+00:00 [running]> on host 15d037495a80
[2025-12-16T14:44:03.936+0000] {logging_mixin.py:190} WARNING - /home/***/.local/lib/python3.10/site-packages/***/settings.py:470 DeprecationWarning: The sql_alchemy_conn option in [core] has been moved to the sql_alchemy_conn option in [database] - the old setting has been used, but please update your config.
[2025-12-16T14:44:04.102+0000] {taskinstance.py:3131} INFO - Exporting env vars: AIRFLOW_CTX_DAG_OWNER='ahmed_sami' AIRFLOW_CTX_DAG_ID='weather_prediction_pipeline_v2' AIRFLOW_CTX_TASK_ID='build_daily_features' AIRFLOW_CTX_EXECUTION_DATE='2025-12-14T19:05:00+00:00' AIRFLOW_CTX_TRY_NUMBER='1' AIRFLOW_CTX_DAG_RUN_ID='scheduled__2025-12-14T19:05:00+00:00'
[2025-12-16T14:44:04.104+0000] {taskinstance.py:731} INFO - ::endgroup::
[2025-12-16T14:44:04.137+0000] {logging_mixin.py:190} INFO - ======================================================================
[2025-12-16T14:44:04.139+0000] {logging_mixin.py:190} INFO -                     DAY 2: BUILDING FEATURES
[2025-12-16T14:44:04.140+0000] {logging_mixin.py:190} INFO - ======================================================================
[2025-12-16T14:44:04.170+0000] {logging_mixin.py:190} INFO - Today: 2025-12-16 | Predicting for: 2025-12-17
[2025-12-16T14:44:04.194+0000] {base.py:84} INFO - Retrieving connection 'ml_con'
[2025-12-16T14:44:04.244+0000] {logging_mixin.py:190} INFO - ✅ Features: 64 | Fallback: 0
[2025-12-16T14:44:04.245+0000] {logging_mixin.py:190} INFO - ======================================================================
[2025-12-16T14:44:04.278+0000] {python.py:240} INFO - Done. Returned value was: None
[2025-12-16T14:44:04.302+0000] {taskinstance.py:340} INFO - ::group::Post task execution logs
[2025-12-16T14:44:04.303+0000] {taskinstance.py:352} INFO - Marking task as SUCCESS. dag_id=weather_prediction_pipeline_v2, task_id=build_daily_features, run_id=scheduled__2025-12-14T19:05:00+00:00, execution_date=20251214T190500, start_date=20251216T144403, end_date=20251216T144404
[2025-12-16T14:44:04.363+0000] {local_task_job_runner.py:266} INFO - Task exited with return code 0
[2025-12-16T14:44:04.404+0000] {taskinstance.py:3900} INFO - 1 downstream tasks scheduled from follow-on schedule check
[2025-12-16T14:44:04.406+0000] {local_task_job_runner.py:245} INFO - ::endgroup::
