[2025-12-16T00:30:26.836+0000] {local_task_job_runner.py:123} INFO - ::group::Pre task execution logs
[2025-12-16T00:30:26.863+0000] {taskinstance.py:2612} INFO - Dependencies all met for dep_context=non-requeueable deps ti=<TaskInstance: weather_prediction_pipeline_v2.load_to_postgres manual__2025-12-16T00:25:05.299007+00:00 [queued]>
[2025-12-16T00:30:26.874+0000] {taskinstance.py:2612} INFO - Dependencies all met for dep_context=requeueable deps ti=<TaskInstance: weather_prediction_pipeline_v2.load_to_postgres manual__2025-12-16T00:25:05.299007+00:00 [queued]>
[2025-12-16T00:30:26.877+0000] {taskinstance.py:2865} INFO - Starting attempt 1 of 3
[2025-12-16T00:30:26.894+0000] {taskinstance.py:2888} INFO - Executing <Task(PythonOperator): load_to_postgres> on 2025-12-16 00:25:05.299007+00:00
[2025-12-16T00:30:26.905+0000] {standard_task_runner.py:72} INFO - Started process 1347 to run task
[2025-12-16T00:30:26.910+0000] {standard_task_runner.py:104} INFO - Running: ['***', 'tasks', 'run', 'weather_prediction_pipeline_v2', 'load_to_postgres', 'manual__2025-12-16T00:25:05.299007+00:00', '--job-id', '53', '--raw', '--subdir', 'DAGS_FOLDER/test_etl.py', '--cfg-path', '/tmp/tmpt8ouncg7']
[2025-12-16T00:30:26.917+0000] {standard_task_runner.py:105} INFO - Job 53: Subtask load_to_postgres
[2025-12-16T00:30:26.944+0000] {logging_mixin.py:190} WARNING - /home/***/.local/lib/python3.10/site-packages/***/settings.py:209 DeprecationWarning: The sql_alchemy_conn option in [core] has been moved to the sql_alchemy_conn option in [database] - the old setting has been used, but please update your config.
[2025-12-16T00:30:27.007+0000] {task_command.py:467} INFO - Running <TaskInstance: weather_prediction_pipeline_v2.load_to_postgres manual__2025-12-16T00:25:05.299007+00:00 [running]> on host a31b9bcf920a
[2025-12-16T00:30:27.150+0000] {taskinstance.py:3131} INFO - Exporting env vars: AIRFLOW_CTX_DAG_OWNER='ahmed_sami' AIRFLOW_CTX_DAG_ID='weather_prediction_pipeline_v2' AIRFLOW_CTX_TASK_ID='load_to_postgres' AIRFLOW_CTX_EXECUTION_DATE='2025-12-16T00:25:05.299007+00:00' AIRFLOW_CTX_TRY_NUMBER='1' AIRFLOW_CTX_DAG_RUN_ID='manual__2025-12-16T00:25:05.299007+00:00'
[2025-12-16T00:30:27.152+0000] {taskinstance.py:731} INFO - ::endgroup::
[2025-12-16T00:30:27.185+0000] {logging_mixin.py:190} INFO - ======================================================================
[2025-12-16T00:30:27.188+0000] {logging_mixin.py:190} INFO -                     DAY 1: LOADING TO DATABASE
[2025-12-16T00:30:27.190+0000] {logging_mixin.py:190} INFO - ======================================================================
[2025-12-16T00:30:30.749+0000] {logging_mixin.py:190} INFO - 📊 Rows to load: 361,152
[2025-12-16T00:30:43.034+0000] {base.py:84} INFO - Retrieving connection 'ml_con'
[2025-12-16T00:30:49.181+0000] {logging_mixin.py:190} INFO - ✅ Loaded 361,152 rows
[2025-12-16T00:30:49.198+0000] {logging_mixin.py:190} INFO - ======================================================================
[2025-12-16T00:30:49.202+0000] {python.py:240} INFO - Done. Returned value was: None
[2025-12-16T00:30:49.228+0000] {taskinstance.py:340} INFO - ::group::Post task execution logs
[2025-12-16T00:30:49.230+0000] {taskinstance.py:352} INFO - Marking task as SUCCESS. dag_id=weather_prediction_pipeline_v2, task_id=load_to_postgres, run_id=manual__2025-12-16T00:25:05.299007+00:00, execution_date=20251216T002505, start_date=20251216T003026, end_date=20251216T003049
[2025-12-16T00:30:49.269+0000] {local_task_job_runner.py:266} INFO - Task exited with return code 0
[2025-12-16T00:30:49.317+0000] {taskinstance.py:3900} INFO - 1 downstream tasks scheduled from follow-on schedule check
[2025-12-16T00:30:49.321+0000] {local_task_job_runner.py:245} INFO - ::endgroup::
