[2025-12-16T10:26:37.782+0000] {local_task_job_runner.py:123} INFO - ::group::Pre task execution logs
[2025-12-16T10:26:37.806+0000] {taskinstance.py:2612} INFO - Dependencies all met for dep_context=non-requeueable deps ti=<TaskInstance: weather_prediction_pipeline_v2.store_daily_predictions manual__2025-12-16T10:26:12.739557+00:00 [queued]>
[2025-12-16T10:26:37.816+0000] {taskinstance.py:2612} INFO - Dependencies all met for dep_context=requeueable deps ti=<TaskInstance: weather_prediction_pipeline_v2.store_daily_predictions manual__2025-12-16T10:26:12.739557+00:00 [queued]>
[2025-12-16T10:26:37.818+0000] {taskinstance.py:2865} INFO - Starting attempt 1 of 3
[2025-12-16T10:26:37.832+0000] {taskinstance.py:2888} INFO - Executing <Task(PythonOperator): store_daily_predictions> on 2025-12-16 10:26:12.739557+00:00
[2025-12-16T10:26:37.840+0000] {standard_task_runner.py:72} INFO - Started process 630 to run task
[2025-12-16T10:26:37.844+0000] {standard_task_runner.py:104} INFO - Running: ['***', 'tasks', 'run', 'weather_prediction_pipeline_v2', 'store_daily_predictions', 'manual__2025-12-16T10:26:12.739557+00:00', '--job-id', '77', '--raw', '--subdir', 'DAGS_FOLDER/test_etl.py', '--cfg-path', '/tmp/tmpfrgkvzmd']
[2025-12-16T10:26:37.847+0000] {standard_task_runner.py:105} INFO - Job 77: Subtask store_daily_predictions
[2025-12-16T10:26:37.868+0000] {logging_mixin.py:190} WARNING - /home/***/.local/lib/python3.10/site-packages/***/settings.py:209 DeprecationWarning: The sql_alchemy_conn option in [core] has been moved to the sql_alchemy_conn option in [database] - the old setting has been used, but please update your config.
[2025-12-16T10:26:37.922+0000] {task_command.py:467} INFO - Running <TaskInstance: weather_prediction_pipeline_v2.store_daily_predictions manual__2025-12-16T10:26:12.739557+00:00 [running]> on host 15d037495a80
[2025-12-16T10:26:38.039+0000] {taskinstance.py:3131} INFO - Exporting env vars: AIRFLOW_CTX_DAG_OWNER='ahmed_sami' AIRFLOW_CTX_DAG_ID='weather_prediction_pipeline_v2' AIRFLOW_CTX_TASK_ID='store_daily_predictions' AIRFLOW_CTX_EXECUTION_DATE='2025-12-16T10:26:12.739557+00:00' AIRFLOW_CTX_TRY_NUMBER='1' AIRFLOW_CTX_DAG_RUN_ID='manual__2025-12-16T10:26:12.739557+00:00'
[2025-12-16T10:26:38.041+0000] {taskinstance.py:731} INFO - ::endgroup::
[2025-12-16T10:26:38.061+0000] {logging_mixin.py:190} INFO - ======================================================================
[2025-12-16T10:26:38.063+0000] {logging_mixin.py:190} INFO -                     DAY 2: STORING PREDICTIONS (OPTIMIZED)
[2025-12-16T10:26:38.064+0000] {logging_mixin.py:190} INFO - ======================================================================
[2025-12-16T10:26:38.088+0000] {logging_mixin.py:190} INFO - 💾 Storing 64 predictions...
[2025-12-16T10:26:38.089+0000] {logging_mixin.py:190} INFO - 📅 Target date: 2025-12-17
[2025-12-16T10:26:38.104+0000] {base.py:84} INFO - Retrieving connection 'ml_con'
[2025-12-16T10:26:38.107+0000] {logging_mixin.py:190} INFO - 🔌 Connecting...
[2025-12-16T10:26:38.115+0000] {logging_mixin.py:190} INFO - ✅ Connected!
[2025-12-16T10:26:38.116+0000] {logging_mixin.py:190} INFO - 📋 Ensuring table exists...
[2025-12-16T10:26:38.118+0000] {logging_mixin.py:190} INFO - ✅ Table ready
[2025-12-16T10:26:38.119+0000] {logging_mixin.py:190} INFO - 📦 Preparing data...
[2025-12-16T10:26:38.121+0000] {logging_mixin.py:190} INFO - 🚀 Inserting...
[2025-12-16T10:26:38.131+0000] {logging_mixin.py:190} INFO - ✅ Stored 64 predictions successfully!
[2025-12-16T10:26:38.133+0000] {logging_mixin.py:190} INFO - ======================================================================
[2025-12-16T10:26:38.134+0000] {python.py:240} INFO - Done. Returned value was: None
[2025-12-16T10:26:38.149+0000] {taskinstance.py:340} INFO - ::group::Post task execution logs
[2025-12-16T10:26:38.151+0000] {taskinstance.py:352} INFO - Marking task as SUCCESS. dag_id=weather_prediction_pipeline_v2, task_id=store_daily_predictions, run_id=manual__2025-12-16T10:26:12.739557+00:00, execution_date=20251216T102612, start_date=20251216T102637, end_date=20251216T102638
[2025-12-16T10:26:38.178+0000] {local_task_job_runner.py:266} INFO - Task exited with return code 0
[2025-12-16T10:26:38.202+0000] {local_task_job_runner.py:245} INFO - ::endgroup::
