[2025-12-15T20:26:29.863+0000] {local_task_job_runner.py:123} INFO - ::group::Pre task execution logs
[2025-12-15T20:26:29.939+0000] {taskinstance.py:2612} INFO - Dependencies all met for dep_context=non-requeueable deps ti=<TaskInstance: weather_actuals_pipeline_v2.calculate_daily_accuracy manual__2025-12-15T20:26:05.107476+00:00 [queued]>
[2025-12-15T20:26:29.963+0000] {taskinstance.py:2612} INFO - Dependencies all met for dep_context=requeueable deps ti=<TaskInstance: weather_actuals_pipeline_v2.calculate_daily_accuracy manual__2025-12-15T20:26:05.107476+00:00 [queued]>
[2025-12-15T20:26:29.968+0000] {taskinstance.py:2865} INFO - Starting attempt 1 of 3
[2025-12-15T20:26:30.016+0000] {taskinstance.py:2888} INFO - Executing <Task(PythonOperator): calculate_daily_accuracy> on 2025-12-15 20:26:05.107476+00:00
[2025-12-15T20:26:30.045+0000] {standard_task_runner.py:72} INFO - Started process 17083 to run task
[2025-12-15T20:26:30.057+0000] {standard_task_runner.py:104} INFO - Running: ['***', 'tasks', 'run', 'weather_actuals_pipeline_v2', 'calculate_daily_accuracy', 'manual__2025-12-15T20:26:05.107476+00:00', '--job-id', '71', '--raw', '--subdir', 'DAGS_FOLDER/test_etl.py', '--cfg-path', '/tmp/tmp3nrxpd09']
[2025-12-15T20:26:30.067+0000] {standard_task_runner.py:105} INFO - Job 71: Subtask calculate_daily_accuracy
[2025-12-15T20:26:30.130+0000] {logging_mixin.py:190} WARNING - /home/***/.local/lib/python3.10/site-packages/***/settings.py:209 DeprecationWarning: The sql_alchemy_conn option in [core] has been moved to the sql_alchemy_conn option in [database] - the old setting has been used, but please update your config.
[2025-12-15T20:26:30.329+0000] {task_command.py:467} INFO - Running <TaskInstance: weather_actuals_pipeline_v2.calculate_daily_accuracy manual__2025-12-15T20:26:05.107476+00:00 [running]> on host 89522446c9a4
[2025-12-15T20:26:30.654+0000] {taskinstance.py:3131} INFO - Exporting env vars: AIRFLOW_CTX_DAG_OWNER='ahmed_sami' AIRFLOW_CTX_DAG_ID='weather_actuals_pipeline_v2' AIRFLOW_CTX_TASK_ID='calculate_daily_accuracy' AIRFLOW_CTX_EXECUTION_DATE='2025-12-15T20:26:05.107476+00:00' AIRFLOW_CTX_TRY_NUMBER='1' AIRFLOW_CTX_DAG_RUN_ID='manual__2025-12-15T20:26:05.107476+00:00'
[2025-12-15T20:26:30.667+0000] {taskinstance.py:731} INFO - ::endgroup::
[2025-12-15T20:26:30.718+0000] {logging_mixin.py:190} INFO - ======================================================================
[2025-12-15T20:26:30.721+0000] {logging_mixin.py:190} INFO -                     CALCULATING PREDICTION ACCURACY
[2025-12-15T20:26:30.724+0000] {logging_mixin.py:190} INFO - ======================================================================
[2025-12-15T20:26:30.725+0000] {logging_mixin.py:190} INFO - 📅 Evaluating predictions for: 2025-12-15
[2025-12-15T20:26:30.777+0000] {base.py:84} INFO - Retrieving connection 'ml_con'
[2025-12-15T20:26:30.806+0000] {logging_mixin.py:190} INFO - ⚠️  No predictions found for today
[2025-12-15T20:26:30.812+0000] {python.py:240} INFO - Done. Returned value was: None
[2025-12-15T20:26:30.858+0000] {taskinstance.py:340} INFO - ::group::Post task execution logs
[2025-12-15T20:26:30.859+0000] {taskinstance.py:352} INFO - Marking task as SUCCESS. dag_id=weather_actuals_pipeline_v2, task_id=calculate_daily_accuracy, run_id=manual__2025-12-15T20:26:05.107476+00:00, execution_date=20251215T202605, start_date=20251215T202629, end_date=20251215T202630
[2025-12-15T20:26:30.904+0000] {local_task_job_runner.py:266} INFO - Task exited with return code 0
[2025-12-15T20:26:30.958+0000] {local_task_job_runner.py:245} INFO - ::endgroup::
