[2025-12-16T13:13:12.882+0000] {local_task_job_runner.py:123} INFO - ::group::Pre task execution logs
[2025-12-16T13:13:12.907+0000] {taskinstance.py:2612} INFO - Dependencies all met for dep_context=non-requeueable deps ti=<TaskInstance: weather_prediction_pipeline_v2.build_daily_features manual__2025-12-15T23:38:56.425312+00:00 [queued]>
[2025-12-16T13:13:12.917+0000] {taskinstance.py:2612} INFO - Dependencies all met for dep_context=requeueable deps ti=<TaskInstance: weather_prediction_pipeline_v2.build_daily_features manual__2025-12-15T23:38:56.425312+00:00 [queued]>
[2025-12-16T13:13:12.918+0000] {taskinstance.py:2865} INFO - Starting attempt 2 of 4
[2025-12-16T13:13:12.931+0000] {taskinstance.py:2888} INFO - Executing <Task(PythonOperator): build_daily_features> on 2025-12-15 23:38:56.425312+00:00
[2025-12-16T13:13:12.939+0000] {standard_task_runner.py:72} INFO - Started process 10268 to run task
[2025-12-16T13:13:12.944+0000] {standard_task_runner.py:104} INFO - Running: ['***', 'tasks', 'run', 'weather_prediction_pipeline_v2', 'build_daily_features', 'manual__2025-12-15T23:38:56.425312+00:00', '--job-id', '109', '--raw', '--subdir', 'DAGS_FOLDER/test_etl.py', '--cfg-path', '/tmp/tmp1a403iu6']
[2025-12-16T13:13:12.948+0000] {standard_task_runner.py:105} INFO - Job 109: Subtask build_daily_features
[2025-12-16T13:13:12.972+0000] {logging_mixin.py:190} WARNING - /home/***/.local/lib/python3.10/site-packages/***/settings.py:209 DeprecationWarning: The sql_alchemy_conn option in [core] has been moved to the sql_alchemy_conn option in [database] - the old setting has been used, but please update your config.
[2025-12-16T13:13:13.030+0000] {task_command.py:467} INFO - Running <TaskInstance: weather_prediction_pipeline_v2.build_daily_features manual__2025-12-15T23:38:56.425312+00:00 [running]> on host 15d037495a80
[2025-12-16T13:13:13.155+0000] {taskinstance.py:3131} INFO - Exporting env vars: AIRFLOW_CTX_DAG_OWNER='ahmed_sami' AIRFLOW_CTX_DAG_ID='weather_prediction_pipeline_v2' AIRFLOW_CTX_TASK_ID='build_daily_features' AIRFLOW_CTX_EXECUTION_DATE='2025-12-15T23:38:56.425312+00:00' AIRFLOW_CTX_TRY_NUMBER='2' AIRFLOW_CTX_DAG_RUN_ID='manual__2025-12-15T23:38:56.425312+00:00'
[2025-12-16T13:13:13.157+0000] {taskinstance.py:731} INFO - ::endgroup::
[2025-12-16T13:13:13.179+0000] {logging_mixin.py:190} INFO - ======================================================================
[2025-12-16T13:13:13.180+0000] {logging_mixin.py:190} INFO -                     DAY 2: BUILDING FEATURES
[2025-12-16T13:13:13.181+0000] {logging_mixin.py:190} INFO - ======================================================================
[2025-12-16T13:13:13.201+0000] {logging_mixin.py:190} INFO - Today: 2025-12-16 | Predicting for: 2025-12-17
[2025-12-16T13:13:13.216+0000] {base.py:84} INFO - Retrieving connection 'ml_con'
[2025-12-16T13:13:13.259+0000] {logging_mixin.py:190} INFO - ✅ Features: 64 | Fallback: 0
[2025-12-16T13:13:13.261+0000] {logging_mixin.py:190} INFO - ======================================================================
[2025-12-16T13:13:13.289+0000] {python.py:240} INFO - Done. Returned value was: None
[2025-12-16T13:13:13.306+0000] {taskinstance.py:340} INFO - ::group::Post task execution logs
[2025-12-16T13:13:13.314+0000] {taskinstance.py:352} INFO - Marking task as SUCCESS. dag_id=weather_prediction_pipeline_v2, task_id=build_daily_features, run_id=manual__2025-12-15T23:38:56.425312+00:00, execution_date=20251215T233856, start_date=20251216T131312, end_date=20251216T131313
[2025-12-16T13:13:13.360+0000] {local_task_job_runner.py:266} INFO - Task exited with return code 0
[2025-12-16T13:13:13.408+0000] {taskinstance.py:3900} INFO - 1 downstream tasks scheduled from follow-on schedule check
[2025-12-16T13:13:13.411+0000] {local_task_job_runner.py:245} INFO - ::endgroup::
