[2025-12-15T19:26:09.050+0000] {local_task_job_runner.py:123} INFO - ::group::Pre task execution logs
[2025-12-15T19:26:09.079+0000] {taskinstance.py:2612} INFO - Dependencies all met for dep_context=non-requeueable deps ti=<TaskInstance: weather_prediction_pipeline_v2.transform_data manual__2025-12-15T19:25:20.024134+00:00 [queued]>
[2025-12-15T19:26:09.090+0000] {taskinstance.py:2612} INFO - Dependencies all met for dep_context=requeueable deps ti=<TaskInstance: weather_prediction_pipeline_v2.transform_data manual__2025-12-15T19:25:20.024134+00:00 [queued]>
[2025-12-15T19:26:09.092+0000] {taskinstance.py:2865} INFO - Starting attempt 2 of 4
[2025-12-15T19:26:09.108+0000] {taskinstance.py:2888} INFO - Executing <Task(PythonOperator): transform_data> on 2025-12-15 19:25:20.024134+00:00
[2025-12-15T19:26:09.121+0000] {standard_task_runner.py:72} INFO - Started process 13598 to run task
[2025-12-15T19:26:09.127+0000] {standard_task_runner.py:104} INFO - Running: ['***', 'tasks', 'run', 'weather_prediction_pipeline_v2', 'transform_data', 'manual__2025-12-15T19:25:20.024134+00:00', '--job-id', '58', '--raw', '--subdir', 'DAGS_FOLDER/test_etl.py', '--cfg-path', '/tmp/tmpgf69d7hs']
[2025-12-15T19:26:09.133+0000] {standard_task_runner.py:105} INFO - Job 58: Subtask transform_data
[2025-12-15T19:26:09.168+0000] {logging_mixin.py:190} WARNING - /home/***/.local/lib/python3.10/site-packages/***/settings.py:209 DeprecationWarning: The sql_alchemy_conn option in [core] has been moved to the sql_alchemy_conn option in [database] - the old setting has been used, but please update your config.
[2025-12-15T19:26:09.246+0000] {task_command.py:467} INFO - Running <TaskInstance: weather_prediction_pipeline_v2.transform_data manual__2025-12-15T19:25:20.024134+00:00 [None]> on host 89522446c9a4
[2025-12-15T19:26:09.397+0000] {taskinstance.py:3131} INFO - Exporting env vars: AIRFLOW_CTX_DAG_OWNER='ahmed_sami' AIRFLOW_CTX_DAG_ID='weather_prediction_pipeline_v2' AIRFLOW_CTX_TASK_ID='transform_data' AIRFLOW_CTX_EXECUTION_DATE='2025-12-15T19:25:20.024134+00:00' AIRFLOW_CTX_TRY_NUMBER='3' AIRFLOW_CTX_DAG_RUN_ID='manual__2025-12-15T19:25:20.024134+00:00'
[2025-12-15T19:26:09.399+0000] {taskinstance.py:731} INFO - ::endgroup::
[2025-12-15T19:26:09.428+0000] {logging_mixin.py:190} INFO - ======================================================================
[2025-12-15T19:26:09.429+0000] {logging_mixin.py:190} INFO -                     DAY 1: ENHANCED FEATURE ENGINEERING
[2025-12-15T19:26:09.430+0000] {logging_mixin.py:190} INFO - ======================================================================
[2025-12-15T19:26:09.674+0000] {logging_mixin.py:190} INFO - 📊 Input shape: (147933, 10)
[2025-12-15T19:26:14.224+0000] {local_task_job_runner.py:318} WARNING - Recorded pid 13613 does not match the current pid 13598
[2025-12-15T19:26:14.225+0000] {local_task_job_runner.py:218} WARNING - Heartbeat failed with Exception: PID of job runner does not match
[2025-12-15T19:26:14.921+0000] {logging_mixin.py:190} INFO - ✅ Transformed shape: (147744, 34)
[2025-12-15T19:26:14.922+0000] {logging_mixin.py:190} INFO - 📊 Features created: 34
[2025-12-15T19:26:14.923+0000] {logging_mixin.py:190} INFO - 💾 Saved to: /opt/***/dags/aiii_model/transformed_data.csv
[2025-12-15T19:26:14.923+0000] {logging_mixin.py:190} INFO - ======================================================================
[2025-12-15T19:26:14.930+0000] {python.py:240} INFO - Done. Returned value was: None
[2025-12-15T19:26:14.947+0000] {taskinstance.py:340} INFO - ::group::Post task execution logs
[2025-12-15T19:26:14.948+0000] {taskinstance.py:352} INFO - Marking task as SUCCESS. dag_id=weather_prediction_pipeline_v2, task_id=transform_data, run_id=manual__2025-12-15T19:25:20.024134+00:00, execution_date=20251215T192520, start_date=20251215T192611, end_date=20251215T192614
[2025-12-15T19:26:15.002+0000] {local_task_job_runner.py:266} INFO - Task exited with return code 0
[2025-12-15T19:26:15.038+0000] {taskinstance.py:3900} INFO - 1 downstream tasks scheduled from follow-on schedule check
[2025-12-15T19:26:15.041+0000] {local_task_job_runner.py:245} INFO - ::endgroup::
