[2025-12-15T19:26:11.096+0000] {local_task_job_runner.py:123} INFO - ::group::Pre task execution logs
[2025-12-15T19:26:11.123+0000] {taskinstance.py:2612} INFO - Dependencies all met for dep_context=non-requeueable deps ti=<TaskInstance: weather_prediction_pipeline_v2.transform_data manual__2025-12-15T19:25:20.024134+00:00 [queued]>
[2025-12-15T19:26:11.132+0000] {taskinstance.py:2612} INFO - Dependencies all met for dep_context=requeueable deps ti=<TaskInstance: weather_prediction_pipeline_v2.transform_data manual__2025-12-15T19:25:20.024134+00:00 [queued]>
[2025-12-15T19:26:11.133+0000] {taskinstance.py:2865} INFO - Starting attempt 3 of 5
[2025-12-15T19:26:11.146+0000] {taskinstance.py:2888} INFO - Executing <Task(PythonOperator): transform_data> on 2025-12-15 19:25:20.024134+00:00
[2025-12-15T19:26:11.154+0000] {standard_task_runner.py:72} INFO - Started process 13613 to run task
[2025-12-15T19:26:11.157+0000] {standard_task_runner.py:104} INFO - Running: ['***', 'tasks', 'run', 'weather_prediction_pipeline_v2', 'transform_data', 'manual__2025-12-15T19:25:20.024134+00:00', '--job-id', '59', '--raw', '--subdir', 'DAGS_FOLDER/test_etl.py', '--cfg-path', '/tmp/tmpolv3scok']
[2025-12-15T19:26:11.161+0000] {standard_task_runner.py:105} INFO - Job 59: Subtask transform_data
[2025-12-15T19:26:11.183+0000] {logging_mixin.py:190} WARNING - /home/***/.local/lib/python3.10/site-packages/***/settings.py:209 DeprecationWarning: The sql_alchemy_conn option in [core] has been moved to the sql_alchemy_conn option in [database] - the old setting has been used, but please update your config.
[2025-12-15T19:26:11.241+0000] {task_command.py:467} INFO - Running <TaskInstance: weather_prediction_pipeline_v2.transform_data manual__2025-12-15T19:25:20.024134+00:00 [running]> on host 89522446c9a4
[2025-12-15T19:26:11.448+0000] {taskinstance.py:3131} INFO - Exporting env vars: AIRFLOW_CTX_DAG_OWNER='ahmed_sami' AIRFLOW_CTX_DAG_ID='weather_prediction_pipeline_v2' AIRFLOW_CTX_TASK_ID='transform_data' AIRFLOW_CTX_EXECUTION_DATE='2025-12-15T19:25:20.024134+00:00' AIRFLOW_CTX_TRY_NUMBER='3' AIRFLOW_CTX_DAG_RUN_ID='manual__2025-12-15T19:25:20.024134+00:00'
[2025-12-15T19:26:11.451+0000] {taskinstance.py:731} INFO - ::endgroup::
[2025-12-15T19:26:11.493+0000] {logging_mixin.py:190} INFO - ======================================================================
[2025-12-15T19:26:11.494+0000] {logging_mixin.py:190} INFO -                     DAY 1: ENHANCED FEATURE ENGINEERING
[2025-12-15T19:26:11.495+0000] {logging_mixin.py:190} INFO - ======================================================================
[2025-12-15T19:26:11.759+0000] {logging_mixin.py:190} INFO - 📊 Input shape: (147933, 10)
[2025-12-15T19:26:16.698+0000] {logging_mixin.py:190} INFO - ✅ Transformed shape: (147744, 34)
[2025-12-15T19:26:16.699+0000] {logging_mixin.py:190} INFO - 📊 Features created: 34
[2025-12-15T19:26:16.700+0000] {logging_mixin.py:190} INFO - 💾 Saved to: /opt/***/dags/aiii_model/transformed_data.csv
[2025-12-15T19:26:16.700+0000] {logging_mixin.py:190} INFO - ======================================================================
[2025-12-15T19:26:16.706+0000] {python.py:240} INFO - Done. Returned value was: None
[2025-12-15T19:26:16.722+0000] {taskinstance.py:340} INFO - ::group::Post task execution logs
[2025-12-15T19:26:16.723+0000] {taskinstance.py:352} INFO - Marking task as SUCCESS. dag_id=weather_prediction_pipeline_v2, task_id=transform_data, run_id=manual__2025-12-15T19:25:20.024134+00:00, execution_date=20251215T192520, start_date=20251215T192611, end_date=20251215T192616
[2025-12-15T19:26:16.768+0000] {local_task_job_runner.py:266} INFO - Task exited with return code 0
[2025-12-15T19:26:16.800+0000] {taskinstance.py:3900} INFO - 0 downstream tasks scheduled from follow-on schedule check
[2025-12-15T19:26:16.804+0000] {local_task_job_runner.py:245} INFO - ::endgroup::
