[2025-12-13T21:20:45.537+0000] {local_task_job_runner.py:123} INFO - ::group::Pre task execution logs
[2025-12-13T21:20:45.607+0000] {taskinstance.py:2612} INFO - Dependencies all met for dep_context=non-requeueable deps ti=<TaskInstance: weather_prediction_pipeline.mark_day_one_done scheduled__2025-12-12T18:05:00+00:00 [queued]>
[2025-12-13T21:20:45.634+0000] {taskinstance.py:2612} INFO - Dependencies all met for dep_context=requeueable deps ti=<TaskInstance: weather_prediction_pipeline.mark_day_one_done scheduled__2025-12-12T18:05:00+00:00 [queued]>
[2025-12-13T21:20:45.637+0000] {taskinstance.py:2865} INFO - Starting attempt 1 of 3
[2025-12-13T21:20:45.671+0000] {taskinstance.py:2888} INFO - Executing <Task(PythonOperator): mark_day_one_done> on 2025-12-12 18:05:00+00:00
[2025-12-13T21:20:45.687+0000] {standard_task_runner.py:72} INFO - Started process 1576 to run task
[2025-12-13T21:20:45.695+0000] {standard_task_runner.py:104} INFO - Running: ['***', 'tasks', 'run', 'weather_prediction_pipeline', 'mark_day_one_done', 'scheduled__2025-12-12T18:05:00+00:00', '--job-id', '8', '--raw', '--subdir', 'DAGS_FOLDER/aiii_model/test_etl.py', '--cfg-path', '/tmp/tmpmgxdx523']
[2025-12-13T21:20:45.703+0000] {standard_task_runner.py:105} INFO - Job 8: Subtask mark_day_one_done
[2025-12-13T21:20:45.754+0000] {logging_mixin.py:190} WARNING - /home/***/.local/lib/python3.10/site-packages/***/settings.py:209 DeprecationWarning: The sql_alchemy_conn option in [core] has been moved to the sql_alchemy_conn option in [database] - the old setting has been used, but please update your config.
[2025-12-13T21:20:45.903+0000] {task_command.py:467} INFO - Running <TaskInstance: weather_prediction_pipeline.mark_day_one_done scheduled__2025-12-12T18:05:00+00:00 [running]> on host 9fe23fda45c5
[2025-12-13T21:20:45.909+0000] {logging_mixin.py:190} WARNING - /home/***/.local/lib/python3.10/site-packages/***/settings.py:470 DeprecationWarning: The sql_alchemy_conn option in [core] has been moved to the sql_alchemy_conn option in [database] - the old setting has been used, but please update your config.
[2025-12-13T21:20:46.205+0000] {taskinstance.py:3131} INFO - Exporting env vars: AIRFLOW_CTX_DAG_OWNER='ahmed_sami' AIRFLOW_CTX_DAG_ID='weather_prediction_pipeline' AIRFLOW_CTX_TASK_ID='mark_day_one_done' AIRFLOW_CTX_EXECUTION_DATE='2025-12-12T18:05:00+00:00' AIRFLOW_CTX_TRY_NUMBER='1' AIRFLOW_CTX_DAG_RUN_ID='scheduled__2025-12-12T18:05:00+00:00'
[2025-12-13T21:20:46.209+0000] {taskinstance.py:731} INFO - ::endgroup::
[2025-12-13T21:20:46.263+0000] {logging_mixin.py:190} INFO - ======================================================================
[2025-12-13T21:20:46.266+0000] {logging_mixin.py:190} INFO -                          ✅ DAY 1 COMPLETE
[2025-12-13T21:20:46.267+0000] {logging_mixin.py:190} INFO - ======================================================================
[2025-12-13T21:20:46.287+0000] {crypto.py:82} WARNING - empty cryptography key - values will not be stored encrypted.
[2025-12-13T21:20:46.294+0000] {logging_mixin.py:190} INFO - 
🚀 Next run will execute Day 2 (Daily Prediction)
[2025-12-13T21:20:46.295+0000] {logging_mixin.py:190} INFO - ======================================================================
[2025-12-13T21:20:46.297+0000] {python.py:240} INFO - Done. Returned value was: None
[2025-12-13T21:20:46.321+0000] {taskinstance.py:340} INFO - ::group::Post task execution logs
[2025-12-13T21:20:46.323+0000] {taskinstance.py:352} INFO - Marking task as SUCCESS. dag_id=weather_prediction_pipeline, task_id=mark_day_one_done, run_id=scheduled__2025-12-12T18:05:00+00:00, execution_date=20251212T180500, start_date=20251213T212045, end_date=20251213T212046
[2025-12-13T21:20:46.394+0000] {local_task_job_runner.py:266} INFO - Task exited with return code 0
[2025-12-13T21:20:46.447+0000] {taskinstance.py:3900} INFO - 0 downstream tasks scheduled from follow-on schedule check
[2025-12-13T21:20:46.451+0000] {local_task_job_runner.py:245} INFO - ::endgroup::
