[2025-12-16T00:15:42.879+0000] {local_task_job_runner.py:123} INFO - ::group::Pre task execution logs
[2025-12-16T00:15:42.924+0000] {taskinstance.py:2612} INFO - Dependencies all met for dep_context=non-requeueable deps ti=<TaskInstance: weather_actuals_pipeline_v2_fixed.calculate_daily_accuracy scheduled__2025-12-14T18:00:00+00:00 [queued]>
[2025-12-16T00:15:42.940+0000] {taskinstance.py:2612} INFO - Dependencies all met for dep_context=requeueable deps ti=<TaskInstance: weather_actuals_pipeline_v2_fixed.calculate_daily_accuracy scheduled__2025-12-14T18:00:00+00:00 [queued]>
[2025-12-16T00:15:42.942+0000] {taskinstance.py:2865} INFO - Starting attempt 1 of 3
[2025-12-16T00:15:42.960+0000] {taskinstance.py:2888} INFO - Executing <Task(PythonOperator): calculate_daily_accuracy> on 2025-12-14 18:00:00+00:00
[2025-12-16T00:15:42.972+0000] {standard_task_runner.py:72} INFO - Started process 357 to run task
[2025-12-16T00:15:42.978+0000] {standard_task_runner.py:104} INFO - Running: ['***', 'tasks', 'run', 'weather_actuals_pipeline_v2_fixed', 'calculate_daily_accuracy', 'scheduled__2025-12-14T18:00:00+00:00', '--job-id', '40', '--raw', '--subdir', 'DAGS_FOLDER/test_etl.py', '--cfg-path', '/tmp/tmp84fppoem']
[2025-12-16T00:15:42.984+0000] {standard_task_runner.py:105} INFO - Job 40: Subtask calculate_daily_accuracy
[2025-12-16T00:15:43.032+0000] {logging_mixin.py:190} WARNING - /home/***/.local/lib/python3.10/site-packages/***/settings.py:209 DeprecationWarning: The sql_alchemy_conn option in [core] has been moved to the sql_alchemy_conn option in [database] - the old setting has been used, but please update your config.
[2025-12-16T00:15:43.122+0000] {task_command.py:467} INFO - Running <TaskInstance: weather_actuals_pipeline_v2_fixed.calculate_daily_accuracy scheduled__2025-12-14T18:00:00+00:00 [running]> on host a31b9bcf920a
[2025-12-16T00:15:43.126+0000] {logging_mixin.py:190} WARNING - /home/***/.local/lib/python3.10/site-packages/***/settings.py:470 DeprecationWarning: The sql_alchemy_conn option in [core] has been moved to the sql_alchemy_conn option in [database] - the old setting has been used, but please update your config.
[2025-12-16T00:15:43.350+0000] {taskinstance.py:3131} INFO - Exporting env vars: AIRFLOW_CTX_DAG_OWNER='ahmed_sami' AIRFLOW_CTX_DAG_ID='weather_actuals_pipeline_v2_fixed' AIRFLOW_CTX_TASK_ID='calculate_daily_accuracy' AIRFLOW_CTX_EXECUTION_DATE='2025-12-14T18:00:00+00:00' AIRFLOW_CTX_TRY_NUMBER='1' AIRFLOW_CTX_DAG_RUN_ID='scheduled__2025-12-14T18:00:00+00:00'
[2025-12-16T00:15:43.353+0000] {taskinstance.py:731} INFO - ::endgroup::
[2025-12-16T00:15:43.392+0000] {logging_mixin.py:190} INFO - ======================================================================
[2025-12-16T00:15:43.394+0000] {logging_mixin.py:190} INFO -                     CALCULATING PREDICTION ACCURACY
[2025-12-16T00:15:43.396+0000] {logging_mixin.py:190} INFO - ======================================================================
[2025-12-16T00:15:43.397+0000] {logging_mixin.py:190} INFO - 📅 Evaluating predictions for: 2025-12-15
[2025-12-16T00:15:43.427+0000] {base.py:84} INFO - Retrieving connection 'ml_con'
[2025-12-16T00:15:43.449+0000] {logging_mixin.py:190} INFO - ⚠️  No predictions found for yesterday
[2025-12-16T00:15:43.452+0000] {python.py:240} INFO - Done. Returned value was: None
[2025-12-16T00:15:43.482+0000] {taskinstance.py:340} INFO - ::group::Post task execution logs
[2025-12-16T00:15:43.484+0000] {taskinstance.py:352} INFO - Marking task as SUCCESS. dag_id=weather_actuals_pipeline_v2_fixed, task_id=calculate_daily_accuracy, run_id=scheduled__2025-12-14T18:00:00+00:00, execution_date=20251214T180000, start_date=20251216T001542, end_date=20251216T001543
[2025-12-16T00:15:43.557+0000] {local_task_job_runner.py:266} INFO - Task exited with return code 0
[2025-12-16T00:15:43.597+0000] {taskinstance.py:3900} INFO - 0 downstream tasks scheduled from follow-on schedule check
[2025-12-16T00:15:43.601+0000] {local_task_job_runner.py:245} INFO - ::endgroup::
