[2025-12-16T10:27:01.290+0000] {local_task_job_runner.py:123} INFO - ::group::Pre task execution logs
[2025-12-16T10:27:01.320+0000] {taskinstance.py:2612} INFO - Dependencies all met for dep_context=non-requeueable deps ti=<TaskInstance: weather_prediction_pipeline_v2.check_day_one manual__2025-12-16T10:26:59.158918+00:00 [queued]>
[2025-12-16T10:27:01.334+0000] {taskinstance.py:2612} INFO - Dependencies all met for dep_context=requeueable deps ti=<TaskInstance: weather_prediction_pipeline_v2.check_day_one manual__2025-12-16T10:26:59.158918+00:00 [queued]>
[2025-12-16T10:27:01.335+0000] {taskinstance.py:2865} INFO - Starting attempt 1 of 3
[2025-12-16T10:27:01.350+0000] {taskinstance.py:2888} INFO - Executing <Task(BranchPythonOperator): check_day_one> on 2025-12-16 10:26:59.158918+00:00
[2025-12-16T10:27:01.359+0000] {standard_task_runner.py:72} INFO - Started process 672 to run task
[2025-12-16T10:27:01.365+0000] {standard_task_runner.py:104} INFO - Running: ['***', 'tasks', 'run', 'weather_prediction_pipeline_v2', 'check_day_one', 'manual__2025-12-16T10:26:59.158918+00:00', '--job-id', '78', '--raw', '--subdir', 'DAGS_FOLDER/test_etl.py', '--cfg-path', '/tmp/tmpts87_pcy']
[2025-12-16T10:27:01.371+0000] {standard_task_runner.py:105} INFO - Job 78: Subtask check_day_one
[2025-12-16T10:27:01.399+0000] {logging_mixin.py:190} WARNING - /home/***/.local/lib/python3.10/site-packages/***/settings.py:209 DeprecationWarning: The sql_alchemy_conn option in [core] has been moved to the sql_alchemy_conn option in [database] - the old setting has been used, but please update your config.
[2025-12-16T10:27:01.466+0000] {task_command.py:467} INFO - Running <TaskInstance: weather_prediction_pipeline_v2.check_day_one manual__2025-12-16T10:26:59.158918+00:00 [running]> on host 15d037495a80
[2025-12-16T10:27:01.602+0000] {taskinstance.py:3131} INFO - Exporting env vars: AIRFLOW_CTX_DAG_OWNER='ahmed_sami' AIRFLOW_CTX_DAG_ID='weather_prediction_pipeline_v2' AIRFLOW_CTX_TASK_ID='check_day_one' AIRFLOW_CTX_EXECUTION_DATE='2025-12-16T10:26:59.158918+00:00' AIRFLOW_CTX_TRY_NUMBER='1' AIRFLOW_CTX_DAG_RUN_ID='manual__2025-12-16T10:26:59.158918+00:00'
[2025-12-16T10:27:01.605+0000] {taskinstance.py:731} INFO - ::endgroup::
[2025-12-16T10:27:01.632+0000] {baseoperator.py:405} WARNING - BranchPythonOperator.execute cannot be called outside TaskInstance!
[2025-12-16T10:27:01.649+0000] {logging_mixin.py:190} INFO - ✅ DAY 1 completed - Running DAY 2 - Daily Prediction
[2025-12-16T10:27:01.651+0000] {python.py:240} INFO - Done. Returned value was: skip_day1
[2025-12-16T10:27:01.652+0000] {branch.py:38} INFO - Branch into skip_day1
[2025-12-16T10:27:01.653+0000] {skipmixin.py:230} INFO - Following branch ('skip_day1',)
[2025-12-16T10:27:01.674+0000] {skipmixin.py:278} INFO - Skipping tasks [('extract_csv', -1)]
[2025-12-16T10:27:01.722+0000] {taskinstance.py:340} INFO - ::group::Post task execution logs
[2025-12-16T10:27:01.723+0000] {taskinstance.py:352} INFO - Marking task as SUCCESS. dag_id=weather_prediction_pipeline_v2, task_id=check_day_one, run_id=manual__2025-12-16T10:26:59.158918+00:00, execution_date=20251216T102659, start_date=20251216T102701, end_date=20251216T102701
[2025-12-16T10:27:01.781+0000] {local_task_job_runner.py:266} INFO - Task exited with return code 0
[2025-12-16T10:27:01.825+0000] {taskinstance.py:3900} INFO - 0 downstream tasks scheduled from follow-on schedule check
[2025-12-16T10:27:01.829+0000] {local_task_job_runner.py:245} INFO - ::endgroup::
