[2025-12-15T20:27:46.971+0000] {local_task_job_runner.py:123} INFO - ::group::Pre task execution logs
[2025-12-15T20:27:47.007+0000] {taskinstance.py:2612} INFO - Dependencies all met for dep_context=non-requeueable deps ti=<TaskInstance: weather_prediction_pipeline_v2.weather_api manual__2025-12-15T20:27:25.264929+00:00 [queued]>
[2025-12-15T20:27:47.018+0000] {taskinstance.py:2612} INFO - Dependencies all met for dep_context=requeueable deps ti=<TaskInstance: weather_prediction_pipeline_v2.weather_api manual__2025-12-15T20:27:25.264929+00:00 [queued]>
[2025-12-15T20:27:47.020+0000] {taskinstance.py:2865} INFO - Starting attempt 1 of 3
[2025-12-15T20:27:47.037+0000] {taskinstance.py:2888} INFO - Executing <Task(PythonOperator): weather_api> on 2025-12-15 20:27:25.264929+00:00
[2025-12-15T20:27:47.047+0000] {standard_task_runner.py:72} INFO - Started process 17309 to run task
[2025-12-15T20:27:47.053+0000] {standard_task_runner.py:104} INFO - Running: ['***', 'tasks', 'run', 'weather_prediction_pipeline_v2', 'weather_api', 'manual__2025-12-15T20:27:25.264929+00:00', '--job-id', '80', '--raw', '--subdir', 'DAGS_FOLDER/test_etl.py', '--cfg-path', '/tmp/tmpuflqzj_5']
[2025-12-15T20:27:47.059+0000] {standard_task_runner.py:105} INFO - Job 80: Subtask weather_api
[2025-12-15T20:27:47.090+0000] {logging_mixin.py:190} WARNING - /home/***/.local/lib/python3.10/site-packages/***/settings.py:209 DeprecationWarning: The sql_alchemy_conn option in [core] has been moved to the sql_alchemy_conn option in [database] - the old setting has been used, but please update your config.
[2025-12-15T20:27:47.164+0000] {task_command.py:467} INFO - Running <TaskInstance: weather_prediction_pipeline_v2.weather_api manual__2025-12-15T20:27:25.264929+00:00 [running]> on host 89522446c9a4
[2025-12-15T20:27:47.337+0000] {taskinstance.py:3131} INFO - Exporting env vars: AIRFLOW_CTX_DAG_OWNER='ahmed_sami' AIRFLOW_CTX_DAG_ID='weather_prediction_pipeline_v2' AIRFLOW_CTX_TASK_ID='weather_api' AIRFLOW_CTX_EXECUTION_DATE='2025-12-15T20:27:25.264929+00:00' AIRFLOW_CTX_TRY_NUMBER='1' AIRFLOW_CTX_DAG_RUN_ID='manual__2025-12-15T20:27:25.264929+00:00'
[2025-12-15T20:27:47.339+0000] {taskinstance.py:731} INFO - ::endgroup::
[2025-12-15T20:27:47.367+0000] {logging_mixin.py:190} INFO - ======================================================================
[2025-12-15T20:27:47.368+0000] {logging_mixin.py:190} INFO -                     DAY 2: FETCHING WEATHER DATA
[2025-12-15T20:27:47.369+0000] {logging_mixin.py:190} INFO - ======================================================================
[2025-12-15T20:27:47.666+0000] {logging_mixin.py:190} INFO - 📍 Cities: 27 | Workers: 10
[2025-12-15T20:27:48.169+0000] {logging_mixin.py:190} INFO - ✓ Aswan: 17.6°C
[2025-12-15T20:27:48.170+0000] {logging_mixin.py:190} INFO - ✓ Alexandria: 16.0°C
[2025-12-15T20:27:48.171+0000] {logging_mixin.py:190} INFO - ✓ Ankara: 3.5°C
[2025-12-15T20:27:48.172+0000] {logging_mixin.py:190} INFO - ✓ Cairo: 16.4°C
[2025-12-15T20:27:48.172+0000] {logging_mixin.py:190} INFO - ✓ Adana: 10.0°C
[2025-12-15T20:27:48.181+0000] {logging_mixin.py:190} INFO - ✓ Gaziantep: 3.6°C
[2025-12-15T20:27:48.183+0000] {logging_mixin.py:190} INFO - ✓ Giza: 16.4°C
[2025-12-15T20:27:48.186+0000] {logging_mixin.py:190} INFO - ✓ Antalya: 12.3°C
[2025-12-15T20:27:48.214+0000] {logging_mixin.py:190} INFO - ✓ Haifa: 13.4°C
[2025-12-15T20:27:48.264+0000] {logging_mixin.py:190} INFO - ✓ East Jerusalem: 10.0°C
[2025-12-15T20:27:48.822+0000] {logging_mixin.py:190} INFO - ✓ Jerusalem: 9.8°C
[2025-12-15T20:27:48.823+0000] {logging_mixin.py:190} INFO - ✓ Ismailia: 15.1°C
[2025-12-15T20:27:48.834+0000] {logging_mixin.py:190} INFO - ✓ Istanbul: 5.1°C
[2025-12-15T20:27:48.836+0000] {logging_mixin.py:190} INFO - ✓ Konya: 1.7°C
[2025-12-15T20:27:48.843+0000] {logging_mixin.py:190} INFO - ✓ Luxor: 18.0°C
[2025-12-15T20:27:48.850+0000] {logging_mixin.py:190} INFO - ✓ Mashhad: 3.1°C
[2025-12-15T20:27:48.862+0000] {logging_mixin.py:190} INFO - ✓ Izmir: 9.6°C
[2025-12-15T20:27:48.901+0000] {logging_mixin.py:190} INFO - ✓ Port Said: 16.0°C
[2025-12-15T20:27:49.322+0000] {logging_mixin.py:190} INFO - ✓ Qom: 7.7°C
[2025-12-15T20:27:49.330+0000] {logging_mixin.py:190} INFO - ✓ Sharm El Sheikh: 19.1°C
[2025-12-15T20:27:49.332+0000] {logging_mixin.py:190} INFO - ✓ Tehran: 6.5°C
[2025-12-15T20:27:49.332+0000] {logging_mixin.py:190} INFO - ✓ Shiraz: 4.7°C
[2025-12-15T20:27:49.351+0000] {logging_mixin.py:190} INFO - ✓ Suez: 17.1°C
[2025-12-15T20:27:49.355+0000] {logging_mixin.py:190} INFO - ✓ Tel Aviv: 15.0°C
[2025-12-15T20:27:49.373+0000] {logging_mixin.py:190} INFO - ✓ Tabriz: -0.3°C
[2025-12-15T20:27:49.695+0000] {logging_mixin.py:190} INFO - ✓ Hurghada: 18.0°C
[2025-12-15T20:27:49.734+0000] {logging_mixin.py:190} INFO - ✓ Isfahan: 2.8°C
[2025-12-15T20:27:49.736+0000] {logging_mixin.py:190} INFO - 
✅ Success: 27/27 (100.0%)
[2025-12-15T20:27:49.737+0000] {logging_mixin.py:190} INFO - ❌ Failed: 0/27
[2025-12-15T20:27:49.738+0000] {logging_mixin.py:190} INFO - ======================================================================
[2025-12-15T20:27:49.762+0000] {python.py:240} INFO - Done. Returned value was: None
[2025-12-15T20:27:49.780+0000] {taskinstance.py:340} INFO - ::group::Post task execution logs
[2025-12-15T20:27:49.781+0000] {taskinstance.py:352} INFO - Marking task as SUCCESS. dag_id=weather_prediction_pipeline_v2, task_id=weather_api, run_id=manual__2025-12-15T20:27:25.264929+00:00, execution_date=20251215T202725, start_date=20251215T202747, end_date=20251215T202749
[2025-12-15T20:27:49.838+0000] {local_task_job_runner.py:266} INFO - Task exited with return code 0
[2025-12-15T20:27:49.883+0000] {taskinstance.py:3900} INFO - 1 downstream tasks scheduled from follow-on schedule check
[2025-12-15T20:27:49.886+0000] {local_task_job_runner.py:245} INFO - ::endgroup::
