[2025-12-13T20:58:27.957+0000] {local_task_job_runner.py:123} INFO - ::group::Pre task execution logs
[2025-12-13T20:58:28.004+0000] {taskinstance.py:2612} INFO - Dependencies all met for dep_context=non-requeueable deps ti=<TaskInstance: weather_prediction_pipeline.train_and_evaluate scheduled__2025-12-12T18:05:00+00:00 [queued]>
[2025-12-13T20:58:28.022+0000] {taskinstance.py:2612} INFO - Dependencies all met for dep_context=requeueable deps ti=<TaskInstance: weather_prediction_pipeline.train_and_evaluate scheduled__2025-12-12T18:05:00+00:00 [queued]>
[2025-12-13T20:58:28.024+0000] {taskinstance.py:2865} INFO - Starting attempt 1 of 3
[2025-12-13T20:58:28.049+0000] {taskinstance.py:2888} INFO - Executing <Task(PythonOperator): train_and_evaluate> on 2025-12-12 18:05:00+00:00
[2025-12-13T20:58:28.062+0000] {standard_task_runner.py:72} INFO - Started process 688 to run task
[2025-12-13T20:58:28.071+0000] {standard_task_runner.py:104} INFO - Running: ['***', 'tasks', 'run', 'weather_prediction_pipeline', 'train_and_evaluate', 'scheduled__2025-12-12T18:05:00+00:00', '--job-id', '6', '--raw', '--subdir', 'DAGS_FOLDER/aiii_model/test_etl.py', '--cfg-path', '/tmp/tmp2ui_iolr']
[2025-12-13T20:58:28.076+0000] {standard_task_runner.py:105} INFO - Job 6: Subtask train_and_evaluate
[2025-12-13T20:58:28.116+0000] {logging_mixin.py:190} WARNING - /home/***/.local/lib/python3.10/site-packages/***/settings.py:209 DeprecationWarning: The sql_alchemy_conn option in [core] has been moved to the sql_alchemy_conn option in [database] - the old setting has been used, but please update your config.
[2025-12-13T20:58:28.225+0000] {task_command.py:467} INFO - Running <TaskInstance: weather_prediction_pipeline.train_and_evaluate scheduled__2025-12-12T18:05:00+00:00 [running]> on host 9fe23fda45c5
[2025-12-13T20:58:28.229+0000] {logging_mixin.py:190} WARNING - /home/***/.local/lib/python3.10/site-packages/***/settings.py:470 DeprecationWarning: The sql_alchemy_conn option in [core] has been moved to the sql_alchemy_conn option in [database] - the old setting has been used, but please update your config.
[2025-12-13T20:58:28.405+0000] {taskinstance.py:3131} INFO - Exporting env vars: AIRFLOW_CTX_DAG_OWNER='ahmed_sami' AIRFLOW_CTX_DAG_ID='weather_prediction_pipeline' AIRFLOW_CTX_TASK_ID='train_and_evaluate' AIRFLOW_CTX_EXECUTION_DATE='2025-12-12T18:05:00+00:00' AIRFLOW_CTX_TRY_NUMBER='1' AIRFLOW_CTX_DAG_RUN_ID='scheduled__2025-12-12T18:05:00+00:00'
[2025-12-13T20:58:28.408+0000] {taskinstance.py:731} INFO - ::endgroup::
[2025-12-13T20:58:28.449+0000] {logging_mixin.py:190} INFO - ======================================================================
[2025-12-13T20:58:28.451+0000] {logging_mixin.py:190} INFO -                     DAY 1: TRAINING XGBOOST MODEL
[2025-12-13T20:58:28.453+0000] {logging_mixin.py:190} INFO - ======================================================================
[2025-12-13T20:58:59.056+0000] {logging_mixin.py:190} INFO - 🎯 Total Features: 17
[2025-12-13T20:59:01.105+0000] {logging_mixin.py:190} INFO - 📊 Train: 2,213,331 | Test: 553,481
[2025-12-13T20:59:01.107+0000] {logging_mixin.py:190} INFO - 
🤖 Training XGBoost...
[2025-12-13T21:18:09.519+0000] {logging_mixin.py:190} INFO -    MAE:  1.820°C
[2025-12-13T21:18:09.521+0000] {logging_mixin.py:190} INFO -    RMSE: 2.593°C
[2025-12-13T21:18:09.522+0000] {logging_mixin.py:190} INFO -    R²:   0.9387
[2025-12-13T21:18:09.523+0000] {logging_mixin.py:190} INFO -    Accuracy (±2°C): 67.3%
[2025-12-13T21:18:09.525+0000] {logging_mixin.py:190} INFO - 
🎯 Top 10 Features:
[2025-12-13T21:18:09.532+0000] {logging_mixin.py:190} INFO -    temp_lag1            0.5622
[2025-12-13T21:18:09.533+0000] {logging_mixin.py:190} INFO -    temp_ma3             0.3975
[2025-12-13T21:18:09.534+0000] {logging_mixin.py:190} INFO -    temp_ma7             0.0205
[2025-12-13T21:18:09.536+0000] {logging_mixin.py:190} INFO -    temp_change          0.0042
[2025-12-13T21:18:09.538+0000] {logging_mixin.py:190} INFO -    temp_min7            0.0031
[2025-12-13T21:18:09.539+0000] {logging_mixin.py:190} INFO -    temp_max7            0.0018
[2025-12-13T21:18:09.541+0000] {logging_mixin.py:190} INFO -    season               0.0018
[2025-12-13T21:18:09.543+0000] {logging_mixin.py:190} INFO -    temp_lag3            0.0015
[2025-12-13T21:18:09.544+0000] {logging_mixin.py:190} INFO -    temp_lag2            0.0015
[2025-12-13T21:18:09.546+0000] {logging_mixin.py:190} INFO -    temp_lag7            0.0011
[2025-12-13T21:18:09.591+0000] {crypto.py:82} WARNING - empty cryptography key - values will not be stored encrypted.
[2025-12-13T21:18:09.601+0000] {logging_mixin.py:190} INFO - 
🏆 Winner: XGBoost
[2025-12-13T21:18:09.602+0000] {logging_mixin.py:190} INFO - 💾 Model saved: /opt/***/models/xgboost_model_20251213_211809.pkl
[2025-12-13T21:18:09.604+0000] {logging_mixin.py:190} INFO - ======================================================================
[2025-12-13T21:18:09.777+0000] {python.py:240} INFO - Done. Returned value was: None
[2025-12-13T21:18:09.802+0000] {taskinstance.py:340} INFO - ::group::Post task execution logs
[2025-12-13T21:18:09.804+0000] {taskinstance.py:352} INFO - Marking task as SUCCESS. dag_id=weather_prediction_pipeline, task_id=train_and_evaluate, run_id=scheduled__2025-12-12T18:05:00+00:00, execution_date=20251212T180500, start_date=20251213T205828, end_date=20251213T211809
[2025-12-13T21:18:09.899+0000] {local_task_job_runner.py:266} INFO - Task exited with return code 0
[2025-12-13T21:18:09.951+0000] {taskinstance.py:3900} INFO - 1 downstream tasks scheduled from follow-on schedule check
[2025-12-13T21:18:09.956+0000] {local_task_job_runner.py:245} INFO - ::endgroup::
