[2025-12-15T19:26:16.864+0000] {local_task_job_runner.py:123} INFO - ::group::Pre task execution logs
[2025-12-15T19:26:16.889+0000] {taskinstance.py:2612} INFO - Dependencies all met for dep_context=non-requeueable deps ti=<TaskInstance: weather_prediction_pipeline_v2.train_and_evaluate manual__2025-12-15T19:25:20.024134+00:00 [queued]>
[2025-12-15T19:26:16.898+0000] {taskinstance.py:2612} INFO - Dependencies all met for dep_context=requeueable deps ti=<TaskInstance: weather_prediction_pipeline_v2.train_and_evaluate manual__2025-12-15T19:25:20.024134+00:00 [queued]>
[2025-12-15T19:26:16.900+0000] {taskinstance.py:2865} INFO - Starting attempt 1 of 3
[2025-12-15T19:26:16.913+0000] {taskinstance.py:2888} INFO - Executing <Task(PythonOperator): train_and_evaluate> on 2025-12-15 19:25:20.024134+00:00
[2025-12-15T19:26:16.922+0000] {standard_task_runner.py:72} INFO - Started process 13628 to run task
[2025-12-15T19:26:16.926+0000] {standard_task_runner.py:104} INFO - Running: ['***', 'tasks', 'run', 'weather_prediction_pipeline_v2', 'train_and_evaluate', 'manual__2025-12-15T19:25:20.024134+00:00', '--job-id', '60', '--raw', '--subdir', 'DAGS_FOLDER/test_etl.py', '--cfg-path', '/tmp/tmphu_7g46d']
[2025-12-15T19:26:16.929+0000] {standard_task_runner.py:105} INFO - Job 60: Subtask train_and_evaluate
[2025-12-15T19:26:16.951+0000] {logging_mixin.py:190} WARNING - /home/***/.local/lib/python3.10/site-packages/***/settings.py:209 DeprecationWarning: The sql_alchemy_conn option in [core] has been moved to the sql_alchemy_conn option in [database] - the old setting has been used, but please update your config.
[2025-12-15T19:26:17.004+0000] {task_command.py:467} INFO - Running <TaskInstance: weather_prediction_pipeline_v2.train_and_evaluate manual__2025-12-15T19:25:20.024134+00:00 [running]> on host 89522446c9a4
[2025-12-15T19:26:17.115+0000] {taskinstance.py:3131} INFO - Exporting env vars: AIRFLOW_CTX_DAG_OWNER='ahmed_sami' AIRFLOW_CTX_DAG_ID='weather_prediction_pipeline_v2' AIRFLOW_CTX_TASK_ID='train_and_evaluate' AIRFLOW_CTX_EXECUTION_DATE='2025-12-15T19:25:20.024134+00:00' AIRFLOW_CTX_TRY_NUMBER='1' AIRFLOW_CTX_DAG_RUN_ID='manual__2025-12-15T19:25:20.024134+00:00'
[2025-12-15T19:26:17.117+0000] {taskinstance.py:731} INFO - ::endgroup::
[2025-12-15T19:26:17.139+0000] {logging_mixin.py:190} INFO - ======================================================================
[2025-12-15T19:26:17.140+0000] {logging_mixin.py:190} INFO -                     DAY 1: TRAINING XGBOOST MODEL
[2025-12-15T19:26:17.141+0000] {logging_mixin.py:190} INFO - ======================================================================
[2025-12-15T19:26:17.987+0000] {logging_mixin.py:190} INFO - 🎯 Total Features: 24
[2025-12-15T19:26:18.045+0000] {logging_mixin.py:190} INFO - 📊 Train: 118,179 | Test: 29,565
[2025-12-15T19:26:18.046+0000] {logging_mixin.py:190} INFO - 
🤖 Training XGBoost...
[2025-12-15T19:28:13.273+0000] {logging_mixin.py:190} INFO -    MAE:  1.000°C
[2025-12-15T19:28:13.274+0000] {logging_mixin.py:190} INFO -    RMSE: 1.403°C
[2025-12-15T19:28:13.275+0000] {logging_mixin.py:190} INFO -    R²:   0.9748
[2025-12-15T19:28:13.275+0000] {logging_mixin.py:190} INFO -    Accuracy (±2°C): 87.6%
[2025-12-15T19:28:13.276+0000] {logging_mixin.py:190} INFO - 
🎯 Top 10 Features:
[2025-12-15T19:28:13.282+0000] {logging_mixin.py:190} INFO -    temp_lag1            0.7157
[2025-12-15T19:28:13.283+0000] {logging_mixin.py:190} INFO -    temp_ma3             0.1322
[2025-12-15T19:28:13.283+0000] {logging_mixin.py:190} INFO -    max_temp_lag1        0.0945
[2025-12-15T19:28:13.284+0000] {logging_mixin.py:190} INFO -    temp_ma7             0.0210
[2025-12-15T19:28:13.285+0000] {logging_mixin.py:190} INFO -    temp_lag2            0.0113
[2025-12-15T19:28:13.286+0000] {logging_mixin.py:190} INFO -    temp_min7            0.0082
[2025-12-15T19:28:13.287+0000] {logging_mixin.py:190} INFO -    temp_change          0.0021
[2025-12-15T19:28:13.288+0000] {logging_mixin.py:190} INFO -    min_temp_lag1        0.0017
[2025-12-15T19:28:13.289+0000] {logging_mixin.py:190} INFO -    min_temp_ma7         0.0016
[2025-12-15T19:28:13.289+0000] {logging_mixin.py:190} INFO -    temp_max7            0.0014
[2025-12-15T19:28:13.321+0000] {crypto.py:82} WARNING - empty cryptography key - values will not be stored encrypted.
[2025-12-15T19:28:13.325+0000] {logging_mixin.py:190} INFO - 
🏆 Model: XGBoost
[2025-12-15T19:28:13.326+0000] {logging_mixin.py:190} INFO - 💾 Model saved: /opt/***/models/xgboost_model_20251215_192813.pkl
[2025-12-15T19:28:13.327+0000] {logging_mixin.py:190} INFO - ======================================================================
[2025-12-15T19:28:13.336+0000] {python.py:240} INFO - Done. Returned value was: None
[2025-12-15T19:28:13.354+0000] {taskinstance.py:340} INFO - ::group::Post task execution logs
[2025-12-15T19:28:13.355+0000] {taskinstance.py:352} INFO - Marking task as SUCCESS. dag_id=weather_prediction_pipeline_v2, task_id=train_and_evaluate, run_id=manual__2025-12-15T19:25:20.024134+00:00, execution_date=20251215T192520, start_date=20251215T192616, end_date=20251215T192813
[2025-12-15T19:28:13.390+0000] {local_task_job_runner.py:266} INFO - Task exited with return code 0
[2025-12-15T19:28:13.433+0000] {taskinstance.py:3900} INFO - 1 downstream tasks scheduled from follow-on schedule check
[2025-12-15T19:28:13.436+0000] {local_task_job_runner.py:245} INFO - ::endgroup::
