[2025-12-13T21:18:13.130+0000] {local_task_job_runner.py:123} INFO - ::group::Pre task execution logs
[2025-12-13T21:18:13.178+0000] {taskinstance.py:2612} INFO - Dependencies all met for dep_context=non-requeueable deps ti=<TaskInstance: weather_prediction_pipeline.load_to_postgres scheduled__2025-12-12T18:05:00+00:00 [queued]>
[2025-12-13T21:18:13.199+0000] {taskinstance.py:2612} INFO - Dependencies all met for dep_context=requeueable deps ti=<TaskInstance: weather_prediction_pipeline.load_to_postgres scheduled__2025-12-12T18:05:00+00:00 [queued]>
[2025-12-13T21:18:13.201+0000] {taskinstance.py:2865} INFO - Starting attempt 1 of 3
[2025-12-13T21:18:13.229+0000] {taskinstance.py:2888} INFO - Executing <Task(PythonOperator): load_to_postgres> on 2025-12-12 18:05:00+00:00
[2025-12-13T21:18:13.245+0000] {standard_task_runner.py:72} INFO - Started process 1452 to run task
[2025-12-13T21:18:13.254+0000] {standard_task_runner.py:104} INFO - Running: ['***', 'tasks', 'run', 'weather_prediction_pipeline', 'load_to_postgres', 'scheduled__2025-12-12T18:05:00+00:00', '--job-id', '7', '--raw', '--subdir', 'DAGS_FOLDER/aiii_model/test_etl.py', '--cfg-path', '/tmp/tmpi5utpf7z']
[2025-12-13T21:18:13.261+0000] {standard_task_runner.py:105} INFO - Job 7: Subtask load_to_postgres
[2025-12-13T21:18:13.305+0000] {logging_mixin.py:190} WARNING - /home/***/.local/lib/python3.10/site-packages/***/settings.py:209 DeprecationWarning: The sql_alchemy_conn option in [core] has been moved to the sql_alchemy_conn option in [database] - the old setting has been used, but please update your config.
[2025-12-13T21:18:13.418+0000] {task_command.py:467} INFO - Running <TaskInstance: weather_prediction_pipeline.load_to_postgres scheduled__2025-12-12T18:05:00+00:00 [running]> on host 9fe23fda45c5
[2025-12-13T21:18:13.421+0000] {logging_mixin.py:190} WARNING - /home/***/.local/lib/python3.10/site-packages/***/settings.py:470 DeprecationWarning: The sql_alchemy_conn option in [core] has been moved to the sql_alchemy_conn option in [database] - the old setting has been used, but please update your config.
[2025-12-13T21:18:13.647+0000] {taskinstance.py:3131} INFO - Exporting env vars: AIRFLOW_CTX_DAG_OWNER='ahmed_sami' AIRFLOW_CTX_DAG_ID='weather_prediction_pipeline' AIRFLOW_CTX_TASK_ID='load_to_postgres' AIRFLOW_CTX_EXECUTION_DATE='2025-12-12T18:05:00+00:00' AIRFLOW_CTX_TRY_NUMBER='1' AIRFLOW_CTX_DAG_RUN_ID='scheduled__2025-12-12T18:05:00+00:00'
[2025-12-13T21:18:13.650+0000] {taskinstance.py:731} INFO - ::endgroup::
[2025-12-13T21:18:13.695+0000] {logging_mixin.py:190} INFO - ======================================================================
[2025-12-13T21:18:13.697+0000] {logging_mixin.py:190} INFO -                     DAY 1: LOADING TO DATABASE
[2025-12-13T21:18:13.699+0000] {logging_mixin.py:190} INFO - ======================================================================
[2025-12-13T21:18:38.852+0000] {logging_mixin.py:190} INFO - 📊 Rows to load: 2,766,812
[2025-12-13T21:19:56.498+0000] {base.py:84} INFO - Retrieving connection 'ml_con'
[2025-12-13T21:20:39.795+0000] {logging_mixin.py:190} INFO - ✅ Loaded 2,766,812 rows
[2025-12-13T21:20:40.092+0000] {logging_mixin.py:190} INFO - ======================================================================
[2025-12-13T21:20:40.140+0000] {python.py:240} INFO - Done. Returned value was: None
[2025-12-13T21:20:40.199+0000] {taskinstance.py:340} INFO - ::group::Post task execution logs
[2025-12-13T21:20:40.203+0000] {taskinstance.py:352} INFO - Marking task as SUCCESS. dag_id=weather_prediction_pipeline, task_id=load_to_postgres, run_id=scheduled__2025-12-12T18:05:00+00:00, execution_date=20251212T180500, start_date=20251213T211813, end_date=20251213T212040
[2025-12-13T21:20:40.371+0000] {local_task_job_runner.py:266} INFO - Task exited with return code 0
[2025-12-13T21:20:40.483+0000] {taskinstance.py:3900} INFO - 1 downstream tasks scheduled from follow-on schedule check
[2025-12-13T21:20:40.486+0000] {local_task_job_runner.py:245} INFO - ::endgroup::
