[2025-12-16T10:32:31.257+0000] {local_task_job_runner.py:123} INFO - ::group::Pre task execution logs
[2025-12-16T10:32:31.283+0000] {taskinstance.py:2612} INFO - Dependencies all met for dep_context=non-requeueable deps ti=<TaskInstance: weather_actuals_pipeline_v2.fetch_end_of_day_actuals manual__2025-12-16T10:26:15.070883+00:00 [queued]>
[2025-12-16T10:32:31.294+0000] {taskinstance.py:2612} INFO - Dependencies all met for dep_context=requeueable deps ti=<TaskInstance: weather_actuals_pipeline_v2.fetch_end_of_day_actuals manual__2025-12-16T10:26:15.070883+00:00 [queued]>
[2025-12-16T10:32:31.295+0000] {taskinstance.py:2865} INFO - Starting attempt 3 of 5
[2025-12-16T10:32:31.310+0000] {taskinstance.py:2888} INFO - Executing <Task(PythonOperator): fetch_end_of_day_actuals> on 2025-12-16 10:26:15.070883+00:00
[2025-12-16T10:32:31.319+0000] {standard_task_runner.py:72} INFO - Started process 1077 to run task
[2025-12-16T10:32:31.324+0000] {standard_task_runner.py:104} INFO - Running: ['***', 'tasks', 'run', 'weather_actuals_pipeline_v2', 'fetch_end_of_day_actuals', 'manual__2025-12-16T10:26:15.070883+00:00', '--job-id', '84', '--raw', '--subdir', 'DAGS_FOLDER/test_etl.py', '--cfg-path', '/tmp/tmp5f_nujh7']
[2025-12-16T10:32:31.328+0000] {standard_task_runner.py:105} INFO - Job 84: Subtask fetch_end_of_day_actuals
[2025-12-16T10:32:31.353+0000] {logging_mixin.py:190} WARNING - /home/***/.local/lib/python3.10/site-packages/***/settings.py:209 DeprecationWarning: The sql_alchemy_conn option in [core] has been moved to the sql_alchemy_conn option in [database] - the old setting has been used, but please update your config.
[2025-12-16T10:32:31.414+0000] {task_command.py:467} INFO - Running <TaskInstance: weather_actuals_pipeline_v2.fetch_end_of_day_actuals manual__2025-12-16T10:26:15.070883+00:00 [running]> on host 15d037495a80
[2025-12-16T10:32:31.537+0000] {taskinstance.py:3131} INFO - Exporting env vars: AIRFLOW_CTX_DAG_OWNER='ahmed_sami' AIRFLOW_CTX_DAG_ID='weather_actuals_pipeline_v2' AIRFLOW_CTX_TASK_ID='fetch_end_of_day_actuals' AIRFLOW_CTX_EXECUTION_DATE='2025-12-16T10:26:15.070883+00:00' AIRFLOW_CTX_TRY_NUMBER='3' AIRFLOW_CTX_DAG_RUN_ID='manual__2025-12-16T10:26:15.070883+00:00'
[2025-12-16T10:32:31.539+0000] {taskinstance.py:731} INFO - ::endgroup::
[2025-12-16T10:32:31.560+0000] {logging_mixin.py:190} INFO - ======================================================================
[2025-12-16T10:32:31.562+0000] {logging_mixin.py:190} INFO -                FETCHING END-OF-DAY ACTUAL TEMPERATURES
[2025-12-16T10:32:31.563+0000] {logging_mixin.py:190} INFO - ======================================================================
[2025-12-16T10:32:31.564+0000] {logging_mixin.py:190} INFO - 📅 Date: 2025-12-16
[2025-12-16T10:32:31.564+0000] {logging_mixin.py:190} INFO - ⏰ Time: 10:32:31
[2025-12-16T10:32:32.056+0000] {logging_mixin.py:190} INFO - 📍 Cities to fetch: 66
[2025-12-16T10:32:32.057+0000] {taskinstance.py:3310} ERROR - Task failed with exception
Traceback (most recent call last):
  File "/home/airflow/.local/lib/python3.10/site-packages/airflow/models/taskinstance.py", line 767, in _execute_task
    result = _execute_callable(context=context, **execute_callable_kwargs)
  File "/home/airflow/.local/lib/python3.10/site-packages/airflow/models/taskinstance.py", line 733, in _execute_callable
    return ExecutionCallableRunner(
  File "/home/airflow/.local/lib/python3.10/site-packages/airflow/utils/operator_helpers.py", line 252, in run
    return self.func(*args, **kwargs)
  File "/home/airflow/.local/lib/python3.10/site-packages/airflow/models/baseoperator.py", line 406, in wrapper
    return func(self, *args, **kwargs)
  File "/home/airflow/.local/lib/python3.10/site-packages/airflow/operators/python.py", line 238, in execute
    return_value = self.execute_callable()
  File "/home/airflow/.local/lib/python3.10/site-packages/airflow/operators/python.py", line 256, in execute_callable
    return runner.run(*self.op_args, **self.op_kwargs)
  File "/home/airflow/.local/lib/python3.10/site-packages/airflow/utils/operator_helpers.py", line 252, in run
    return self.func(*args, **kwargs)
  File "/opt/airflow/dags/test_etl.py", line 2049, in fetch_end_of_day_actuals
    future_to_city = {
  File "/opt/airflow/dags/test_etl.py", line 2050, in <dictcomp>
    executor.submit(fetch_city_actual, city, today): city
NameError: name 'fetch_city_actual' is not defined
[2025-12-16T10:32:32.093+0000] {taskinstance.py:1225} INFO - Marking task as UP_FOR_RETRY. dag_id=weather_actuals_pipeline_v2, task_id=fetch_end_of_day_actuals, run_id=manual__2025-12-16T10:26:15.070883+00:00, execution_date=20251216T102615, start_date=20251216T103231, end_date=20251216T103232
[2025-12-16T10:32:32.123+0000] {taskinstance.py:340} INFO - ::group::Post task execution logs
[2025-12-16T10:32:32.125+0000] {standard_task_runner.py:124} ERROR - Failed to execute job 84 for task fetch_end_of_day_actuals (name 'fetch_city_actual' is not defined; 1077)
Traceback (most recent call last):
  File "/home/airflow/.local/lib/python3.10/site-packages/airflow/task/task_runner/standard_task_runner.py", line 117, in _start_by_fork
    ret = args.func(args, dag=self.dag)
  File "/home/airflow/.local/lib/python3.10/site-packages/airflow/cli/cli_config.py", line 49, in command
    return func(*args, **kwargs)
  File "/home/airflow/.local/lib/python3.10/site-packages/airflow/utils/cli.py", line 115, in wrapper
    return f(*args, **kwargs)
  File "/home/airflow/.local/lib/python3.10/site-packages/airflow/cli/commands/task_command.py", line 483, in task_run
    task_return_code = _run_task_by_selected_method(args, _dag, ti)
  File "/home/airflow/.local/lib/python3.10/site-packages/airflow/cli/commands/task_command.py", line 256, in _run_task_by_selected_method
    return _run_raw_task(args, ti)
  File "/home/airflow/.local/lib/python3.10/site-packages/airflow/cli/commands/task_command.py", line 341, in _run_raw_task
    return ti._run_raw_task(
  File "/home/airflow/.local/lib/python3.10/site-packages/airflow/utils/session.py", line 97, in wrapper
    return func(*args, session=session, **kwargs)
  File "/home/airflow/.local/lib/python3.10/site-packages/airflow/models/taskinstance.py", line 3004, in _run_raw_task
    return _run_raw_task(
  File "/home/airflow/.local/lib/python3.10/site-packages/airflow/models/taskinstance.py", line 273, in _run_raw_task
    TaskInstance._execute_task_with_callbacks(
  File "/home/airflow/.local/lib/python3.10/site-packages/airflow/models/taskinstance.py", line 3158, in _execute_task_with_callbacks
    result = self._execute_task(context, task_orig)
  File "/home/airflow/.local/lib/python3.10/site-packages/airflow/models/taskinstance.py", line 3182, in _execute_task
    return _execute_task(self, context, task_orig)
  File "/home/airflow/.local/lib/python3.10/site-packages/airflow/models/taskinstance.py", line 767, in _execute_task
    result = _execute_callable(context=context, **execute_callable_kwargs)
  File "/home/airflow/.local/lib/python3.10/site-packages/airflow/models/taskinstance.py", line 733, in _execute_callable
    return ExecutionCallableRunner(
  File "/home/airflow/.local/lib/python3.10/site-packages/airflow/utils/operator_helpers.py", line 252, in run
    return self.func(*args, **kwargs)
  File "/home/airflow/.local/lib/python3.10/site-packages/airflow/models/baseoperator.py", line 406, in wrapper
    return func(self, *args, **kwargs)
  File "/home/airflow/.local/lib/python3.10/site-packages/airflow/operators/python.py", line 238, in execute
    return_value = self.execute_callable()
  File "/home/airflow/.local/lib/python3.10/site-packages/airflow/operators/python.py", line 256, in execute_callable
    return runner.run(*self.op_args, **self.op_kwargs)
  File "/home/airflow/.local/lib/python3.10/site-packages/airflow/utils/operator_helpers.py", line 252, in run
    return self.func(*args, **kwargs)
  File "/opt/airflow/dags/test_etl.py", line 2049, in fetch_end_of_day_actuals
    future_to_city = {
  File "/opt/airflow/dags/test_etl.py", line 2050, in <dictcomp>
    executor.submit(fetch_city_actual, city, today): city
NameError: name 'fetch_city_actual' is not defined
[2025-12-16T10:32:32.181+0000] {local_task_job_runner.py:266} INFO - Task exited with return code 1
[2025-12-16T10:32:32.216+0000] {taskinstance.py:3900} INFO - 0 downstream tasks scheduled from follow-on schedule check
[2025-12-16T10:32:32.219+0000] {local_task_job_runner.py:245} INFO - ::endgroup::
