[2025-12-16T00:25:47.838+0000] {local_task_job_runner.py:123} INFO - ::group::Pre task execution logs
[2025-12-16T00:25:47.882+0000] {taskinstance.py:2612} INFO - Dependencies all met for dep_context=non-requeueable deps ti=<TaskInstance: weather_prediction_pipeline_v2.train_and_evaluate manual__2025-12-16T00:25:05.299007+00:00 [queued]>
[2025-12-16T00:25:47.900+0000] {taskinstance.py:2612} INFO - Dependencies all met for dep_context=requeueable deps ti=<TaskInstance: weather_prediction_pipeline_v2.train_and_evaluate manual__2025-12-16T00:25:05.299007+00:00 [queued]>
[2025-12-16T00:25:47.902+0000] {taskinstance.py:2865} INFO - Starting attempt 1 of 3
[2025-12-16T00:25:47.925+0000] {taskinstance.py:2888} INFO - Executing <Task(PythonOperator): train_and_evaluate> on 2025-12-16 00:25:05.299007+00:00
[2025-12-16T00:25:47.937+0000] {standard_task_runner.py:72} INFO - Started process 1096 to run task
[2025-12-16T00:25:47.945+0000] {standard_task_runner.py:104} INFO - Running: ['***', 'tasks', 'run', 'weather_prediction_pipeline_v2', 'train_and_evaluate', 'manual__2025-12-16T00:25:05.299007+00:00', '--job-id', '52', '--raw', '--subdir', 'DAGS_FOLDER/test_etl.py', '--cfg-path', '/tmp/tmpe3s72e3_']
[2025-12-16T00:25:47.950+0000] {standard_task_runner.py:105} INFO - Job 52: Subtask train_and_evaluate
[2025-12-16T00:25:47.982+0000] {logging_mixin.py:190} WARNING - /home/***/.local/lib/python3.10/site-packages/***/settings.py:209 DeprecationWarning: The sql_alchemy_conn option in [core] has been moved to the sql_alchemy_conn option in [database] - the old setting has been used, but please update your config.
[2025-12-16T00:25:48.067+0000] {task_command.py:467} INFO - Running <TaskInstance: weather_prediction_pipeline_v2.train_and_evaluate manual__2025-12-16T00:25:05.299007+00:00 [running]> on host a31b9bcf920a
[2025-12-16T00:25:48.245+0000] {taskinstance.py:3131} INFO - Exporting env vars: AIRFLOW_CTX_DAG_OWNER='ahmed_sami' AIRFLOW_CTX_DAG_ID='weather_prediction_pipeline_v2' AIRFLOW_CTX_TASK_ID='train_and_evaluate' AIRFLOW_CTX_EXECUTION_DATE='2025-12-16T00:25:05.299007+00:00' AIRFLOW_CTX_TRY_NUMBER='1' AIRFLOW_CTX_DAG_RUN_ID='manual__2025-12-16T00:25:05.299007+00:00'
[2025-12-16T00:25:48.247+0000] {taskinstance.py:731} INFO - ::endgroup::
[2025-12-16T00:25:48.287+0000] {logging_mixin.py:190} INFO - ======================================================================
[2025-12-16T00:25:48.289+0000] {logging_mixin.py:190} INFO -                     DAY 1: TRAINING XGBOOST MODEL
[2025-12-16T00:25:48.291+0000] {logging_mixin.py:190} INFO - ======================================================================
[2025-12-16T00:25:51.536+0000] {logging_mixin.py:190} INFO - 🎯 Total Features: 24
[2025-12-16T00:25:51.810+0000] {logging_mixin.py:190} INFO - 📊 Train: 288,882 | Test: 72,270
[2025-12-16T00:25:51.812+0000] {logging_mixin.py:190} INFO - 
🤖 Training XGBoost...
[2025-12-16T00:30:24.245+0000] {logging_mixin.py:190} INFO -    MAE:  0.924°C
[2025-12-16T00:30:24.247+0000] {logging_mixin.py:190} INFO -    RMSE: 1.303°C
[2025-12-16T00:30:24.249+0000] {logging_mixin.py:190} INFO -    R²:   0.9771
[2025-12-16T00:30:24.251+0000] {logging_mixin.py:190} INFO -    Accuracy (±2°C): 89.3%
[2025-12-16T00:30:24.252+0000] {logging_mixin.py:190} INFO - 
🎯 Top 10 Features:
[2025-12-16T00:30:24.262+0000] {logging_mixin.py:190} INFO -    temp_lag1            0.6549
[2025-12-16T00:30:24.263+0000] {logging_mixin.py:190} INFO -    temp_ma3             0.2403
[2025-12-16T00:30:24.265+0000] {logging_mixin.py:190} INFO -    temp_ma7             0.0701
[2025-12-16T00:30:24.266+0000] {logging_mixin.py:190} INFO -    max_temp_lag1        0.0180
[2025-12-16T00:30:24.268+0000] {logging_mixin.py:190} INFO -    temp_min7            0.0036
[2025-12-16T00:30:24.269+0000] {logging_mixin.py:190} INFO -    temp_change          0.0024
[2025-12-16T00:30:24.271+0000] {logging_mixin.py:190} INFO -    temp_max7            0.0014
[2025-12-16T00:30:24.272+0000] {logging_mixin.py:190} INFO -    min_temp_ma7         0.0013
[2025-12-16T00:30:24.273+0000] {logging_mixin.py:190} INFO -    min_temp_lag1        0.0010
[2025-12-16T00:30:24.275+0000] {logging_mixin.py:190} INFO -    day_of_year          0.0007
[2025-12-16T00:30:24.328+0000] {crypto.py:82} WARNING - empty cryptography key - values will not be stored encrypted.
[2025-12-16T00:30:24.337+0000] {logging_mixin.py:190} INFO - 
🏆 Model: XGBoost
[2025-12-16T00:30:24.339+0000] {logging_mixin.py:190} INFO - 💾 Model saved: /opt/***/models/xgboost_model_20251216_003024.pkl
[2025-12-16T00:30:24.340+0000] {logging_mixin.py:190} INFO - ======================================================================
[2025-12-16T00:30:24.377+0000] {python.py:240} INFO - Done. Returned value was: None
[2025-12-16T00:30:24.403+0000] {taskinstance.py:340} INFO - ::group::Post task execution logs
[2025-12-16T00:30:24.406+0000] {taskinstance.py:352} INFO - Marking task as SUCCESS. dag_id=weather_prediction_pipeline_v2, task_id=train_and_evaluate, run_id=manual__2025-12-16T00:25:05.299007+00:00, execution_date=20251216T002505, start_date=20251216T002547, end_date=20251216T003024
[2025-12-16T00:30:24.468+0000] {local_task_job_runner.py:266} INFO - Task exited with return code 0
[2025-12-16T00:30:24.533+0000] {taskinstance.py:3900} INFO - 0 downstream tasks scheduled from follow-on schedule check
[2025-12-16T00:30:24.537+0000] {local_task_job_runner.py:245} INFO - ::endgroup::
