[2025-12-15T21:58:29.911+0000] {local_task_job_runner.py:123} INFO - ::group::Pre task execution logs
[2025-12-15T21:58:29.939+0000] {taskinstance.py:2612} INFO - Dependencies all met for dep_context=non-requeueable deps ti=<TaskInstance: weather_prediction_pipeline_v2.daily_predict_api manual__2025-12-15T21:58:14.574278+00:00 [queued]>
[2025-12-15T21:58:29.951+0000] {taskinstance.py:2612} INFO - Dependencies all met for dep_context=requeueable deps ti=<TaskInstance: weather_prediction_pipeline_v2.daily_predict_api manual__2025-12-15T21:58:14.574278+00:00 [queued]>
[2025-12-15T21:58:29.954+0000] {taskinstance.py:2865} INFO - Starting attempt 1 of 3
[2025-12-15T21:58:29.987+0000] {taskinstance.py:2888} INFO - Executing <Task(PythonOperator): daily_predict_api> on 2025-12-15 21:58:14.574278+00:00
[2025-12-15T21:58:29.999+0000] {standard_task_runner.py:72} INFO - Started process 487 to run task
[2025-12-15T21:58:30.004+0000] {standard_task_runner.py:104} INFO - Running: ['***', 'tasks', 'run', 'weather_prediction_pipeline_v2', 'daily_predict_api', 'manual__2025-12-15T21:58:14.574278+00:00', '--job-id', '114', '--raw', '--subdir', 'DAGS_FOLDER/test_etl.py', '--cfg-path', '/tmp/tmpcqumxvg8']
[2025-12-15T21:58:30.014+0000] {standard_task_runner.py:105} INFO - Job 114: Subtask daily_predict_api
[2025-12-15T21:58:30.048+0000] {logging_mixin.py:190} WARNING - /home/***/.local/lib/python3.10/site-packages/***/settings.py:209 DeprecationWarning: The sql_alchemy_conn option in [core] has been moved to the sql_alchemy_conn option in [database] - the old setting has been used, but please update your config.
[2025-12-15T21:58:30.147+0000] {task_command.py:467} INFO - Running <TaskInstance: weather_prediction_pipeline_v2.daily_predict_api manual__2025-12-15T21:58:14.574278+00:00 [running]> on host b89d32282382
[2025-12-15T21:58:30.328+0000] {taskinstance.py:3131} INFO - Exporting env vars: AIRFLOW_CTX_DAG_OWNER='ahmed_sami' AIRFLOW_CTX_DAG_ID='weather_prediction_pipeline_v2' AIRFLOW_CTX_TASK_ID='daily_predict_api' AIRFLOW_CTX_EXECUTION_DATE='2025-12-15T21:58:14.574278+00:00' AIRFLOW_CTX_TRY_NUMBER='1' AIRFLOW_CTX_DAG_RUN_ID='manual__2025-12-15T21:58:14.574278+00:00'
[2025-12-15T21:58:30.330+0000] {taskinstance.py:731} INFO - ::endgroup::
[2025-12-15T21:58:30.370+0000] {logging_mixin.py:190} INFO - ======================================================================
[2025-12-15T21:58:30.371+0000] {logging_mixin.py:190} INFO -                     DAY 2: PREDICTING
[2025-12-15T21:58:30.373+0000] {logging_mixin.py:190} INFO - ======================================================================
[2025-12-15T21:58:30.420+0000] {logging_mixin.py:190} INFO - 🤖 Loading: /opt/***/models/xgboost_model_20251215_192813.pkl
[2025-12-15T21:58:30.503+0000] {base.py:84} INFO - Retrieving connection 'ml_con'
[2025-12-15T21:58:30.532+0000] {logging_mixin.py:190} INFO - ✓ Adana: 12.0°C
[2025-12-15T21:58:30.546+0000] {logging_mixin.py:190} INFO - ✓ Alexandria: 17.3°C
[2025-12-15T21:58:30.560+0000] {logging_mixin.py:190} INFO - ✓ Cairo: 17.1°C
[2025-12-15T21:58:30.572+0000] {logging_mixin.py:190} INFO - ✓ Aswan: 18.0°C
[2025-12-15T21:58:30.586+0000] {logging_mixin.py:190} INFO - ✓ Ankara: 3.4°C
[2025-12-15T21:58:30.598+0000] {logging_mixin.py:190} INFO - ✓ Haifa: 14.4°C
[2025-12-15T21:58:30.611+0000] {logging_mixin.py:190} INFO - ✓ East Jerusalem: 11.0°C
[2025-12-15T21:58:30.623+0000] {logging_mixin.py:190} INFO - ✓ Isfahan: 5.7°C
[2025-12-15T21:58:30.635+0000] {logging_mixin.py:190} INFO - ✓ Hurghada: 18.8°C
[2025-12-15T21:58:30.647+0000] {logging_mixin.py:190} INFO - ✓ Ismailia: 16.6°C
[2025-12-15T21:58:30.659+0000] {logging_mixin.py:190} INFO - ✓ Istanbul: 9.2°C
[2025-12-15T21:58:30.671+0000] {logging_mixin.py:190} INFO - ✓ Jerusalem: 11.0°C
[2025-12-15T21:58:30.683+0000] {logging_mixin.py:190} INFO - ✓ Konya: 5.3°C
[2025-12-15T21:58:30.693+0000] {logging_mixin.py:190} INFO - ✓ Izmir: 9.5°C
[2025-12-15T21:58:30.705+0000] {logging_mixin.py:190} INFO - ✓ Mashhad: 7.1°C
[2025-12-15T21:58:30.716+0000] {logging_mixin.py:190} INFO - ✓ Port Said: 17.2°C
[2025-12-15T21:58:30.729+0000] {logging_mixin.py:190} INFO - ✓ Qom: 10.3°C
[2025-12-15T21:58:30.740+0000] {logging_mixin.py:190} INFO - ✓ Sharm El Sheikh: 17.6°C
[2025-12-15T21:58:30.753+0000] {logging_mixin.py:190} INFO - ✓ Luxor: 18.2°C
[2025-12-15T21:58:30.764+0000] {logging_mixin.py:190} INFO - ✓ Shiraz: 6.1°C
[2025-12-15T21:58:30.776+0000] {logging_mixin.py:190} INFO - ✓ Suez: 17.1°C
[2025-12-15T21:58:30.787+0000] {logging_mixin.py:190} INFO - ✓ Tehran: 6.7°C
[2025-12-15T21:58:30.796+0000] {logging_mixin.py:190} INFO - ✓ Tabriz: 3.6°C
[2025-12-15T21:58:30.808+0000] {logging_mixin.py:190} INFO - ✓ Tel Aviv: 16.2°C
[2025-12-15T21:58:30.820+0000] {logging_mixin.py:190} INFO - ✓ Giza: 17.1°C
[2025-12-15T21:58:30.832+0000] {logging_mixin.py:190} INFO - ✓ Gaziantep: 6.6°C
[2025-12-15T21:58:30.843+0000] {logging_mixin.py:190} INFO - ✓ Antalya: 13.6°C
[2025-12-15T21:58:30.844+0000] {logging_mixin.py:190} INFO - 
✅ Valid: 27 | ❌ Invalid: 0
[2025-12-15T21:58:30.845+0000] {logging_mixin.py:190} INFO - ======================================================================
[2025-12-15T21:58:30.880+0000] {python.py:240} INFO - Done. Returned value was: None
[2025-12-15T21:58:30.898+0000] {taskinstance.py:340} INFO - ::group::Post task execution logs
[2025-12-15T21:58:30.899+0000] {taskinstance.py:352} INFO - Marking task as SUCCESS. dag_id=weather_prediction_pipeline_v2, task_id=daily_predict_api, run_id=manual__2025-12-15T21:58:14.574278+00:00, execution_date=20251215T215814, start_date=20251215T215829, end_date=20251215T215830
[2025-12-15T21:58:30.951+0000] {local_task_job_runner.py:266} INFO - Task exited with return code 0
[2025-12-15T21:58:30.987+0000] {taskinstance.py:3900} INFO - 1 downstream tasks scheduled from follow-on schedule check
[2025-12-15T21:58:30.990+0000] {local_task_job_runner.py:245} INFO - ::endgroup::
