[2025-12-16T00:30:52.285+0000] {local_task_job_runner.py:123} INFO - ::group::Pre task execution logs
[2025-12-16T00:30:52.318+0000] {taskinstance.py:2612} INFO - Dependencies all met for dep_context=non-requeueable deps ti=<TaskInstance: weather_prediction_pipeline_v2.mark_day_one_done manual__2025-12-16T00:25:05.299007+00:00 [queued]>
[2025-12-16T00:30:52.329+0000] {taskinstance.py:2612} INFO - Dependencies all met for dep_context=requeueable deps ti=<TaskInstance: weather_prediction_pipeline_v2.mark_day_one_done manual__2025-12-16T00:25:05.299007+00:00 [queued]>
[2025-12-16T00:30:52.331+0000] {taskinstance.py:2865} INFO - Starting attempt 1 of 3
[2025-12-16T00:30:52.346+0000] {taskinstance.py:2888} INFO - Executing <Task(PythonOperator): mark_day_one_done> on 2025-12-16 00:25:05.299007+00:00
[2025-12-16T00:30:52.359+0000] {standard_task_runner.py:72} INFO - Started process 1391 to run task
[2025-12-16T00:30:52.373+0000] {standard_task_runner.py:104} INFO - Running: ['***', 'tasks', 'run', 'weather_prediction_pipeline_v2', 'mark_day_one_done', 'manual__2025-12-16T00:25:05.299007+00:00', '--job-id', '54', '--raw', '--subdir', 'DAGS_FOLDER/test_etl.py', '--cfg-path', '/tmp/tmpkzuduryo']
[2025-12-16T00:30:52.382+0000] {standard_task_runner.py:105} INFO - Job 54: Subtask mark_day_one_done
[2025-12-16T00:30:52.425+0000] {logging_mixin.py:190} WARNING - /home/***/.local/lib/python3.10/site-packages/***/settings.py:209 DeprecationWarning: The sql_alchemy_conn option in [core] has been moved to the sql_alchemy_conn option in [database] - the old setting has been used, but please update your config.
[2025-12-16T00:30:52.506+0000] {task_command.py:467} INFO - Running <TaskInstance: weather_prediction_pipeline_v2.mark_day_one_done manual__2025-12-16T00:25:05.299007+00:00 [running]> on host a31b9bcf920a
[2025-12-16T00:30:52.659+0000] {taskinstance.py:3131} INFO - Exporting env vars: AIRFLOW_CTX_DAG_OWNER='ahmed_sami' AIRFLOW_CTX_DAG_ID='weather_prediction_pipeline_v2' AIRFLOW_CTX_TASK_ID='mark_day_one_done' AIRFLOW_CTX_EXECUTION_DATE='2025-12-16T00:25:05.299007+00:00' AIRFLOW_CTX_TRY_NUMBER='1' AIRFLOW_CTX_DAG_RUN_ID='manual__2025-12-16T00:25:05.299007+00:00'
[2025-12-16T00:30:52.661+0000] {taskinstance.py:731} INFO - ::endgroup::
[2025-12-16T00:30:52.693+0000] {logging_mixin.py:190} INFO - ======================================================================
[2025-12-16T00:30:52.695+0000] {logging_mixin.py:190} INFO -                          ✅ DAY 1 COMPLETE
[2025-12-16T00:30:52.697+0000] {logging_mixin.py:190} INFO - ======================================================================
[2025-12-16T00:30:52.717+0000] {crypto.py:82} WARNING - empty cryptography key - values will not be stored encrypted.
[2025-12-16T00:30:52.725+0000] {logging_mixin.py:190} INFO - 
🚀 Next run will execute Day 2 (Daily Prediction)
[2025-12-16T00:30:52.727+0000] {logging_mixin.py:190} INFO - ======================================================================
[2025-12-16T00:30:52.729+0000] {python.py:240} INFO - Done. Returned value was: None
[2025-12-16T00:30:52.755+0000] {taskinstance.py:340} INFO - ::group::Post task execution logs
[2025-12-16T00:30:52.757+0000] {taskinstance.py:352} INFO - Marking task as SUCCESS. dag_id=weather_prediction_pipeline_v2, task_id=mark_day_one_done, run_id=manual__2025-12-16T00:25:05.299007+00:00, execution_date=20251216T002505, start_date=20251216T003052, end_date=20251216T003052
[2025-12-16T00:30:52.828+0000] {local_task_job_runner.py:266} INFO - Task exited with return code 0
[2025-12-16T00:30:52.862+0000] {local_task_job_runner.py:245} INFO - ::endgroup::
