[2025-12-16T00:25:12.383+0000] {local_task_job_runner.py:123} INFO - ::group::Pre task execution logs
[2025-12-16T00:25:12.438+0000] {taskinstance.py:2612} INFO - Dependencies all met for dep_context=non-requeueable deps ti=<TaskInstance: weather_prediction_pipeline_v2.extract_csv manual__2025-12-16T00:25:05.299007+00:00 [queued]>
[2025-12-16T00:25:12.458+0000] {taskinstance.py:2612} INFO - Dependencies all met for dep_context=requeueable deps ti=<TaskInstance: weather_prediction_pipeline_v2.extract_csv manual__2025-12-16T00:25:05.299007+00:00 [queued]>
[2025-12-16T00:25:12.460+0000] {taskinstance.py:2865} INFO - Starting attempt 1 of 3
[2025-12-16T00:25:12.480+0000] {taskinstance.py:2888} INFO - Executing <Task(PythonOperator): extract_csv> on 2025-12-16 00:25:05.299007+00:00
[2025-12-16T00:25:12.490+0000] {standard_task_runner.py:72} INFO - Started process 991 to run task
[2025-12-16T00:25:12.498+0000] {standard_task_runner.py:104} INFO - Running: ['***', 'tasks', 'run', 'weather_prediction_pipeline_v2', 'extract_csv', 'manual__2025-12-16T00:25:05.299007+00:00', '--job-id', '48', '--raw', '--subdir', 'DAGS_FOLDER/test_etl.py', '--cfg-path', '/tmp/tmpodeqqs06']
[2025-12-16T00:25:12.504+0000] {standard_task_runner.py:105} INFO - Job 48: Subtask extract_csv
[2025-12-16T00:25:12.545+0000] {logging_mixin.py:190} WARNING - /home/***/.local/lib/python3.10/site-packages/***/settings.py:209 DeprecationWarning: The sql_alchemy_conn option in [core] has been moved to the sql_alchemy_conn option in [database] - the old setting has been used, but please update your config.
[2025-12-16T00:25:12.651+0000] {task_command.py:467} INFO - Running <TaskInstance: weather_prediction_pipeline_v2.extract_csv manual__2025-12-16T00:25:05.299007+00:00 [running]> on host a31b9bcf920a
[2025-12-16T00:25:12.933+0000] {taskinstance.py:3131} INFO - Exporting env vars: AIRFLOW_CTX_DAG_OWNER='ahmed_sami' AIRFLOW_CTX_DAG_ID='weather_prediction_pipeline_v2' AIRFLOW_CTX_TASK_ID='extract_csv' AIRFLOW_CTX_EXECUTION_DATE='2025-12-16T00:25:05.299007+00:00' AIRFLOW_CTX_TRY_NUMBER='1' AIRFLOW_CTX_DAG_RUN_ID='manual__2025-12-16T00:25:05.299007+00:00'
[2025-12-16T00:25:12.936+0000] {taskinstance.py:731} INFO - ::endgroup::
[2025-12-16T00:25:12.987+0000] {logging_mixin.py:190} INFO - ======================================================================
[2025-12-16T00:25:12.989+0000] {logging_mixin.py:190} INFO -                     DAY 1: EXTRACTING & CLEANING DATA
[2025-12-16T00:25:12.991+0000] {logging_mixin.py:190} INFO - ======================================================================
[2025-12-16T00:25:12.995+0000] {logging_mixin.py:190} INFO - 📂 Reading: /opt/***/dags/aiii_model/city_temperature.csv
[2025-12-16T00:25:13.948+0000] {logging_mixin.py:190} INFO - 📊 Initial shape: (361614, 12)
[2025-12-16T00:25:13.950+0000] {logging_mixin.py:190} INFO - 📋 Columns: ['Region', 'Country', 'State', 'City', 'Year', 'Month', 'Day', 'AvgTemperature', 'MinTemperature', 'MaxTemperature', 'Precipitation_mm', 'MaxWindSpeed_kmh']
[2025-12-16T00:25:13.955+0000] {logging_mixin.py:190} INFO - 🧹 Cleaning temperature data...
[2025-12-16T00:25:14.341+0000] {logging_mixin.py:190} INFO - 🧹 Cleaning outliers using IQR method...
[2025-12-16T00:25:18.771+0000] {logging_mixin.py:190} INFO - ✅ Cleaning complete:
[2025-12-16T00:25:18.773+0000] {logging_mixin.py:190} INFO -    ❌ Out of range: 0 (0.0%)
[2025-12-16T00:25:18.775+0000] {logging_mixin.py:190} INFO -    ❌ Outliers: 0 (0.0%)
[2025-12-16T00:25:18.776+0000] {logging_mixin.py:190} INFO -    ✅ Remaining: 361,614 (100.0%)
[2025-12-16T00:25:18.778+0000] {logging_mixin.py:190} INFO - 💾 Saved to: /opt/***/dags/aiii_model/clean_data.csv
[2025-12-16T00:25:18.779+0000] {logging_mixin.py:190} INFO - ======================================================================
[2025-12-16T00:25:18.797+0000] {python.py:240} INFO - Done. Returned value was: None
[2025-12-16T00:25:18.823+0000] {taskinstance.py:340} INFO - ::group::Post task execution logs
[2025-12-16T00:25:18.825+0000] {taskinstance.py:352} INFO - Marking task as SUCCESS. dag_id=weather_prediction_pipeline_v2, task_id=extract_csv, run_id=manual__2025-12-16T00:25:05.299007+00:00, execution_date=20251216T002505, start_date=20251216T002512, end_date=20251216T002518
[2025-12-16T00:25:18.878+0000] {local_task_job_runner.py:266} INFO - Task exited with return code 0
[2025-12-16T00:25:18.942+0000] {taskinstance.py:3900} INFO - 1 downstream tasks scheduled from follow-on schedule check
[2025-12-16T00:25:18.946+0000] {local_task_job_runner.py:245} INFO - ::endgroup::
