[2025-12-15T19:25:26.042+0000] {local_task_job_runner.py:123} INFO - ::group::Pre task execution logs
[2025-12-15T19:25:26.093+0000] {taskinstance.py:2612} INFO - Dependencies all met for dep_context=non-requeueable deps ti=<TaskInstance: weather_prediction_pipeline_v2.extract_csv manual__2025-12-15T19:25:20.024134+00:00 [queued]>
[2025-12-15T19:25:26.112+0000] {taskinstance.py:2612} INFO - Dependencies all met for dep_context=requeueable deps ti=<TaskInstance: weather_prediction_pipeline_v2.extract_csv manual__2025-12-15T19:25:20.024134+00:00 [queued]>
[2025-12-15T19:25:26.115+0000] {taskinstance.py:2865} INFO - Starting attempt 1 of 3
[2025-12-15T19:25:26.135+0000] {taskinstance.py:2888} INFO - Executing <Task(PythonOperator): extract_csv> on 2025-12-15 19:25:20.024134+00:00
[2025-12-15T19:25:26.148+0000] {standard_task_runner.py:72} INFO - Started process 13516 to run task
[2025-12-15T19:25:26.155+0000] {standard_task_runner.py:104} INFO - Running: ['***', 'tasks', 'run', 'weather_prediction_pipeline_v2', 'extract_csv', 'manual__2025-12-15T19:25:20.024134+00:00', '--job-id', '56', '--raw', '--subdir', 'DAGS_FOLDER/test_etl.py', '--cfg-path', '/tmp/tmpkeazh7ie']
[2025-12-15T19:25:26.160+0000] {standard_task_runner.py:105} INFO - Job 56: Subtask extract_csv
[2025-12-15T19:25:26.189+0000] {logging_mixin.py:190} WARNING - /home/***/.local/lib/python3.10/site-packages/***/settings.py:209 DeprecationWarning: The sql_alchemy_conn option in [core] has been moved to the sql_alchemy_conn option in [database] - the old setting has been used, but please update your config.
[2025-12-15T19:25:26.277+0000] {task_command.py:467} INFO - Running <TaskInstance: weather_prediction_pipeline_v2.extract_csv manual__2025-12-15T19:25:20.024134+00:00 [running]> on host 89522446c9a4
[2025-12-15T19:25:26.444+0000] {taskinstance.py:3131} INFO - Exporting env vars: AIRFLOW_CTX_DAG_OWNER='ahmed_sami' AIRFLOW_CTX_DAG_ID='weather_prediction_pipeline_v2' AIRFLOW_CTX_TASK_ID='extract_csv' AIRFLOW_CTX_EXECUTION_DATE='2025-12-15T19:25:20.024134+00:00' AIRFLOW_CTX_TRY_NUMBER='1' AIRFLOW_CTX_DAG_RUN_ID='manual__2025-12-15T19:25:20.024134+00:00'
[2025-12-15T19:25:26.448+0000] {taskinstance.py:731} INFO - ::endgroup::
[2025-12-15T19:25:26.487+0000] {logging_mixin.py:190} INFO - ======================================================================
[2025-12-15T19:25:26.489+0000] {logging_mixin.py:190} INFO -                     DAY 1: EXTRACTING & CLEANING DATA
[2025-12-15T19:25:26.490+0000] {logging_mixin.py:190} INFO - ======================================================================
[2025-12-15T19:25:26.492+0000] {logging_mixin.py:190} INFO - 📂 Reading: /opt/***/dags/aiii_model/city_temperature.csv
[2025-12-15T19:25:26.782+0000] {logging_mixin.py:190} INFO - 📊 Initial shape: (147933, 12)
[2025-12-15T19:25:26.783+0000] {logging_mixin.py:190} INFO - 📋 Columns: ['Region', 'Country', 'State', 'City', 'Year', 'Month', 'Day', 'AvgTemperature', 'MinTemperature', 'MaxTemperature', 'Precipitation_mm', 'MaxWindSpeed_kmh']
[2025-12-15T19:25:26.786+0000] {logging_mixin.py:190} INFO - 🧹 Cleaning temperature data...
[2025-12-15T19:25:26.941+0000] {logging_mixin.py:190} INFO - 🧹 Cleaning outliers using IQR method...
[2025-12-15T19:25:28.454+0000] {logging_mixin.py:190} INFO - ✅ Cleaning complete:
[2025-12-15T19:25:28.456+0000] {logging_mixin.py:190} INFO -    ❌ Out of range: 0 (0.0%)
[2025-12-15T19:25:28.457+0000] {logging_mixin.py:190} INFO -    ❌ Outliers: 0 (0.0%)
[2025-12-15T19:25:28.458+0000] {logging_mixin.py:190} INFO -    ✅ Remaining: 147,933 (100.0%)
[2025-12-15T19:25:28.459+0000] {logging_mixin.py:190} INFO - 💾 Saved to: /opt/***/dags/aiii_model/clean_data.csv
[2025-12-15T19:25:28.460+0000] {logging_mixin.py:190} INFO - ======================================================================
[2025-12-15T19:25:28.467+0000] {python.py:240} INFO - Done. Returned value was: None
[2025-12-15T19:25:28.490+0000] {taskinstance.py:340} INFO - ::group::Post task execution logs
[2025-12-15T19:25:28.491+0000] {taskinstance.py:352} INFO - Marking task as SUCCESS. dag_id=weather_prediction_pipeline_v2, task_id=extract_csv, run_id=manual__2025-12-15T19:25:20.024134+00:00, execution_date=20251215T192520, start_date=20251215T192526, end_date=20251215T192528
[2025-12-15T19:25:28.535+0000] {local_task_job_runner.py:266} INFO - Task exited with return code 0
[2025-12-15T19:25:28.595+0000] {taskinstance.py:3900} INFO - 1 downstream tasks scheduled from follow-on schedule check
[2025-12-15T19:25:28.598+0000] {local_task_job_runner.py:245} INFO - ::endgroup::
