[2025-12-13T20:55:10.955+0000] {local_task_job_runner.py:123} INFO - ::group::Pre task execution logs
[2025-12-13T20:55:11.022+0000] {taskinstance.py:2612} INFO - Dependencies all met for dep_context=non-requeueable deps ti=<TaskInstance: weather_prediction_pipeline.extract_csv scheduled__2025-12-12T18:05:00+00:00 [queued]>
[2025-12-13T20:55:11.049+0000] {taskinstance.py:2612} INFO - Dependencies all met for dep_context=requeueable deps ti=<TaskInstance: weather_prediction_pipeline.extract_csv scheduled__2025-12-12T18:05:00+00:00 [queued]>
[2025-12-13T20:55:11.052+0000] {taskinstance.py:2865} INFO - Starting attempt 1 of 3
[2025-12-13T20:55:11.083+0000] {taskinstance.py:2888} INFO - Executing <Task(PythonOperator): extract_csv> on 2025-12-12 18:05:00+00:00
[2025-12-13T20:55:11.097+0000] {standard_task_runner.py:72} INFO - Started process 526 to run task
[2025-12-13T20:55:11.107+0000] {standard_task_runner.py:104} INFO - Running: ['***', 'tasks', 'run', 'weather_prediction_pipeline', 'extract_csv', 'scheduled__2025-12-12T18:05:00+00:00', '--job-id', '4', '--raw', '--subdir', 'DAGS_FOLDER/aiii_model/test_etl.py', '--cfg-path', '/tmp/tmp75gq93jz']
[2025-12-13T20:55:11.116+0000] {standard_task_runner.py:105} INFO - Job 4: Subtask extract_csv
[2025-12-13T20:55:11.178+0000] {logging_mixin.py:190} WARNING - /home/***/.local/lib/python3.10/site-packages/***/settings.py:209 DeprecationWarning: The sql_alchemy_conn option in [core] has been moved to the sql_alchemy_conn option in [database] - the old setting has been used, but please update your config.
[2025-12-13T20:55:11.356+0000] {task_command.py:467} INFO - Running <TaskInstance: weather_prediction_pipeline.extract_csv scheduled__2025-12-12T18:05:00+00:00 [running]> on host 9fe23fda45c5
[2025-12-13T20:55:11.364+0000] {logging_mixin.py:190} WARNING - /home/***/.local/lib/python3.10/site-packages/***/settings.py:470 DeprecationWarning: The sql_alchemy_conn option in [core] has been moved to the sql_alchemy_conn option in [database] - the old setting has been used, but please update your config.
[2025-12-13T20:55:11.775+0000] {taskinstance.py:3131} INFO - Exporting env vars: AIRFLOW_CTX_DAG_OWNER='ahmed_sami' AIRFLOW_CTX_DAG_ID='weather_prediction_pipeline' AIRFLOW_CTX_TASK_ID='extract_csv' AIRFLOW_CTX_EXECUTION_DATE='2025-12-12T18:05:00+00:00' AIRFLOW_CTX_TRY_NUMBER='1' AIRFLOW_CTX_DAG_RUN_ID='scheduled__2025-12-12T18:05:00+00:00'
[2025-12-13T20:55:11.778+0000] {taskinstance.py:731} INFO - ::endgroup::
[2025-12-13T20:55:11.832+0000] {logging_mixin.py:190} INFO - ======================================================================
[2025-12-13T20:55:11.834+0000] {logging_mixin.py:190} INFO -                     DAY 1: EXTRACTING & CLEANING DATA
[2025-12-13T20:55:11.836+0000] {logging_mixin.py:190} INFO - ======================================================================
[2025-12-13T20:55:11.838+0000] {logging_mixin.py:190} INFO - 📂 Reading: /opt/***/dags/aiii_model/city_temperature.csv
[2025-12-13T20:55:17.479+0000] {logging_mixin.py:190} WARNING - /opt/***/dags/aiii_model/test_etl.py:91 DtypeWarning: Columns (2) have mixed types. Specify dtype option on import or set low_memory=False.
[2025-12-13T20:55:17.850+0000] {logging_mixin.py:190} INFO - 📊 Initial shape: (2906327, 8)
[2025-12-13T20:55:17.855+0000] {logging_mixin.py:190} INFO - 🌡️  Converting Fahrenheit to Celsius...
[2025-12-13T20:55:21.632+0000] {logging_mixin.py:190} INFO - 🧹 Cleaning outliers using IQR method...
[2025-12-13T20:55:53.597+0000] {logging_mixin.py:190} INFO - ✅ Cleaning complete:
[2025-12-13T20:55:53.600+0000] {logging_mixin.py:190} INFO -    ❌ Out of range: 137,032 (4.7%)
[2025-12-13T20:55:53.602+0000] {logging_mixin.py:190} INFO -    ❌ Outliers: 236 (0.0%)
[2025-12-13T20:55:53.603+0000] {logging_mixin.py:190} INFO -    ✅ Remaining: 2,769,059 (95.3%)
[2025-12-13T20:55:53.605+0000] {logging_mixin.py:190} INFO - 💾 Saved to: /opt/***/dags/aiii_model/clean_data.csv
[2025-12-13T20:55:53.607+0000] {logging_mixin.py:190} INFO - ======================================================================
[2025-12-13T20:55:53.797+0000] {python.py:240} INFO - Done. Returned value was: None
[2025-12-13T20:55:53.848+0000] {taskinstance.py:340} INFO - ::group::Post task execution logs
[2025-12-13T20:55:53.851+0000] {taskinstance.py:352} INFO - Marking task as SUCCESS. dag_id=weather_prediction_pipeline, task_id=extract_csv, run_id=scheduled__2025-12-12T18:05:00+00:00, execution_date=20251212T180500, start_date=20251213T205511, end_date=20251213T205553
[2025-12-13T20:55:53.936+0000] {local_task_job_runner.py:266} INFO - Task exited with return code 0
[2025-12-13T20:55:53.997+0000] {taskinstance.py:3900} INFO - 1 downstream tasks scheduled from follow-on schedule check
[2025-12-13T20:55:54.001+0000] {local_task_job_runner.py:245} INFO - ::endgroup::
