[2025-12-15T19:05:38.111+0000] {local_task_job_runner.py:123} INFO - ::group::Pre task execution logs
[2025-12-15T19:05:38.138+0000] {taskinstance.py:2612} INFO - Dependencies all met for dep_context=non-requeueable deps ti=<TaskInstance: weather_prediction_pipeline_v2.transform_data scheduled__2025-12-14T18:05:00+00:00 [queued]>
[2025-12-15T19:05:38.147+0000] {taskinstance.py:2612} INFO - Dependencies all met for dep_context=requeueable deps ti=<TaskInstance: weather_prediction_pipeline_v2.transform_data scheduled__2025-12-14T18:05:00+00:00 [queued]>
[2025-12-15T19:05:38.149+0000] {taskinstance.py:2865} INFO - Starting attempt 1 of 3
[2025-12-15T19:05:38.162+0000] {taskinstance.py:2888} INFO - Executing <Task(PythonOperator): transform_data> on 2025-12-14 18:05:00+00:00
[2025-12-15T19:05:38.169+0000] {standard_task_runner.py:72} INFO - Started process 12356 to run task
[2025-12-15T19:05:38.173+0000] {standard_task_runner.py:104} INFO - Running: ['***', 'tasks', 'run', 'weather_prediction_pipeline_v2', 'transform_data', 'scheduled__2025-12-14T18:05:00+00:00', '--job-id', '39', '--raw', '--subdir', 'DAGS_FOLDER/test_etl.py', '--cfg-path', '/tmp/tmpmwd_0ozb']
[2025-12-15T19:05:38.177+0000] {standard_task_runner.py:105} INFO - Job 39: Subtask transform_data
[2025-12-15T19:05:38.198+0000] {logging_mixin.py:190} WARNING - /home/***/.local/lib/python3.10/site-packages/***/settings.py:209 DeprecationWarning: The sql_alchemy_conn option in [core] has been moved to the sql_alchemy_conn option in [database] - the old setting has been used, but please update your config.
[2025-12-15T19:05:38.251+0000] {task_command.py:467} INFO - Running <TaskInstance: weather_prediction_pipeline_v2.transform_data scheduled__2025-12-14T18:05:00+00:00 [running]> on host 89522446c9a4
[2025-12-15T19:05:38.253+0000] {logging_mixin.py:190} WARNING - /home/***/.local/lib/python3.10/site-packages/***/settings.py:470 DeprecationWarning: The sql_alchemy_conn option in [core] has been moved to the sql_alchemy_conn option in [database] - the old setting has been used, but please update your config.
[2025-12-15T19:05:38.359+0000] {taskinstance.py:3131} INFO - Exporting env vars: AIRFLOW_CTX_DAG_OWNER='ahmed_sami' AIRFLOW_CTX_DAG_ID='weather_prediction_pipeline_v2' AIRFLOW_CTX_TASK_ID='transform_data' AIRFLOW_CTX_EXECUTION_DATE='2025-12-14T18:05:00+00:00' AIRFLOW_CTX_TRY_NUMBER='1' AIRFLOW_CTX_DAG_RUN_ID='scheduled__2025-12-14T18:05:00+00:00'
[2025-12-15T19:05:38.361+0000] {taskinstance.py:731} INFO - ::endgroup::
[2025-12-15T19:05:38.381+0000] {logging_mixin.py:190} INFO - ======================================================================
[2025-12-15T19:05:38.383+0000] {logging_mixin.py:190} INFO -                     DAY 1: ENHANCED FEATURE ENGINEERING
[2025-12-15T19:05:38.384+0000] {logging_mixin.py:190} INFO - ======================================================================
[2025-12-15T19:05:38.597+0000] {logging_mixin.py:190} INFO - 📊 Input shape: (147933, 10)
[2025-12-15T19:05:43.587+0000] {logging_mixin.py:190} INFO - ✅ Transformed shape: (147744, 34)
[2025-12-15T19:05:43.588+0000] {logging_mixin.py:190} INFO - 📊 Features created: 34
[2025-12-15T19:05:43.589+0000] {logging_mixin.py:190} INFO - 💾 Saved to: /opt/***/dags/aiii_model/transformed_data.csv
[2025-12-15T19:05:43.590+0000] {logging_mixin.py:190} INFO - ======================================================================
[2025-12-15T19:05:43.598+0000] {python.py:240} INFO - Done. Returned value was: None
[2025-12-15T19:05:43.619+0000] {taskinstance.py:340} INFO - ::group::Post task execution logs
[2025-12-15T19:05:43.621+0000] {taskinstance.py:352} INFO - Marking task as SUCCESS. dag_id=weather_prediction_pipeline_v2, task_id=transform_data, run_id=scheduled__2025-12-14T18:05:00+00:00, execution_date=20251214T180500, start_date=20251215T190538, end_date=20251215T190543
[2025-12-15T19:05:43.669+0000] {local_task_job_runner.py:266} INFO - Task exited with return code 0
[2025-12-15T19:05:43.705+0000] {taskinstance.py:3900} INFO - 1 downstream tasks scheduled from follow-on schedule check
[2025-12-15T19:05:43.707+0000] {local_task_job_runner.py:245} INFO - ::endgroup::
[2025-12-15T22:29:50.363+0000] {local_task_job_runner.py:123} INFO - ::group::Pre task execution logs
[2025-12-15T22:29:50.390+0000] {taskinstance.py:2612} INFO - Dependencies all met for dep_context=non-requeueable deps ti=<TaskInstance: weather_prediction_pipeline_v2.transform_data scheduled__2025-12-14T18:05:00+00:00 [queued]>
[2025-12-15T22:29:50.401+0000] {taskinstance.py:2612} INFO - Dependencies all met for dep_context=requeueable deps ti=<TaskInstance: weather_prediction_pipeline_v2.transform_data scheduled__2025-12-14T18:05:00+00:00 [queued]>
[2025-12-15T22:29:50.403+0000] {taskinstance.py:2865} INFO - Starting attempt 1 of 3
[2025-12-15T22:29:50.418+0000] {taskinstance.py:2888} INFO - Executing <Task(PythonOperator): transform_data> on 2025-12-14 18:05:00+00:00
[2025-12-15T22:29:50.426+0000] {standard_task_runner.py:72} INFO - Started process 919 to run task
[2025-12-15T22:29:50.433+0000] {standard_task_runner.py:104} INFO - Running: ['***', 'tasks', 'run', 'weather_prediction_pipeline_v2', 'transform_data', 'scheduled__2025-12-14T18:05:00+00:00', '--job-id', '8', '--raw', '--subdir', 'DAGS_FOLDER/test_etl.py', '--cfg-path', '/tmp/tmpwukuojr6']
[2025-12-15T22:29:50.437+0000] {standard_task_runner.py:105} INFO - Job 8: Subtask transform_data
[2025-12-15T22:29:50.465+0000] {logging_mixin.py:190} WARNING - /home/***/.local/lib/python3.10/site-packages/***/settings.py:209 DeprecationWarning: The sql_alchemy_conn option in [core] has been moved to the sql_alchemy_conn option in [database] - the old setting has been used, but please update your config.
[2025-12-15T22:29:50.527+0000] {task_command.py:467} INFO - Running <TaskInstance: weather_prediction_pipeline_v2.transform_data scheduled__2025-12-14T18:05:00+00:00 [running]> on host 6f17979d182d
[2025-12-15T22:29:50.530+0000] {logging_mixin.py:190} WARNING - /home/***/.local/lib/python3.10/site-packages/***/settings.py:470 DeprecationWarning: The sql_alchemy_conn option in [core] has been moved to the sql_alchemy_conn option in [database] - the old setting has been used, but please update your config.
[2025-12-15T22:29:50.672+0000] {taskinstance.py:3131} INFO - Exporting env vars: AIRFLOW_CTX_DAG_OWNER='ahmed_sami' AIRFLOW_CTX_DAG_ID='weather_prediction_pipeline_v2' AIRFLOW_CTX_TASK_ID='transform_data' AIRFLOW_CTX_EXECUTION_DATE='2025-12-14T18:05:00+00:00' AIRFLOW_CTX_TRY_NUMBER='1' AIRFLOW_CTX_DAG_RUN_ID='scheduled__2025-12-14T18:05:00+00:00'
[2025-12-15T22:29:50.676+0000] {taskinstance.py:731} INFO - ::endgroup::
[2025-12-15T22:29:50.709+0000] {logging_mixin.py:190} INFO - ======================================================================
[2025-12-15T22:29:50.710+0000] {logging_mixin.py:190} INFO -                     DAY 1: ENHANCED FEATURE ENGINEERING
[2025-12-15T22:29:50.711+0000] {logging_mixin.py:190} INFO - ======================================================================
[2025-12-15T22:29:51.266+0000] {logging_mixin.py:190} INFO - 📊 Input shape: (361614, 10)
[2025-12-15T22:30:04.012+0000] {logging_mixin.py:190} INFO - ✅ Transformed shape: (361152, 34)
[2025-12-15T22:30:04.014+0000] {logging_mixin.py:190} INFO - 📊 Features created: 34
[2025-12-15T22:30:04.015+0000] {logging_mixin.py:190} INFO - 💾 Saved to: /opt/***/dags/aiii_model/transformed_data.csv
[2025-12-15T22:30:04.016+0000] {logging_mixin.py:190} INFO - ======================================================================
[2025-12-15T22:30:04.038+0000] {python.py:240} INFO - Done. Returned value was: None
[2025-12-15T22:30:04.062+0000] {taskinstance.py:340} INFO - ::group::Post task execution logs
[2025-12-15T22:30:04.064+0000] {taskinstance.py:352} INFO - Marking task as SUCCESS. dag_id=weather_prediction_pipeline_v2, task_id=transform_data, run_id=scheduled__2025-12-14T18:05:00+00:00, execution_date=20251214T180500, start_date=20251215T222950, end_date=20251215T223004
[2025-12-15T22:30:04.125+0000] {local_task_job_runner.py:266} INFO - Task exited with return code 0
[2025-12-15T22:30:04.178+0000] {taskinstance.py:3900} INFO - 1 downstream tasks scheduled from follow-on schedule check
[2025-12-15T22:30:04.181+0000] {local_task_job_runner.py:245} INFO - ::endgroup::
