[2025-12-15T20:25:25.050+0000] {local_task_job_runner.py:123} INFO - ::group::Pre task execution logs
[2025-12-15T20:25:25.081+0000] {taskinstance.py:2612} INFO - Dependencies all met for dep_context=non-requeueable deps ti=<TaskInstance: weather_prediction_pipeline_v2.transform_data scheduled__2025-12-14T18:05:00+00:00 [queued]>
[2025-12-15T20:25:25.095+0000] {taskinstance.py:2612} INFO - Dependencies all met for dep_context=requeueable deps ti=<TaskInstance: weather_prediction_pipeline_v2.transform_data scheduled__2025-12-14T18:05:00+00:00 [queued]>
[2025-12-15T20:25:25.096+0000] {taskinstance.py:2865} INFO - Starting attempt 2 of 4
[2025-12-15T20:25:25.120+0000] {taskinstance.py:2888} INFO - Executing <Task(PythonOperator): transform_data> on 2025-12-14 18:05:00+00:00
[2025-12-15T20:25:25.133+0000] {standard_task_runner.py:72} INFO - Started process 16940 to run task
[2025-12-15T20:25:25.155+0000] {standard_task_runner.py:104} INFO - Running: ['***', 'tasks', 'run', 'weather_prediction_pipeline_v2', 'transform_data', 'scheduled__2025-12-14T18:05:00+00:00', '--job-id', '67', '--raw', '--subdir', 'DAGS_FOLDER/test_etl.py', '--cfg-path', '/tmp/tmpogtgzaaq']
[2025-12-15T20:25:25.162+0000] {standard_task_runner.py:105} INFO - Job 67: Subtask transform_data
[2025-12-15T20:25:25.195+0000] {logging_mixin.py:190} WARNING - /home/***/.local/lib/python3.10/site-packages/***/settings.py:209 DeprecationWarning: The sql_alchemy_conn option in [core] has been moved to the sql_alchemy_conn option in [database] - the old setting has been used, but please update your config.
[2025-12-15T20:25:25.314+0000] {task_command.py:467} INFO - Running <TaskInstance: weather_prediction_pipeline_v2.transform_data scheduled__2025-12-14T18:05:00+00:00 [running]> on host 89522446c9a4
[2025-12-15T20:25:25.317+0000] {logging_mixin.py:190} WARNING - /home/***/.local/lib/python3.10/site-packages/***/settings.py:470 DeprecationWarning: The sql_alchemy_conn option in [core] has been moved to the sql_alchemy_conn option in [database] - the old setting has been used, but please update your config.
[2025-12-15T20:25:25.506+0000] {taskinstance.py:3131} INFO - Exporting env vars: AIRFLOW_CTX_DAG_OWNER='ahmed_sami' AIRFLOW_CTX_DAG_ID='weather_prediction_pipeline_v2' AIRFLOW_CTX_TASK_ID='transform_data' AIRFLOW_CTX_EXECUTION_DATE='2025-12-14T18:05:00+00:00' AIRFLOW_CTX_TRY_NUMBER='2' AIRFLOW_CTX_DAG_RUN_ID='scheduled__2025-12-14T18:05:00+00:00'
[2025-12-15T20:25:25.508+0000] {taskinstance.py:731} INFO - ::endgroup::
[2025-12-15T20:25:25.548+0000] {logging_mixin.py:190} INFO - ======================================================================
[2025-12-15T20:25:25.549+0000] {logging_mixin.py:190} INFO -                     DAY 1: ENHANCED FEATURE ENGINEERING
[2025-12-15T20:25:25.550+0000] {logging_mixin.py:190} INFO - ======================================================================
[2025-12-15T20:25:25.824+0000] {logging_mixin.py:190} INFO - 📊 Input shape: (147933, 10)
[2025-12-15T20:25:33.323+0000] {logging_mixin.py:190} INFO - ✅ Transformed shape: (147744, 34)
[2025-12-15T20:25:33.324+0000] {logging_mixin.py:190} INFO - 📊 Features created: 34
[2025-12-15T20:25:33.326+0000] {logging_mixin.py:190} INFO - 💾 Saved to: /opt/***/dags/aiii_model/transformed_data.csv
[2025-12-15T20:25:33.327+0000] {logging_mixin.py:190} INFO - ======================================================================
[2025-12-15T20:25:33.334+0000] {python.py:240} INFO - Done. Returned value was: None
[2025-12-15T20:25:33.362+0000] {taskinstance.py:340} INFO - ::group::Post task execution logs
[2025-12-15T20:25:33.363+0000] {taskinstance.py:352} INFO - Marking task as SUCCESS. dag_id=weather_prediction_pipeline_v2, task_id=transform_data, run_id=scheduled__2025-12-14T18:05:00+00:00, execution_date=20251214T180500, start_date=20251215T202525, end_date=20251215T202533
[2025-12-15T20:25:33.437+0000] {local_task_job_runner.py:266} INFO - Task exited with return code 0
[2025-12-15T20:25:33.496+0000] {taskinstance.py:3900} INFO - 1 downstream tasks scheduled from follow-on schedule check
[2025-12-15T20:25:33.501+0000] {local_task_job_runner.py:245} INFO - ::endgroup::
