[2025-12-15T19:23:06.244+0000] {local_task_job_runner.py:123} INFO - ::group::Pre task execution logs
[2025-12-15T19:23:06.277+0000] {taskinstance.py:2612} INFO - Dependencies all met for dep_context=non-requeueable deps ti=<TaskInstance: weather_prediction_pipeline_v2.build_daily_features scheduled__2025-12-14T18:05:00+00:00 [queued]>
[2025-12-15T19:23:06.286+0000] {taskinstance.py:2612} INFO - Dependencies all met for dep_context=requeueable deps ti=<TaskInstance: weather_prediction_pipeline_v2.build_daily_features scheduled__2025-12-14T18:05:00+00:00 [queued]>
[2025-12-15T19:23:06.288+0000] {taskinstance.py:2865} INFO - Starting attempt 5 of 7
[2025-12-15T19:23:06.302+0000] {taskinstance.py:2888} INFO - Executing <Task(PythonOperator): build_daily_features> on 2025-12-14 18:05:00+00:00
[2025-12-15T19:23:06.311+0000] {standard_task_runner.py:72} INFO - Started process 13329 to run task
[2025-12-15T19:23:06.316+0000] {standard_task_runner.py:104} INFO - Running: ['***', 'tasks', 'run', 'weather_prediction_pipeline_v2', 'build_daily_features', 'scheduled__2025-12-14T18:05:00+00:00', '--job-id', '52', '--raw', '--subdir', 'DAGS_FOLDER/test_etl.py', '--cfg-path', '/tmp/tmpk0xkkzng']
[2025-12-15T19:23:06.320+0000] {standard_task_runner.py:105} INFO - Job 52: Subtask build_daily_features
[2025-12-15T19:23:06.345+0000] {logging_mixin.py:190} WARNING - /home/***/.local/lib/python3.10/site-packages/***/settings.py:209 DeprecationWarning: The sql_alchemy_conn option in [core] has been moved to the sql_alchemy_conn option in [database] - the old setting has been used, but please update your config.
[2025-12-15T19:23:06.413+0000] {task_command.py:467} INFO - Running <TaskInstance: weather_prediction_pipeline_v2.build_daily_features scheduled__2025-12-14T18:05:00+00:00 [running]> on host 89522446c9a4
[2025-12-15T19:23:06.415+0000] {logging_mixin.py:190} WARNING - /home/***/.local/lib/python3.10/site-packages/***/settings.py:470 DeprecationWarning: The sql_alchemy_conn option in [core] has been moved to the sql_alchemy_conn option in [database] - the old setting has been used, but please update your config.
[2025-12-15T19:23:06.541+0000] {taskinstance.py:3131} INFO - Exporting env vars: AIRFLOW_CTX_DAG_OWNER='ahmed_sami' AIRFLOW_CTX_DAG_ID='weather_prediction_pipeline_v2' AIRFLOW_CTX_TASK_ID='build_daily_features' AIRFLOW_CTX_EXECUTION_DATE='2025-12-14T18:05:00+00:00' AIRFLOW_CTX_TRY_NUMBER='5' AIRFLOW_CTX_DAG_RUN_ID='scheduled__2025-12-14T18:05:00+00:00'
[2025-12-15T19:23:06.544+0000] {taskinstance.py:731} INFO - ::endgroup::
[2025-12-15T19:23:06.565+0000] {logging_mixin.py:190} INFO - ======================================================================
[2025-12-15T19:23:06.566+0000] {logging_mixin.py:190} INFO -                     DAY 2: BUILDING FEATURES
[2025-12-15T19:23:06.567+0000] {logging_mixin.py:190} INFO - ======================================================================
[2025-12-15T19:23:06.590+0000] {logging_mixin.py:190} INFO - Today: 2025-12-15 | Predicting for: 2025-12-16
[2025-12-15T19:23:06.606+0000] {base.py:84} INFO - Retrieving connection 'ml_con'
[2025-12-15T19:23:06.633+0000] {logging_mixin.py:190} INFO - ✅ Features: 27 | Fallback: 0
[2025-12-15T19:23:06.634+0000] {logging_mixin.py:190} INFO - ======================================================================
[2025-12-15T19:23:06.659+0000] {python.py:240} INFO - Done. Returned value was: None
[2025-12-15T19:23:06.676+0000] {taskinstance.py:340} INFO - ::group::Post task execution logs
[2025-12-15T19:23:06.678+0000] {taskinstance.py:352} INFO - Marking task as SUCCESS. dag_id=weather_prediction_pipeline_v2, task_id=build_daily_features, run_id=scheduled__2025-12-14T18:05:00+00:00, execution_date=20251214T180500, start_date=20251215T192306, end_date=20251215T192306
[2025-12-15T19:23:06.731+0000] {local_task_job_runner.py:266} INFO - Task exited with return code 0
[2025-12-15T19:23:06.751+0000] {local_task_job_runner.py:245} INFO - ::endgroup::
