[2025-12-15T19:12:54.875+0000] {local_task_job_runner.py:123} INFO - ::group::Pre task execution logs
[2025-12-15T19:12:54.900+0000] {taskinstance.py:2612} INFO - Dependencies all met for dep_context=non-requeueable deps ti=<TaskInstance: weather_prediction_pipeline_v2.build_daily_features scheduled__2025-12-14T18:05:00+00:00 [queued]>
[2025-12-15T19:12:54.909+0000] {taskinstance.py:2612} INFO - Dependencies all met for dep_context=requeueable deps ti=<TaskInstance: weather_prediction_pipeline_v2.build_daily_features scheduled__2025-12-14T18:05:00+00:00 [queued]>
[2025-12-15T19:12:54.910+0000] {taskinstance.py:2865} INFO - Starting attempt 2 of 3
[2025-12-15T19:12:54.924+0000] {taskinstance.py:2888} INFO - Executing <Task(PythonOperator): build_daily_features> on 2025-12-14 18:05:00+00:00
[2025-12-15T19:12:54.932+0000] {standard_task_runner.py:72} INFO - Started process 12777 to run task
[2025-12-15T19:12:54.937+0000] {standard_task_runner.py:104} INFO - Running: ['***', 'tasks', 'run', 'weather_prediction_pipeline_v2', 'build_daily_features', 'scheduled__2025-12-14T18:05:00+00:00', '--job-id', '45', '--raw', '--subdir', 'DAGS_FOLDER/test_etl.py', '--cfg-path', '/tmp/tmp_galm9w7']
[2025-12-15T19:12:54.941+0000] {standard_task_runner.py:105} INFO - Job 45: Subtask build_daily_features
[2025-12-15T19:12:54.964+0000] {logging_mixin.py:190} WARNING - /home/***/.local/lib/python3.10/site-packages/***/settings.py:209 DeprecationWarning: The sql_alchemy_conn option in [core] has been moved to the sql_alchemy_conn option in [database] - the old setting has been used, but please update your config.
[2025-12-15T19:12:55.021+0000] {task_command.py:467} INFO - Running <TaskInstance: weather_prediction_pipeline_v2.build_daily_features scheduled__2025-12-14T18:05:00+00:00 [running]> on host 89522446c9a4
[2025-12-15T19:12:55.024+0000] {logging_mixin.py:190} WARNING - /home/***/.local/lib/python3.10/site-packages/***/settings.py:470 DeprecationWarning: The sql_alchemy_conn option in [core] has been moved to the sql_alchemy_conn option in [database] - the old setting has been used, but please update your config.
[2025-12-15T19:12:55.133+0000] {taskinstance.py:3131} INFO - Exporting env vars: AIRFLOW_CTX_DAG_OWNER='ahmed_sami' AIRFLOW_CTX_DAG_ID='weather_prediction_pipeline_v2' AIRFLOW_CTX_TASK_ID='build_daily_features' AIRFLOW_CTX_EXECUTION_DATE='2025-12-14T18:05:00+00:00' AIRFLOW_CTX_TRY_NUMBER='2' AIRFLOW_CTX_DAG_RUN_ID='scheduled__2025-12-14T18:05:00+00:00'
[2025-12-15T19:12:55.135+0000] {taskinstance.py:731} INFO - ::endgroup::
[2025-12-15T19:12:55.161+0000] {logging_mixin.py:190} INFO - ======================================================================
[2025-12-15T19:12:55.162+0000] {logging_mixin.py:190} INFO -                     DAY 2: BUILDING FEATURES
[2025-12-15T19:12:55.164+0000] {logging_mixin.py:190} INFO - ======================================================================
[2025-12-15T19:12:55.186+0000] {logging_mixin.py:190} INFO - Today: 2025-12-15 | Predicting for: 2025-12-16
[2025-12-15T19:12:55.203+0000] {base.py:84} INFO - Retrieving connection 'ml_con'
[2025-12-15T19:12:55.212+0000] {taskinstance.py:3310} ERROR - Task failed with exception
Traceback (most recent call last):
  File "/home/airflow/.local/lib/python3.10/site-packages/airflow/models/taskinstance.py", line 767, in _execute_task
    result = _execute_callable(context=context, **execute_callable_kwargs)
  File "/home/airflow/.local/lib/python3.10/site-packages/airflow/models/taskinstance.py", line 733, in _execute_callable
    return ExecutionCallableRunner(
  File "/home/airflow/.local/lib/python3.10/site-packages/airflow/utils/operator_helpers.py", line 252, in run
    return self.func(*args, **kwargs)
  File "/home/airflow/.local/lib/python3.10/site-packages/airflow/models/baseoperator.py", line 406, in wrapper
    return func(self, *args, **kwargs)
  File "/home/airflow/.local/lib/python3.10/site-packages/airflow/operators/python.py", line 238, in execute
    return_value = self.execute_callable()
  File "/home/airflow/.local/lib/python3.10/site-packages/airflow/operators/python.py", line 256, in execute_callable
    return runner.run(*self.op_args, **self.op_kwargs)
  File "/home/airflow/.local/lib/python3.10/site-packages/airflow/utils/operator_helpers.py", line 252, in run
    return self.func(*args, **kwargs)
  File "/opt/airflow/dags/test_etl.py", line 1759, in build_daily_features
    cur.execute("""
psycopg2.errors.UndefinedTable: relation "weather_actuals" does not exist
LINE 3:                 FROM weather_actuals 
                             ^

[2025-12-15T19:12:55.241+0000] {taskinstance.py:1225} INFO - Marking task as UP_FOR_RETRY. dag_id=weather_prediction_pipeline_v2, task_id=build_daily_features, run_id=scheduled__2025-12-14T18:05:00+00:00, execution_date=20251214T180500, start_date=20251215T191254, end_date=20251215T191255
[2025-12-15T19:12:55.261+0000] {taskinstance.py:340} INFO - ::group::Post task execution logs
[2025-12-15T19:12:55.262+0000] {standard_task_runner.py:124} ERROR - Failed to execute job 45 for task build_daily_features (relation "weather_actuals" does not exist
LINE 3:                 FROM weather_actuals 
                             ^
; 12777)
Traceback (most recent call last):
  File "/home/airflow/.local/lib/python3.10/site-packages/airflow/task/task_runner/standard_task_runner.py", line 117, in _start_by_fork
    ret = args.func(args, dag=self.dag)
  File "/home/airflow/.local/lib/python3.10/site-packages/airflow/cli/cli_config.py", line 49, in command
    return func(*args, **kwargs)
  File "/home/airflow/.local/lib/python3.10/site-packages/airflow/utils/cli.py", line 115, in wrapper
    return f(*args, **kwargs)
  File "/home/airflow/.local/lib/python3.10/site-packages/airflow/cli/commands/task_command.py", line 483, in task_run
    task_return_code = _run_task_by_selected_method(args, _dag, ti)
  File "/home/airflow/.local/lib/python3.10/site-packages/airflow/cli/commands/task_command.py", line 256, in _run_task_by_selected_method
    return _run_raw_task(args, ti)
  File "/home/airflow/.local/lib/python3.10/site-packages/airflow/cli/commands/task_command.py", line 341, in _run_raw_task
    return ti._run_raw_task(
  File "/home/airflow/.local/lib/python3.10/site-packages/airflow/utils/session.py", line 97, in wrapper
    return func(*args, session=session, **kwargs)
  File "/home/airflow/.local/lib/python3.10/site-packages/airflow/models/taskinstance.py", line 3004, in _run_raw_task
    return _run_raw_task(
  File "/home/airflow/.local/lib/python3.10/site-packages/airflow/models/taskinstance.py", line 273, in _run_raw_task
    TaskInstance._execute_task_with_callbacks(
  File "/home/airflow/.local/lib/python3.10/site-packages/airflow/models/taskinstance.py", line 3158, in _execute_task_with_callbacks
    result = self._execute_task(context, task_orig)
  File "/home/airflow/.local/lib/python3.10/site-packages/airflow/models/taskinstance.py", line 3182, in _execute_task
    return _execute_task(self, context, task_orig)
  File "/home/airflow/.local/lib/python3.10/site-packages/airflow/models/taskinstance.py", line 767, in _execute_task
    result = _execute_callable(context=context, **execute_callable_kwargs)
  File "/home/airflow/.local/lib/python3.10/site-packages/airflow/models/taskinstance.py", line 733, in _execute_callable
    return ExecutionCallableRunner(
  File "/home/airflow/.local/lib/python3.10/site-packages/airflow/utils/operator_helpers.py", line 252, in run
    return self.func(*args, **kwargs)
  File "/home/airflow/.local/lib/python3.10/site-packages/airflow/models/baseoperator.py", line 406, in wrapper
    return func(self, *args, **kwargs)
  File "/home/airflow/.local/lib/python3.10/site-packages/airflow/operators/python.py", line 238, in execute
    return_value = self.execute_callable()
  File "/home/airflow/.local/lib/python3.10/site-packages/airflow/operators/python.py", line 256, in execute_callable
    return runner.run(*self.op_args, **self.op_kwargs)
  File "/home/airflow/.local/lib/python3.10/site-packages/airflow/utils/operator_helpers.py", line 252, in run
    return self.func(*args, **kwargs)
  File "/opt/airflow/dags/test_etl.py", line 1759, in build_daily_features
    cur.execute("""
psycopg2.errors.UndefinedTable: relation "weather_actuals" does not exist
LINE 3:                 FROM weather_actuals 
                             ^

[2025-12-15T19:12:55.313+0000] {local_task_job_runner.py:266} INFO - Task exited with return code 1
[2025-12-15T19:12:55.345+0000] {taskinstance.py:3900} INFO - 0 downstream tasks scheduled from follow-on schedule check
[2025-12-15T19:12:55.349+0000] {local_task_job_runner.py:245} INFO - ::endgroup::
[2025-12-16T13:12:54.385+0000] {local_task_job_runner.py:123} INFO - ::group::Pre task execution logs
[2025-12-16T13:12:54.412+0000] {taskinstance.py:2612} INFO - Dependencies all met for dep_context=non-requeueable deps ti=<TaskInstance: weather_prediction_pipeline_v2.build_daily_features scheduled__2025-12-14T18:05:00+00:00 [queued]>
[2025-12-16T13:12:54.422+0000] {taskinstance.py:2612} INFO - Dependencies all met for dep_context=requeueable deps ti=<TaskInstance: weather_prediction_pipeline_v2.build_daily_features scheduled__2025-12-14T18:05:00+00:00 [queued]>
[2025-12-16T13:12:54.423+0000] {taskinstance.py:2865} INFO - Starting attempt 2 of 4
[2025-12-16T13:12:54.437+0000] {taskinstance.py:2888} INFO - Executing <Task(PythonOperator): build_daily_features> on 2025-12-14 18:05:00+00:00
[2025-12-16T13:12:54.444+0000] {standard_task_runner.py:72} INFO - Started process 10183 to run task
[2025-12-16T13:12:54.448+0000] {standard_task_runner.py:104} INFO - Running: ['***', 'tasks', 'run', 'weather_prediction_pipeline_v2', 'build_daily_features', 'scheduled__2025-12-14T18:05:00+00:00', '--job-id', '105', '--raw', '--subdir', 'DAGS_FOLDER/test_etl.py', '--cfg-path', '/tmp/tmpvpdprech']
[2025-12-16T13:12:54.451+0000] {standard_task_runner.py:105} INFO - Job 105: Subtask build_daily_features
[2025-12-16T13:12:54.473+0000] {logging_mixin.py:190} WARNING - /home/***/.local/lib/python3.10/site-packages/***/settings.py:209 DeprecationWarning: The sql_alchemy_conn option in [core] has been moved to the sql_alchemy_conn option in [database] - the old setting has been used, but please update your config.
[2025-12-16T13:12:54.535+0000] {task_command.py:467} INFO - Running <TaskInstance: weather_prediction_pipeline_v2.build_daily_features scheduled__2025-12-14T18:05:00+00:00 [running]> on host 15d037495a80
[2025-12-16T13:12:54.537+0000] {logging_mixin.py:190} WARNING - /home/***/.local/lib/python3.10/site-packages/***/settings.py:470 DeprecationWarning: The sql_alchemy_conn option in [core] has been moved to the sql_alchemy_conn option in [database] - the old setting has been used, but please update your config.
[2025-12-16T13:12:54.659+0000] {taskinstance.py:3131} INFO - Exporting env vars: AIRFLOW_CTX_DAG_OWNER='ahmed_sami' AIRFLOW_CTX_DAG_ID='weather_prediction_pipeline_v2' AIRFLOW_CTX_TASK_ID='build_daily_features' AIRFLOW_CTX_EXECUTION_DATE='2025-12-14T18:05:00+00:00' AIRFLOW_CTX_TRY_NUMBER='2' AIRFLOW_CTX_DAG_RUN_ID='scheduled__2025-12-14T18:05:00+00:00'
[2025-12-16T13:12:54.660+0000] {taskinstance.py:731} INFO - ::endgroup::
[2025-12-16T13:12:54.683+0000] {logging_mixin.py:190} INFO - ======================================================================
[2025-12-16T13:12:54.684+0000] {logging_mixin.py:190} INFO -                     DAY 2: BUILDING FEATURES
[2025-12-16T13:12:54.685+0000] {logging_mixin.py:190} INFO - ======================================================================
[2025-12-16T13:12:54.709+0000] {logging_mixin.py:190} INFO - Today: 2025-12-16 | Predicting for: 2025-12-17
[2025-12-16T13:12:54.725+0000] {base.py:84} INFO - Retrieving connection 'ml_con'
[2025-12-16T13:12:54.766+0000] {logging_mixin.py:190} INFO - ✅ Features: 64 | Fallback: 0
[2025-12-16T13:12:54.767+0000] {logging_mixin.py:190} INFO - ======================================================================
[2025-12-16T13:12:54.794+0000] {python.py:240} INFO - Done. Returned value was: None
[2025-12-16T13:12:54.810+0000] {taskinstance.py:340} INFO - ::group::Post task execution logs
[2025-12-16T13:12:54.811+0000] {taskinstance.py:352} INFO - Marking task as SUCCESS. dag_id=weather_prediction_pipeline_v2, task_id=build_daily_features, run_id=scheduled__2025-12-14T18:05:00+00:00, execution_date=20251214T180500, start_date=20251216T131254, end_date=20251216T131254
[2025-12-16T13:12:54.864+0000] {local_task_job_runner.py:266} INFO - Task exited with return code 0
[2025-12-16T13:12:54.901+0000] {taskinstance.py:3900} INFO - 1 downstream tasks scheduled from follow-on schedule check
[2025-12-16T13:12:54.904+0000] {local_task_job_runner.py:245} INFO - ::endgroup::
