[2025-12-15T19:07:51.876+0000] {local_task_job_runner.py:123} INFO - ::group::Pre task execution logs
[2025-12-15T19:07:51.910+0000] {taskinstance.py:2612} INFO - Dependencies all met for dep_context=non-requeueable deps ti=<TaskInstance: weather_prediction_pipeline_v2.build_daily_features scheduled__2025-12-14T18:05:00+00:00 [queued]>
[2025-12-15T19:07:51.923+0000] {taskinstance.py:2612} INFO - Dependencies all met for dep_context=requeueable deps ti=<TaskInstance: weather_prediction_pipeline_v2.build_daily_features scheduled__2025-12-14T18:05:00+00:00 [queued]>
[2025-12-15T19:07:51.925+0000] {taskinstance.py:2865} INFO - Starting attempt 1 of 3
[2025-12-15T19:07:51.944+0000] {taskinstance.py:2888} INFO - Executing <Task(PythonOperator): build_daily_features> on 2025-12-14 18:05:00+00:00
[2025-12-15T19:07:51.955+0000] {standard_task_runner.py:72} INFO - Started process 12543 to run task
[2025-12-15T19:07:51.960+0000] {standard_task_runner.py:104} INFO - Running: ['***', 'tasks', 'run', 'weather_prediction_pipeline_v2', 'build_daily_features', 'scheduled__2025-12-14T18:05:00+00:00', '--job-id', '44', '--raw', '--subdir', 'DAGS_FOLDER/test_etl.py', '--cfg-path', '/tmp/tmp5r2hbsw_']
[2025-12-15T19:07:51.964+0000] {standard_task_runner.py:105} INFO - Job 44: Subtask build_daily_features
[2025-12-15T19:07:51.991+0000] {logging_mixin.py:190} WARNING - /home/***/.local/lib/python3.10/site-packages/***/settings.py:209 DeprecationWarning: The sql_alchemy_conn option in [core] has been moved to the sql_alchemy_conn option in [database] - the old setting has been used, but please update your config.
[2025-12-15T19:07:52.058+0000] {task_command.py:467} INFO - Running <TaskInstance: weather_prediction_pipeline_v2.build_daily_features scheduled__2025-12-14T18:05:00+00:00 [running]> on host 89522446c9a4
[2025-12-15T19:07:52.061+0000] {logging_mixin.py:190} WARNING - /home/***/.local/lib/python3.10/site-packages/***/settings.py:470 DeprecationWarning: The sql_alchemy_conn option in [core] has been moved to the sql_alchemy_conn option in [database] - the old setting has been used, but please update your config.
[2025-12-15T19:07:52.188+0000] {taskinstance.py:3131} INFO - Exporting env vars: AIRFLOW_CTX_DAG_OWNER='ahmed_sami' AIRFLOW_CTX_DAG_ID='weather_prediction_pipeline_v2' AIRFLOW_CTX_TASK_ID='build_daily_features' AIRFLOW_CTX_EXECUTION_DATE='2025-12-14T18:05:00+00:00' AIRFLOW_CTX_TRY_NUMBER='1' AIRFLOW_CTX_DAG_RUN_ID='scheduled__2025-12-14T18:05:00+00:00'
[2025-12-15T19:07:52.190+0000] {taskinstance.py:731} INFO - ::endgroup::
[2025-12-15T19:07:52.217+0000] {logging_mixin.py:190} INFO - ======================================================================
[2025-12-15T19:07:52.218+0000] {logging_mixin.py:190} INFO -                     DAY 2: BUILDING FEATURES
[2025-12-15T19:07:52.219+0000] {logging_mixin.py:190} INFO - ======================================================================
[2025-12-15T19:07:52.243+0000] {logging_mixin.py:190} INFO - Today: 2025-12-15 | Predicting for: 2025-12-16
[2025-12-15T19:07:52.260+0000] {base.py:84} INFO - Retrieving connection 'ml_con'
[2025-12-15T19:07:52.269+0000] {taskinstance.py:3310} ERROR - Task failed with exception
Traceback (most recent call last):
  File "/home/airflow/.local/lib/python3.10/site-packages/airflow/models/taskinstance.py", line 767, in _execute_task
    result = _execute_callable(context=context, **execute_callable_kwargs)
  File "/home/airflow/.local/lib/python3.10/site-packages/airflow/models/taskinstance.py", line 733, in _execute_callable
    return ExecutionCallableRunner(
  File "/home/airflow/.local/lib/python3.10/site-packages/airflow/utils/operator_helpers.py", line 252, in run
    return self.func(*args, **kwargs)
  File "/home/airflow/.local/lib/python3.10/site-packages/airflow/models/baseoperator.py", line 406, in wrapper
    return func(self, *args, **kwargs)
  File "/home/airflow/.local/lib/python3.10/site-packages/airflow/operators/python.py", line 238, in execute
    return_value = self.execute_callable()
  File "/home/airflow/.local/lib/python3.10/site-packages/airflow/operators/python.py", line 256, in execute_callable
    return runner.run(*self.op_args, **self.op_kwargs)
  File "/home/airflow/.local/lib/python3.10/site-packages/airflow/utils/operator_helpers.py", line 252, in run
    return self.func(*args, **kwargs)
  File "/opt/airflow/dags/test_etl.py", line 1759, in build_daily_features
    cur.execute("""
psycopg2.errors.UndefinedTable: relation "weather_actuals" does not exist
LINE 3:                 FROM weather_actuals 
                             ^

[2025-12-15T19:07:52.297+0000] {taskinstance.py:1225} INFO - Marking task as UP_FOR_RETRY. dag_id=weather_prediction_pipeline_v2, task_id=build_daily_features, run_id=scheduled__2025-12-14T18:05:00+00:00, execution_date=20251214T180500, start_date=20251215T190751, end_date=20251215T190752
[2025-12-15T19:07:52.318+0000] {taskinstance.py:340} INFO - ::group::Post task execution logs
[2025-12-15T19:07:52.320+0000] {standard_task_runner.py:124} ERROR - Failed to execute job 44 for task build_daily_features (relation "weather_actuals" does not exist
LINE 3:                 FROM weather_actuals 
                             ^
; 12543)
Traceback (most recent call last):
  File "/home/airflow/.local/lib/python3.10/site-packages/airflow/task/task_runner/standard_task_runner.py", line 117, in _start_by_fork
    ret = args.func(args, dag=self.dag)
  File "/home/airflow/.local/lib/python3.10/site-packages/airflow/cli/cli_config.py", line 49, in command
    return func(*args, **kwargs)
  File "/home/airflow/.local/lib/python3.10/site-packages/airflow/utils/cli.py", line 115, in wrapper
    return f(*args, **kwargs)
  File "/home/airflow/.local/lib/python3.10/site-packages/airflow/cli/commands/task_command.py", line 483, in task_run
    task_return_code = _run_task_by_selected_method(args, _dag, ti)
  File "/home/airflow/.local/lib/python3.10/site-packages/airflow/cli/commands/task_command.py", line 256, in _run_task_by_selected_method
    return _run_raw_task(args, ti)
  File "/home/airflow/.local/lib/python3.10/site-packages/airflow/cli/commands/task_command.py", line 341, in _run_raw_task
    return ti._run_raw_task(
  File "/home/airflow/.local/lib/python3.10/site-packages/airflow/utils/session.py", line 97, in wrapper
    return func(*args, session=session, **kwargs)
  File "/home/airflow/.local/lib/python3.10/site-packages/airflow/models/taskinstance.py", line 3004, in _run_raw_task
    return _run_raw_task(
  File "/home/airflow/.local/lib/python3.10/site-packages/airflow/models/taskinstance.py", line 273, in _run_raw_task
    TaskInstance._execute_task_with_callbacks(
  File "/home/airflow/.local/lib/python3.10/site-packages/airflow/models/taskinstance.py", line 3158, in _execute_task_with_callbacks
    result = self._execute_task(context, task_orig)
  File "/home/airflow/.local/lib/python3.10/site-packages/airflow/models/taskinstance.py", line 3182, in _execute_task
    return _execute_task(self, context, task_orig)
  File "/home/airflow/.local/lib/python3.10/site-packages/airflow/models/taskinstance.py", line 767, in _execute_task
    result = _execute_callable(context=context, **execute_callable_kwargs)
  File "/home/airflow/.local/lib/python3.10/site-packages/airflow/models/taskinstance.py", line 733, in _execute_callable
    return ExecutionCallableRunner(
  File "/home/airflow/.local/lib/python3.10/site-packages/airflow/utils/operator_helpers.py", line 252, in run
    return self.func(*args, **kwargs)
  File "/home/airflow/.local/lib/python3.10/site-packages/airflow/models/baseoperator.py", line 406, in wrapper
    return func(self, *args, **kwargs)
  File "/home/airflow/.local/lib/python3.10/site-packages/airflow/operators/python.py", line 238, in execute
    return_value = self.execute_callable()
  File "/home/airflow/.local/lib/python3.10/site-packages/airflow/operators/python.py", line 256, in execute_callable
    return runner.run(*self.op_args, **self.op_kwargs)
  File "/home/airflow/.local/lib/python3.10/site-packages/airflow/utils/operator_helpers.py", line 252, in run
    return self.func(*args, **kwargs)
  File "/opt/airflow/dags/test_etl.py", line 1759, in build_daily_features
    cur.execute("""
psycopg2.errors.UndefinedTable: relation "weather_actuals" does not exist
LINE 3:                 FROM weather_actuals 
                             ^

[2025-12-15T19:07:52.335+0000] {local_task_job_runner.py:266} INFO - Task exited with return code 1
[2025-12-15T19:07:52.367+0000] {taskinstance.py:3900} INFO - 0 downstream tasks scheduled from follow-on schedule check
[2025-12-15T19:07:52.369+0000] {local_task_job_runner.py:245} INFO - ::endgroup::
[2025-12-15T20:27:14.966+0000] {local_task_job_runner.py:123} INFO - ::group::Pre task execution logs
[2025-12-15T20:27:14.999+0000] {taskinstance.py:2612} INFO - Dependencies all met for dep_context=non-requeueable deps ti=<TaskInstance: weather_prediction_pipeline_v2.build_daily_features scheduled__2025-12-14T18:05:00+00:00 [queued]>
[2025-12-15T20:27:15.012+0000] {taskinstance.py:2612} INFO - Dependencies all met for dep_context=requeueable deps ti=<TaskInstance: weather_prediction_pipeline_v2.build_daily_features scheduled__2025-12-14T18:05:00+00:00 [queued]>
[2025-12-15T20:27:15.013+0000] {taskinstance.py:2865} INFO - Starting attempt 1 of 3
[2025-12-15T20:27:15.030+0000] {taskinstance.py:2888} INFO - Executing <Task(PythonOperator): build_daily_features> on 2025-12-14 18:05:00+00:00
[2025-12-15T20:27:15.039+0000] {standard_task_runner.py:72} INFO - Started process 17207 to run task
[2025-12-15T20:27:15.044+0000] {standard_task_runner.py:104} INFO - Running: ['***', 'tasks', 'run', 'weather_prediction_pipeline_v2', 'build_daily_features', 'scheduled__2025-12-14T18:05:00+00:00', '--job-id', '76', '--raw', '--subdir', 'DAGS_FOLDER/test_etl.py', '--cfg-path', '/tmp/tmprpweox31']
[2025-12-15T20:27:15.048+0000] {standard_task_runner.py:105} INFO - Job 76: Subtask build_daily_features
[2025-12-15T20:27:15.074+0000] {logging_mixin.py:190} WARNING - /home/***/.local/lib/python3.10/site-packages/***/settings.py:209 DeprecationWarning: The sql_alchemy_conn option in [core] has been moved to the sql_alchemy_conn option in [database] - the old setting has been used, but please update your config.
[2025-12-15T20:27:15.148+0000] {task_command.py:467} INFO - Running <TaskInstance: weather_prediction_pipeline_v2.build_daily_features scheduled__2025-12-14T18:05:00+00:00 [running]> on host 89522446c9a4
[2025-12-15T20:27:15.150+0000] {logging_mixin.py:190} WARNING - /home/***/.local/lib/python3.10/site-packages/***/settings.py:470 DeprecationWarning: The sql_alchemy_conn option in [core] has been moved to the sql_alchemy_conn option in [database] - the old setting has been used, but please update your config.
[2025-12-15T20:27:15.279+0000] {taskinstance.py:3131} INFO - Exporting env vars: AIRFLOW_CTX_DAG_OWNER='ahmed_sami' AIRFLOW_CTX_DAG_ID='weather_prediction_pipeline_v2' AIRFLOW_CTX_TASK_ID='build_daily_features' AIRFLOW_CTX_EXECUTION_DATE='2025-12-14T18:05:00+00:00' AIRFLOW_CTX_TRY_NUMBER='1' AIRFLOW_CTX_DAG_RUN_ID='scheduled__2025-12-14T18:05:00+00:00'
[2025-12-15T20:27:15.281+0000] {taskinstance.py:731} INFO - ::endgroup::
[2025-12-15T20:27:15.308+0000] {logging_mixin.py:190} INFO - ======================================================================
[2025-12-15T20:27:15.310+0000] {logging_mixin.py:190} INFO -                     DAY 2: BUILDING FEATURES
[2025-12-15T20:27:15.311+0000] {logging_mixin.py:190} INFO - ======================================================================
[2025-12-15T20:27:15.335+0000] {logging_mixin.py:190} INFO - Today: 2025-12-15 | Predicting for: 2025-12-16
[2025-12-15T20:27:15.354+0000] {base.py:84} INFO - Retrieving connection 'ml_con'
[2025-12-15T20:27:15.382+0000] {logging_mixin.py:190} INFO - ✅ Features: 27 | Fallback: 0
[2025-12-15T20:27:15.383+0000] {logging_mixin.py:190} INFO - ======================================================================
[2025-12-15T20:27:15.411+0000] {python.py:240} INFO - Done. Returned value was: None
[2025-12-15T20:27:15.431+0000] {taskinstance.py:340} INFO - ::group::Post task execution logs
[2025-12-15T20:27:15.433+0000] {taskinstance.py:352} INFO - Marking task as SUCCESS. dag_id=weather_prediction_pipeline_v2, task_id=build_daily_features, run_id=scheduled__2025-12-14T18:05:00+00:00, execution_date=20251214T180500, start_date=20251215T202715, end_date=20251215T202715
[2025-12-15T20:27:15.460+0000] {local_task_job_runner.py:266} INFO - Task exited with return code 0
[2025-12-15T20:27:15.500+0000] {taskinstance.py:3900} INFO - 1 downstream tasks scheduled from follow-on schedule check
[2025-12-15T20:27:15.503+0000] {local_task_job_runner.py:245} INFO - ::endgroup::
[2025-12-15T20:54:38.423+0000] {local_task_job_runner.py:123} INFO - ::group::Pre task execution logs
[2025-12-15T20:54:38.449+0000] {taskinstance.py:2612} INFO - Dependencies all met for dep_context=non-requeueable deps ti=<TaskInstance: weather_prediction_pipeline_v2.build_daily_features scheduled__2025-12-14T18:05:00+00:00 [queued]>
[2025-12-15T20:54:38.458+0000] {taskinstance.py:2612} INFO - Dependencies all met for dep_context=requeueable deps ti=<TaskInstance: weather_prediction_pipeline_v2.build_daily_features scheduled__2025-12-14T18:05:00+00:00 [queued]>
[2025-12-15T20:54:38.460+0000] {taskinstance.py:2865} INFO - Starting attempt 1 of 3
[2025-12-15T20:54:38.475+0000] {taskinstance.py:2888} INFO - Executing <Task(PythonOperator): build_daily_features> on 2025-12-14 18:05:00+00:00
[2025-12-15T20:54:38.483+0000] {standard_task_runner.py:72} INFO - Started process 18959 to run task
[2025-12-15T20:54:38.489+0000] {standard_task_runner.py:104} INFO - Running: ['***', 'tasks', 'run', 'weather_prediction_pipeline_v2', 'build_daily_features', 'scheduled__2025-12-14T18:05:00+00:00', '--job-id', '88', '--raw', '--subdir', 'DAGS_FOLDER/test_etl.py', '--cfg-path', '/tmp/tmpnxp45m9p']
[2025-12-15T20:54:38.495+0000] {standard_task_runner.py:105} INFO - Job 88: Subtask build_daily_features
[2025-12-15T20:54:38.522+0000] {logging_mixin.py:190} WARNING - /home/***/.local/lib/python3.10/site-packages/***/settings.py:209 DeprecationWarning: The sql_alchemy_conn option in [core] has been moved to the sql_alchemy_conn option in [database] - the old setting has been used, but please update your config.
[2025-12-15T20:54:38.592+0000] {task_command.py:467} INFO - Running <TaskInstance: weather_prediction_pipeline_v2.build_daily_features scheduled__2025-12-14T18:05:00+00:00 [running]> on host 89522446c9a4
[2025-12-15T20:54:38.595+0000] {logging_mixin.py:190} WARNING - /home/***/.local/lib/python3.10/site-packages/***/settings.py:470 DeprecationWarning: The sql_alchemy_conn option in [core] has been moved to the sql_alchemy_conn option in [database] - the old setting has been used, but please update your config.
[2025-12-15T20:54:38.729+0000] {taskinstance.py:3131} INFO - Exporting env vars: AIRFLOW_CTX_DAG_OWNER='ahmed_sami' AIRFLOW_CTX_DAG_ID='weather_prediction_pipeline_v2' AIRFLOW_CTX_TASK_ID='build_daily_features' AIRFLOW_CTX_EXECUTION_DATE='2025-12-14T18:05:00+00:00' AIRFLOW_CTX_TRY_NUMBER='1' AIRFLOW_CTX_DAG_RUN_ID='scheduled__2025-12-14T18:05:00+00:00'
[2025-12-15T20:54:38.731+0000] {taskinstance.py:731} INFO - ::endgroup::
[2025-12-15T20:54:38.752+0000] {logging_mixin.py:190} INFO - ======================================================================
[2025-12-15T20:54:38.753+0000] {logging_mixin.py:190} INFO -                     DAY 2: BUILDING FEATURES
[2025-12-15T20:54:38.754+0000] {logging_mixin.py:190} INFO - ======================================================================
[2025-12-15T20:54:38.776+0000] {logging_mixin.py:190} INFO - Today: 2025-12-15 | Predicting for: 2025-12-16
[2025-12-15T20:54:38.794+0000] {base.py:84} INFO - Retrieving connection 'ml_con'
[2025-12-15T20:54:38.818+0000] {logging_mixin.py:190} INFO - ✅ Features: 27 | Fallback: 0
[2025-12-15T20:54:38.820+0000] {logging_mixin.py:190} INFO - ======================================================================
[2025-12-15T20:54:38.848+0000] {python.py:240} INFO - Done. Returned value was: None
[2025-12-15T20:54:38.867+0000] {taskinstance.py:340} INFO - ::group::Post task execution logs
[2025-12-15T20:54:38.868+0000] {taskinstance.py:352} INFO - Marking task as SUCCESS. dag_id=weather_prediction_pipeline_v2, task_id=build_daily_features, run_id=scheduled__2025-12-14T18:05:00+00:00, execution_date=20251214T180500, start_date=20251215T205438, end_date=20251215T205438
[2025-12-15T20:54:38.905+0000] {local_task_job_runner.py:266} INFO - Task exited with return code 0
[2025-12-15T20:54:38.951+0000] {taskinstance.py:3900} INFO - 0 downstream tasks scheduled from follow-on schedule check
[2025-12-15T20:54:38.956+0000] {local_task_job_runner.py:245} INFO - ::endgroup::
[2025-12-15T21:06:36.041+0000] {local_task_job_runner.py:123} INFO - ::group::Pre task execution logs
[2025-12-15T21:06:36.077+0000] {taskinstance.py:2612} INFO - Dependencies all met for dep_context=non-requeueable deps ti=<TaskInstance: weather_prediction_pipeline_v2.build_daily_features scheduled__2025-12-14T18:05:00+00:00 [queued]>
[2025-12-15T21:06:36.091+0000] {taskinstance.py:2612} INFO - Dependencies all met for dep_context=requeueable deps ti=<TaskInstance: weather_prediction_pipeline_v2.build_daily_features scheduled__2025-12-14T18:05:00+00:00 [queued]>
[2025-12-15T21:06:36.092+0000] {taskinstance.py:2865} INFO - Starting attempt 1 of 3
[2025-12-15T21:06:36.111+0000] {taskinstance.py:2888} INFO - Executing <Task(PythonOperator): build_daily_features> on 2025-12-14 18:05:00+00:00
[2025-12-15T21:06:36.119+0000] {standard_task_runner.py:72} INFO - Started process 19727 to run task
[2025-12-15T21:06:36.124+0000] {standard_task_runner.py:104} INFO - Running: ['***', 'tasks', 'run', 'weather_prediction_pipeline_v2', 'build_daily_features', 'scheduled__2025-12-14T18:05:00+00:00', '--job-id', '93', '--raw', '--subdir', 'DAGS_FOLDER/test_etl.py', '--cfg-path', '/tmp/tmp8b9hamy6']
[2025-12-15T21:06:36.129+0000] {standard_task_runner.py:105} INFO - Job 93: Subtask build_daily_features
[2025-12-15T21:06:36.151+0000] {logging_mixin.py:190} WARNING - /home/***/.local/lib/python3.10/site-packages/***/settings.py:209 DeprecationWarning: The sql_alchemy_conn option in [core] has been moved to the sql_alchemy_conn option in [database] - the old setting has been used, but please update your config.
[2025-12-15T21:06:36.211+0000] {task_command.py:467} INFO - Running <TaskInstance: weather_prediction_pipeline_v2.build_daily_features scheduled__2025-12-14T18:05:00+00:00 [running]> on host 89522446c9a4
[2025-12-15T21:06:36.213+0000] {logging_mixin.py:190} WARNING - /home/***/.local/lib/python3.10/site-packages/***/settings.py:470 DeprecationWarning: The sql_alchemy_conn option in [core] has been moved to the sql_alchemy_conn option in [database] - the old setting has been used, but please update your config.
[2025-12-15T21:06:36.337+0000] {taskinstance.py:3131} INFO - Exporting env vars: AIRFLOW_CTX_DAG_OWNER='ahmed_sami' AIRFLOW_CTX_DAG_ID='weather_prediction_pipeline_v2' AIRFLOW_CTX_TASK_ID='build_daily_features' AIRFLOW_CTX_EXECUTION_DATE='2025-12-14T18:05:00+00:00' AIRFLOW_CTX_TRY_NUMBER='1' AIRFLOW_CTX_DAG_RUN_ID='scheduled__2025-12-14T18:05:00+00:00'
[2025-12-15T21:06:36.340+0000] {taskinstance.py:731} INFO - ::endgroup::
[2025-12-15T21:06:36.365+0000] {logging_mixin.py:190} INFO - ======================================================================
[2025-12-15T21:06:36.366+0000] {logging_mixin.py:190} INFO -                     DAY 2: BUILDING FEATURES
[2025-12-15T21:06:36.367+0000] {logging_mixin.py:190} INFO - ======================================================================
[2025-12-15T21:06:36.395+0000] {logging_mixin.py:190} INFO - Today: 2025-12-15 | Predicting for: 2025-12-16
[2025-12-15T21:06:36.413+0000] {base.py:84} INFO - Retrieving connection 'ml_con'
[2025-12-15T21:06:36.441+0000] {logging_mixin.py:190} INFO - ✅ Features: 27 | Fallback: 0
[2025-12-15T21:06:36.443+0000] {logging_mixin.py:190} INFO - ======================================================================
[2025-12-15T21:06:36.471+0000] {python.py:240} INFO - Done. Returned value was: None
[2025-12-15T21:06:36.492+0000] {taskinstance.py:340} INFO - ::group::Post task execution logs
[2025-12-15T21:06:36.494+0000] {taskinstance.py:352} INFO - Marking task as SUCCESS. dag_id=weather_prediction_pipeline_v2, task_id=build_daily_features, run_id=scheduled__2025-12-14T18:05:00+00:00, execution_date=20251214T180500, start_date=20251215T210636, end_date=20251215T210636
[2025-12-15T21:06:36.539+0000] {local_task_job_runner.py:266} INFO - Task exited with return code 0
[2025-12-15T21:06:36.575+0000] {taskinstance.py:3900} INFO - 1 downstream tasks scheduled from follow-on schedule check
[2025-12-15T21:06:36.577+0000] {local_task_job_runner.py:245} INFO - ::endgroup::
[2025-12-15T21:57:12.923+0000] {local_task_job_runner.py:123} INFO - ::group::Pre task execution logs
[2025-12-15T21:57:12.947+0000] {taskinstance.py:2612} INFO - Dependencies all met for dep_context=non-requeueable deps ti=<TaskInstance: weather_prediction_pipeline_v2.build_daily_features scheduled__2025-12-14T18:05:00+00:00 [queued]>
[2025-12-15T21:57:12.957+0000] {taskinstance.py:2612} INFO - Dependencies all met for dep_context=requeueable deps ti=<TaskInstance: weather_prediction_pipeline_v2.build_daily_features scheduled__2025-12-14T18:05:00+00:00 [queued]>
[2025-12-15T21:57:12.958+0000] {taskinstance.py:2865} INFO - Starting attempt 1 of 3
[2025-12-15T21:57:12.973+0000] {taskinstance.py:2888} INFO - Executing <Task(PythonOperator): build_daily_features> on 2025-12-14 18:05:00+00:00
[2025-12-15T21:57:12.982+0000] {standard_task_runner.py:72} INFO - Started process 318 to run task
[2025-12-15T21:57:12.986+0000] {standard_task_runner.py:104} INFO - Running: ['***', 'tasks', 'run', 'weather_prediction_pipeline_v2', 'build_daily_features', 'scheduled__2025-12-14T18:05:00+00:00', '--job-id', '108', '--raw', '--subdir', 'DAGS_FOLDER/test_etl.py', '--cfg-path', '/tmp/tmpjcwoboxo']
[2025-12-15T21:57:12.990+0000] {standard_task_runner.py:105} INFO - Job 108: Subtask build_daily_features
[2025-12-15T21:57:13.013+0000] {logging_mixin.py:190} WARNING - /home/***/.local/lib/python3.10/site-packages/***/settings.py:209 DeprecationWarning: The sql_alchemy_conn option in [core] has been moved to the sql_alchemy_conn option in [database] - the old setting has been used, but please update your config.
[2025-12-15T21:57:13.069+0000] {task_command.py:467} INFO - Running <TaskInstance: weather_prediction_pipeline_v2.build_daily_features scheduled__2025-12-14T18:05:00+00:00 [running]> on host b89d32282382
[2025-12-15T21:57:13.071+0000] {logging_mixin.py:190} WARNING - /home/***/.local/lib/python3.10/site-packages/***/settings.py:470 DeprecationWarning: The sql_alchemy_conn option in [core] has been moved to the sql_alchemy_conn option in [database] - the old setting has been used, but please update your config.
[2025-12-15T21:57:13.186+0000] {taskinstance.py:3131} INFO - Exporting env vars: AIRFLOW_CTX_DAG_OWNER='ahmed_sami' AIRFLOW_CTX_DAG_ID='weather_prediction_pipeline_v2' AIRFLOW_CTX_TASK_ID='build_daily_features' AIRFLOW_CTX_EXECUTION_DATE='2025-12-14T18:05:00+00:00' AIRFLOW_CTX_TRY_NUMBER='1' AIRFLOW_CTX_DAG_RUN_ID='scheduled__2025-12-14T18:05:00+00:00'
[2025-12-15T21:57:13.188+0000] {taskinstance.py:731} INFO - ::endgroup::
[2025-12-15T21:57:13.212+0000] {logging_mixin.py:190} INFO - ======================================================================
[2025-12-15T21:57:13.214+0000] {logging_mixin.py:190} INFO -                     DAY 2: BUILDING FEATURES
[2025-12-15T21:57:13.215+0000] {logging_mixin.py:190} INFO - ======================================================================
[2025-12-15T21:57:13.236+0000] {logging_mixin.py:190} INFO - Today: 2025-12-15 | Predicting for: 2025-12-16
[2025-12-15T21:57:13.252+0000] {base.py:84} INFO - Retrieving connection 'ml_con'
[2025-12-15T21:57:13.276+0000] {logging_mixin.py:190} INFO - ✅ Features: 27 | Fallback: 0
[2025-12-15T21:57:13.277+0000] {logging_mixin.py:190} INFO - ======================================================================
[2025-12-15T21:57:13.301+0000] {python.py:240} INFO - Done. Returned value was: None
[2025-12-15T21:57:13.317+0000] {taskinstance.py:340} INFO - ::group::Post task execution logs
[2025-12-15T21:57:13.318+0000] {taskinstance.py:352} INFO - Marking task as SUCCESS. dag_id=weather_prediction_pipeline_v2, task_id=build_daily_features, run_id=scheduled__2025-12-14T18:05:00+00:00, execution_date=20251214T180500, start_date=20251215T215712, end_date=20251215T215713
[2025-12-15T21:57:13.361+0000] {local_task_job_runner.py:266} INFO - Task exited with return code 0
[2025-12-15T21:57:13.398+0000] {taskinstance.py:3900} INFO - 1 downstream tasks scheduled from follow-on schedule check
[2025-12-15T21:57:13.401+0000] {local_task_job_runner.py:245} INFO - ::endgroup::
[2025-12-15T22:34:11.496+0000] {local_task_job_runner.py:123} INFO - ::group::Pre task execution logs
[2025-12-15T22:34:11.528+0000] {taskinstance.py:2612} INFO - Dependencies all met for dep_context=non-requeueable deps ti=<TaskInstance: weather_prediction_pipeline_v2.build_daily_features scheduled__2025-12-14T18:05:00+00:00 [queued]>
[2025-12-15T22:34:11.540+0000] {taskinstance.py:2612} INFO - Dependencies all met for dep_context=requeueable deps ti=<TaskInstance: weather_prediction_pipeline_v2.build_daily_features scheduled__2025-12-14T18:05:00+00:00 [queued]>
[2025-12-15T22:34:11.542+0000] {taskinstance.py:2865} INFO - Starting attempt 1 of 3
[2025-12-15T22:34:11.556+0000] {taskinstance.py:2888} INFO - Executing <Task(PythonOperator): build_daily_features> on 2025-12-14 18:05:00+00:00
[2025-12-15T22:34:11.565+0000] {standard_task_runner.py:72} INFO - Started process 1246 to run task
[2025-12-15T22:34:11.570+0000] {standard_task_runner.py:104} INFO - Running: ['***', 'tasks', 'run', 'weather_prediction_pipeline_v2', 'build_daily_features', 'scheduled__2025-12-14T18:05:00+00:00', '--job-id', '13', '--raw', '--subdir', 'DAGS_FOLDER/test_etl.py', '--cfg-path', '/tmp/tmpd1z_h081']
[2025-12-15T22:34:11.574+0000] {standard_task_runner.py:105} INFO - Job 13: Subtask build_daily_features
[2025-12-15T22:34:11.598+0000] {logging_mixin.py:190} WARNING - /home/***/.local/lib/python3.10/site-packages/***/settings.py:209 DeprecationWarning: The sql_alchemy_conn option in [core] has been moved to the sql_alchemy_conn option in [database] - the old setting has been used, but please update your config.
[2025-12-15T22:34:11.660+0000] {task_command.py:467} INFO - Running <TaskInstance: weather_prediction_pipeline_v2.build_daily_features scheduled__2025-12-14T18:05:00+00:00 [running]> on host 6f17979d182d
[2025-12-15T22:34:11.662+0000] {logging_mixin.py:190} WARNING - /home/***/.local/lib/python3.10/site-packages/***/settings.py:470 DeprecationWarning: The sql_alchemy_conn option in [core] has been moved to the sql_alchemy_conn option in [database] - the old setting has been used, but please update your config.
[2025-12-15T22:34:11.785+0000] {taskinstance.py:3131} INFO - Exporting env vars: AIRFLOW_CTX_DAG_OWNER='ahmed_sami' AIRFLOW_CTX_DAG_ID='weather_prediction_pipeline_v2' AIRFLOW_CTX_TASK_ID='build_daily_features' AIRFLOW_CTX_EXECUTION_DATE='2025-12-14T18:05:00+00:00' AIRFLOW_CTX_TRY_NUMBER='1' AIRFLOW_CTX_DAG_RUN_ID='scheduled__2025-12-14T18:05:00+00:00'
[2025-12-15T22:34:11.787+0000] {taskinstance.py:731} INFO - ::endgroup::
[2025-12-15T22:34:11.809+0000] {logging_mixin.py:190} INFO - ======================================================================
[2025-12-15T22:34:11.810+0000] {logging_mixin.py:190} INFO -                     DAY 2: BUILDING FEATURES
[2025-12-15T22:34:11.811+0000] {logging_mixin.py:190} INFO - ======================================================================
[2025-12-15T22:34:11.832+0000] {logging_mixin.py:190} INFO - Today: 2025-12-15 | Predicting for: 2025-12-16
[2025-12-15T22:34:11.848+0000] {base.py:84} INFO - Retrieving connection 'ml_con'
[2025-12-15T22:34:11.891+0000] {logging_mixin.py:190} INFO - ✅ Features: 64 | Fallback: 0
[2025-12-15T22:34:11.893+0000] {logging_mixin.py:190} INFO - ======================================================================
[2025-12-15T22:34:11.919+0000] {python.py:240} INFO - Done. Returned value was: None
[2025-12-15T22:34:11.936+0000] {taskinstance.py:340} INFO - ::group::Post task execution logs
[2025-12-15T22:34:11.937+0000] {taskinstance.py:352} INFO - Marking task as SUCCESS. dag_id=weather_prediction_pipeline_v2, task_id=build_daily_features, run_id=scheduled__2025-12-14T18:05:00+00:00, execution_date=20251214T180500, start_date=20251215T223411, end_date=20251215T223411
[2025-12-15T22:34:11.986+0000] {local_task_job_runner.py:266} INFO - Task exited with return code 0
[2025-12-15T22:34:12.018+0000] {taskinstance.py:3900} INFO - 1 downstream tasks scheduled from follow-on schedule check
[2025-12-15T22:34:12.021+0000] {local_task_job_runner.py:245} INFO - ::endgroup::
[2025-12-16T14:41:14.230+0000] {local_task_job_runner.py:123} INFO - ::group::Pre task execution logs
[2025-12-16T14:41:14.259+0000] {taskinstance.py:2612} INFO - Dependencies all met for dep_context=non-requeueable deps ti=<TaskInstance: weather_prediction_pipeline_v2.build_daily_features scheduled__2025-12-14T18:05:00+00:00 [queued]>
[2025-12-16T14:41:14.271+0000] {taskinstance.py:2612} INFO - Dependencies all met for dep_context=requeueable deps ti=<TaskInstance: weather_prediction_pipeline_v2.build_daily_features scheduled__2025-12-14T18:05:00+00:00 [queued]>
[2025-12-16T14:41:14.272+0000] {taskinstance.py:2865} INFO - Starting attempt 1 of 3
[2025-12-16T14:41:14.286+0000] {taskinstance.py:2888} INFO - Executing <Task(PythonOperator): build_daily_features> on 2025-12-14 18:05:00+00:00
[2025-12-16T14:41:14.294+0000] {standard_task_runner.py:72} INFO - Started process 15707 to run task
[2025-12-16T14:41:14.298+0000] {standard_task_runner.py:104} INFO - Running: ['***', 'tasks', 'run', 'weather_prediction_pipeline_v2', 'build_daily_features', 'scheduled__2025-12-14T18:05:00+00:00', '--job-id', '140', '--raw', '--subdir', 'DAGS_FOLDER/test_etl.py', '--cfg-path', '/tmp/tmp6r4st8ls']
[2025-12-16T14:41:14.301+0000] {standard_task_runner.py:105} INFO - Job 140: Subtask build_daily_features
[2025-12-16T14:41:14.325+0000] {logging_mixin.py:190} WARNING - /home/***/.local/lib/python3.10/site-packages/***/settings.py:209 DeprecationWarning: The sql_alchemy_conn option in [core] has been moved to the sql_alchemy_conn option in [database] - the old setting has been used, but please update your config.
[2025-12-16T14:41:14.380+0000] {task_command.py:467} INFO - Running <TaskInstance: weather_prediction_pipeline_v2.build_daily_features scheduled__2025-12-14T18:05:00+00:00 [running]> on host 15d037495a80
[2025-12-16T14:41:14.382+0000] {logging_mixin.py:190} WARNING - /home/***/.local/lib/python3.10/site-packages/***/settings.py:470 DeprecationWarning: The sql_alchemy_conn option in [core] has been moved to the sql_alchemy_conn option in [database] - the old setting has been used, but please update your config.
[2025-12-16T14:41:14.487+0000] {taskinstance.py:3131} INFO - Exporting env vars: AIRFLOW_CTX_DAG_OWNER='ahmed_sami' AIRFLOW_CTX_DAG_ID='weather_prediction_pipeline_v2' AIRFLOW_CTX_TASK_ID='build_daily_features' AIRFLOW_CTX_EXECUTION_DATE='2025-12-14T18:05:00+00:00' AIRFLOW_CTX_TRY_NUMBER='1' AIRFLOW_CTX_DAG_RUN_ID='scheduled__2025-12-14T18:05:00+00:00'
[2025-12-16T14:41:14.489+0000] {taskinstance.py:731} INFO - ::endgroup::
[2025-12-16T14:41:14.510+0000] {logging_mixin.py:190} INFO - ======================================================================
[2025-12-16T14:41:14.511+0000] {logging_mixin.py:190} INFO -                     DAY 2: BUILDING FEATURES
[2025-12-16T14:41:14.512+0000] {logging_mixin.py:190} INFO - ======================================================================
[2025-12-16T14:41:14.533+0000] {logging_mixin.py:190} INFO - Today: 2025-12-16 | Predicting for: 2025-12-17
[2025-12-16T14:41:14.551+0000] {base.py:84} INFO - Retrieving connection 'ml_con'
[2025-12-16T14:41:14.594+0000] {logging_mixin.py:190} INFO - ✅ Features: 64 | Fallback: 0
[2025-12-16T14:41:14.596+0000] {logging_mixin.py:190} INFO - ======================================================================
[2025-12-16T14:41:14.624+0000] {python.py:240} INFO - Done. Returned value was: None
[2025-12-16T14:41:14.641+0000] {taskinstance.py:340} INFO - ::group::Post task execution logs
[2025-12-16T14:41:14.643+0000] {taskinstance.py:352} INFO - Marking task as SUCCESS. dag_id=weather_prediction_pipeline_v2, task_id=build_daily_features, run_id=scheduled__2025-12-14T18:05:00+00:00, execution_date=20251214T180500, start_date=20251216T144114, end_date=20251216T144114
[2025-12-16T14:41:14.674+0000] {local_task_job_runner.py:266} INFO - Task exited with return code 0
[2025-12-16T14:41:14.709+0000] {taskinstance.py:3900} INFO - 1 downstream tasks scheduled from follow-on schedule check
[2025-12-16T14:41:14.712+0000] {local_task_job_runner.py:245} INFO - ::endgroup::
