[2025-12-15T20:26:19.864+0000] {local_task_job_runner.py:123} INFO - ::group::Pre task execution logs
[2025-12-15T20:26:19.927+0000] {taskinstance.py:2612} INFO - Dependencies all met for dep_context=non-requeueable deps ti=<TaskInstance: weather_actuals_pipeline_v2.fetch_end_of_day_actuals manual__2025-12-15T20:26:05.107476+00:00 [queued]>
[2025-12-15T20:26:19.953+0000] {taskinstance.py:2612} INFO - Dependencies all met for dep_context=requeueable deps ti=<TaskInstance: weather_actuals_pipeline_v2.fetch_end_of_day_actuals manual__2025-12-15T20:26:05.107476+00:00 [queued]>
[2025-12-15T20:26:19.961+0000] {taskinstance.py:2865} INFO - Starting attempt 1 of 3
[2025-12-15T20:26:19.991+0000] {taskinstance.py:2888} INFO - Executing <Task(PythonOperator): fetch_end_of_day_actuals> on 2025-12-15 20:26:05.107476+00:00
[2025-12-15T20:26:20.011+0000] {standard_task_runner.py:72} INFO - Started process 17041 to run task
[2025-12-15T20:26:20.020+0000] {standard_task_runner.py:104} INFO - Running: ['***', 'tasks', 'run', 'weather_actuals_pipeline_v2', 'fetch_end_of_day_actuals', 'manual__2025-12-15T20:26:05.107476+00:00', '--job-id', '70', '--raw', '--subdir', 'DAGS_FOLDER/test_etl.py', '--cfg-path', '/tmp/tmpnk384oi5']
[2025-12-15T20:26:20.030+0000] {standard_task_runner.py:105} INFO - Job 70: Subtask fetch_end_of_day_actuals
[2025-12-15T20:26:20.071+0000] {logging_mixin.py:190} WARNING - /home/***/.local/lib/python3.10/site-packages/***/settings.py:209 DeprecationWarning: The sql_alchemy_conn option in [core] has been moved to the sql_alchemy_conn option in [database] - the old setting has been used, but please update your config.
[2025-12-15T20:26:20.191+0000] {task_command.py:467} INFO - Running <TaskInstance: weather_actuals_pipeline_v2.fetch_end_of_day_actuals manual__2025-12-15T20:26:05.107476+00:00 [running]> on host 89522446c9a4
[2025-12-15T20:26:20.547+0000] {taskinstance.py:3131} INFO - Exporting env vars: AIRFLOW_CTX_DAG_OWNER='ahmed_sami' AIRFLOW_CTX_DAG_ID='weather_actuals_pipeline_v2' AIRFLOW_CTX_TASK_ID='fetch_end_of_day_actuals' AIRFLOW_CTX_EXECUTION_DATE='2025-12-15T20:26:05.107476+00:00' AIRFLOW_CTX_TRY_NUMBER='1' AIRFLOW_CTX_DAG_RUN_ID='manual__2025-12-15T20:26:05.107476+00:00'
[2025-12-15T20:26:20.561+0000] {taskinstance.py:731} INFO - ::endgroup::
[2025-12-15T20:26:20.644+0000] {logging_mixin.py:190} INFO - ======================================================================
[2025-12-15T20:26:20.656+0000] {logging_mixin.py:190} INFO -                FETCHING END-OF-DAY ACTUAL TEMPERATURES
[2025-12-15T20:26:20.657+0000] {logging_mixin.py:190} INFO - ======================================================================
[2025-12-15T20:26:20.659+0000] {logging_mixin.py:190} INFO - 📅 Date: 2025-12-15
[2025-12-15T20:26:20.670+0000] {logging_mixin.py:190} INFO - ⏰ Time: 20:26:20
[2025-12-15T20:26:21.346+0000] {logging_mixin.py:190} INFO - 📍 Cities to fetch: 27
[2025-12-15T20:26:21.774+0000] {logging_mixin.py:190} INFO - ✓ Alexandria: 16.0°C
[2025-12-15T20:26:21.883+0000] {logging_mixin.py:190} INFO - ✓ Adana: 10.0°C
[2025-12-15T20:26:21.999+0000] {logging_mixin.py:190} INFO - ✓ Ankara: 3.5°C
[2025-12-15T20:26:22.112+0000] {logging_mixin.py:190} INFO - ✓ Antalya: 12.3°C
[2025-12-15T20:26:22.230+0000] {logging_mixin.py:190} INFO - ✓ Cairo: 16.4°C
[2025-12-15T20:26:22.341+0000] {logging_mixin.py:190} INFO - ✓ Giza: 16.4°C
[2025-12-15T20:26:22.452+0000] {logging_mixin.py:190} INFO - ✓ East Jerusalem: 10.0°C
[2025-12-15T20:26:22.558+0000] {logging_mixin.py:190} INFO - ✓ Gaziantep: 3.6°C
[2025-12-15T20:26:22.661+0000] {logging_mixin.py:190} INFO - ✓ Aswan: 17.6°C
[2025-12-15T20:26:22.763+0000] {logging_mixin.py:190} INFO - ✓ Haifa: 13.4°C
[2025-12-15T20:26:22.866+0000] {logging_mixin.py:190} INFO - ✓ Hurghada: 18.0°C
[2025-12-15T20:26:22.976+0000] {logging_mixin.py:190} INFO - ✓ Ismailia: 15.1°C
[2025-12-15T20:26:23.079+0000] {logging_mixin.py:190} INFO - ✓ Izmir: 9.6°C
[2025-12-15T20:26:23.187+0000] {logging_mixin.py:190} INFO - ✓ Isfahan: 2.8°C
[2025-12-15T20:26:23.296+0000] {logging_mixin.py:190} INFO - ✓ Istanbul: 5.1°C
[2025-12-15T20:26:23.398+0000] {logging_mixin.py:190} INFO - ✓ Mashhad: 3.1°C
[2025-12-15T20:26:23.502+0000] {logging_mixin.py:190} INFO - ✓ Luxor: 18.0°C
[2025-12-15T20:26:23.610+0000] {logging_mixin.py:190} INFO - ✓ Jerusalem: 9.8°C
[2025-12-15T20:26:23.712+0000] {logging_mixin.py:190} INFO - ✓ Konya: 1.7°C
[2025-12-15T20:26:23.815+0000] {logging_mixin.py:190} INFO - ✓ Port Said: 16.0°C
[2025-12-15T20:26:23.926+0000] {logging_mixin.py:190} INFO - ✓ Qom: 7.7°C
[2025-12-15T20:26:24.037+0000] {logging_mixin.py:190} INFO - ✓ Shiraz: 4.7°C
[2025-12-15T20:26:24.148+0000] {logging_mixin.py:190} INFO - ✓ Tabriz: -0.3°C
[2025-12-15T20:26:24.250+0000] {logging_mixin.py:190} INFO - ✓ Suez: 17.1°C
[2025-12-15T20:26:24.354+0000] {logging_mixin.py:190} INFO - ✓ Sharm El Sheikh: 19.1°C
[2025-12-15T20:26:24.464+0000] {logging_mixin.py:190} INFO - ✓ Tehran: 6.5°C
[2025-12-15T20:26:24.570+0000] {logging_mixin.py:190} INFO - ✓ Tel Aviv: 15.0°C
[2025-12-15T20:26:24.689+0000] {logging_mixin.py:190} INFO - 
💾 Storing 27 actuals to database...
[2025-12-15T20:26:24.724+0000] {base.py:84} INFO - Retrieving connection 'ml_con'
[2025-12-15T20:26:24.770+0000] {logging_mixin.py:190} INFO - 🧹 Cleaning old data (keeping last 30 days)...
[2025-12-15T20:26:24.781+0000] {logging_mixin.py:190} INFO - 
======================================================================
[2025-12-15T20:26:24.782+0000] {logging_mixin.py:190} INFO - ✅ Success: 27 cities
[2025-12-15T20:26:24.788+0000] {logging_mixin.py:190} INFO - ❌ Failed: 0 cities
[2025-12-15T20:26:24.789+0000] {logging_mixin.py:190} INFO - ======================================================================
[2025-12-15T20:26:24.884+0000] {python.py:240} INFO - Done. Returned value was: None
[2025-12-15T20:26:24.938+0000] {taskinstance.py:340} INFO - ::group::Post task execution logs
[2025-12-15T20:26:24.942+0000] {taskinstance.py:352} INFO - Marking task as SUCCESS. dag_id=weather_actuals_pipeline_v2, task_id=fetch_end_of_day_actuals, run_id=manual__2025-12-15T20:26:05.107476+00:00, execution_date=20251215T202605, start_date=20251215T202619, end_date=20251215T202624
[2025-12-15T20:26:25.048+0000] {local_task_job_runner.py:266} INFO - Task exited with return code 0
[2025-12-15T20:26:25.130+0000] {taskinstance.py:3900} INFO - 1 downstream tasks scheduled from follow-on schedule check
[2025-12-15T20:26:25.134+0000] {local_task_job_runner.py:245} INFO - ::endgroup::
