[2025-12-16T13:14:47.717+0000] {local_task_job_runner.py:123} INFO - ::group::Pre task execution logs
[2025-12-16T13:14:47.746+0000] {taskinstance.py:2612} INFO - Dependencies all met for dep_context=non-requeueable deps ti=<TaskInstance: weather_prediction_pipeline_v2.build_daily_features manual__2025-12-16T12:53:10.902467+00:00 [queued]>
[2025-12-16T13:14:47.757+0000] {taskinstance.py:2612} INFO - Dependencies all met for dep_context=requeueable deps ti=<TaskInstance: weather_prediction_pipeline_v2.build_daily_features manual__2025-12-16T12:53:10.902467+00:00 [queued]>
[2025-12-16T13:14:47.759+0000] {taskinstance.py:2865} INFO - Starting attempt 2 of 4
[2025-12-16T13:14:47.776+0000] {taskinstance.py:2888} INFO - Executing <Task(PythonOperator): build_daily_features> on 2025-12-16 12:53:10.902467+00:00
[2025-12-16T13:14:47.784+0000] {standard_task_runner.py:72} INFO - Started process 10762 to run task
[2025-12-16T13:14:47.789+0000] {standard_task_runner.py:104} INFO - Running: ['***', 'tasks', 'run', 'weather_prediction_pipeline_v2', 'build_daily_features', 'manual__2025-12-16T12:53:10.902467+00:00', '--job-id', '129', '--raw', '--subdir', 'DAGS_FOLDER/test_etl.py', '--cfg-path', '/tmp/tmpwrh48_p5']
[2025-12-16T13:14:47.793+0000] {standard_task_runner.py:105} INFO - Job 129: Subtask build_daily_features
[2025-12-16T13:14:47.815+0000] {logging_mixin.py:190} WARNING - /home/***/.local/lib/python3.10/site-packages/***/settings.py:209 DeprecationWarning: The sql_alchemy_conn option in [core] has been moved to the sql_alchemy_conn option in [database] - the old setting has been used, but please update your config.
[2025-12-16T13:14:47.869+0000] {task_command.py:467} INFO - Running <TaskInstance: weather_prediction_pipeline_v2.build_daily_features manual__2025-12-16T12:53:10.902467+00:00 [running]> on host 15d037495a80
[2025-12-16T13:14:48.000+0000] {taskinstance.py:3131} INFO - Exporting env vars: AIRFLOW_CTX_DAG_OWNER='ahmed_sami' AIRFLOW_CTX_DAG_ID='weather_prediction_pipeline_v2' AIRFLOW_CTX_TASK_ID='build_daily_features' AIRFLOW_CTX_EXECUTION_DATE='2025-12-16T12:53:10.902467+00:00' AIRFLOW_CTX_TRY_NUMBER='2' AIRFLOW_CTX_DAG_RUN_ID='manual__2025-12-16T12:53:10.902467+00:00'
[2025-12-16T13:14:48.002+0000] {taskinstance.py:731} INFO - ::endgroup::
[2025-12-16T13:14:48.026+0000] {logging_mixin.py:190} INFO - ======================================================================
[2025-12-16T13:14:48.027+0000] {logging_mixin.py:190} INFO -                     DAY 2: BUILDING FEATURES
[2025-12-16T13:14:48.028+0000] {logging_mixin.py:190} INFO - ======================================================================
[2025-12-16T13:14:48.048+0000] {logging_mixin.py:190} INFO - Today: 2025-12-16 | Predicting for: 2025-12-17
[2025-12-16T13:14:48.062+0000] {base.py:84} INFO - Retrieving connection 'ml_con'
[2025-12-16T13:14:48.103+0000] {logging_mixin.py:190} INFO - ✅ Features: 64 | Fallback: 0
[2025-12-16T13:14:48.105+0000] {logging_mixin.py:190} INFO - ======================================================================
[2025-12-16T13:14:48.128+0000] {python.py:240} INFO - Done. Returned value was: None
[2025-12-16T13:14:48.143+0000] {taskinstance.py:340} INFO - ::group::Post task execution logs
[2025-12-16T13:14:48.144+0000] {taskinstance.py:352} INFO - Marking task as SUCCESS. dag_id=weather_prediction_pipeline_v2, task_id=build_daily_features, run_id=manual__2025-12-16T12:53:10.902467+00:00, execution_date=20251216T125310, start_date=20251216T131447, end_date=20251216T131448
[2025-12-16T13:14:48.164+0000] {local_task_job_runner.py:266} INFO - Task exited with return code 0
[2025-12-16T13:14:48.180+0000] {local_task_job_runner.py:245} INFO - ::endgroup::
