[2025-12-15T19:21:10.070+0000] {local_task_job_runner.py:123} INFO - ::group::Pre task execution logs
[2025-12-15T19:21:10.096+0000] {taskinstance.py:2612} INFO - Dependencies all met for dep_context=non-requeueable deps ti=<TaskInstance: load_weather_actuals_csv.load_csv_to_weather_actuals manual__2025-12-15T19:21:09.263646+00:00 [queued]>
[2025-12-15T19:21:10.105+0000] {taskinstance.py:2612} INFO - Dependencies all met for dep_context=requeueable deps ti=<TaskInstance: load_weather_actuals_csv.load_csv_to_weather_actuals manual__2025-12-15T19:21:09.263646+00:00 [queued]>
[2025-12-15T19:21:10.106+0000] {taskinstance.py:2865} INFO - Starting attempt 1 of 1
[2025-12-15T19:21:10.119+0000] {taskinstance.py:2888} INFO - Executing <Task(PythonOperator): load_csv_to_weather_actuals> on 2025-12-15 19:21:09.263646+00:00
[2025-12-15T19:21:10.125+0000] {standard_task_runner.py:72} INFO - Started process 13179 to run task
[2025-12-15T19:21:10.129+0000] {standard_task_runner.py:104} INFO - Running: ['***', 'tasks', 'run', 'load_weather_actuals_csv', 'load_csv_to_weather_actuals', 'manual__2025-12-15T19:21:09.263646+00:00', '--job-id', '49', '--raw', '--subdir', 'DAGS_FOLDER/ACTIAL.py', '--cfg-path', '/tmp/tmper8jmci1']
[2025-12-15T19:21:10.133+0000] {standard_task_runner.py:105} INFO - Job 49: Subtask load_csv_to_weather_actuals
[2025-12-15T19:21:10.158+0000] {logging_mixin.py:190} WARNING - /home/***/.local/lib/python3.10/site-packages/***/settings.py:209 DeprecationWarning: The sql_alchemy_conn option in [core] has been moved to the sql_alchemy_conn option in [database] - the old setting has been used, but please update your config.
[2025-12-15T19:21:10.218+0000] {task_command.py:467} INFO - Running <TaskInstance: load_weather_actuals_csv.load_csv_to_weather_actuals manual__2025-12-15T19:21:09.263646+00:00 [running]> on host 89522446c9a4
[2025-12-15T19:21:10.336+0000] {taskinstance.py:3131} INFO - Exporting env vars: AIRFLOW_CTX_DAG_OWNER='***' AIRFLOW_CTX_DAG_ID='load_weather_actuals_csv' AIRFLOW_CTX_TASK_ID='load_csv_to_weather_actuals' AIRFLOW_CTX_EXECUTION_DATE='2025-12-15T19:21:09.263646+00:00' AIRFLOW_CTX_TRY_NUMBER='1' AIRFLOW_CTX_DAG_RUN_ID='manual__2025-12-15T19:21:09.263646+00:00'
[2025-12-15T19:21:10.338+0000] {taskinstance.py:731} INFO - ::endgroup::
[2025-12-15T19:21:10.390+0000] {taskinstance.py:3310} ERROR - Task failed with exception
Traceback (most recent call last):
  File "/home/airflow/.local/lib/python3.10/site-packages/airflow/models/taskinstance.py", line 767, in _execute_task
    result = _execute_callable(context=context, **execute_callable_kwargs)
  File "/home/airflow/.local/lib/python3.10/site-packages/airflow/models/taskinstance.py", line 733, in _execute_callable
    return ExecutionCallableRunner(
  File "/home/airflow/.local/lib/python3.10/site-packages/airflow/utils/operator_helpers.py", line 252, in run
    return self.func(*args, **kwargs)
  File "/home/airflow/.local/lib/python3.10/site-packages/airflow/models/baseoperator.py", line 406, in wrapper
    return func(self, *args, **kwargs)
  File "/home/airflow/.local/lib/python3.10/site-packages/airflow/operators/python.py", line 238, in execute
    return_value = self.execute_callable()
  File "/home/airflow/.local/lib/python3.10/site-packages/airflow/operators/python.py", line 256, in execute_callable
    return runner.run(*self.op_args, **self.op_kwargs)
  File "/home/airflow/.local/lib/python3.10/site-packages/airflow/utils/operator_helpers.py", line 252, in run
    return self.func(*args, **kwargs)
  File "/opt/airflow/dags/ACTIAL.py", line 49, in load_csv_to_postgres
    cur.execute(
psycopg2.errors.UndefinedTable: relation "weather_actuals" does not exist
LINE 2:         INSERT INTO weather_actuals (city, date, temp, temp_...
                            ^

[2025-12-15T19:21:10.411+0000] {taskinstance.py:1225} INFO - Marking task as FAILED. dag_id=load_weather_actuals_csv, task_id=load_csv_to_weather_actuals, run_id=manual__2025-12-15T19:21:09.263646+00:00, execution_date=20251215T192109, start_date=20251215T192110, end_date=20251215T192110
[2025-12-15T19:21:10.426+0000] {taskinstance.py:340} INFO - ::group::Post task execution logs
[2025-12-15T19:21:10.427+0000] {standard_task_runner.py:124} ERROR - Failed to execute job 49 for task load_csv_to_weather_actuals (relation "weather_actuals" does not exist
LINE 2:         INSERT INTO weather_actuals (city, date, temp, temp_...
                            ^
; 13179)
Traceback (most recent call last):
  File "/home/airflow/.local/lib/python3.10/site-packages/airflow/task/task_runner/standard_task_runner.py", line 117, in _start_by_fork
    ret = args.func(args, dag=self.dag)
  File "/home/airflow/.local/lib/python3.10/site-packages/airflow/cli/cli_config.py", line 49, in command
    return func(*args, **kwargs)
  File "/home/airflow/.local/lib/python3.10/site-packages/airflow/utils/cli.py", line 115, in wrapper
    return f(*args, **kwargs)
  File "/home/airflow/.local/lib/python3.10/site-packages/airflow/cli/commands/task_command.py", line 483, in task_run
    task_return_code = _run_task_by_selected_method(args, _dag, ti)
  File "/home/airflow/.local/lib/python3.10/site-packages/airflow/cli/commands/task_command.py", line 256, in _run_task_by_selected_method
    return _run_raw_task(args, ti)
  File "/home/airflow/.local/lib/python3.10/site-packages/airflow/cli/commands/task_command.py", line 341, in _run_raw_task
    return ti._run_raw_task(
  File "/home/airflow/.local/lib/python3.10/site-packages/airflow/utils/session.py", line 97, in wrapper
    return func(*args, session=session, **kwargs)
  File "/home/airflow/.local/lib/python3.10/site-packages/airflow/models/taskinstance.py", line 3004, in _run_raw_task
    return _run_raw_task(
  File "/home/airflow/.local/lib/python3.10/site-packages/airflow/models/taskinstance.py", line 273, in _run_raw_task
    TaskInstance._execute_task_with_callbacks(
  File "/home/airflow/.local/lib/python3.10/site-packages/airflow/models/taskinstance.py", line 3158, in _execute_task_with_callbacks
    result = self._execute_task(context, task_orig)
  File "/home/airflow/.local/lib/python3.10/site-packages/airflow/models/taskinstance.py", line 3182, in _execute_task
    return _execute_task(self, context, task_orig)
  File "/home/airflow/.local/lib/python3.10/site-packages/airflow/models/taskinstance.py", line 767, in _execute_task
    result = _execute_callable(context=context, **execute_callable_kwargs)
  File "/home/airflow/.local/lib/python3.10/site-packages/airflow/models/taskinstance.py", line 733, in _execute_callable
    return ExecutionCallableRunner(
  File "/home/airflow/.local/lib/python3.10/site-packages/airflow/utils/operator_helpers.py", line 252, in run
    return self.func(*args, **kwargs)
  File "/home/airflow/.local/lib/python3.10/site-packages/airflow/models/baseoperator.py", line 406, in wrapper
    return func(self, *args, **kwargs)
  File "/home/airflow/.local/lib/python3.10/site-packages/airflow/operators/python.py", line 238, in execute
    return_value = self.execute_callable()
  File "/home/airflow/.local/lib/python3.10/site-packages/airflow/operators/python.py", line 256, in execute_callable
    return runner.run(*self.op_args, **self.op_kwargs)
  File "/home/airflow/.local/lib/python3.10/site-packages/airflow/utils/operator_helpers.py", line 252, in run
    return self.func(*args, **kwargs)
  File "/opt/airflow/dags/ACTIAL.py", line 49, in load_csv_to_postgres
    cur.execute(
psycopg2.errors.UndefinedTable: relation "weather_actuals" does not exist
LINE 2:         INSERT INTO weather_actuals (city, date, temp, temp_...
                            ^

[2025-12-15T19:21:10.463+0000] {local_task_job_runner.py:266} INFO - Task exited with return code 1
[2025-12-15T19:21:10.490+0000] {taskinstance.py:3900} INFO - 0 downstream tasks scheduled from follow-on schedule check
[2025-12-15T19:21:10.492+0000] {local_task_job_runner.py:245} INFO - ::endgroup::
