[2025-12-15T08:29:47.408+0000] {local_task_job_runner.py:123} INFO - ::group::Pre task execution logs
[2025-12-15T08:29:47.599+0000] {taskinstance.py:2612} INFO - Dependencies all met for dep_context=non-requeueable deps ti=<TaskInstance: weather_prediction_pipeline.check_day_one scheduled__2025-12-13T18:05:00+00:00 [queued]>
[2025-12-15T08:29:47.660+0000] {taskinstance.py:2612} INFO - Dependencies all met for dep_context=requeueable deps ti=<TaskInstance: weather_prediction_pipeline.check_day_one scheduled__2025-12-13T18:05:00+00:00 [queued]>
[2025-12-15T08:29:47.704+0000] {taskinstance.py:2865} INFO - Starting attempt 1 of 3
[2025-12-15T08:29:47.858+0000] {taskinstance.py:2888} INFO - Executing <Task(BranchPythonOperator): check_day_one> on 2025-12-13 18:05:00+00:00
[2025-12-15T08:29:47.900+0000] {standard_task_runner.py:72} INFO - Started process 19623 to run task
[2025-12-15T08:29:47.922+0000] {standard_task_runner.py:104} INFO - Running: ['***', 'tasks', 'run', 'weather_prediction_pipeline', 'check_day_one', 'scheduled__2025-12-13T18:05:00+00:00', '--job-id', '23', '--raw', '--subdir', 'DAGS_FOLDER/aiii_model/test_etl.py', '--cfg-path', '/tmp/tmpv8qla_wy']
[2025-12-15T08:29:47.958+0000] {standard_task_runner.py:105} INFO - Job 23: Subtask check_day_one
[2025-12-15T08:29:48.106+0000] {logging_mixin.py:190} WARNING - /home/***/.local/lib/python3.10/site-packages/***/settings.py:209 DeprecationWarning: The sql_alchemy_conn option in [core] has been moved to the sql_alchemy_conn option in [database] - the old setting has been used, but please update your config.
[2025-12-15T08:29:48.360+0000] {task_command.py:467} INFO - Running <TaskInstance: weather_prediction_pipeline.check_day_one scheduled__2025-12-13T18:05:00+00:00 [running]> on host 9fe23fda45c5
[2025-12-15T08:29:48.378+0000] {logging_mixin.py:190} WARNING - /home/***/.local/lib/python3.10/site-packages/***/settings.py:470 DeprecationWarning: The sql_alchemy_conn option in [core] has been moved to the sql_alchemy_conn option in [database] - the old setting has been used, but please update your config.
[2025-12-15T08:29:48.932+0000] {taskinstance.py:3131} INFO - Exporting env vars: AIRFLOW_CTX_DAG_OWNER='ahmed_sami' AIRFLOW_CTX_DAG_ID='weather_prediction_pipeline' AIRFLOW_CTX_TASK_ID='check_day_one' AIRFLOW_CTX_EXECUTION_DATE='2025-12-13T18:05:00+00:00' AIRFLOW_CTX_TRY_NUMBER='1' AIRFLOW_CTX_DAG_RUN_ID='scheduled__2025-12-13T18:05:00+00:00'
[2025-12-15T08:29:48.979+0000] {taskinstance.py:731} INFO - ::endgroup::
[2025-12-15T08:29:49.098+0000] {baseoperator.py:405} WARNING - BranchPythonOperator.execute cannot be called outside TaskInstance!
[2025-12-15T08:29:49.183+0000] {logging_mixin.py:190} INFO - ✅ DAY 1 completed - Running DAY 2 - Daily Prediction
[2025-12-15T08:29:49.195+0000] {python.py:240} INFO - Done. Returned value was: skip_day1
[2025-12-15T08:29:49.197+0000] {branch.py:38} INFO - Branch into skip_day1
[2025-12-15T08:29:49.211+0000] {skipmixin.py:230} INFO - Following branch ('skip_day1',)
[2025-12-15T08:29:49.562+0000] {skipmixin.py:278} INFO - Skipping tasks [('extract_csv', -1)]
[2025-12-15T08:29:50.008+0000] {taskinstance.py:340} INFO - ::group::Post task execution logs
[2025-12-15T08:29:50.010+0000] {taskinstance.py:352} INFO - Marking task as SUCCESS. dag_id=weather_prediction_pipeline, task_id=check_day_one, run_id=scheduled__2025-12-13T18:05:00+00:00, execution_date=20251213T180500, start_date=20251215T082947, end_date=20251215T082950
[2025-12-15T08:29:50.144+0000] {local_task_job_runner.py:266} INFO - Task exited with return code 0
[2025-12-15T08:29:50.369+0000] {taskinstance.py:3900} INFO - 0 downstream tasks scheduled from follow-on schedule check
[2025-12-15T08:29:50.395+0000] {local_task_job_runner.py:245} INFO - ::endgroup::
