[2025-12-15T23:38:58.661+0000] {local_task_job_runner.py:123} INFO - ::group::Pre task execution logs
[2025-12-15T23:38:58.686+0000] {taskinstance.py:2612} INFO - Dependencies all met for dep_context=non-requeueable deps ti=<TaskInstance: weather_prediction_pipeline_v2.check_day_one manual__2025-12-15T23:38:56.425312+00:00 [queued]>
[2025-12-15T23:38:58.696+0000] {taskinstance.py:2612} INFO - Dependencies all met for dep_context=requeueable deps ti=<TaskInstance: weather_prediction_pipeline_v2.check_day_one manual__2025-12-15T23:38:56.425312+00:00 [queued]>
[2025-12-15T23:38:58.697+0000] {taskinstance.py:2865} INFO - Starting attempt 1 of 3
[2025-12-15T23:38:58.711+0000] {taskinstance.py:2888} INFO - Executing <Task(BranchPythonOperator): check_day_one> on 2025-12-15 23:38:56.425312+00:00
[2025-12-15T23:38:58.720+0000] {standard_task_runner.py:72} INFO - Started process 4841 to run task
[2025-12-15T23:38:58.726+0000] {standard_task_runner.py:104} INFO - Running: ['***', 'tasks', 'run', 'weather_prediction_pipeline_v2', 'check_day_one', 'manual__2025-12-15T23:38:56.425312+00:00', '--job-id', '18', '--raw', '--subdir', 'DAGS_FOLDER/test_etl.py', '--cfg-path', '/tmp/tmpv4suzup4']
[2025-12-15T23:38:58.731+0000] {standard_task_runner.py:105} INFO - Job 18: Subtask check_day_one
[2025-12-15T23:38:58.760+0000] {logging_mixin.py:190} WARNING - /home/***/.local/lib/python3.10/site-packages/***/settings.py:209 DeprecationWarning: The sql_alchemy_conn option in [core] has been moved to the sql_alchemy_conn option in [database] - the old setting has been used, but please update your config.
[2025-12-15T23:38:58.822+0000] {task_command.py:467} INFO - Running <TaskInstance: weather_prediction_pipeline_v2.check_day_one manual__2025-12-15T23:38:56.425312+00:00 [running]> on host 6f17979d182d
[2025-12-15T23:38:58.952+0000] {taskinstance.py:3131} INFO - Exporting env vars: AIRFLOW_CTX_DAG_OWNER='ahmed_sami' AIRFLOW_CTX_DAG_ID='weather_prediction_pipeline_v2' AIRFLOW_CTX_TASK_ID='check_day_one' AIRFLOW_CTX_EXECUTION_DATE='2025-12-15T23:38:56.425312+00:00' AIRFLOW_CTX_TRY_NUMBER='1' AIRFLOW_CTX_DAG_RUN_ID='manual__2025-12-15T23:38:56.425312+00:00'
[2025-12-15T23:38:58.954+0000] {taskinstance.py:731} INFO - ::endgroup::
[2025-12-15T23:38:58.980+0000] {baseoperator.py:405} WARNING - BranchPythonOperator.execute cannot be called outside TaskInstance!
[2025-12-15T23:38:59.000+0000] {logging_mixin.py:190} INFO - ✅ DAY 1 completed - Running DAY 2 - Daily Prediction
[2025-12-15T23:38:59.001+0000] {python.py:240} INFO - Done. Returned value was: skip_day1
[2025-12-15T23:38:59.003+0000] {branch.py:38} INFO - Branch into skip_day1
[2025-12-15T23:38:59.005+0000] {skipmixin.py:230} INFO - Following branch ('skip_day1',)
[2025-12-15T23:38:59.034+0000] {skipmixin.py:278} INFO - Skipping tasks [('extract_csv', -1)]
[2025-12-15T23:38:59.110+0000] {taskinstance.py:340} INFO - ::group::Post task execution logs
[2025-12-15T23:38:59.112+0000] {taskinstance.py:352} INFO - Marking task as SUCCESS. dag_id=weather_prediction_pipeline_v2, task_id=check_day_one, run_id=manual__2025-12-15T23:38:56.425312+00:00, execution_date=20251215T233856, start_date=20251215T233858, end_date=20251215T233859
[2025-12-15T23:38:59.182+0000] {local_task_job_runner.py:266} INFO - Task exited with return code 0
[2025-12-15T23:38:59.286+0000] {taskinstance.py:3900} INFO - 0 downstream tasks scheduled from follow-on schedule check
[2025-12-15T23:38:59.294+0000] {local_task_job_runner.py:245} INFO - ::endgroup::
