[2025-12-15T19:28:23.089+0000] {local_task_job_runner.py:123} INFO - ::group::Pre task execution logs
[2025-12-15T19:28:23.113+0000] {taskinstance.py:2612} INFO - Dependencies all met for dep_context=non-requeueable deps ti=<TaskInstance: weather_prediction_pipeline_v2.mark_day_one_done manual__2025-12-15T19:25:20.024134+00:00 [queued]>
[2025-12-15T19:28:23.122+0000] {taskinstance.py:2612} INFO - Dependencies all met for dep_context=requeueable deps ti=<TaskInstance: weather_prediction_pipeline_v2.mark_day_one_done manual__2025-12-15T19:25:20.024134+00:00 [queued]>
[2025-12-15T19:28:23.124+0000] {taskinstance.py:2865} INFO - Starting attempt 1 of 3
[2025-12-15T19:28:23.138+0000] {taskinstance.py:2888} INFO - Executing <Task(PythonOperator): mark_day_one_done> on 2025-12-15 19:25:20.024134+00:00
[2025-12-15T19:28:23.149+0000] {standard_task_runner.py:72} INFO - Started process 13778 to run task
[2025-12-15T19:28:23.152+0000] {standard_task_runner.py:104} INFO - Running: ['***', 'tasks', 'run', 'weather_prediction_pipeline_v2', 'mark_day_one_done', 'manual__2025-12-15T19:25:20.024134+00:00', '--job-id', '62', '--raw', '--subdir', 'DAGS_FOLDER/test_etl.py', '--cfg-path', '/tmp/tmp1kax0h8k']
[2025-12-15T19:28:23.156+0000] {standard_task_runner.py:105} INFO - Job 62: Subtask mark_day_one_done
[2025-12-15T19:28:23.179+0000] {logging_mixin.py:190} WARNING - /home/***/.local/lib/python3.10/site-packages/***/settings.py:209 DeprecationWarning: The sql_alchemy_conn option in [core] has been moved to the sql_alchemy_conn option in [database] - the old setting has been used, but please update your config.
[2025-12-15T19:28:23.231+0000] {task_command.py:467} INFO - Running <TaskInstance: weather_prediction_pipeline_v2.mark_day_one_done manual__2025-12-15T19:25:20.024134+00:00 [running]> on host 89522446c9a4
[2025-12-15T19:28:23.334+0000] {taskinstance.py:3131} INFO - Exporting env vars: AIRFLOW_CTX_DAG_OWNER='ahmed_sami' AIRFLOW_CTX_DAG_ID='weather_prediction_pipeline_v2' AIRFLOW_CTX_TASK_ID='mark_day_one_done' AIRFLOW_CTX_EXECUTION_DATE='2025-12-15T19:25:20.024134+00:00' AIRFLOW_CTX_TRY_NUMBER='1' AIRFLOW_CTX_DAG_RUN_ID='manual__2025-12-15T19:25:20.024134+00:00'
[2025-12-15T19:28:23.336+0000] {taskinstance.py:731} INFO - ::endgroup::
[2025-12-15T19:28:23.357+0000] {logging_mixin.py:190} INFO - ======================================================================
[2025-12-15T19:28:23.358+0000] {logging_mixin.py:190} INFO -                          ✅ DAY 1 COMPLETE
[2025-12-15T19:28:23.360+0000] {logging_mixin.py:190} INFO - ======================================================================
[2025-12-15T19:28:23.374+0000] {crypto.py:82} WARNING - empty cryptography key - values will not be stored encrypted.
[2025-12-15T19:28:23.379+0000] {logging_mixin.py:190} INFO - 
🚀 Next run will execute Day 2 (Daily Prediction)
[2025-12-15T19:28:23.380+0000] {logging_mixin.py:190} INFO - ======================================================================
[2025-12-15T19:28:23.381+0000] {python.py:240} INFO - Done. Returned value was: None
[2025-12-15T19:28:23.396+0000] {taskinstance.py:340} INFO - ::group::Post task execution logs
[2025-12-15T19:28:23.398+0000] {taskinstance.py:352} INFO - Marking task as SUCCESS. dag_id=weather_prediction_pipeline_v2, task_id=mark_day_one_done, run_id=manual__2025-12-15T19:25:20.024134+00:00, execution_date=20251215T192520, start_date=20251215T192823, end_date=20251215T192823
[2025-12-15T19:28:23.448+0000] {local_task_job_runner.py:266} INFO - Task exited with return code 0
[2025-12-15T19:28:23.481+0000] {taskinstance.py:3900} INFO - 0 downstream tasks scheduled from follow-on schedule check
[2025-12-15T19:28:23.484+0000] {local_task_job_runner.py:245} INFO - ::endgroup::
